parameters:
Namespace(alpha=[0.1, 0.2, 0.5, 1.0, 2.0], clt_leaves=False, cluster_method='GMM', cluster_penalty=[1.0], cv=5, data_exts=None, dataset='data/multilabel/emotions/emotions.5.folds.pklz', dtype='int32', feature_scheme=None, g_factor=[5.0, 10.0, 15.0, 20.0], gzip=True, kde_leaves=False, min_inst_slice=[10, 50, 100, 500], n_iters=100, n_restarts=4, n_row_clusters=2, output='exp/ml-repr-spn-y/', save_model=True, seed=1337, sklearn_args=None, suffix=None, verbose=1, y_only=True)

g-factor:	clu-pen:	min-ins:	alpha:	fold:	n_edges:	depth:	n_weights:	n_leaves:	n_sums:	n_prods:	train_ll	valid_ll:	test_ll
5.00000	1.00000	10	0.10000	0	32	7	8	21	4	8	-2.78119	-inf	-2.82028
5.00000	1.00000	10	0.10000	1	43	7	12	26	6	12	-2.77958	-inf	-2.75516
5.00000	1.00000	10	0.10000	2	40	7	10	26	5	10	-2.73197	-inf	-2.86098
5.00000	1.00000	10	0.10000	3	38	7	10	24	5	10	-2.75328	-inf	-2.87955
5.00000	1.00000	10	0.10000	4	43	7	12	26	6	12	-2.78960	-inf	-2.70618
5.00000	1.00000	10	0.20000	0	32	7	8	21	4	8	-2.78152	-inf	-2.82120
5.00000	1.00000	10	0.20000	1	43	7	12	26	6	12	-2.77900	-inf	-2.75572
5.00000	1.00000	10	0.20000	2	40	7	10	26	5	10	-2.73241	-inf	-2.86197
5.00000	1.00000	10	0.20000	3	38	7	10	24	5	10	-2.75370	-inf	-2.87879
5.00000	1.00000	10	0.20000	4	43	7	12	26	6	12	-2.79059	-inf	-2.70084
5.00000	1.00000	10	0.50000	0	32	7	8	21	4	8	-2.78281	-inf	-2.82405
5.00000	1.00000	10	0.50000	1	43	7	12	26	6	12	-2.77933	-inf	-2.75759
5.00000	1.00000	10	0.50000	2	40	7	10	26	5	10	-2.73446	-inf	-2.86507
5.00000	1.00000	10	0.50000	3	38	7	10	24	5	10	-2.75539	-inf	-2.87717
5.00000	1.00000	10	0.50000	4	43	7	12	26	6	12	-2.79372	-inf	-2.69530
5.00000	1.00000	10	1.00000	0	32	7	8	21	4	8	-2.78576	-inf	-2.82902
5.00000	1.00000	10	1.00000	1	43	7	12	26	6	12	-2.78218	-inf	-2.76126
5.00000	1.00000	10	1.00000	2	40	7	10	26	5	10	-2.73919	-inf	-2.87057
5.00000	1.00000	10	1.00000	3	38	7	10	24	5	10	-2.75914	-inf	-2.87608
5.00000	1.00000	10	1.00000	4	43	7	12	26	6	12	-2.79936	-inf	-2.69441
5.00000	1.00000	10	2.00000	0	32	7	8	21	4	8	-2.79353	-inf	-2.83963
5.00000	1.00000	10	2.00000	1	43	7	12	26	6	12	-2.79093	-inf	-2.77008
5.00000	1.00000	10	2.00000	2	40	7	10	26	5	10	-2.75093	-inf	-2.88233
5.00000	1.00000	10	2.00000	3	38	7	10	24	5	10	-2.76865	-inf	-2.87764
5.00000	1.00000	10	2.00000	4	43	7	12	26	6	12	-2.81159	-inf	-2.70093
5.00000	1.00000	50	0.10000	0	32	7	8	21	4	8	-2.78119	-inf	-2.82028
5.00000	1.00000	50	0.10000	1	43	7	12	26	6	12	-2.77958	-inf	-2.75516
5.00000	1.00000	50	0.10000	2	40	7	10	26	5	10	-2.73197	-inf	-2.86098
5.00000	1.00000	50	0.10000	3	38	7	10	24	5	10	-2.75328	-inf	-2.87955
5.00000	1.00000	50	0.10000	4	43	7	12	26	6	12	-2.78960	-inf	-2.70618
5.00000	1.00000	50	0.20000	0	32	7	8	21	4	8	-2.78152	-inf	-2.82120
5.00000	1.00000	50	0.20000	1	43	7	12	26	6	12	-2.77900	-inf	-2.75572
5.00000	1.00000	50	0.20000	2	40	7	10	26	5	10	-2.73241	-inf	-2.86197
5.00000	1.00000	50	0.20000	3	38	7	10	24	5	10	-2.75370	-inf	-2.87879
5.00000	1.00000	50	0.20000	4	43	7	12	26	6	12	-2.79059	-inf	-2.70084
5.00000	1.00000	50	0.50000	0	32	7	8	21	4	8	-2.78281	-inf	-2.82405
5.00000	1.00000	50	0.50000	1	43	7	12	26	6	12	-2.77933	-inf	-2.75759
5.00000	1.00000	50	0.50000	2	40	7	10	26	5	10	-2.73446	-inf	-2.86507
5.00000	1.00000	50	0.50000	3	38	7	10	24	5	10	-2.75539	-inf	-2.87717
5.00000	1.00000	50	0.50000	4	43	7	12	26	6	12	-2.79372	-inf	-2.69530
5.00000	1.00000	50	1.00000	0	32	7	8	21	4	8	-2.78576	-inf	-2.82902
5.00000	1.00000	50	1.00000	1	43	7	12	26	6	12	-2.78218	-inf	-2.76126
5.00000	1.00000	50	1.00000	2	40	7	10	26	5	10	-2.73919	-inf	-2.87057
5.00000	1.00000	50	1.00000	3	38	7	10	24	5	10	-2.75914	-inf	-2.87608
5.00000	1.00000	50	1.00000	4	43	7	12	26	6	12	-2.79936	-inf	-2.69441
5.00000	1.00000	50	2.00000	0	32	7	8	21	4	8	-2.79353	-inf	-2.83963
5.00000	1.00000	50	2.00000	1	43	7	12	26	6	12	-2.79093	-inf	-2.77008
5.00000	1.00000	50	2.00000	2	40	7	10	26	5	10	-2.75093	-inf	-2.88233
5.00000	1.00000	50	2.00000	3	38	7	10	24	5	10	-2.76865	-inf	-2.87764
5.00000	1.00000	50	2.00000	4	43	7	12	26	6	12	-2.81159	-inf	-2.70093
5.00000	1.00000	100	0.10000	0	32	7	8	21	4	8	-2.78119	-inf	-2.82028
5.00000	1.00000	100	0.10000	1	38	7	10	24	5	10	-2.79360	-inf	-2.76987
5.00000	1.00000	100	0.10000	2	34	7	8	23	4	8	-2.76022	-inf	-2.88605
5.00000	1.00000	100	0.10000	3	38	7	10	24	5	10	-2.75328	-inf	-2.87955
5.00000	1.00000	100	0.10000	4	38	7	10	24	5	10	-2.80224	-inf	-2.70265
5.00000	1.00000	100	0.20000	0	32	7	8	21	4	8	-2.78152	-inf	-2.82120
5.00000	1.00000	100	0.20000	1	38	7	10	24	5	10	-2.79277	-inf	-2.77014
5.00000	1.00000	100	0.20000	2	34	7	8	23	4	8	-2.76037	-inf	-2.88622
5.00000	1.00000	100	0.20000	3	38	7	10	24	5	10	-2.75370	-inf	-2.87879
5.00000	1.00000	100	0.20000	4	38	7	10	24	5	10	-2.80295	-inf	-2.69723
5.00000	1.00000	100	0.50000	0	32	7	8	21	4	8	-2.78281	-inf	-2.82405
5.00000	1.00000	100	0.50000	1	38	7	10	24	5	10	-2.79222	-inf	-2.77123
5.00000	1.00000	100	0.50000	2	34	7	8	23	4	8	-2.76120	-inf	-2.88699
5.00000	1.00000	100	0.50000	3	38	7	10	24	5	10	-2.75539	-inf	-2.87717
5.00000	1.00000	100	0.50000	4	38	7	10	24	5	10	-2.80530	-inf	-2.69145
5.00000	1.00000	100	1.00000	0	32	7	8	21	4	8	-2.78576	-inf	-2.82902
5.00000	1.00000	100	1.00000	1	38	7	10	24	5	10	-2.79364	-inf	-2.77385
5.00000	1.00000	100	1.00000	2	34	7	8	23	4	8	-2.76357	-inf	-2.88897
5.00000	1.00000	100	1.00000	3	38	7	10	24	5	10	-2.75914	-inf	-2.87608
5.00000	1.00000	100	1.00000	4	38	7	10	24	5	10	-2.80976	-inf	-2.69017
5.00000	1.00000	100	2.00000	0	32	7	8	21	4	8	-2.79353	-inf	-2.83963
5.00000	1.00000	100	2.00000	1	38	7	10	24	5	10	-2.79991	-inf	-2.78112
5.00000	1.00000	100	2.00000	2	34	7	8	23	4	8	-2.77074	-inf	-2.89486
5.00000	1.00000	100	2.00000	3	38	7	10	24	5	10	-2.76865	-inf	-2.87764
5.00000	1.00000	100	2.00000	4	38	7	10	24	5	10	-2.81992	-inf	-2.69600
5.00000	1.00000	500	0.10000	0	6	2	0	6	0	1	-3.66409	-inf	-3.68385
5.00000	1.00000	500	0.10000	1	6	2	0	6	0	1	-3.68008	-inf	-3.62824
5.00000	1.00000	500	0.10000	2	6	2	0	6	0	1	-3.66174	-inf	-3.69496
5.00000	1.00000	500	0.10000	3	6	2	0	6	0	1	-3.66080	-inf	-3.69827
5.00000	1.00000	500	0.10000	4	6	2	0	6	0	1	-3.66589	-inf	-3.67834
5.00000	1.00000	500	0.20000	0	6	2	0	6	0	1	-3.66409	-inf	-3.68384
5.00000	1.00000	500	0.20000	1	6	2	0	6	0	1	-3.68008	-inf	-3.62826
5.00000	1.00000	500	0.20000	2	6	2	0	6	0	1	-3.66174	-inf	-3.69495
5.00000	1.00000	500	0.20000	3	6	2	0	6	0	1	-3.66080	-inf	-3.69826
5.00000	1.00000	500	0.20000	4	6	2	0	6	0	1	-3.66589	-inf	-3.67834
5.00000	1.00000	500	0.50000	0	6	2	0	6	0	1	-3.66410	-inf	-3.68381
5.00000	1.00000	500	0.50000	1	6	2	0	6	0	1	-3.68008	-inf	-3.62834
5.00000	1.00000	500	0.50000	2	6	2	0	6	0	1	-3.66174	-inf	-3.69490
5.00000	1.00000	500	0.50000	3	6	2	0	6	0	1	-3.66081	-inf	-3.69820
5.00000	1.00000	500	0.50000	4	6	2	0	6	0	1	-3.66589	-inf	-3.67832
5.00000	1.00000	500	1.00000	0	6	2	0	6	0	1	-3.66410	-inf	-3.68377
5.00000	1.00000	500	1.00000	1	6	2	0	6	0	1	-3.68009	-inf	-3.62846
5.00000	1.00000	500	1.00000	2	6	2	0	6	0	1	-3.66175	-inf	-3.69482
5.00000	1.00000	500	1.00000	3	6	2	0	6	0	1	-3.66081	-inf	-3.69812
5.00000	1.00000	500	1.00000	4	6	2	0	6	0	1	-3.66590	-inf	-3.67829
5.00000	1.00000	500	2.00000	0	6	2	0	6	0	1	-3.66413	-inf	-3.68370
5.00000	1.00000	500	2.00000	1	6	2	0	6	0	1	-3.68012	-inf	-3.62873
5.00000	1.00000	500	2.00000	2	6	2	0	6	0	1	-3.66178	-inf	-3.69468
5.00000	1.00000	500	2.00000	3	6	2	0	6	0	1	-3.66085	-inf	-3.69797
5.00000	1.00000	500	2.00000	4	6	2	0	6	0	1	-3.66593	-inf	-3.67824
10.00000	1.00000	10	0.10000	0	26	5	6	18	3	6	-2.80506	-inf	-2.84590
10.00000	1.00000	10	0.10000	1	27	5	6	19	3	6	-2.80680	-inf	-2.79951
10.00000	1.00000	10	0.10000	2	31	7	8	20	4	8	-2.78177	-inf	-2.97097
10.00000	1.00000	10	0.10000	3	26	5	6	18	3	6	-2.79338	-inf	-2.90288
10.00000	1.00000	10	0.10000	4	26	5	6	18	3	6	-2.83404	-inf	-2.70084
10.00000	1.00000	10	0.20000	0	26	5	6	18	3	6	-2.80517	-inf	-2.84660
10.00000	1.00000	10	0.20000	1	27	5	6	19	3	6	-2.80670	-inf	-2.79908
10.00000	1.00000	10	0.20000	2	31	7	8	20	4	8	-2.78079	-inf	-2.96930
10.00000	1.00000	10	0.20000	3	26	5	6	18	3	6	-2.79351	-inf	-2.90224
10.00000	1.00000	10	0.20000	4	26	5	6	18	3	6	-2.83436	-inf	-2.69524
10.00000	1.00000	10	0.50000	0	26	5	6	18	3	6	-2.80584	-inf	-2.84879
10.00000	1.00000	10	0.50000	1	27	5	6	19	3	6	-2.80682	-inf	-2.79823
10.00000	1.00000	10	0.50000	2	31	7	8	20	4	8	-2.77927	-inf	-2.96506
10.00000	1.00000	10	0.50000	3	26	5	6	18	3	6	-2.79428	-inf	-2.90090
10.00000	1.00000	10	0.50000	4	26	5	6	18	3	6	-2.83553	-inf	-2.68890
10.00000	1.00000	10	1.00000	0	26	5	6	18	3	6	-2.80778	-inf	-2.85269
10.00000	1.00000	10	1.00000	1	27	5	6	19	3	6	-2.80802	-inf	-2.79800
10.00000	1.00000	10	1.00000	2	31	7	8	20	4	8	-2.77898	-inf	-2.96004
10.00000	1.00000	10	1.00000	3	26	5	6	18	3	6	-2.79652	-inf	-2.90010
10.00000	1.00000	10	1.00000	4	26	5	6	18	3	6	-2.83803	-inf	-2.68670
10.00000	1.00000	10	2.00000	0	26	5	6	18	3	6	-2.81364	-inf	-2.86123
10.00000	1.00000	10	2.00000	1	27	5	6	19	3	6	-2.81275	-inf	-2.80053
10.00000	1.00000	10	2.00000	2	31	7	8	20	4	8	-2.78242	-inf	-2.95509
10.00000	1.00000	10	2.00000	3	26	5	6	18	3	6	-2.80309	-inf	-2.90181
10.00000	1.00000	10	2.00000	4	26	5	6	18	3	6	-2.84440	-inf	-2.69067
10.00000	1.00000	50	0.10000	0	26	5	6	18	3	6	-2.80506	-inf	-2.84590
10.00000	1.00000	50	0.10000	1	27	5	6	19	3	6	-2.80680	-inf	-2.79951
10.00000	1.00000	50	0.10000	2	31	7	8	20	4	8	-2.78177	-inf	-2.97097
10.00000	1.00000	50	0.10000	3	26	5	6	18	3	6	-2.79338	-inf	-2.90288
10.00000	1.00000	50	0.10000	4	26	5	6	18	3	6	-2.83404	-inf	-2.70084
10.00000	1.00000	50	0.20000	0	26	5	6	18	3	6	-2.80517	-inf	-2.84660
10.00000	1.00000	50	0.20000	1	27	5	6	19	3	6	-2.80670	-inf	-2.79908
10.00000	1.00000	50	0.20000	2	31	7	8	20	4	8	-2.78079	-inf	-2.96930
10.00000	1.00000	50	0.20000	3	26	5	6	18	3	6	-2.79351	-inf	-2.90224
10.00000	1.00000	50	0.20000	4	26	5	6	18	3	6	-2.83436	-inf	-2.69524
10.00000	1.00000	50	0.50000	0	26	5	6	18	3	6	-2.80584	-inf	-2.84879
10.00000	1.00000	50	0.50000	1	27	5	6	19	3	6	-2.80682	-inf	-2.79823
10.00000	1.00000	50	0.50000	2	31	7	8	20	4	8	-2.77927	-inf	-2.96506
10.00000	1.00000	50	0.50000	3	26	5	6	18	3	6	-2.79428	-inf	-2.90090
10.00000	1.00000	50	0.50000	4	26	5	6	18	3	6	-2.83553	-inf	-2.68890
10.00000	1.00000	50	1.00000	0	26	5	6	18	3	6	-2.80778	-inf	-2.85269
10.00000	1.00000	50	1.00000	1	27	5	6	19	3	6	-2.80802	-inf	-2.79800
10.00000	1.00000	50	1.00000	2	31	7	8	20	4	8	-2.77898	-inf	-2.96004
10.00000	1.00000	50	1.00000	3	26	5	6	18	3	6	-2.79652	-inf	-2.90010
10.00000	1.00000	50	1.00000	4	26	5	6	18	3	6	-2.83803	-inf	-2.68670
10.00000	1.00000	50	2.00000	0	26	5	6	18	3	6	-2.81364	-inf	-2.86123
10.00000	1.00000	50	2.00000	1	27	5	6	19	3	6	-2.81275	-inf	-2.80053
10.00000	1.00000	50	2.00000	2	31	7	8	20	4	8	-2.78242	-inf	-2.95509
10.00000	1.00000	50	2.00000	3	26	5	6	18	3	6	-2.80309	-inf	-2.90181
10.00000	1.00000	50	2.00000	4	26	5	6	18	3	6	-2.84440	-inf	-2.69067
10.00000	1.00000	100	0.10000	0	26	5	6	18	3	6	-2.80506	-inf	-2.84590
10.00000	1.00000	100	0.10000	1	27	5	6	19	3	6	-2.80680	-inf	-2.79951
10.00000	1.00000	100	0.10000	2	31	7	8	20	4	8	-2.78177	-inf	-2.97097
10.00000	1.00000	100	0.10000	3	26	5	6	18	3	6	-2.79338	-inf	-2.90288
10.00000	1.00000	100	0.10000	4	26	5	6	18	3	6	-2.83404	-inf	-2.70084
10.00000	1.00000	100	0.20000	0	26	5	6	18	3	6	-2.80517	-inf	-2.84660
10.00000	1.00000	100	0.20000	1	27	5	6	19	3	6	-2.80670	-inf	-2.79908
10.00000	1.00000	100	0.20000	2	31	7	8	20	4	8	-2.78079	-inf	-2.96930
10.00000	1.00000	100	0.20000	3	26	5	6	18	3	6	-2.79351	-inf	-2.90224
10.00000	1.00000	100	0.20000	4	26	5	6	18	3	6	-2.83436	-inf	-2.69524
10.00000	1.00000	100	0.50000	0	26	5	6	18	3	6	-2.80584	-inf	-2.84879
10.00000	1.00000	100	0.50000	1	27	5	6	19	3	6	-2.80682	-inf	-2.79823
10.00000	1.00000	100	0.50000	2	31	7	8	20	4	8	-2.77927	-inf	-2.96506
10.00000	1.00000	100	0.50000	3	26	5	6	18	3	6	-2.79428	-inf	-2.90090
10.00000	1.00000	100	0.50000	4	26	5	6	18	3	6	-2.83553	-inf	-2.68890
10.00000	1.00000	100	1.00000	0	26	5	6	18	3	6	-2.80778	-inf	-2.85269
10.00000	1.00000	100	1.00000	1	27	5	6	19	3	6	-2.80802	-inf	-2.79800
10.00000	1.00000	100	1.00000	2	31	7	8	20	4	8	-2.77898	-inf	-2.96004
10.00000	1.00000	100	1.00000	3	26	5	6	18	3	6	-2.79652	-inf	-2.90010
10.00000	1.00000	100	1.00000	4	26	5	6	18	3	6	-2.83803	-inf	-2.68670
10.00000	1.00000	100	2.00000	0	26	5	6	18	3	6	-2.81364	-inf	-2.86123
10.00000	1.00000	100	2.00000	1	27	5	6	19	3	6	-2.81275	-inf	-2.80053
10.00000	1.00000	100	2.00000	2	31	7	8	20	4	8	-2.78242	-inf	-2.95509
10.00000	1.00000	100	2.00000	3	26	5	6	18	3	6	-2.80309	-inf	-2.90181
10.00000	1.00000	100	2.00000	4	26	5	6	18	3	6	-2.84440	-inf	-2.69067
10.00000	1.00000	500	0.10000	0	6	2	0	6	0	1	-3.66409	-inf	-3.68385
10.00000	1.00000	500	0.10000	1	6	2	0	6	0	1	-3.68008	-inf	-3.62824
10.00000	1.00000	500	0.10000	2	6	2	0	6	0	1	-3.66174	-inf	-3.69496
10.00000	1.00000	500	0.10000	3	6	2	0	6	0	1	-3.66080	-inf	-3.69827
10.00000	1.00000	500	0.10000	4	6	2	0	6	0	1	-3.66589	-inf	-3.67834
10.00000	1.00000	500	0.20000	0	6	2	0	6	0	1	-3.66409	-inf	-3.68384
10.00000	1.00000	500	0.20000	1	6	2	0	6	0	1	-3.68008	-inf	-3.62826
10.00000	1.00000	500	0.20000	2	6	2	0	6	0	1	-3.66174	-inf	-3.69495
10.00000	1.00000	500	0.20000	3	6	2	0	6	0	1	-3.66080	-inf	-3.69826
10.00000	1.00000	500	0.20000	4	6	2	0	6	0	1	-3.66589	-inf	-3.67834
10.00000	1.00000	500	0.50000	0	6	2	0	6	0	1	-3.66410	-inf	-3.68381
10.00000	1.00000	500	0.50000	1	6	2	0	6	0	1	-3.68008	-inf	-3.62834
10.00000	1.00000	500	0.50000	2	6	2	0	6	0	1	-3.66174	-inf	-3.69490
10.00000	1.00000	500	0.50000	3	6	2	0	6	0	1	-3.66081	-inf	-3.69820
10.00000	1.00000	500	0.50000	4	6	2	0	6	0	1	-3.66589	-inf	-3.67832
10.00000	1.00000	500	1.00000	0	6	2	0	6	0	1	-3.66410	-inf	-3.68377
10.00000	1.00000	500	1.00000	1	6	2	0	6	0	1	-3.68009	-inf	-3.62846
10.00000	1.00000	500	1.00000	2	6	2	0	6	0	1	-3.66175	-inf	-3.69482
10.00000	1.00000	500	1.00000	3	6	2	0	6	0	1	-3.66081	-inf	-3.69812
10.00000	1.00000	500	1.00000	4	6	2	0	6	0	1	-3.66590	-inf	-3.67829
10.00000	1.00000	500	2.00000	0	6	2	0	6	0	1	-3.66413	-inf	-3.68370
10.00000	1.00000	500	2.00000	1	6	2	0	6	0	1	-3.68012	-inf	-3.62873
10.00000	1.00000	500	2.00000	2	6	2	0	6	0	1	-3.66178	-inf	-3.69468
10.00000	1.00000	500	2.00000	3	6	2	0	6	0	1	-3.66085	-inf	-3.69797
10.00000	1.00000	500	2.00000	4	6	2	0	6	0	1	-3.66593	-inf	-3.67824
15.00000	1.00000	10	0.10000	0	26	5	6	18	3	6	-2.80506	-inf	-2.84590
15.00000	1.00000	10	0.10000	1	26	5	6	18	3	6	-2.82759	-inf	-2.79627
15.00000	1.00000	10	0.10000	2	26	5	6	18	3	6	-2.80501	-inf	-2.97114
15.00000	1.00000	10	0.10000	3	26	5	6	18	3	6	-2.79338	-inf	-2.90288
15.00000	1.00000	10	0.10000	4	26	5	6	18	3	6	-2.83404	-inf	-2.70084
15.00000	1.00000	10	0.20000	0	26	5	6	18	3	6	-2.80517	-inf	-2.84660
15.00000	1.00000	10	0.20000	1	26	5	6	18	3	6	-2.82737	-inf	-2.79640
15.00000	1.00000	10	0.20000	2	26	5	6	18	3	6	-2.80412	-inf	-2.97005
15.00000	1.00000	10	0.20000	3	26	5	6	18	3	6	-2.79351	-inf	-2.90224
15.00000	1.00000	10	0.20000	4	26	5	6	18	3	6	-2.83436	-inf	-2.69524
15.00000	1.00000	10	0.50000	0	26	5	6	18	3	6	-2.80584	-inf	-2.84879
15.00000	1.00000	10	0.50000	1	26	5	6	18	3	6	-2.82718	-inf	-2.79701
15.00000	1.00000	10	0.50000	2	26	5	6	18	3	6	-2.80313	-inf	-2.96726
15.00000	1.00000	10	0.50000	3	26	5	6	18	3	6	-2.79428	-inf	-2.90090
15.00000	1.00000	10	0.50000	4	26	5	6	18	3	6	-2.83553	-inf	-2.68890
15.00000	1.00000	10	1.00000	0	26	5	6	18	3	6	-2.80778	-inf	-2.85269
15.00000	1.00000	10	1.00000	1	26	5	6	18	3	6	-2.82795	-inf	-2.79863
15.00000	1.00000	10	1.00000	2	26	5	6	18	3	6	-2.80351	-inf	-2.96397
15.00000	1.00000	10	1.00000	3	26	5	6	18	3	6	-2.79652	-inf	-2.90010
15.00000	1.00000	10	1.00000	4	26	5	6	18	3	6	-2.83803	-inf	-2.68670
15.00000	1.00000	10	2.00000	0	26	5	6	18	3	6	-2.81364	-inf	-2.86123
15.00000	1.00000	10	2.00000	1	26	5	6	18	3	6	-2.83191	-inf	-2.80357
15.00000	1.00000	10	2.00000	2	26	5	6	18	3	6	-2.80742	-inf	-2.96101
15.00000	1.00000	10	2.00000	3	26	5	6	18	3	6	-2.80309	-inf	-2.90181
15.00000	1.00000	10	2.00000	4	26	5	6	18	3	6	-2.84440	-inf	-2.69067
15.00000	1.00000	50	0.10000	0	26	5	6	18	3	6	-2.80506	-inf	-2.84590
15.00000	1.00000	50	0.10000	1	26	5	6	18	3	6	-2.82759	-inf	-2.79627
15.00000	1.00000	50	0.10000	2	26	5	6	18	3	6	-2.80501	-inf	-2.97114
15.00000	1.00000	50	0.10000	3	26	5	6	18	3	6	-2.79338	-inf	-2.90288
15.00000	1.00000	50	0.10000	4	26	5	6	18	3	6	-2.83404	-inf	-2.70084
15.00000	1.00000	50	0.20000	0	26	5	6	18	3	6	-2.80517	-inf	-2.84660
15.00000	1.00000	50	0.20000	1	26	5	6	18	3	6	-2.82737	-inf	-2.79640
15.00000	1.00000	50	0.20000	2	26	5	6	18	3	6	-2.80412	-inf	-2.97005
15.00000	1.00000	50	0.20000	3	26	5	6	18	3	6	-2.79351	-inf	-2.90224
15.00000	1.00000	50	0.20000	4	26	5	6	18	3	6	-2.83436	-inf	-2.69524
15.00000	1.00000	50	0.50000	0	26	5	6	18	3	6	-2.80584	-inf	-2.84879
15.00000	1.00000	50	0.50000	1	26	5	6	18	3	6	-2.82718	-inf	-2.79701
15.00000	1.00000	50	0.50000	2	26	5	6	18	3	6	-2.80313	-inf	-2.96726
15.00000	1.00000	50	0.50000	3	26	5	6	18	3	6	-2.79428	-inf	-2.90090
15.00000	1.00000	50	0.50000	4	26	5	6	18	3	6	-2.83553	-inf	-2.68890
15.00000	1.00000	50	1.00000	0	26	5	6	18	3	6	-2.80778	-inf	-2.85269
15.00000	1.00000	50	1.00000	1	26	5	6	18	3	6	-2.82795	-inf	-2.79863
15.00000	1.00000	50	1.00000	2	26	5	6	18	3	6	-2.80351	-inf	-2.96397
15.00000	1.00000	50	1.00000	3	26	5	6	18	3	6	-2.79652	-inf	-2.90010
15.00000	1.00000	50	1.00000	4	26	5	6	18	3	6	-2.83803	-inf	-2.68670
15.00000	1.00000	50	2.00000	0	26	5	6	18	3	6	-2.81364	-inf	-2.86123
15.00000	1.00000	50	2.00000	1	26	5	6	18	3	6	-2.83191	-inf	-2.80357
15.00000	1.00000	50	2.00000	2	26	5	6	18	3	6	-2.80742	-inf	-2.96101
15.00000	1.00000	50	2.00000	3	26	5	6	18	3	6	-2.80309	-inf	-2.90181
15.00000	1.00000	50	2.00000	4	26	5	6	18	3	6	-2.84440	-inf	-2.69067
15.00000	1.00000	100	0.10000	0	26	5	6	18	3	6	-2.80506	-inf	-2.84590
15.00000	1.00000	100	0.10000	1	26	5	6	18	3	6	-2.82759	-inf	-2.79627
15.00000	1.00000	100	0.10000	2	26	5	6	18	3	6	-2.80501	-inf	-2.97114
15.00000	1.00000	100	0.10000	3	26	5	6	18	3	6	-2.79338	-inf	-2.90288
15.00000	1.00000	100	0.10000	4	26	5	6	18	3	6	-2.83404	-inf	-2.70084
15.00000	1.00000	100	0.20000	0	26	5	6	18	3	6	-2.80517	-inf	-2.84660
15.00000	1.00000	100	0.20000	1	26	5	6	18	3	6	-2.82737	-inf	-2.79640
15.00000	1.00000	100	0.20000	2	26	5	6	18	3	6	-2.80412	-inf	-2.97005
15.00000	1.00000	100	0.20000	3	26	5	6	18	3	6	-2.79351	-inf	-2.90224
15.00000	1.00000	100	0.20000	4	26	5	6	18	3	6	-2.83436	-inf	-2.69524
15.00000	1.00000	100	0.50000	0	26	5	6	18	3	6	-2.80584	-inf	-2.84879
15.00000	1.00000	100	0.50000	1	26	5	6	18	3	6	-2.82718	-inf	-2.79701
15.00000	1.00000	100	0.50000	2	26	5	6	18	3	6	-2.80313	-inf	-2.96726
15.00000	1.00000	100	0.50000	3	26	5	6	18	3	6	-2.79428	-inf	-2.90090
15.00000	1.00000	100	0.50000	4	26	5	6	18	3	6	-2.83553	-inf	-2.68890
15.00000	1.00000	100	1.00000	0	26	5	6	18	3	6	-2.80778	-inf	-2.85269
15.00000	1.00000	100	1.00000	1	26	5	6	18	3	6	-2.82795	-inf	-2.79863
15.00000	1.00000	100	1.00000	2	26	5	6	18	3	6	-2.80351	-inf	-2.96397
15.00000	1.00000	100	1.00000	3	26	5	6	18	3	6	-2.79652	-inf	-2.90010
15.00000	1.00000	100	1.00000	4	26	5	6	18	3	6	-2.83803	-inf	-2.68670
15.00000	1.00000	100	2.00000	0	26	5	6	18	3	6	-2.81364	-inf	-2.86123
15.00000	1.00000	100	2.00000	1	26	5	6	18	3	6	-2.83191	-inf	-2.80357
15.00000	1.00000	100	2.00000	2	26	5	6	18	3	6	-2.80742	-inf	-2.96101
15.00000	1.00000	100	2.00000	3	26	5	6	18	3	6	-2.80309	-inf	-2.90181
15.00000	1.00000	100	2.00000	4	26	5	6	18	3	6	-2.84440	-inf	-2.69067
15.00000	1.00000	500	0.10000	0	6	2	0	6	0	1	-3.66409	-inf	-3.68385
15.00000	1.00000	500	0.10000	1	6	2	0	6	0	1	-3.68008	-inf	-3.62824
15.00000	1.00000	500	0.10000	2	6	2	0	6	0	1	-3.66174	-inf	-3.69496
15.00000	1.00000	500	0.10000	3	6	2	0	6	0	1	-3.66080	-inf	-3.69827
15.00000	1.00000	500	0.10000	4	6	2	0	6	0	1	-3.66589	-inf	-3.67834
15.00000	1.00000	500	0.20000	0	6	2	0	6	0	1	-3.66409	-inf	-3.68384
15.00000	1.00000	500	0.20000	1	6	2	0	6	0	1	-3.68008	-inf	-3.62826
15.00000	1.00000	500	0.20000	2	6	2	0	6	0	1	-3.66174	-inf	-3.69495
15.00000	1.00000	500	0.20000	3	6	2	0	6	0	1	-3.66080	-inf	-3.69826
15.00000	1.00000	500	0.20000	4	6	2	0	6	0	1	-3.66589	-inf	-3.67834
15.00000	1.00000	500	0.50000	0	6	2	0	6	0	1	-3.66410	-inf	-3.68381
15.00000	1.00000	500	0.50000	1	6	2	0	6	0	1	-3.68008	-inf	-3.62834
15.00000	1.00000	500	0.50000	2	6	2	0	6	0	1	-3.66174	-inf	-3.69490
15.00000	1.00000	500	0.50000	3	6	2	0	6	0	1	-3.66081	-inf	-3.69820
15.00000	1.00000	500	0.50000	4	6	2	0	6	0	1	-3.66589	-inf	-3.67832
15.00000	1.00000	500	1.00000	0	6	2	0	6	0	1	-3.66410	-inf	-3.68377
15.00000	1.00000	500	1.00000	1	6	2	0	6	0	1	-3.68009	-inf	-3.62846
15.00000	1.00000	500	1.00000	2	6	2	0	6	0	1	-3.66175	-inf	-3.69482
15.00000	1.00000	500	1.00000	3	6	2	0	6	0	1	-3.66081	-inf	-3.69812
15.00000	1.00000	500	1.00000	4	6	2	0	6	0	1	-3.66590	-inf	-3.67829
15.00000	1.00000	500	2.00000	0	6	2	0	6	0	1	-3.66413	-inf	-3.68370
15.00000	1.00000	500	2.00000	1	6	2	0	6	0	1	-3.68012	-inf	-3.62873
15.00000	1.00000	500	2.00000	2	6	2	0	6	0	1	-3.66178	-inf	-3.69468
15.00000	1.00000	500	2.00000	3	6	2	0	6	0	1	-3.66085	-inf	-3.69797
15.00000	1.00000	500	2.00000	4	6	2	0	6	0	1	-3.66593	-inf	-3.67824
20.00000	1.00000	10	0.10000	0	26	5	6	18	3	6	-2.80506	-inf	-2.84590
20.00000	1.00000	10	0.10000	1	26	5	6	18	3	6	-2.82759	-inf	-2.79627
20.00000	1.00000	10	0.10000	2	26	5	6	18	3	6	-2.80501	-inf	-2.97114
20.00000	1.00000	10	0.10000	3	26	5	6	18	3	6	-2.79338	-inf	-2.90288
20.00000	1.00000	10	0.10000	4	26	5	6	18	3	6	-2.83404	-inf	-2.70084
20.00000	1.00000	10	0.20000	0	26	5	6	18	3	6	-2.80517	-inf	-2.84660
20.00000	1.00000	10	0.20000	1	26	5	6	18	3	6	-2.82737	-inf	-2.79640
20.00000	1.00000	10	0.20000	2	26	5	6	18	3	6	-2.80412	-inf	-2.97005
20.00000	1.00000	10	0.20000	3	26	5	6	18	3	6	-2.79351	-inf	-2.90224
20.00000	1.00000	10	0.20000	4	26	5	6	18	3	6	-2.83436	-inf	-2.69524
20.00000	1.00000	10	0.50000	0	26	5	6	18	3	6	-2.80584	-inf	-2.84879
20.00000	1.00000	10	0.50000	1	26	5	6	18	3	6	-2.82718	-inf	-2.79701
20.00000	1.00000	10	0.50000	2	26	5	6	18	3	6	-2.80313	-inf	-2.96726
20.00000	1.00000	10	0.50000	3	26	5	6	18	3	6	-2.79428	-inf	-2.90090
20.00000	1.00000	10	0.50000	4	26	5	6	18	3	6	-2.83553	-inf	-2.68890
20.00000	1.00000	10	1.00000	0	26	5	6	18	3	6	-2.80778	-inf	-2.85269
20.00000	1.00000	10	1.00000	1	26	5	6	18	3	6	-2.82795	-inf	-2.79863
20.00000	1.00000	10	1.00000	2	26	5	6	18	3	6	-2.80351	-inf	-2.96397
20.00000	1.00000	10	1.00000	3	26	5	6	18	3	6	-2.79652	-inf	-2.90010
20.00000	1.00000	10	1.00000	4	26	5	6	18	3	6	-2.83803	-inf	-2.68670
20.00000	1.00000	10	2.00000	0	26	5	6	18	3	6	-2.81364	-inf	-2.86123
20.00000	1.00000	10	2.00000	1	26	5	6	18	3	6	-2.83191	-inf	-2.80357
20.00000	1.00000	10	2.00000	2	26	5	6	18	3	6	-2.80742	-inf	-2.96101
20.00000	1.00000	10	2.00000	3	26	5	6	18	3	6	-2.80309	-inf	-2.90181
20.00000	1.00000	10	2.00000	4	26	5	6	18	3	6	-2.84440	-inf	-2.69067
20.00000	1.00000	50	0.10000	0	26	5	6	18	3	6	-2.80506	-inf	-2.84590
20.00000	1.00000	50	0.10000	1	26	5	6	18	3	6	-2.82759	-inf	-2.79627
20.00000	1.00000	50	0.10000	2	26	5	6	18	3	6	-2.80501	-inf	-2.97114
20.00000	1.00000	50	0.10000	3	26	5	6	18	3	6	-2.79338	-inf	-2.90288
20.00000	1.00000	50	0.10000	4	26	5	6	18	3	6	-2.83404	-inf	-2.70084
20.00000	1.00000	50	0.20000	0	26	5	6	18	3	6	-2.80517	-inf	-2.84660
20.00000	1.00000	50	0.20000	1	26	5	6	18	3	6	-2.82737	-inf	-2.79640
20.00000	1.00000	50	0.20000	2	26	5	6	18	3	6	-2.80412	-inf	-2.97005
20.00000	1.00000	50	0.20000	3	26	5	6	18	3	6	-2.79351	-inf	-2.90224
20.00000	1.00000	50	0.20000	4	26	5	6	18	3	6	-2.83436	-inf	-2.69524
20.00000	1.00000	50	0.50000	0	26	5	6	18	3	6	-2.80584	-inf	-2.84879
20.00000	1.00000	50	0.50000	1	26	5	6	18	3	6	-2.82718	-inf	-2.79701
20.00000	1.00000	50	0.50000	2	26	5	6	18	3	6	-2.80313	-inf	-2.96726
20.00000	1.00000	50	0.50000	3	26	5	6	18	3	6	-2.79428	-inf	-2.90090
20.00000	1.00000	50	0.50000	4	26	5	6	18	3	6	-2.83553	-inf	-2.68890
20.00000	1.00000	50	1.00000	0	26	5	6	18	3	6	-2.80778	-inf	-2.85269
20.00000	1.00000	50	1.00000	1	26	5	6	18	3	6	-2.82795	-inf	-2.79863
20.00000	1.00000	50	1.00000	2	26	5	6	18	3	6	-2.80351	-inf	-2.96397
20.00000	1.00000	50	1.00000	3	26	5	6	18	3	6	-2.79652	-inf	-2.90010
20.00000	1.00000	50	1.00000	4	26	5	6	18	3	6	-2.83803	-inf	-2.68670
20.00000	1.00000	50	2.00000	0	26	5	6	18	3	6	-2.81364	-inf	-2.86123
20.00000	1.00000	50	2.00000	1	26	5	6	18	3	6	-2.83191	-inf	-2.80357
20.00000	1.00000	50	2.00000	2	26	5	6	18	3	6	-2.80742	-inf	-2.96101
20.00000	1.00000	50	2.00000	3	26	5	6	18	3	6	-2.80309	-inf	-2.90181
20.00000	1.00000	50	2.00000	4	26	5	6	18	3	6	-2.84440	-inf	-2.69067
20.00000	1.00000	100	0.10000	0	26	5	6	18	3	6	-2.80506	-inf	-2.84590
20.00000	1.00000	100	0.10000	1	26	5	6	18	3	6	-2.82759	-inf	-2.79627
20.00000	1.00000	100	0.10000	2	26	5	6	18	3	6	-2.80501	-inf	-2.97114
20.00000	1.00000	100	0.10000	3	26	5	6	18	3	6	-2.79338	-inf	-2.90288
20.00000	1.00000	100	0.10000	4	26	5	6	18	3	6	-2.83404	-inf	-2.70084
20.00000	1.00000	100	0.20000	0	26	5	6	18	3	6	-2.80517	-inf	-2.84660
20.00000	1.00000	100	0.20000	1	26	5	6	18	3	6	-2.82737	-inf	-2.79640
20.00000	1.00000	100	0.20000	2	26	5	6	18	3	6	-2.80412	-inf	-2.97005
20.00000	1.00000	100	0.20000	3	26	5	6	18	3	6	-2.79351	-inf	-2.90224
20.00000	1.00000	100	0.20000	4	26	5	6	18	3	6	-2.83436	-inf	-2.69524
20.00000	1.00000	100	0.50000	0	26	5	6	18	3	6	-2.80584	-inf	-2.84879
20.00000	1.00000	100	0.50000	1	26	5	6	18	3	6	-2.82718	-inf	-2.79701
20.00000	1.00000	100	0.50000	2	26	5	6	18	3	6	-2.80313	-inf	-2.96726
20.00000	1.00000	100	0.50000	3	26	5	6	18	3	6	-2.79428	-inf	-2.90090
20.00000	1.00000	100	0.50000	4	26	5	6	18	3	6	-2.83553	-inf	-2.68890
20.00000	1.00000	100	1.00000	0	26	5	6	18	3	6	-2.80778	-inf	-2.85269
20.00000	1.00000	100	1.00000	1	26	5	6	18	3	6	-2.82795	-inf	-2.79863
20.00000	1.00000	100	1.00000	2	26	5	6	18	3	6	-2.80351	-inf	-2.96397
20.00000	1.00000	100	1.00000	3	26	5	6	18	3	6	-2.79652	-inf	-2.90010
20.00000	1.00000	100	1.00000	4	26	5	6	18	3	6	-2.83803	-inf	-2.68670
20.00000	1.00000	100	2.00000	0	26	5	6	18	3	6	-2.81364	-inf	-2.86123
20.00000	1.00000	100	2.00000	1	26	5	6	18	3	6	-2.83191	-inf	-2.80357
20.00000	1.00000	100	2.00000	2	26	5	6	18	3	6	-2.80742	-inf	-2.96101
20.00000	1.00000	100	2.00000	3	26	5	6	18	3	6	-2.80309	-inf	-2.90181
20.00000	1.00000	100	2.00000	4	26	5	6	18	3	6	-2.84440	-inf	-2.69067
20.00000	1.00000	500	0.10000	0	6	2	0	6	0	1	-3.66409	-inf	-3.68385
20.00000	1.00000	500	0.10000	1	6	2	0	6	0	1	-3.68008	-inf	-3.62824
20.00000	1.00000	500	0.10000	2	6	2	0	6	0	1	-3.66174	-inf	-3.69496
20.00000	1.00000	500	0.10000	3	6	2	0	6	0	1	-3.66080	-inf	-3.69827
20.00000	1.00000	500	0.10000	4	6	2	0	6	0	1	-3.66589	-inf	-3.67834
20.00000	1.00000	500	0.20000	0	6	2	0	6	0	1	-3.66409	-inf	-3.68384
20.00000	1.00000	500	0.20000	1	6	2	0	6	0	1	-3.68008	-inf	-3.62826
20.00000	1.00000	500	0.20000	2	6	2	0	6	0	1	-3.66174	-inf	-3.69495
20.00000	1.00000	500	0.20000	3	6	2	0	6	0	1	-3.66080	-inf	-3.69826
20.00000	1.00000	500	0.20000	4	6	2	0	6	0	1	-3.66589	-inf	-3.67834
20.00000	1.00000	500	0.50000	0	6	2	0	6	0	1	-3.66410	-inf	-3.68381
20.00000	1.00000	500	0.50000	1	6	2	0	6	0	1	-3.68008	-inf	-3.62834
20.00000	1.00000	500	0.50000	2	6	2	0	6	0	1	-3.66174	-inf	-3.69490
20.00000	1.00000	500	0.50000	3	6	2	0	6	0	1	-3.66081	-inf	-3.69820
20.00000	1.00000	500	0.50000	4	6	2	0	6	0	1	-3.66589	-inf	-3.67832
20.00000	1.00000	500	1.00000	0	6	2	0	6	0	1	-3.66410	-inf	-3.68377
20.00000	1.00000	500	1.00000	1	6	2	0	6	0	1	-3.68009	-inf	-3.62846
20.00000	1.00000	500	1.00000	2	6	2	0	6	0	1	-3.66175	-inf	-3.69482
20.00000	1.00000	500	1.00000	3	6	2	0	6	0	1	-3.66081	-inf	-3.69812
20.00000	1.00000	500	1.00000	4	6	2	0	6	0	1	-3.66590	-inf	-3.67829
20.00000	1.00000	500	2.00000	0	6	2	0	6	0	1	-3.66413	-inf	-3.68370
20.00000	1.00000	500	2.00000	1	6	2	0	6	0	1	-3.68012	-inf	-3.62873
20.00000	1.00000	500	2.00000	2	6	2	0	6	0	1	-3.66178	-inf	-3.69468
20.00000	1.00000	500	2.00000	3	6	2	0	6	0	1	-3.66085	-inf	-3.69797
20.00000	1.00000	500	2.00000	4	6	2	0	6	0	1	-3.66593	-inf	-3.67824
alpha: 0.2, cluster-penalty: 1.0, g-factor: 5.0, min-inst-slice: 10, test_ll: -2.803704117398551, train_ll: -2.7674426873479954, valid_ll: -2.803704117398551