parameters:
Namespace(alpha=[0.1, 0.2, 0.5, 1.0, 2.0], clt_leaves=False, cluster_method='GMM', cluster_penalty=[1.0], cv=5, data_exts=None, dataset='data/multilabel/health1500/health1500.5.folds.pklz', dtype='int32', feature_scheme=None, g_factor=[5.0, 10.0, 15.0, 20.0], gzip=True, kde_leaves=False, min_inst_slice=[10, 50, 100, 500], n_iters=100, n_restarts=4, n_row_clusters=2, output='exp/ml-repr-spn-y/', save_model=True, seed=1337, sklearn_args=None, suffix=None, verbose=1, y_only=True)

g-factor:	clu-pen:	min-ins:	alpha:	fold:	n_edges:	depth:	n_weights:	n_leaves:	n_sums:	n_prods:	train_ll	valid_ll:	test_ll
5.00000	1.00000	10	0.10000	0	502	15	105	346	52	105	-3.28243	-inf	-3.32915
5.00000	1.00000	10	0.10000	1	479	17	93	341	46	93	-3.27166	-inf	-3.30324
5.00000	1.00000	10	0.10000	2	510	19	105	355	51	105	-3.27445	-inf	-3.29664
5.00000	1.00000	10	0.10000	3	493	19	98	348	48	98	-3.26525	-inf	-3.35236
5.00000	1.00000	10	0.10000	4	537	17	104	385	49	104	-3.25985	-inf	-3.30469
5.00000	1.00000	10	0.20000	0	502	15	105	346	52	105	-3.28337	-inf	-3.32705
5.00000	1.00000	10	0.20000	1	479	17	93	341	46	93	-3.27215	-inf	-3.29824
5.00000	1.00000	10	0.20000	2	510	19	105	355	51	105	-3.27442	-inf	-3.29628
5.00000	1.00000	10	0.20000	3	493	19	98	348	48	98	-3.26569	-inf	-3.34980
5.00000	1.00000	10	0.20000	4	537	17	104	385	49	104	-3.26103	-inf	-3.30327
5.00000	1.00000	10	0.50000	0	502	15	105	346	52	105	-3.28749	-inf	-3.32628
5.00000	1.00000	10	0.50000	1	479	17	93	341	46	93	-3.27540	-inf	-3.29394
5.00000	1.00000	10	0.50000	2	510	19	105	355	51	105	-3.27711	-inf	-3.29910
5.00000	1.00000	10	0.50000	3	493	19	98	348	48	98	-3.26905	-inf	-3.34837
5.00000	1.00000	10	0.50000	4	537	17	104	385	49	104	-3.26568	-inf	-3.30484
5.00000	1.00000	10	1.00000	0	502	15	105	346	52	105	-3.29578	-inf	-3.33016
5.00000	1.00000	10	1.00000	1	479	17	93	341	46	93	-3.28300	-inf	-3.29534
5.00000	1.00000	10	1.00000	2	510	19	105	355	51	105	-3.28441	-inf	-3.30730
5.00000	1.00000	10	1.00000	3	493	19	98	348	48	98	-3.27685	-inf	-3.35173
5.00000	1.00000	10	1.00000	4	537	17	104	385	49	104	-3.27498	-inf	-3.31225
5.00000	1.00000	10	2.00000	0	502	15	105	346	52	105	-3.31409	-inf	-3.34340
5.00000	1.00000	10	2.00000	1	479	17	93	341	46	93	-3.30102	-inf	-3.30638
5.00000	1.00000	10	2.00000	2	510	19	105	355	51	105	-3.30203	-inf	-3.32698
5.00000	1.00000	10	2.00000	3	493	19	98	348	48	98	-3.29491	-inf	-3.36467
5.00000	1.00000	10	2.00000	4	537	17	104	385	49	104	-3.29563	-inf	-3.33151
5.00000	1.00000	50	0.10000	0	479	15	97	335	48	97	-3.29033	-inf	-3.34167
5.00000	1.00000	50	0.10000	1	452	17	83	329	41	83	-3.27923	-inf	-3.31545
5.00000	1.00000	50	0.10000	2	455	17	83	333	40	83	-3.28618	-inf	-3.30475
5.00000	1.00000	50	0.10000	3	438	15	80	320	39	80	-3.27903	-inf	-3.36616
5.00000	1.00000	50	0.10000	4	477	15	82	358	38	82	-3.27583	-inf	-3.32914
5.00000	1.00000	50	0.20000	0	479	15	97	335	48	97	-3.29114	-inf	-3.33924
5.00000	1.00000	50	0.20000	1	452	17	83	329	41	83	-3.27956	-inf	-3.31003
5.00000	1.00000	50	0.20000	2	455	17	83	333	40	83	-3.28562	-inf	-3.30465
5.00000	1.00000	50	0.20000	3	438	15	80	320	39	80	-3.27915	-inf	-3.36289
5.00000	1.00000	50	0.20000	4	477	15	82	358	38	82	-3.27654	-inf	-3.32677
5.00000	1.00000	50	0.50000	0	479	15	97	335	48	97	-3.29471	-inf	-3.33758
5.00000	1.00000	50	0.50000	1	452	17	83	329	41	83	-3.28237	-inf	-3.30484
5.00000	1.00000	50	0.50000	2	455	17	83	333	40	83	-3.28720	-inf	-3.30752
5.00000	1.00000	50	0.50000	3	438	15	80	320	39	80	-3.28157	-inf	-3.36023
5.00000	1.00000	50	0.50000	4	477	15	82	358	38	82	-3.27993	-inf	-3.32619
5.00000	1.00000	50	1.00000	0	479	15	97	335	48	97	-3.30210	-inf	-3.34015
5.00000	1.00000	50	1.00000	1	452	17	83	329	41	83	-3.28929	-inf	-3.30512
5.00000	1.00000	50	1.00000	2	455	17	83	333	40	83	-3.29314	-inf	-3.31513
5.00000	1.00000	50	1.00000	3	438	15	80	320	39	80	-3.28798	-inf	-3.36224
5.00000	1.00000	50	1.00000	4	477	15	82	358	38	82	-3.28745	-inf	-3.33078
5.00000	1.00000	50	2.00000	0	479	15	97	335	48	97	-3.31897	-inf	-3.35130
5.00000	1.00000	50	2.00000	1	452	17	83	329	41	83	-3.30617	-inf	-3.31444
5.00000	1.00000	50	2.00000	2	455	17	83	333	40	83	-3.30873	-inf	-3.33327
5.00000	1.00000	50	2.00000	3	438	15	80	320	39	80	-3.30380	-inf	-3.37318
5.00000	1.00000	50	2.00000	4	477	15	82	358	38	82	-3.30533	-inf	-3.34579
5.00000	1.00000	100	0.10000	0	412	13	73	304	36	73	-3.31237	-inf	-3.36136
5.00000	1.00000	100	0.10000	1	372	15	61	282	30	61	-3.31540	-inf	-3.34412
5.00000	1.00000	100	0.10000	2	391	15	61	302	29	61	-3.31184	-inf	-3.32862
5.00000	1.00000	100	0.10000	3	386	13	62	295	30	62	-3.29895	-inf	-3.38590
5.00000	1.00000	100	0.10000	4	416	11	64	323	30	64	-3.30065	-inf	-3.35769
5.00000	1.00000	100	0.20000	0	412	13	73	304	36	73	-3.31277	-inf	-3.35850
5.00000	1.00000	100	0.20000	1	372	15	61	282	30	61	-3.31528	-inf	-3.33862
5.00000	1.00000	100	0.20000	2	391	15	61	302	29	61	-3.31087	-inf	-3.32845
5.00000	1.00000	100	0.20000	3	386	13	62	295	30	62	-3.29868	-inf	-3.38182
5.00000	1.00000	100	0.20000	4	416	11	64	323	30	64	-3.30082	-inf	-3.35479
5.00000	1.00000	100	0.50000	0	412	13	73	304	36	73	-3.31530	-inf	-3.35587
5.00000	1.00000	100	0.50000	1	372	15	61	282	30	61	-3.31668	-inf	-3.33251
5.00000	1.00000	100	0.50000	2	391	15	61	302	29	61	-3.31136	-inf	-3.33062
5.00000	1.00000	100	0.50000	3	386	13	62	295	30	62	-3.30003	-inf	-3.37750
5.00000	1.00000	100	0.50000	4	416	11	64	323	30	64	-3.30280	-inf	-3.35265
5.00000	1.00000	100	1.00000	0	412	13	73	304	36	73	-3.32121	-inf	-3.35716
5.00000	1.00000	100	1.00000	1	372	15	61	282	30	61	-3.32124	-inf	-3.33097
5.00000	1.00000	100	1.00000	2	391	15	61	302	29	61	-3.31564	-inf	-3.33685
5.00000	1.00000	100	1.00000	3	386	13	62	295	30	62	-3.30480	-inf	-3.37759
5.00000	1.00000	100	1.00000	4	416	11	64	323	30	64	-3.30833	-inf	-3.35496
5.00000	1.00000	100	2.00000	0	412	13	73	304	36	73	-3.33553	-inf	-3.36610
5.00000	1.00000	100	2.00000	1	372	15	61	282	30	61	-3.33370	-inf	-3.33674
5.00000	1.00000	100	2.00000	2	391	15	61	302	29	61	-3.32831	-inf	-3.35236
5.00000	1.00000	100	2.00000	3	386	13	62	295	30	62	-3.31790	-inf	-3.38583
5.00000	1.00000	100	2.00000	4	416	11	64	323	30	64	-3.32297	-inf	-3.36626
5.00000	1.00000	500	0.10000	0	256	11	35	205	17	35	-3.50436	-inf	-3.53824
5.00000	1.00000	500	0.10000	1	263	11	35	212	17	35	-3.44405	-inf	-3.44153
5.00000	1.00000	500	0.10000	2	227	9	27	188	13	27	-3.46521	-inf	-3.48907
5.00000	1.00000	500	0.10000	3	237	11	29	195	14	29	-3.49148	-inf	-3.55448
5.00000	1.00000	500	0.10000	4	254	11	28	214	13	28	-3.44754	-inf	-3.50349
5.00000	1.00000	500	0.20000	0	256	11	35	205	17	35	-3.50302	-inf	-3.53490
5.00000	1.00000	500	0.20000	1	263	11	35	212	17	35	-3.44279	-inf	-3.43687
5.00000	1.00000	500	0.20000	2	227	9	27	188	13	27	-3.46372	-inf	-3.48758
5.00000	1.00000	500	0.20000	3	237	11	29	195	14	29	-3.48989	-inf	-3.55103
5.00000	1.00000	500	0.20000	4	254	11	28	214	13	28	-3.44606	-inf	-3.50025
5.00000	1.00000	500	0.50000	0	256	11	35	205	17	35	-3.50079	-inf	-3.52944
5.00000	1.00000	500	0.50000	1	263	11	35	212	17	35	-3.44151	-inf	-3.43069
5.00000	1.00000	500	0.50000	2	227	9	27	188	13	27	-3.46211	-inf	-3.48599
5.00000	1.00000	500	0.50000	3	237	11	29	195	14	29	-3.48758	-inf	-3.54626
5.00000	1.00000	500	0.50000	4	254	11	28	214	13	28	-3.44437	-inf	-3.49608
5.00000	1.00000	500	1.00000	0	256	11	35	205	17	35	-3.49976	-inf	-3.52542
5.00000	1.00000	500	1.00000	1	263	11	35	212	17	35	-3.44231	-inf	-3.42740
5.00000	1.00000	500	1.00000	2	227	9	27	188	13	27	-3.46248	-inf	-3.48647
5.00000	1.00000	500	1.00000	3	237	11	29	195	14	29	-3.48676	-inf	-3.54350
5.00000	1.00000	500	1.00000	4	254	11	28	214	13	28	-3.44493	-inf	-3.49446
5.00000	1.00000	500	2.00000	0	256	11	35	205	17	35	-3.50227	-inf	-3.52433
5.00000	1.00000	500	2.00000	1	263	11	35	212	17	35	-3.44807	-inf	-3.42867
5.00000	1.00000	500	2.00000	2	227	9	27	188	13	27	-3.46718	-inf	-3.49156
5.00000	1.00000	500	2.00000	3	237	11	29	195	14	29	-3.48970	-inf	-3.54426
5.00000	1.00000	500	2.00000	4	254	11	28	214	13	28	-3.45071	-inf	-3.49768
10.00000	1.00000	10	0.10000	0	320	15	69	218	34	69	-3.34379	-inf	-3.37382
10.00000	1.00000	10	0.10000	1	304	15	59	217	29	59	-3.35097	-inf	-3.35310
10.00000	1.00000	10	0.10000	2	326	15	65	231	31	65	-3.30980	-inf	-3.33615
10.00000	1.00000	10	0.10000	3	282	11	54	204	25	54	-3.33892	-inf	-3.39869
10.00000	1.00000	10	0.10000	4	327	15	67	228	33	67	-3.33352	-inf	-3.39690
10.00000	1.00000	10	0.20000	0	320	15	69	218	34	69	-3.34268	-inf	-3.37155
10.00000	1.00000	10	0.20000	1	304	15	59	217	29	59	-3.35060	-inf	-3.35053
10.00000	1.00000	10	0.20000	2	326	15	65	231	31	65	-3.30925	-inf	-3.33532
10.00000	1.00000	10	0.20000	3	282	11	54	204	25	54	-3.33830	-inf	-3.39682
10.00000	1.00000	10	0.20000	4	327	15	67	228	33	67	-3.33305	-inf	-3.39356
10.00000	1.00000	10	0.50000	0	320	15	69	218	34	69	-3.34179	-inf	-3.36881
10.00000	1.00000	10	0.50000	1	304	15	59	217	29	59	-3.35091	-inf	-3.34724
10.00000	1.00000	10	0.50000	2	326	15	65	231	31	65	-3.30983	-inf	-3.33552
10.00000	1.00000	10	0.50000	3	282	11	54	204	25	54	-3.33825	-inf	-3.39440
10.00000	1.00000	10	0.50000	4	327	15	67	228	33	67	-3.33327	-inf	-3.38930
10.00000	1.00000	10	1.00000	0	320	15	69	218	34	69	-3.34316	-inf	-3.36844
10.00000	1.00000	10	1.00000	1	304	15	59	217	29	59	-3.35333	-inf	-3.34625
10.00000	1.00000	10	1.00000	2	326	15	65	231	31	65	-3.31328	-inf	-3.33877
10.00000	1.00000	10	1.00000	3	282	11	54	204	25	54	-3.34029	-inf	-3.39391
10.00000	1.00000	10	1.00000	4	327	15	67	228	33	67	-3.33565	-inf	-3.38766
10.00000	1.00000	10	2.00000	0	320	15	69	218	34	69	-3.34971	-inf	-3.37280
10.00000	1.00000	10	2.00000	1	304	15	59	217	29	59	-3.36098	-inf	-3.34990
10.00000	1.00000	10	2.00000	2	326	15	65	231	31	65	-3.32345	-inf	-3.34898
10.00000	1.00000	10	2.00000	3	282	11	54	204	25	54	-3.34727	-inf	-3.39749
10.00000	1.00000	10	2.00000	4	327	15	67	228	33	67	-3.34334	-inf	-3.39065
10.00000	1.00000	50	0.10000	0	320	15	69	218	34	69	-3.34379	-inf	-3.37382
10.00000	1.00000	50	0.10000	1	299	13	57	215	28	57	-3.35250	-inf	-3.35429
10.00000	1.00000	50	0.10000	2	316	15	61	227	29	61	-3.31221	-inf	-3.33538
10.00000	1.00000	50	0.10000	3	282	11	54	204	25	54	-3.33892	-inf	-3.39869
10.00000	1.00000	50	0.10000	4	327	15	67	228	33	67	-3.33352	-inf	-3.39690
10.00000	1.00000	50	0.20000	0	320	15	69	218	34	69	-3.34268	-inf	-3.37155
10.00000	1.00000	50	0.20000	1	299	13	57	215	28	57	-3.35209	-inf	-3.35164
10.00000	1.00000	50	0.20000	2	316	15	61	227	29	61	-3.31168	-inf	-3.33477
10.00000	1.00000	50	0.20000	3	282	11	54	204	25	54	-3.33830	-inf	-3.39682
10.00000	1.00000	50	0.20000	4	327	15	67	228	33	67	-3.33305	-inf	-3.39356
10.00000	1.00000	50	0.50000	0	320	15	69	218	34	69	-3.34179	-inf	-3.36881
10.00000	1.00000	50	0.50000	1	299	13	57	215	28	57	-3.35226	-inf	-3.34817
10.00000	1.00000	50	0.50000	2	316	15	61	227	29	61	-3.31226	-inf	-3.33539
10.00000	1.00000	50	0.50000	3	282	11	54	204	25	54	-3.33825	-inf	-3.39440
10.00000	1.00000	50	0.50000	4	327	15	67	228	33	67	-3.33327	-inf	-3.38930
10.00000	1.00000	50	1.00000	0	320	15	69	218	34	69	-3.34316	-inf	-3.36844
10.00000	1.00000	50	1.00000	1	299	13	57	215	28	57	-3.35448	-inf	-3.34699
10.00000	1.00000	50	1.00000	2	316	15	61	227	29	61	-3.31561	-inf	-3.33898
10.00000	1.00000	50	1.00000	3	282	11	54	204	25	54	-3.34029	-inf	-3.39391
10.00000	1.00000	50	1.00000	4	327	15	67	228	33	67	-3.33565	-inf	-3.38766
10.00000	1.00000	50	2.00000	0	320	15	69	218	34	69	-3.34971	-inf	-3.37280
10.00000	1.00000	50	2.00000	1	299	13	57	215	28	57	-3.36182	-inf	-3.35038
10.00000	1.00000	50	2.00000	2	316	15	61	227	29	61	-3.32548	-inf	-3.34944
10.00000	1.00000	50	2.00000	3	282	11	54	204	25	54	-3.34727	-inf	-3.39749
10.00000	1.00000	50	2.00000	4	327	15	67	228	33	67	-3.34334	-inf	-3.39065
10.00000	1.00000	100	0.10000	0	298	13	61	208	30	61	-3.35465	-inf	-3.38131
10.00000	1.00000	100	0.10000	1	274	11	47	205	23	47	-3.36240	-inf	-3.36494
10.00000	1.00000	100	0.10000	2	289	13	51	215	24	51	-3.32697	-inf	-3.34634
10.00000	1.00000	100	0.10000	3	266	11	48	197	22	48	-3.34865	-inf	-3.40961
10.00000	1.00000	100	0.10000	4	322	15	65	226	32	65	-3.33524	-inf	-3.39699
10.00000	1.00000	100	0.20000	0	298	13	61	208	30	61	-3.35351	-inf	-3.37920
10.00000	1.00000	100	0.20000	1	274	11	47	205	23	47	-3.36192	-inf	-3.36191
10.00000	1.00000	100	0.20000	2	289	13	51	215	24	51	-3.32648	-inf	-3.34576
10.00000	1.00000	100	0.20000	3	266	11	48	197	22	48	-3.34781	-inf	-3.40707
10.00000	1.00000	100	0.20000	4	322	15	65	226	32	65	-3.33477	-inf	-3.39365
10.00000	1.00000	100	0.50000	0	298	13	61	208	30	61	-3.35244	-inf	-3.37661
10.00000	1.00000	100	0.50000	1	274	11	47	205	23	47	-3.36181	-inf	-3.35770
10.00000	1.00000	100	0.50000	2	289	13	51	215	24	51	-3.32688	-inf	-3.34627
10.00000	1.00000	100	0.50000	3	266	11	48	197	22	48	-3.34724	-inf	-3.40345
10.00000	1.00000	100	0.50000	4	322	15	65	226	32	65	-3.33495	-inf	-3.38942
10.00000	1.00000	100	1.00000	0	298	13	61	208	30	61	-3.35340	-inf	-3.37607
10.00000	1.00000	100	1.00000	1	274	11	47	205	23	47	-3.36349	-inf	-3.35574
10.00000	1.00000	100	1.00000	2	289	13	51	215	24	51	-3.32968	-inf	-3.34945
10.00000	1.00000	100	1.00000	3	266	11	48	197	22	48	-3.34861	-inf	-3.40184
10.00000	1.00000	100	1.00000	4	322	15	65	226	32	65	-3.33724	-inf	-3.38783
10.00000	1.00000	100	2.00000	0	298	13	61	208	30	61	-3.35905	-inf	-3.37975
10.00000	1.00000	100	2.00000	1	274	11	47	205	23	47	-3.36977	-inf	-3.35802
10.00000	1.00000	100	2.00000	2	289	13	51	215	24	51	-3.33829	-inf	-3.35893
10.00000	1.00000	100	2.00000	3	266	11	48	197	22	48	-3.35457	-inf	-3.40416
10.00000	1.00000	100	2.00000	4	322	15	65	226	32	65	-3.34478	-inf	-3.39088
10.00000	1.00000	500	0.10000	0	236	13	41	176	20	41	-3.41638	-inf	-3.44757
10.00000	1.00000	500	0.10000	1	227	11	33	179	16	33	-3.46279	-inf	-3.45542
10.00000	1.00000	500	0.10000	2	187	9	24	153	11	24	-3.54769	-inf	-3.57607
10.00000	1.00000	500	0.10000	3	188	11	28	148	13	28	-3.50608	-inf	-3.54884
10.00000	1.00000	500	0.10000	4	263	13	45	197	22	45	-3.40145	-inf	-3.44792
10.00000	1.00000	500	0.20000	0	236	13	41	176	20	41	-3.41437	-inf	-3.44468
10.00000	1.00000	500	0.20000	1	227	11	33	179	16	33	-3.46173	-inf	-3.45222
10.00000	1.00000	500	0.20000	2	187	9	24	153	11	24	-3.54653	-inf	-3.57428
10.00000	1.00000	500	0.20000	3	188	11	28	148	13	28	-3.50428	-inf	-3.54572
10.00000	1.00000	500	0.20000	4	263	13	45	197	22	45	-3.40076	-inf	-3.44485
10.00000	1.00000	500	0.50000	0	236	13	41	176	20	41	-3.41167	-inf	-3.44043
10.00000	1.00000	500	0.50000	1	227	11	33	179	16	33	-3.46023	-inf	-3.44729
10.00000	1.00000	500	0.50000	2	187	9	24	153	11	24	-3.54493	-inf	-3.57196
10.00000	1.00000	500	0.50000	3	188	11	28	148	13	28	-3.50126	-inf	-3.54067
10.00000	1.00000	500	0.50000	4	263	13	45	197	22	45	-3.40013	-inf	-3.44065
10.00000	1.00000	500	1.00000	0	236	13	41	176	20	41	-3.41067	-inf	-3.43784
10.00000	1.00000	500	1.00000	1	227	11	33	179	16	33	-3.45996	-inf	-3.44391
10.00000	1.00000	500	1.00000	2	187	9	24	153	11	24	-3.54457	-inf	-3.57119
10.00000	1.00000	500	1.00000	3	188	11	28	148	13	28	-3.49907	-inf	-3.53673
10.00000	1.00000	500	1.00000	4	263	13	45	197	22	45	-3.40101	-inf	-3.43846
10.00000	1.00000	500	2.00000	0	236	13	41	176	20	41	-3.41310	-inf	-3.43812
10.00000	1.00000	500	2.00000	1	227	11	33	179	16	33	-3.46284	-inf	-3.44326
10.00000	1.00000	500	2.00000	2	187	9	24	153	11	24	-3.54707	-inf	-3.57352
10.00000	1.00000	500	2.00000	3	188	11	28	148	13	28	-3.49884	-inf	-3.53446
10.00000	1.00000	500	2.00000	4	263	13	45	197	22	45	-3.40581	-inf	-3.43991
15.00000	1.00000	10	0.10000	0	281	15	59	194	29	59	-3.36147	-inf	-3.38502
15.00000	1.00000	10	0.10000	1	260	13	50	186	25	50	-3.37493	-inf	-3.37663
15.00000	1.00000	10	0.10000	2	248	13	47	180	22	47	-3.36083	-inf	-3.37447
15.00000	1.00000	10	0.10000	3	248	15	48	178	23	48	-3.35747	-inf	-3.42672
15.00000	1.00000	10	0.10000	4	255	13	51	180	25	51	-3.36523	-inf	-3.41266
15.00000	1.00000	10	0.20000	0	281	15	59	194	29	59	-3.36057	-inf	-3.38315
15.00000	1.00000	10	0.20000	1	260	13	50	186	25	50	-3.37406	-inf	-3.37354
15.00000	1.00000	10	0.20000	2	248	13	47	180	22	47	-3.36022	-inf	-3.37356
15.00000	1.00000	10	0.20000	3	248	15	48	178	23	48	-3.35624	-inf	-3.42410
15.00000	1.00000	10	0.20000	4	255	13	51	180	25	51	-3.36441	-inf	-3.41041
15.00000	1.00000	10	0.50000	0	281	15	59	194	29	59	-3.35986	-inf	-3.38077
15.00000	1.00000	10	0.50000	1	260	13	50	186	25	50	-3.37314	-inf	-3.36913
15.00000	1.00000	10	0.50000	2	248	13	47	180	22	47	-3.35964	-inf	-3.37297
15.00000	1.00000	10	0.50000	3	248	15	48	178	23	48	-3.35490	-inf	-3.41999
15.00000	1.00000	10	0.50000	4	255	13	51	180	25	51	-3.36383	-inf	-3.40765
15.00000	1.00000	10	1.00000	0	281	15	59	194	29	59	-3.36104	-inf	-3.38021
15.00000	1.00000	10	1.00000	1	260	13	50	186	25	50	-3.37377	-inf	-3.36657
15.00000	1.00000	10	1.00000	2	248	13	47	180	22	47	-3.36053	-inf	-3.37426
15.00000	1.00000	10	1.00000	3	248	15	48	178	23	48	-3.35531	-inf	-3.41746
15.00000	1.00000	10	1.00000	4	255	13	51	180	25	51	-3.36485	-inf	-3.40669
15.00000	1.00000	10	2.00000	0	281	15	59	194	29	59	-3.36661	-inf	-3.38350
15.00000	1.00000	10	2.00000	1	260	13	50	186	25	50	-3.37824	-inf	-3.36737
15.00000	1.00000	10	2.00000	2	248	13	47	180	22	47	-3.36534	-inf	-3.37996
15.00000	1.00000	10	2.00000	3	248	15	48	178	23	48	-3.35972	-inf	-3.41804
15.00000	1.00000	10	2.00000	4	255	13	51	180	25	51	-3.36956	-inf	-3.40904
15.00000	1.00000	50	0.10000	0	276	15	57	192	28	57	-3.36348	-inf	-3.38545
15.00000	1.00000	50	0.10000	1	260	13	50	186	25	50	-3.37493	-inf	-3.37663
15.00000	1.00000	50	0.10000	2	248	13	47	180	22	47	-3.36082	-inf	-3.37445
15.00000	1.00000	50	0.10000	3	248	15	48	178	23	48	-3.35747	-inf	-3.42672
15.00000	1.00000	50	0.10000	4	255	13	51	180	25	51	-3.36523	-inf	-3.41266
15.00000	1.00000	50	0.20000	0	276	15	57	192	28	57	-3.36251	-inf	-3.38369
15.00000	1.00000	50	0.20000	1	260	13	50	186	25	50	-3.37406	-inf	-3.37354
15.00000	1.00000	50	0.20000	2	248	13	47	180	22	47	-3.36020	-inf	-3.37354
15.00000	1.00000	50	0.20000	3	248	15	48	178	23	48	-3.35624	-inf	-3.42410
15.00000	1.00000	50	0.20000	4	255	13	51	180	25	51	-3.36441	-inf	-3.41041
15.00000	1.00000	50	0.50000	0	276	15	57	192	28	57	-3.36160	-inf	-3.38145
15.00000	1.00000	50	0.50000	1	260	13	50	186	25	50	-3.37314	-inf	-3.36913
15.00000	1.00000	50	0.50000	2	248	13	47	180	22	47	-3.35958	-inf	-3.37291
15.00000	1.00000	50	0.50000	3	248	15	48	178	23	48	-3.35490	-inf	-3.41999
15.00000	1.00000	50	0.50000	4	255	13	51	180	25	51	-3.36383	-inf	-3.40765
15.00000	1.00000	50	1.00000	0	276	15	57	192	28	57	-3.36253	-inf	-3.38092
15.00000	1.00000	50	1.00000	1	260	13	50	186	25	50	-3.37377	-inf	-3.36657
15.00000	1.00000	50	1.00000	2	248	13	47	180	22	47	-3.36043	-inf	-3.37414
15.00000	1.00000	50	1.00000	3	248	15	48	178	23	48	-3.35531	-inf	-3.41746
15.00000	1.00000	50	1.00000	4	255	13	51	180	25	51	-3.36485	-inf	-3.40669
15.00000	1.00000	50	2.00000	0	276	15	57	192	28	57	-3.36773	-inf	-3.38411
15.00000	1.00000	50	2.00000	1	260	13	50	186	25	50	-3.37824	-inf	-3.36737
15.00000	1.00000	50	2.00000	2	248	13	47	180	22	47	-3.36514	-inf	-3.37972
15.00000	1.00000	50	2.00000	3	248	15	48	178	23	48	-3.35972	-inf	-3.41804
15.00000	1.00000	50	2.00000	4	255	13	51	180	25	51	-3.36956	-inf	-3.40904
15.00000	1.00000	100	0.10000	0	266	13	53	188	26	53	-3.36736	-inf	-3.38791
15.00000	1.00000	100	0.10000	1	255	11	48	184	24	48	-3.37786	-inf	-3.38086
15.00000	1.00000	100	0.10000	2	243	11	45	178	21	45	-3.36431	-inf	-3.37638
15.00000	1.00000	100	0.10000	3	243	13	46	176	22	46	-3.36030	-inf	-3.42757
15.00000	1.00000	100	0.10000	4	255	13	51	180	25	51	-3.36523	-inf	-3.41266
15.00000	1.00000	100	0.20000	0	266	13	53	188	26	53	-3.36628	-inf	-3.38604
15.00000	1.00000	100	0.20000	1	255	11	48	184	24	48	-3.37694	-inf	-3.37760
15.00000	1.00000	100	0.20000	2	243	11	45	178	21	45	-3.36365	-inf	-3.37558
15.00000	1.00000	100	0.20000	3	243	13	46	176	22	46	-3.35902	-inf	-3.42491
15.00000	1.00000	100	0.20000	4	255	13	51	180	25	51	-3.36441	-inf	-3.41041
15.00000	1.00000	100	0.50000	0	266	13	53	188	26	53	-3.36514	-inf	-3.38360
15.00000	1.00000	100	0.50000	1	255	11	48	184	24	48	-3.37588	-inf	-3.37277
15.00000	1.00000	100	0.50000	2	243	11	45	178	21	45	-3.36293	-inf	-3.37512
15.00000	1.00000	100	0.50000	3	243	13	46	176	22	46	-3.35755	-inf	-3.42079
15.00000	1.00000	100	0.50000	4	255	13	51	180	25	51	-3.36383	-inf	-3.40765
15.00000	1.00000	100	1.00000	0	266	13	53	188	26	53	-3.36577	-inf	-3.38289
15.00000	1.00000	100	1.00000	1	255	11	48	184	24	48	-3.37632	-inf	-3.36980
15.00000	1.00000	100	1.00000	2	243	11	45	178	21	45	-3.36361	-inf	-3.37643
15.00000	1.00000	100	1.00000	3	243	13	46	176	22	46	-3.35779	-inf	-3.41825
15.00000	1.00000	100	1.00000	4	255	13	51	180	25	51	-3.36485	-inf	-3.40669
15.00000	1.00000	100	2.00000	0	266	13	53	188	26	53	-3.37052	-inf	-3.38586
15.00000	1.00000	100	2.00000	1	255	11	48	184	24	48	-3.38050	-inf	-3.37012
15.00000	1.00000	100	2.00000	2	243	11	45	178	21	45	-3.36805	-inf	-3.38197
15.00000	1.00000	100	2.00000	3	243	13	46	176	22	46	-3.36192	-inf	-3.41878
15.00000	1.00000	100	2.00000	4	255	13	51	180	25	51	-3.36956	-inf	-3.40904
15.00000	1.00000	500	0.10000	0	229	13	41	169	20	41	-3.41832	-inf	-3.44698
15.00000	1.00000	500	0.10000	1	220	11	36	167	18	36	-3.46357	-inf	-3.45074
15.00000	1.00000	500	0.10000	2	175	11	24	141	11	24	-3.54328	-inf	-3.57757
15.00000	1.00000	500	0.10000	3	187	11	31	142	15	31	-3.50043	-inf	-3.55070
15.00000	1.00000	500	0.10000	4	227	13	41	167	20	41	-3.40362	-inf	-3.44763
15.00000	1.00000	500	0.20000	0	229	13	41	169	20	41	-3.41636	-inf	-3.44417
15.00000	1.00000	500	0.20000	1	220	11	36	167	18	36	-3.46223	-inf	-3.44711
15.00000	1.00000	500	0.20000	2	175	11	24	141	11	24	-3.54239	-inf	-3.57566
15.00000	1.00000	500	0.20000	3	187	11	31	142	15	31	-3.49869	-inf	-3.54801
15.00000	1.00000	500	0.20000	4	227	13	41	167	20	41	-3.40226	-inf	-3.44478
15.00000	1.00000	500	0.50000	0	229	13	41	169	20	41	-3.41366	-inf	-3.43989
15.00000	1.00000	500	0.50000	1	220	11	36	167	18	36	-3.45985	-inf	-3.44126
15.00000	1.00000	500	0.50000	2	175	11	24	141	11	24	-3.54098	-inf	-3.57301
15.00000	1.00000	500	0.50000	3	187	11	31	142	15	31	-3.49577	-inf	-3.54316
15.00000	1.00000	500	0.50000	4	227	13	41	167	20	41	-3.40055	-inf	-3.44079
15.00000	1.00000	500	1.00000	0	229	13	41	169	20	41	-3.41264	-inf	-3.43712
15.00000	1.00000	500	1.00000	1	220	11	36	167	18	36	-3.45831	-inf	-3.43676
15.00000	1.00000	500	1.00000	2	175	11	24	141	11	24	-3.54036	-inf	-3.57150
15.00000	1.00000	500	1.00000	3	187	11	31	142	15	31	-3.49367	-inf	-3.53898
15.00000	1.00000	500	1.00000	4	227	13	41	167	20	41	-3.40022	-inf	-3.43835
15.00000	1.00000	500	2.00000	0	229	13	41	169	20	41	-3.41500	-inf	-3.43703
15.00000	1.00000	500	2.00000	1	220	11	36	167	18	36	-3.45914	-inf	-3.43446
15.00000	1.00000	500	2.00000	2	175	11	24	141	11	24	-3.54182	-inf	-3.57206
15.00000	1.00000	500	2.00000	3	187	11	31	142	15	31	-3.49345	-inf	-3.53612
15.00000	1.00000	500	2.00000	4	227	13	41	167	20	41	-3.40286	-inf	-3.43852
20.00000	1.00000	10	0.10000	0	218	13	41	158	20	41	-3.41767	-inf	-3.43949
20.00000	1.00000	10	0.10000	1	225	13	45	159	22	45	-3.41881	-inf	-3.42911
20.00000	1.00000	10	0.10000	2	218	11	41	159	19	41	-3.39180	-inf	-3.40207
20.00000	1.00000	10	0.10000	3	203	13	38	148	18	38	-3.38124	-inf	-3.44390
20.00000	1.00000	10	0.10000	4	208	13	41	148	20	41	-3.41726	-inf	-3.46261
20.00000	1.00000	10	0.20000	0	218	13	41	158	20	41	-3.41648	-inf	-3.43671
20.00000	1.00000	10	0.20000	1	225	13	45	159	22	45	-3.41821	-inf	-3.42719
20.00000	1.00000	10	0.20000	2	218	11	41	159	19	41	-3.39063	-inf	-3.40053
20.00000	1.00000	10	0.20000	3	203	13	38	148	18	38	-3.37989	-inf	-3.44059
20.00000	1.00000	10	0.20000	4	208	13	41	148	20	41	-3.41642	-inf	-3.46018
20.00000	1.00000	10	0.50000	0	218	13	41	158	20	41	-3.41466	-inf	-3.43245
20.00000	1.00000	10	0.50000	1	225	13	45	159	22	45	-3.41739	-inf	-3.42400
20.00000	1.00000	10	0.50000	2	218	11	41	159	19	41	-3.38909	-inf	-3.39863
20.00000	1.00000	10	0.50000	3	203	13	38	148	18	38	-3.37795	-inf	-3.43519
20.00000	1.00000	10	0.50000	4	208	13	41	148	20	41	-3.41537	-inf	-3.45665
20.00000	1.00000	10	1.00000	0	218	13	41	158	20	41	-3.41390	-inf	-3.42957
20.00000	1.00000	10	1.00000	1	225	13	45	159	22	45	-3.41739	-inf	-3.42147
20.00000	1.00000	10	1.00000	2	218	11	41	159	19	41	-3.38890	-inf	-3.39836
20.00000	1.00000	10	1.00000	3	203	13	38	148	18	38	-3.37719	-inf	-3.43115
20.00000	1.00000	10	1.00000	4	208	13	41	148	20	41	-3.41534	-inf	-3.45442
20.00000	1.00000	10	2.00000	0	218	13	41	158	20	41	-3.41581	-inf	-3.42906
20.00000	1.00000	10	2.00000	1	225	13	45	159	22	45	-3.41971	-inf	-3.42049
20.00000	1.00000	10	2.00000	2	218	11	41	159	19	41	-3.39187	-inf	-3.40166
20.00000	1.00000	10	2.00000	3	203	13	38	148	18	38	-3.37917	-inf	-3.42930
20.00000	1.00000	10	2.00000	4	208	13	41	148	20	41	-3.41774	-inf	-3.45437
20.00000	1.00000	50	0.10000	0	218	13	41	158	20	41	-3.41767	-inf	-3.43949
20.00000	1.00000	50	0.10000	1	225	13	45	159	22	45	-3.41881	-inf	-3.42911
20.00000	1.00000	50	0.10000	2	218	11	41	159	19	41	-3.39180	-inf	-3.40207
20.00000	1.00000	50	0.10000	3	203	13	38	148	18	38	-3.38124	-inf	-3.44390
20.00000	1.00000	50	0.10000	4	208	13	41	148	20	41	-3.41726	-inf	-3.46261
20.00000	1.00000	50	0.20000	0	218	13	41	158	20	41	-3.41648	-inf	-3.43671
20.00000	1.00000	50	0.20000	1	225	13	45	159	22	45	-3.41821	-inf	-3.42719
20.00000	1.00000	50	0.20000	2	218	11	41	159	19	41	-3.39063	-inf	-3.40053
20.00000	1.00000	50	0.20000	3	203	13	38	148	18	38	-3.37989	-inf	-3.44059
20.00000	1.00000	50	0.20000	4	208	13	41	148	20	41	-3.41642	-inf	-3.46018
20.00000	1.00000	50	0.50000	0	218	13	41	158	20	41	-3.41466	-inf	-3.43245
20.00000	1.00000	50	0.50000	1	225	13	45	159	22	45	-3.41739	-inf	-3.42400
20.00000	1.00000	50	0.50000	2	218	11	41	159	19	41	-3.38909	-inf	-3.39863
20.00000	1.00000	50	0.50000	3	203	13	38	148	18	38	-3.37795	-inf	-3.43519
20.00000	1.00000	50	0.50000	4	208	13	41	148	20	41	-3.41537	-inf	-3.45665
20.00000	1.00000	50	1.00000	0	218	13	41	158	20	41	-3.41390	-inf	-3.42957
20.00000	1.00000	50	1.00000	1	225	13	45	159	22	45	-3.41739	-inf	-3.42147
20.00000	1.00000	50	1.00000	2	218	11	41	159	19	41	-3.38890	-inf	-3.39836
20.00000	1.00000	50	1.00000	3	203	13	38	148	18	38	-3.37719	-inf	-3.43115
20.00000	1.00000	50	1.00000	4	208	13	41	148	20	41	-3.41534	-inf	-3.45442
20.00000	1.00000	50	2.00000	0	218	13	41	158	20	41	-3.41581	-inf	-3.42906
20.00000	1.00000	50	2.00000	1	225	13	45	159	22	45	-3.41971	-inf	-3.42049
20.00000	1.00000	50	2.00000	2	218	11	41	159	19	41	-3.39187	-inf	-3.40166
20.00000	1.00000	50	2.00000	3	203	13	38	148	18	38	-3.37917	-inf	-3.42930
20.00000	1.00000	50	2.00000	4	208	13	41	148	20	41	-3.41774	-inf	-3.45437
20.00000	1.00000	100	0.10000	0	218	13	41	158	20	41	-3.41767	-inf	-3.43949
20.00000	1.00000	100	0.10000	1	225	13	45	159	22	45	-3.41881	-inf	-3.42911
20.00000	1.00000	100	0.10000	2	213	11	39	157	18	39	-3.39519	-inf	-3.40425
20.00000	1.00000	100	0.10000	3	203	13	38	148	18	38	-3.38124	-inf	-3.44390
20.00000	1.00000	100	0.10000	4	208	13	41	148	20	41	-3.41726	-inf	-3.46261
20.00000	1.00000	100	0.20000	0	218	13	41	158	20	41	-3.41648	-inf	-3.43671
20.00000	1.00000	100	0.20000	1	225	13	45	159	22	45	-3.41821	-inf	-3.42719
20.00000	1.00000	100	0.20000	2	213	11	39	157	18	39	-3.39399	-inf	-3.40274
20.00000	1.00000	100	0.20000	3	203	13	38	148	18	38	-3.37989	-inf	-3.44059
20.00000	1.00000	100	0.20000	4	208	13	41	148	20	41	-3.41642	-inf	-3.46018
20.00000	1.00000	100	0.50000	0	218	13	41	158	20	41	-3.41466	-inf	-3.43245
20.00000	1.00000	100	0.50000	1	225	13	45	159	22	45	-3.41739	-inf	-3.42400
20.00000	1.00000	100	0.50000	2	213	11	39	157	18	39	-3.39232	-inf	-3.40088
20.00000	1.00000	100	0.50000	3	203	13	38	148	18	38	-3.37795	-inf	-3.43519
20.00000	1.00000	100	0.50000	4	208	13	41	148	20	41	-3.41537	-inf	-3.45665
20.00000	1.00000	100	1.00000	0	218	13	41	158	20	41	-3.41390	-inf	-3.42957
20.00000	1.00000	100	1.00000	1	225	13	45	159	22	45	-3.41739	-inf	-3.42147
20.00000	1.00000	100	1.00000	2	213	11	39	157	18	39	-3.39194	-inf	-3.40057
20.00000	1.00000	100	1.00000	3	203	13	38	148	18	38	-3.37719	-inf	-3.43115
20.00000	1.00000	100	1.00000	4	208	13	41	148	20	41	-3.41534	-inf	-3.45442
20.00000	1.00000	100	2.00000	0	218	13	41	158	20	41	-3.41581	-inf	-3.42906
20.00000	1.00000	100	2.00000	1	225	13	45	159	22	45	-3.41971	-inf	-3.42049
20.00000	1.00000	100	2.00000	2	213	11	39	157	18	39	-3.39457	-inf	-3.40369
20.00000	1.00000	100	2.00000	3	203	13	38	148	18	38	-3.37917	-inf	-3.42930
20.00000	1.00000	100	2.00000	4	208	13	41	148	20	41	-3.41774	-inf	-3.45437
20.00000	1.00000	500	0.10000	0	207	13	37	153	18	37	-3.42993	-inf	-3.45351
20.00000	1.00000	500	0.10000	1	204	13	37	150	18	37	-3.43618	-inf	-3.44458
20.00000	1.00000	500	0.10000	2	177	9	28	137	13	28	-3.51501	-inf	-3.54700
20.00000	1.00000	500	0.10000	3	172	11	29	130	14	29	-3.48605	-inf	-3.53621
20.00000	1.00000	500	0.10000	4	195	13	37	141	18	37	-3.43970	-inf	-3.48988
20.00000	1.00000	500	0.20000	0	207	13	37	153	18	37	-3.42878	-inf	-3.45079
20.00000	1.00000	500	0.20000	1	204	13	37	150	18	37	-3.43551	-inf	-3.44237
20.00000	1.00000	500	0.20000	2	177	9	28	137	13	28	-3.51455	-inf	-3.54591
20.00000	1.00000	500	0.20000	3	172	11	29	130	14	29	-3.48438	-inf	-3.53383
20.00000	1.00000	500	0.20000	4	195	13	37	141	18	37	-3.43868	-inf	-3.48700
20.00000	1.00000	500	0.50000	0	207	13	37	153	18	37	-3.42706	-inf	-3.44663
20.00000	1.00000	500	0.50000	1	204	13	37	150	18	37	-3.43449	-inf	-3.43867
20.00000	1.00000	500	0.50000	2	177	9	28	137	13	28	-3.51380	-inf	-3.54443
20.00000	1.00000	500	0.50000	3	172	11	29	130	14	29	-3.48139	-inf	-3.52935
20.00000	1.00000	500	0.50000	4	195	13	37	141	18	37	-3.43726	-inf	-3.48261
20.00000	1.00000	500	1.00000	0	207	13	37	153	18	37	-3.42634	-inf	-3.44373
20.00000	1.00000	500	1.00000	1	204	13	37	150	18	37	-3.43417	-inf	-3.43565
20.00000	1.00000	500	1.00000	2	177	9	28	137	13	28	-3.51363	-inf	-3.54385
20.00000	1.00000	500	1.00000	3	172	11	29	130	14	29	-3.47891	-inf	-3.52521
20.00000	1.00000	500	1.00000	4	195	13	37	141	18	37	-3.43678	-inf	-3.47940
20.00000	1.00000	500	2.00000	0	207	13	37	153	18	37	-3.42804	-inf	-3.44283
20.00000	1.00000	500	2.00000	1	204	13	37	150	18	37	-3.43580	-inf	-3.43399
20.00000	1.00000	500	2.00000	2	177	9	28	137	13	28	-3.51540	-inf	-3.54532
20.00000	1.00000	500	2.00000	3	172	11	29	130	14	29	-3.47781	-inf	-3.52189
20.00000	1.00000	500	2.00000	4	195	13	37	141	18	37	-3.43841	-inf	-3.47782
alpha: 0.5, cluster-penalty: 1.0, g-factor: 5.0, min-inst-slice: 10, test_ll: -3.3145059749292107, train_ll: -3.2749458866156838, valid_ll: -3.3145059749292107