parameters:
Namespace(alpha=[0.1, 0.2, 0.5, 1.0, 2.0], clt_leaves=False, cluster_method='GMM', cluster_penalty=[1.0], cv=5, dataset='data/multilabel/health1500/health1500.5.folds.pklz', features=None, g_factor=[5.0, 10.0, 15.0, 20.0], gzip=True, kde_leaves=False, min_inst_slice=[10, 50, 100, 500], n_iters=100, n_restarts=4, n_row_clusters=2, output='exp/ml-repr-spn/', save_model=True, seed=1337, sklearn_args=None, suffix=None, test_ext=None, train_ext=None, valid_ext=None, verbose=1)

g-factor:	clu-pen:	min-ins:	alpha:	fold:	n_edges:	depth:	n_weights:	n_leaves:	n_sums:	n_prods:	train_ll	valid_ll:	test_ll
5.00000	1.00000	10	0.10000	0	6961	23	881	5647	434	881	-13.81381	-inf	-14.64211
5.00000	1.00000	10	0.10000	1	7370	21	858	6088	425	858	-13.87481	-inf	-14.51965
5.00000	1.00000	10	0.10000	2	7554	23	873	6250	432	873	-13.78680	-inf	-14.68923
5.00000	1.00000	10	0.10000	3	7013	21	843	5753	418	843	-13.74105	-inf	-15.07485
5.00000	1.00000	10	0.10000	4	7148	23	872	5847	430	872	-13.74841	-inf	-15.32819
5.00000	1.00000	10	0.20000	0	6961	23	881	5647	434	881	-13.82728	-inf	-14.57488
5.00000	1.00000	10	0.20000	1	7370	21	858	6088	425	858	-13.89314	-inf	-14.45838
5.00000	1.00000	10	0.20000	2	7554	23	873	6250	432	873	-13.80666	-inf	-14.62484
5.00000	1.00000	10	0.20000	3	7013	21	843	5753	418	843	-13.75598	-inf	-14.99341
5.00000	1.00000	10	0.20000	4	7148	23	872	5847	430	872	-13.76503	-inf	-15.25052
5.00000	1.00000	10	0.50000	0	6961	23	881	5647	434	881	-13.88866	-inf	-14.52182
5.00000	1.00000	10	0.50000	1	7370	21	858	6088	425	858	-13.96837	-inf	-14.41525
5.00000	1.00000	10	0.50000	2	7554	23	873	6250	432	873	-13.88574	-inf	-14.58225
5.00000	1.00000	10	0.50000	3	7013	21	843	5753	418	843	-13.82069	-inf	-14.92033
5.00000	1.00000	10	0.50000	4	7148	23	872	5847	430	872	-13.83546	-inf	-15.18293
5.00000	1.00000	10	1.00000	0	6961	23	881	5647	434	881	-14.01210	-inf	-14.55210
5.00000	1.00000	10	1.00000	1	7370	21	858	6088	425	858	-14.11356	-inf	-14.45799
5.00000	1.00000	10	1.00000	2	7554	23	873	6250	432	873	-14.03685	-inf	-14.62971
5.00000	1.00000	10	1.00000	3	7013	21	843	5753	418	843	-13.94883	-inf	-14.93729
5.00000	1.00000	10	1.00000	4	7148	23	872	5847	430	872	-13.97335	-inf	-15.20330
5.00000	1.00000	10	2.00000	0	6961	23	881	5647	434	881	-14.27540	-inf	-14.71402
5.00000	1.00000	10	2.00000	1	7370	21	858	6088	425	858	-14.41589	-inf	-14.64216
5.00000	1.00000	10	2.00000	2	7554	23	873	6250	432	873	-14.35010	-inf	-14.82137
5.00000	1.00000	10	2.00000	3	7013	21	843	5753	418	843	-14.21883	-inf	-15.08945
5.00000	1.00000	10	2.00000	4	7148	23	872	5847	430	872	-14.26313	-inf	-15.36120
5.00000	1.00000	50	0.10000	0	6571	21	741	5463	368	741	-13.88724	-inf	-14.65623
5.00000	1.00000	50	0.10000	1	6843	21	708	5784	352	708	-14.01555	-inf	-14.51003
5.00000	1.00000	50	0.10000	2	7049	21	708	5991	351	708	-13.93584	-inf	-14.73682
5.00000	1.00000	50	0.10000	3	6425	21	663	5432	331	663	-13.88092	-inf	-15.07074
5.00000	1.00000	50	0.10000	4	6840	23	754	5714	373	754	-13.85408	-inf	-15.33744
5.00000	1.00000	50	0.20000	0	6571	21	741	5463	368	741	-13.89830	-inf	-14.59312
5.00000	1.00000	50	0.20000	1	6843	21	708	5784	352	708	-14.02800	-inf	-14.45991
5.00000	1.00000	50	0.20000	2	7049	21	708	5991	351	708	-13.95198	-inf	-14.67777
5.00000	1.00000	50	0.20000	3	6425	21	663	5432	331	663	-13.89194	-inf	-15.00017
5.00000	1.00000	50	0.20000	4	6840	23	754	5714	373	754	-13.86760	-inf	-15.26546
5.00000	1.00000	50	0.50000	0	6571	21	741	5463	368	741	-13.95380	-inf	-14.54325
5.00000	1.00000	50	0.50000	1	6843	21	708	5784	352	708	-14.09027	-inf	-14.43087
5.00000	1.00000	50	0.50000	2	7049	21	708	5991	351	708	-14.02167	-inf	-14.63845
5.00000	1.00000	50	0.50000	3	6425	21	663	5432	331	663	-13.94632	-inf	-14.93903
5.00000	1.00000	50	0.50000	4	6840	23	754	5714	373	754	-13.93063	-inf	-15.20251
5.00000	1.00000	50	1.00000	0	6571	21	741	5463	368	741	-14.06921	-inf	-14.57368
5.00000	1.00000	50	1.00000	1	6843	21	708	5784	352	708	-14.21846	-inf	-14.47915
5.00000	1.00000	50	1.00000	2	7049	21	708	5991	351	708	-14.15900	-inf	-14.68325
5.00000	1.00000	50	1.00000	3	6425	21	663	5432	331	663	-14.05908	-inf	-14.96069
5.00000	1.00000	50	1.00000	4	6840	23	754	5714	373	754	-14.05829	-inf	-15.22393
5.00000	1.00000	50	2.00000	0	6571	21	741	5463	368	741	-14.31992	-inf	-14.73355
5.00000	1.00000	50	2.00000	1	6843	21	708	5784	352	708	-14.49507	-inf	-14.65914
5.00000	1.00000	50	2.00000	2	7049	21	708	5991	351	708	-14.44958	-inf	-14.86709
5.00000	1.00000	50	2.00000	3	6425	21	663	5432	331	663	-14.30480	-inf	-15.11311
5.00000	1.00000	50	2.00000	4	6840	23	754	5714	373	754	-14.33236	-inf	-15.38139
5.00000	1.00000	100	0.10000	0	5822	21	533	5024	266	533	-14.16082	-inf	-14.78061
5.00000	1.00000	100	0.10000	1	6039	19	505	5283	252	505	-14.18061	-inf	-14.61375
5.00000	1.00000	100	0.10000	2	5972	19	507	5214	252	507	-14.25343	-inf	-14.87600
5.00000	1.00000	100	0.10000	3	5761	21	474	5051	237	474	-14.08640	-inf	-15.15612
5.00000	1.00000	100	0.10000	4	5934	23	498	5190	247	498	-14.09453	-inf	-15.45165
5.00000	1.00000	100	0.20000	0	5822	21	533	5024	266	533	-14.16730	-inf	-14.72384
5.00000	1.00000	100	0.20000	1	6039	19	505	5283	252	505	-14.18857	-inf	-14.56345
5.00000	1.00000	100	0.20000	2	5972	19	507	5214	252	507	-14.25684	-inf	-14.82106
5.00000	1.00000	100	0.20000	3	5761	21	474	5051	237	474	-14.09271	-inf	-15.09180
5.00000	1.00000	100	0.20000	4	5934	23	498	5190	247	498	-14.10301	-inf	-15.38841
5.00000	1.00000	100	0.50000	0	5822	21	533	5024	266	533	-14.21124	-inf	-14.67993
5.00000	1.00000	100	0.50000	1	6039	19	505	5283	252	505	-14.23877	-inf	-14.53119
5.00000	1.00000	100	0.50000	2	5972	19	507	5214	252	507	-14.29856	-inf	-14.77985
5.00000	1.00000	100	0.50000	3	5761	21	474	5051	237	474	-14.13700	-inf	-15.03734
5.00000	1.00000	100	0.50000	4	5934	23	498	5190	247	498	-14.15357	-inf	-15.33528
5.00000	1.00000	100	1.00000	0	5822	21	533	5024	266	533	-14.31007	-inf	-14.70937
5.00000	1.00000	100	1.00000	1	6039	19	505	5283	252	505	-14.34778	-inf	-14.57267
5.00000	1.00000	100	1.00000	2	5972	19	507	5214	252	507	-14.39888	-inf	-14.80897
5.00000	1.00000	100	1.00000	3	5761	21	474	5051	237	474	-14.23653	-inf	-15.06034
5.00000	1.00000	100	1.00000	4	5934	23	498	5190	247	498	-14.26334	-inf	-15.35851
5.00000	1.00000	100	2.00000	0	5822	21	533	5024	266	533	-14.53391	-inf	-14.86169
5.00000	1.00000	100	2.00000	1	6039	19	505	5283	252	505	-14.58782	-inf	-14.73643
5.00000	1.00000	100	2.00000	2	5972	19	507	5214	252	507	-14.62925	-inf	-14.95485
5.00000	1.00000	100	2.00000	3	5761	21	474	5051	237	474	-14.45952	-inf	-15.20672
5.00000	1.00000	100	2.00000	4	5934	23	498	5190	247	498	-14.50755	-inf	-15.50772
5.00000	1.00000	500	0.10000	0	3357	19	114	3187	57	114	-15.35174	-inf	-15.59761
5.00000	1.00000	500	0.10000	1	2918	15	94	2778	47	94	-15.87335	-inf	-15.67734
5.00000	1.00000	500	0.10000	2	3498	17	122	3316	61	122	-15.41604	-inf	-15.72751
5.00000	1.00000	500	0.10000	3	3207	15	118	3031	59	118	-15.42013	-inf	-16.07536
5.00000	1.00000	500	0.10000	4	3588	17	136	3385	68	136	-15.08690	-inf	-16.21629
5.00000	1.00000	500	0.20000	0	3357	19	114	3187	57	114	-15.34193	-inf	-15.54893
5.00000	1.00000	500	0.20000	1	2918	15	94	2778	47	94	-15.85632	-inf	-15.63585
5.00000	1.00000	500	0.20000	2	3498	17	122	3316	61	122	-15.40366	-inf	-15.67423
5.00000	1.00000	500	0.20000	3	3207	15	118	3031	59	118	-15.40845	-inf	-16.02584
5.00000	1.00000	500	0.20000	4	3588	17	136	3385	68	136	-15.07878	-inf	-16.16298
5.00000	1.00000	500	0.50000	0	3357	19	114	3187	57	114	-15.34892	-inf	-15.50521
5.00000	1.00000	500	0.50000	1	2918	15	94	2778	47	94	-15.84717	-inf	-15.59414
5.00000	1.00000	500	0.50000	2	3498	17	122	3316	61	122	-15.40733	-inf	-15.61999
5.00000	1.00000	500	0.50000	3	3207	15	118	3031	59	118	-15.41006	-inf	-15.97555
5.00000	1.00000	500	0.50000	4	3588	17	136	3385	68	136	-15.09104	-inf	-16.10988
5.00000	1.00000	500	1.00000	0	3357	19	114	3187	57	114	-15.39769	-inf	-15.51673
5.00000	1.00000	500	1.00000	1	2918	15	94	2778	47	94	-15.87236	-inf	-15.59611
5.00000	1.00000	500	1.00000	2	3498	17	122	3316	61	122	-15.45388	-inf	-15.61850
5.00000	1.00000	500	1.00000	3	3207	15	118	3031	59	118	-15.44769	-inf	-15.97412
5.00000	1.00000	500	1.00000	4	3588	17	136	3385	68	136	-15.14777	-inf	-16.11292
5.00000	1.00000	500	2.00000	0	3357	19	114	3187	57	114	-15.53658	-inf	-15.61917
5.00000	1.00000	500	2.00000	1	2918	15	94	2778	47	94	-15.96790	-inf	-15.67316
5.00000	1.00000	500	2.00000	2	3498	17	122	3316	61	122	-15.59173	-inf	-15.70154
5.00000	1.00000	500	2.00000	3	3207	15	118	3031	59	118	-15.56042	-inf	-16.05137
5.00000	1.00000	500	2.00000	4	3588	17	136	3385	68	136	-15.30207	-inf	-16.20788
10.00000	1.00000	10	0.10000	0	3390	19	338	2890	163	338	-14.56946	-inf	-14.86444
10.00000	1.00000	10	0.10000	1	3179	17	297	2738	145	297	-14.58747	-inf	-14.66064
10.00000	1.00000	10	0.10000	2	3413	17	309	2953	152	309	-14.59530	-inf	-14.91820
10.00000	1.00000	10	0.10000	3	3253	17	308	2799	147	308	-14.50302	-inf	-15.23392
10.00000	1.00000	10	0.10000	4	3241	19	287	2815	140	287	-14.51983	-inf	-15.50093
10.00000	1.00000	10	0.20000	0	3390	19	338	2890	163	338	-14.56645	-inf	-14.82585
10.00000	1.00000	10	0.20000	1	3179	17	297	2738	145	297	-14.58195	-inf	-14.62787
10.00000	1.00000	10	0.20000	2	3413	17	309	2953	152	309	-14.59538	-inf	-14.88669
10.00000	1.00000	10	0.20000	3	3253	17	308	2799	147	308	-14.49904	-inf	-15.19928
10.00000	1.00000	10	0.20000	4	3241	19	287	2815	140	287	-14.51477	-inf	-15.46542
10.00000	1.00000	10	0.50000	0	3390	19	338	2890	163	338	-14.57709	-inf	-14.78763
10.00000	1.00000	10	0.50000	1	3179	17	297	2738	145	297	-14.58683	-inf	-14.59629
10.00000	1.00000	10	0.50000	2	3413	17	309	2953	152	309	-14.61543	-inf	-14.86025
10.00000	1.00000	10	0.50000	3	3253	17	308	2799	147	308	-14.50858	-inf	-15.16411
10.00000	1.00000	10	0.50000	4	3241	19	287	2815	140	287	-14.52417	-inf	-15.42827
10.00000	1.00000	10	1.00000	0	3390	19	338	2890	163	338	-14.61845	-inf	-14.79185
10.00000	1.00000	10	1.00000	1	3179	17	297	2738	145	297	-14.62211	-inf	-14.60199
10.00000	1.00000	10	1.00000	2	3413	17	309	2953	152	309	-14.67224	-inf	-14.87679
10.00000	1.00000	10	1.00000	3	3253	17	308	2799	147	308	-14.55034	-inf	-15.16972
10.00000	1.00000	10	1.00000	4	3241	19	287	2815	140	287	-14.56699	-inf	-15.42911
10.00000	1.00000	10	2.00000	0	3390	19	338	2890	163	338	-14.73451	-inf	-14.87037
10.00000	1.00000	10	2.00000	1	3179	17	297	2738	145	297	-14.72815	-inf	-14.67528
10.00000	1.00000	10	2.00000	2	3413	17	309	2953	152	309	-14.81581	-inf	-14.97454
10.00000	1.00000	10	2.00000	3	3253	17	308	2799	147	308	-14.66709	-inf	-15.24843
10.00000	1.00000	10	2.00000	4	3241	19	287	2815	140	287	-14.68679	-inf	-15.49815
10.00000	1.00000	50	0.10000	0	3397	19	338	2896	164	338	-14.56906	-inf	-14.85460
10.00000	1.00000	50	0.10000	1	3128	17	279	2713	137	279	-14.58447	-inf	-14.65582
10.00000	1.00000	50	0.10000	2	3404	17	306	2948	151	306	-14.59945	-inf	-14.92732
10.00000	1.00000	50	0.10000	3	3245	17	305	2795	146	305	-14.50822	-inf	-15.24134
10.00000	1.00000	50	0.10000	4	3236	19	285	2813	139	285	-14.52088	-inf	-15.50332
10.00000	1.00000	50	0.20000	0	3397	19	338	2896	164	338	-14.56566	-inf	-14.81572
10.00000	1.00000	50	0.20000	1	3128	17	279	2713	137	279	-14.57888	-inf	-14.62238
10.00000	1.00000	50	0.20000	2	3404	17	306	2948	151	306	-14.59939	-inf	-14.89540
10.00000	1.00000	50	0.20000	3	3245	17	305	2795	146	305	-14.50397	-inf	-15.20627
10.00000	1.00000	50	0.20000	4	3236	19	285	2813	139	285	-14.51581	-inf	-15.46777
10.00000	1.00000	50	0.50000	0	3397	19	338	2896	164	338	-14.57589	-inf	-14.77745
10.00000	1.00000	50	0.50000	1	3128	17	279	2713	137	279	-14.58349	-inf	-14.58944
10.00000	1.00000	50	0.50000	2	3404	17	306	2948	151	306	-14.61921	-inf	-14.86818
10.00000	1.00000	50	0.50000	3	3245	17	305	2795	146	305	-14.51295	-inf	-15.17010
10.00000	1.00000	50	0.50000	4	3236	19	285	2813	139	285	-14.52517	-inf	-15.43042
10.00000	1.00000	50	1.00000	0	3397	19	338	2896	164	338	-14.61708	-inf	-14.78199
10.00000	1.00000	50	1.00000	1	3128	17	279	2713	137	279	-14.61808	-inf	-14.59365
10.00000	1.00000	50	1.00000	2	3404	17	306	2948	151	306	-14.67576	-inf	-14.88391
10.00000	1.00000	50	1.00000	3	3245	17	305	2795	146	305	-14.55413	-inf	-15.17468
10.00000	1.00000	50	1.00000	4	3236	19	285	2813	139	285	-14.56792	-inf	-15.43096
10.00000	1.00000	50	2.00000	0	3397	19	338	2896	164	338	-14.73312	-inf	-14.86118
10.00000	1.00000	50	2.00000	1	3128	17	279	2713	137	279	-14.72246	-inf	-14.66484
10.00000	1.00000	50	2.00000	2	3404	17	306	2948	151	306	-14.81895	-inf	-14.98070
10.00000	1.00000	50	2.00000	3	3245	17	305	2795	146	305	-14.67027	-inf	-15.25243
10.00000	1.00000	50	2.00000	4	3236	19	285	2813	139	285	-14.68758	-inf	-15.49952
10.00000	1.00000	100	0.10000	0	3269	19	300	2822	148	300	-14.63800	-inf	-14.93161
10.00000	1.00000	100	0.10000	1	3166	19	266	2769	132	266	-14.60850	-inf	-14.68367
10.00000	1.00000	100	0.10000	2	3353	17	283	2931	140	283	-14.66432	-inf	-14.97115
10.00000	1.00000	100	0.10000	3	3153	17	273	2749	132	273	-14.55894	-inf	-15.26532
10.00000	1.00000	100	0.10000	4	3241	19	277	2828	137	277	-14.58488	-inf	-15.56493
10.00000	1.00000	100	0.20000	0	3269	19	300	2822	148	300	-14.63369	-inf	-14.89250
10.00000	1.00000	100	0.20000	1	3166	19	266	2769	132	266	-14.60339	-inf	-14.65101
10.00000	1.00000	100	0.20000	2	3353	17	283	2931	140	283	-14.66273	-inf	-14.93724
10.00000	1.00000	100	0.20000	3	3153	17	273	2749	132	273	-14.55409	-inf	-15.23073
10.00000	1.00000	100	0.20000	4	3241	19	277	2828	137	277	-14.58101	-inf	-15.53079
10.00000	1.00000	100	0.50000	0	3269	19	300	2822	148	300	-14.64172	-inf	-14.85274
10.00000	1.00000	100	0.50000	1	3166	19	266	2769	132	266	-14.60950	-inf	-14.62004
10.00000	1.00000	100	0.50000	2	3353	17	283	2931	140	283	-14.67953	-inf	-14.90726
10.00000	1.00000	100	0.50000	3	3153	17	273	2749	132	273	-14.56142	-inf	-15.19508
10.00000	1.00000	100	0.50000	4	3241	19	277	2828	137	277	-14.59145	-inf	-15.49525
10.00000	1.00000	100	1.00000	0	3269	19	300	2822	148	300	-14.67951	-inf	-14.85376
10.00000	1.00000	100	1.00000	1	3166	19	266	2769	132	266	-14.64675	-inf	-14.62688
10.00000	1.00000	100	1.00000	2	3353	17	283	2931	140	283	-14.73228	-inf	-14.92042
10.00000	1.00000	100	1.00000	3	3153	17	273	2749	132	273	-14.60019	-inf	-15.19969
10.00000	1.00000	100	1.00000	4	3241	19	277	2828	137	277	-14.63450	-inf	-15.49658
10.00000	1.00000	100	2.00000	0	3269	19	300	2822	148	300	-14.78931	-inf	-14.92519
10.00000	1.00000	100	2.00000	1	3166	19	266	2769	132	266	-14.75649	-inf	-14.70233
10.00000	1.00000	100	2.00000	2	3353	17	283	2931	140	283	-14.86923	-inf	-15.01323
10.00000	1.00000	100	2.00000	3	3153	17	273	2749	132	273	-14.71215	-inf	-15.27654
10.00000	1.00000	100	2.00000	4	3241	19	277	2828	137	277	-14.75403	-inf	-15.56544
10.00000	1.00000	500	0.10000	0	2345	15	88	2214	44	88	-15.56495	-inf	-15.79482
10.00000	1.00000	500	0.10000	1	2448	15	98	2302	49	98	-15.33707	-inf	-15.23685
10.00000	1.00000	500	0.10000	2	2433	17	102	2281	51	102	-15.62162	-inf	-15.82845
10.00000	1.00000	500	0.10000	3	2408	15	106	2250	53	106	-15.37719	-inf	-15.93510
10.00000	1.00000	500	0.10000	4	2479	15	100	2330	50	100	-15.22845	-inf	-16.21509
10.00000	1.00000	500	0.20000	0	2345	15	88	2214	44	88	-15.55524	-inf	-15.75895
10.00000	1.00000	500	0.20000	1	2448	15	98	2302	49	98	-15.32608	-inf	-15.20271
10.00000	1.00000	500	0.20000	2	2433	17	102	2281	51	102	-15.61258	-inf	-15.79213
10.00000	1.00000	500	0.20000	3	2408	15	106	2250	53	106	-15.36285	-inf	-15.89037
10.00000	1.00000	500	0.20000	4	2479	15	100	2330	50	100	-15.21725	-inf	-16.17551
10.00000	1.00000	500	0.50000	0	2345	15	88	2214	44	88	-15.55012	-inf	-15.71886
10.00000	1.00000	500	0.50000	1	2448	15	98	2302	49	98	-15.32166	-inf	-15.16783
10.00000	1.00000	500	0.50000	2	2433	17	102	2281	51	102	-15.61187	-inf	-15.75453
10.00000	1.00000	500	0.50000	3	2408	15	106	2250	53	106	-15.35249	-inf	-15.84010
10.00000	1.00000	500	0.50000	4	2479	15	100	2330	50	100	-15.21365	-inf	-16.13096
10.00000	1.00000	500	1.00000	0	2345	15	88	2214	44	88	-15.56819	-inf	-15.71035
10.00000	1.00000	500	1.00000	1	2448	15	98	2302	49	98	-15.34502	-inf	-15.16913
10.00000	1.00000	500	1.00000	2	2433	17	102	2281	51	102	-15.63887	-inf	-15.75283
10.00000	1.00000	500	1.00000	3	2408	15	106	2250	53	106	-15.36887	-inf	-15.82829
10.00000	1.00000	500	1.00000	4	2479	15	100	2330	50	100	-15.23882	-inf	-16.12162
10.00000	1.00000	500	2.00000	0	2345	15	88	2214	44	88	-15.63878	-inf	-15.75393
10.00000	1.00000	500	2.00000	1	2448	15	98	2302	49	98	-15.42767	-inf	-15.22917
10.00000	1.00000	500	2.00000	2	2433	17	102	2281	51	102	-15.72747	-inf	-15.81115
10.00000	1.00000	500	2.00000	3	2408	15	106	2250	53	106	-15.44209	-inf	-15.87723
10.00000	1.00000	500	2.00000	4	2479	15	100	2330	50	100	-15.32724	-inf	-16.17014
15.00000	1.00000	10	0.10000	0	2486	17	205	2182	100	205	-14.82134	-inf	-15.01193
15.00000	1.00000	10	0.10000	1	2526	15	196	2235	96	196	-14.88877	-inf	-14.86386
15.00000	1.00000	10	0.10000	2	2451	15	187	2173	92	187	-14.85080	-inf	-15.06510
15.00000	1.00000	10	0.10000	3	2245	15	187	1968	91	187	-14.72485	-inf	-15.36995
15.00000	1.00000	10	0.10000	4	2461	15	181	2192	89	181	-14.79376	-inf	-15.73207
15.00000	1.00000	10	0.20000	0	2486	17	205	2182	100	205	-14.81616	-inf	-14.97780
15.00000	1.00000	10	0.20000	1	2526	15	196	2235	96	196	-14.87914	-inf	-14.83471
15.00000	1.00000	10	0.20000	2	2451	15	187	2173	92	187	-14.84699	-inf	-15.03822
15.00000	1.00000	10	0.20000	3	2245	15	187	1968	91	187	-14.71725	-inf	-15.33346
15.00000	1.00000	10	0.20000	4	2461	15	181	2192	89	181	-14.78936	-inf	-15.70281
15.00000	1.00000	10	0.50000	0	2486	17	205	2182	100	205	-14.81797	-inf	-14.94096
15.00000	1.00000	10	0.50000	1	2526	15	196	2235	96	196	-14.87636	-inf	-14.80237
15.00000	1.00000	10	0.50000	2	2451	15	187	2173	92	187	-14.85538	-inf	-15.01522
15.00000	1.00000	10	0.50000	3	2245	15	187	1968	91	187	-14.71590	-inf	-15.29316
15.00000	1.00000	10	0.50000	4	2461	15	181	2192	89	181	-14.79645	-inf	-15.67220
15.00000	1.00000	10	1.00000	0	2486	17	205	2182	100	205	-14.84393	-inf	-14.93689
15.00000	1.00000	10	1.00000	1	2526	15	196	2235	96	196	-14.90034	-inf	-14.80261
15.00000	1.00000	10	1.00000	2	2451	15	187	2173	92	187	-14.89107	-inf	-15.02555
15.00000	1.00000	10	1.00000	3	2245	15	187	1968	91	187	-14.73776	-inf	-15.28665
15.00000	1.00000	10	1.00000	4	2461	15	181	2192	89	181	-14.83059	-inf	-15.67208
15.00000	1.00000	10	2.00000	0	2486	17	205	2182	100	205	-14.92598	-inf	-14.98915
15.00000	1.00000	10	2.00000	1	2526	15	196	2235	96	196	-14.98453	-inf	-14.86189
15.00000	1.00000	10	2.00000	2	2451	15	187	2173	92	187	-14.99053	-inf	-15.09721
15.00000	1.00000	10	2.00000	3	2245	15	187	1968	91	187	-14.81188	-inf	-15.33401
15.00000	1.00000	10	2.00000	4	2461	15	181	2192	89	181	-14.92806	-inf	-15.72792
15.00000	1.00000	50	0.10000	0	2490	15	204	2188	99	204	-14.82102	-inf	-15.01853
15.00000	1.00000	50	0.10000	1	2508	15	201	2210	98	201	-14.90883	-inf	-14.86005
15.00000	1.00000	50	0.10000	2	2449	15	185	2174	91	185	-14.84635	-inf	-15.06833
15.00000	1.00000	50	0.10000	3	2242	15	186	1966	91	186	-14.72483	-inf	-15.36987
15.00000	1.00000	50	0.10000	4	2461	15	181	2192	89	181	-14.79348	-inf	-15.72975
15.00000	1.00000	50	0.20000	0	2490	15	204	2188	99	204	-14.81635	-inf	-14.98391
15.00000	1.00000	50	0.20000	1	2508	15	201	2210	98	201	-14.89814	-inf	-14.83082
15.00000	1.00000	50	0.20000	2	2449	15	185	2174	91	185	-14.84231	-inf	-15.04121
15.00000	1.00000	50	0.20000	3	2242	15	186	1966	91	186	-14.71722	-inf	-15.33336
15.00000	1.00000	50	0.20000	4	2461	15	181	2192	89	181	-14.78909	-inf	-15.70058
15.00000	1.00000	50	0.50000	0	2490	15	204	2188	99	204	-14.81908	-inf	-14.94666
15.00000	1.00000	50	0.50000	1	2508	15	201	2210	98	201	-14.89370	-inf	-14.79888
15.00000	1.00000	50	0.50000	2	2449	15	185	2174	91	185	-14.85039	-inf	-15.01780
15.00000	1.00000	50	0.50000	3	2242	15	186	1966	91	186	-14.71584	-inf	-15.29299
15.00000	1.00000	50	0.50000	4	2461	15	181	2192	89	181	-14.79622	-inf	-15.67014
15.00000	1.00000	50	1.00000	0	2490	15	204	2188	99	204	-14.84621	-inf	-14.94258
15.00000	1.00000	50	1.00000	1	2508	15	201	2210	98	201	-14.91594	-inf	-14.79981
15.00000	1.00000	50	1.00000	2	2449	15	185	2174	91	185	-14.88590	-inf	-15.02778
15.00000	1.00000	50	1.00000	3	2242	15	186	1966	91	186	-14.73764	-inf	-15.28637
15.00000	1.00000	50	1.00000	4	2461	15	181	2192	89	181	-14.83041	-inf	-15.67022
15.00000	1.00000	50	2.00000	0	2490	15	204	2188	99	204	-14.93040	-inf	-14.99542
15.00000	1.00000	50	2.00000	1	2508	15	201	2210	98	201	-14.99766	-inf	-14.85956
15.00000	1.00000	50	2.00000	2	2449	15	185	2174	91	185	-14.98534	-inf	-15.09911
15.00000	1.00000	50	2.00000	3	2242	15	186	1966	91	186	-14.81168	-inf	-15.33352
15.00000	1.00000	50	2.00000	4	2461	15	181	2192	89	181	-14.92793	-inf	-15.72634
15.00000	1.00000	100	0.10000	0	2442	15	190	2161	92	190	-14.87265	-inf	-15.07030
15.00000	1.00000	100	0.10000	1	2523	15	195	2233	96	195	-14.91137	-inf	-14.88531
15.00000	1.00000	100	0.10000	2	2424	15	181	2155	89	181	-14.90586	-inf	-15.11221
15.00000	1.00000	100	0.10000	3	2236	15	185	1961	91	185	-14.75364	-inf	-15.40230
15.00000	1.00000	100	0.10000	4	2406	15	181	2137	89	181	-14.82295	-inf	-15.78363
15.00000	1.00000	100	0.20000	0	2442	15	190	2161	92	190	-14.86708	-inf	-15.03508
15.00000	1.00000	100	0.20000	1	2523	15	195	2233	96	195	-14.90144	-inf	-14.85625
15.00000	1.00000	100	0.20000	2	2424	15	181	2155	89	181	-14.90138	-inf	-15.08528
15.00000	1.00000	100	0.20000	3	2236	15	185	1961	91	185	-14.74582	-inf	-15.36576
15.00000	1.00000	100	0.20000	4	2406	15	181	2137	89	181	-14.81814	-inf	-15.75545
15.00000	1.00000	100	0.50000	0	2442	15	190	2161	92	190	-14.86767	-inf	-14.99593
15.00000	1.00000	100	0.50000	1	2523	15	195	2233	96	195	-14.89835	-inf	-14.82395
15.00000	1.00000	100	0.50000	2	2424	15	181	2155	89	181	-14.90801	-inf	-15.06106
15.00000	1.00000	100	0.50000	3	2236	15	185	1961	91	185	-14.74378	-inf	-15.32460
15.00000	1.00000	100	0.50000	4	2406	15	181	2137	89	181	-14.82312	-inf	-15.72470
15.00000	1.00000	100	1.00000	0	2442	15	190	2161	92	190	-14.89188	-inf	-14.98881
15.00000	1.00000	100	1.00000	1	2523	15	195	2233	96	195	-14.92218	-inf	-14.82364
15.00000	1.00000	100	1.00000	2	2424	15	181	2155	89	181	-14.94086	-inf	-15.06885
15.00000	1.00000	100	1.00000	3	2236	15	185	1961	91	185	-14.76462	-inf	-15.31683
15.00000	1.00000	100	1.00000	4	2406	15	181	2137	89	181	-14.85295	-inf	-15.72210
15.00000	1.00000	100	2.00000	0	2442	15	190	2161	92	190	-14.97124	-inf	-15.03621
15.00000	1.00000	100	2.00000	1	2523	15	195	2233	96	195	-15.00626	-inf	-14.88223
15.00000	1.00000	100	2.00000	2	2424	15	181	2155	89	181	-15.03516	-inf	-15.13551
15.00000	1.00000	100	2.00000	3	2236	15	185	1961	91	185	-14.83699	-inf	-15.36217
15.00000	1.00000	100	2.00000	4	2406	15	181	2137	89	181	-14.94153	-inf	-15.77072
15.00000	1.00000	500	0.10000	0	2102	13	101	1952	50	101	-15.46522	-inf	-15.71389
15.00000	1.00000	500	0.10000	1	2070	13	88	1939	44	88	-15.48303	-inf	-15.30075
15.00000	1.00000	500	0.10000	2	2167	13	114	1997	57	114	-15.36087	-inf	-15.50225
15.00000	1.00000	500	0.10000	3	1936	13	102	1784	51	102	-15.24514	-inf	-15.79558
15.00000	1.00000	500	0.10000	4	2118	13	102	1966	51	102	-15.21178	-inf	-16.25349
15.00000	1.00000	500	0.20000	0	2102	13	101	1952	50	101	-15.45597	-inf	-15.67867
15.00000	1.00000	500	0.20000	1	2070	13	88	1939	44	88	-15.46615	-inf	-15.26580
15.00000	1.00000	500	0.20000	2	2167	13	114	1997	57	114	-15.35367	-inf	-15.47375
15.00000	1.00000	500	0.20000	3	1936	13	102	1784	51	102	-15.23507	-inf	-15.76171
15.00000	1.00000	500	0.20000	4	2118	13	102	1966	51	102	-15.20501	-inf	-16.22111
15.00000	1.00000	500	0.50000	0	2102	13	101	1952	50	101	-15.44962	-inf	-15.63797
15.00000	1.00000	500	0.50000	1	2070	13	88	1939	44	88	-15.44952	-inf	-15.22488
15.00000	1.00000	500	0.50000	2	2167	13	114	1997	57	114	-15.35475	-inf	-15.44590
15.00000	1.00000	500	0.50000	3	1936	13	102	1784	51	102	-15.22778	-inf	-15.72387
15.00000	1.00000	500	0.50000	4	2118	13	102	1966	51	102	-15.20578	-inf	-16.18326
15.00000	1.00000	500	1.00000	0	2102	13	101	1952	50	101	-15.46491	-inf	-15.62643
15.00000	1.00000	500	1.00000	1	2070	13	88	1939	44	88	-15.45673	-inf	-15.21553
15.00000	1.00000	500	1.00000	2	2167	13	114	1997	57	114	-15.38038	-inf	-15.44881
15.00000	1.00000	500	1.00000	3	1936	13	102	1784	51	102	-15.24081	-inf	-15.71557
15.00000	1.00000	500	1.00000	4	2118	13	102	1966	51	102	-15.23002	-inf	-16.17257
15.00000	1.00000	500	2.00000	0	2102	13	101	1952	50	101	-15.52782	-inf	-15.66226
15.00000	1.00000	500	2.00000	1	2070	13	88	1939	44	88	-15.51389	-inf	-15.25842
15.00000	1.00000	500	2.00000	2	2167	13	114	1997	57	114	-15.46187	-inf	-15.50622
15.00000	1.00000	500	2.00000	3	1936	13	102	1784	51	102	-15.29784	-inf	-15.75292
15.00000	1.00000	500	2.00000	4	2118	13	102	1966	51	102	-15.30821	-inf	-16.20789
20.00000	1.00000	10	0.10000	0	1956	13	141	1746	70	141	-15.11062	-inf	-15.18532
20.00000	1.00000	10	0.10000	1	1933	17	156	1702	76	156	-15.08361	-inf	-14.96303
20.00000	1.00000	10	0.10000	2	2105	15	149	1884	73	149	-15.16854	-inf	-15.36265
20.00000	1.00000	10	0.10000	3	1895	13	154	1666	76	154	-15.04713	-inf	-15.64378
20.00000	1.00000	10	0.10000	4	2107	15	143	1895	70	143	-15.00719	-inf	-15.92444
20.00000	1.00000	10	0.20000	0	1956	13	141	1746	70	141	-15.10214	-inf	-15.15668
20.00000	1.00000	10	0.20000	1	1933	17	156	1702	76	156	-15.07191	-inf	-14.93669
20.00000	1.00000	10	0.20000	2	2105	15	149	1884	73	149	-15.16434	-inf	-15.33512
20.00000	1.00000	10	0.20000	3	1895	13	154	1666	76	154	-15.03633	-inf	-15.61005
20.00000	1.00000	10	0.20000	4	2107	15	143	1895	70	143	-15.00261	-inf	-15.89816
20.00000	1.00000	10	0.50000	0	1956	13	141	1746	70	141	-15.09553	-inf	-15.12377
20.00000	1.00000	10	0.50000	1	1933	17	156	1702	76	156	-15.06198	-inf	-14.90783
20.00000	1.00000	10	0.50000	2	2105	15	149	1884	73	149	-15.16918	-inf	-15.30732
20.00000	1.00000	10	0.50000	3	1895	13	154	1666	76	154	-15.02642	-inf	-15.56392
20.00000	1.00000	10	0.50000	4	2107	15	143	1895	70	143	-15.00610	-inf	-15.86932
20.00000	1.00000	10	1.00000	0	1956	13	141	1746	70	141	-15.10672	-inf	-15.11596
20.00000	1.00000	10	1.00000	1	1933	17	156	1702	76	156	-15.07291	-inf	-14.90333
20.00000	1.00000	10	1.00000	2	2105	15	149	1884	73	149	-15.19680	-inf	-15.30820
20.00000	1.00000	10	1.00000	3	1895	13	154	1666	76	154	-15.03407	-inf	-15.54092
20.00000	1.00000	10	1.00000	4	2107	15	143	1895	70	143	-15.03258	-inf	-15.86673
20.00000	1.00000	10	2.00000	0	1956	13	141	1746	70	141	-15.15956	-inf	-15.15084
20.00000	1.00000	10	2.00000	1	1933	17	156	1702	76	156	-15.12878	-inf	-14.94210
20.00000	1.00000	10	2.00000	2	2105	15	149	1884	73	149	-15.27813	-inf	-15.36022
20.00000	1.00000	10	2.00000	3	1895	13	154	1666	76	154	-15.08409	-inf	-15.56127
20.00000	1.00000	10	2.00000	4	2107	15	143	1895	70	143	-15.11430	-inf	-15.91089
20.00000	1.00000	50	0.10000	0	1956	13	141	1746	70	141	-15.11327	-inf	-15.18895
20.00000	1.00000	50	0.10000	1	1918	17	150	1696	73	150	-15.08269	-inf	-14.96029
20.00000	1.00000	50	0.10000	2	2108	15	150	1886	73	150	-15.16889	-inf	-15.36363
20.00000	1.00000	50	0.10000	3	1895	13	154	1666	76	154	-15.04735	-inf	-15.64437
20.00000	1.00000	50	0.10000	4	2109	15	143	1897	70	143	-15.00582	-inf	-15.92359
20.00000	1.00000	50	0.20000	0	1956	13	141	1746	70	141	-15.10475	-inf	-15.16024
20.00000	1.00000	50	0.20000	1	1918	17	150	1696	73	150	-15.07100	-inf	-14.93421
20.00000	1.00000	50	0.20000	2	2108	15	150	1886	73	150	-15.16471	-inf	-15.33612
20.00000	1.00000	50	0.20000	3	1895	13	154	1666	76	154	-15.03651	-inf	-15.61062
20.00000	1.00000	50	0.20000	4	2109	15	143	1897	70	143	-15.00126	-inf	-15.89784
20.00000	1.00000	50	0.50000	0	1956	13	141	1746	70	141	-15.09819	-inf	-15.12725
20.00000	1.00000	50	0.50000	1	1918	17	150	1696	73	150	-15.06109	-inf	-14.90571
20.00000	1.00000	50	0.50000	2	2108	15	150	1886	73	150	-15.16961	-inf	-15.30820
20.00000	1.00000	50	0.50000	3	1895	13	154	1666	76	154	-15.02651	-inf	-15.56443
20.00000	1.00000	50	0.50000	4	2109	15	143	1897	70	143	-15.00464	-inf	-15.86974
20.00000	1.00000	50	1.00000	0	1956	13	141	1746	70	141	-15.10948	-inf	-15.11934
20.00000	1.00000	50	1.00000	1	1918	17	150	1696	73	150	-15.07203	-inf	-14.90146
20.00000	1.00000	50	1.00000	2	2108	15	150	1886	73	150	-15.19729	-inf	-15.30893
20.00000	1.00000	50	1.00000	3	1895	13	154	1666	76	154	-15.03407	-inf	-15.54131
20.00000	1.00000	50	1.00000	4	2109	15	143	1897	70	143	-15.03081	-inf	-15.86759
20.00000	1.00000	50	2.00000	0	1956	13	141	1746	70	141	-15.16228	-inf	-15.15405
20.00000	1.00000	50	2.00000	1	1918	17	150	1696	73	150	-15.12788	-inf	-14.94058
20.00000	1.00000	50	2.00000	2	2108	15	150	1886	73	150	-15.27869	-inf	-15.36080
20.00000	1.00000	50	2.00000	3	1895	13	154	1666	76	154	-15.08393	-inf	-15.56148
20.00000	1.00000	50	2.00000	4	2109	15	143	1897	70	143	-15.11197	-inf	-15.91187
20.00000	1.00000	100	0.10000	0	1947	13	139	1740	69	139	-15.13781	-inf	-15.20826
20.00000	1.00000	100	0.10000	1	1910	17	148	1691	72	148	-15.10441	-inf	-14.98603
20.00000	1.00000	100	0.10000	2	2085	15	145	1870	71	145	-15.22135	-inf	-15.40860
20.00000	1.00000	100	0.10000	3	1883	13	151	1658	75	151	-15.06994	-inf	-15.66529
20.00000	1.00000	100	0.10000	4	2024	15	130	1831	64	130	-15.05779	-inf	-15.97885
20.00000	1.00000	100	0.20000	0	1947	13	139	1740	69	139	-15.12923	-inf	-15.17968
20.00000	1.00000	100	0.20000	1	1910	17	148	1691	72	148	-15.09262	-inf	-14.95987
20.00000	1.00000	100	0.20000	2	2085	15	145	1870	71	145	-15.21646	-inf	-15.38107
20.00000	1.00000	100	0.20000	3	1883	13	151	1658	75	151	-15.05900	-inf	-15.63180
20.00000	1.00000	100	0.20000	4	2024	15	130	1831	64	130	-15.05246	-inf	-15.95093
20.00000	1.00000	100	0.50000	0	1947	13	139	1740	69	139	-15.12239	-inf	-15.14679
20.00000	1.00000	100	0.50000	1	1910	17	148	1691	72	148	-15.08242	-inf	-14.93124
20.00000	1.00000	100	0.50000	2	2085	15	145	1870	71	145	-15.21960	-inf	-15.35253
20.00000	1.00000	100	0.50000	3	1883	13	151	1658	75	151	-15.04868	-inf	-15.58560
20.00000	1.00000	100	0.50000	4	2024	15	130	1831	64	130	-15.05345	-inf	-15.91779
20.00000	1.00000	100	1.00000	0	1947	13	139	1740	69	139	-15.13317	-inf	-15.13877
20.00000	1.00000	100	1.00000	1	1910	17	148	1691	72	148	-15.09289	-inf	-14.92700
20.00000	1.00000	100	1.00000	2	2085	15	145	1870	71	145	-15.24490	-inf	-15.35178
20.00000	1.00000	100	1.00000	3	1883	13	151	1658	75	151	-15.05573	-inf	-15.56200
20.00000	1.00000	100	1.00000	4	2024	15	130	1831	64	130	-15.07543	-inf	-15.90896
20.00000	1.00000	100	2.00000	0	1947	13	139	1740	69	139	-15.18497	-inf	-15.17300
20.00000	1.00000	100	2.00000	1	1910	17	148	1691	72	148	-15.14777	-inf	-14.96556
20.00000	1.00000	100	2.00000	2	2085	15	145	1870	71	145	-15.32147	-inf	-15.39931
20.00000	1.00000	100	2.00000	3	1883	13	151	1658	75	151	-15.10457	-inf	-15.58123
20.00000	1.00000	100	2.00000	4	2024	15	130	1831	64	130	-15.14812	-inf	-15.94357
20.00000	1.00000	500	0.10000	0	1796	13	96	1653	48	96	-15.40163	-inf	-15.44087
20.00000	1.00000	500	0.10000	1	1700	15	94	1560	47	94	-15.58394	-inf	-15.35907
20.00000	1.00000	500	0.10000	2	1947	13	100	1798	50	100	-15.40287	-inf	-15.55246
20.00000	1.00000	500	0.10000	3	1620	9	73	1512	36	73	-15.46533	-inf	-15.99691
20.00000	1.00000	500	0.10000	4	1900	13	92	1763	46	92	-15.20244	-inf	-16.12692
20.00000	1.00000	500	0.20000	0	1796	13	96	1653	48	96	-15.39171	-inf	-15.41237
20.00000	1.00000	500	0.20000	1	1700	15	94	1560	47	94	-15.56770	-inf	-15.32866
20.00000	1.00000	500	0.20000	2	1947	13	100	1798	50	100	-15.39688	-inf	-15.52395
20.00000	1.00000	500	0.20000	3	1620	9	73	1512	36	73	-15.44921	-inf	-15.96075
20.00000	1.00000	500	0.20000	4	1900	13	92	1763	46	92	-15.19655	-inf	-16.09952
20.00000	1.00000	500	0.50000	0	1796	13	96	1653	48	96	-15.38189	-inf	-15.37859
20.00000	1.00000	500	0.50000	1	1700	15	94	1560	47	94	-15.54891	-inf	-15.29070
20.00000	1.00000	500	0.50000	2	1947	13	100	1798	50	100	-15.39809	-inf	-15.49376
20.00000	1.00000	500	0.50000	3	1620	9	73	1512	36	73	-15.43019	-inf	-15.91166
20.00000	1.00000	500	0.50000	4	1900	13	92	1763	46	92	-15.19611	-inf	-16.06629
20.00000	1.00000	500	1.00000	0	1796	13	96	1653	48	96	-15.38868	-inf	-15.36847
20.00000	1.00000	500	1.00000	1	1700	15	94	1560	47	94	-15.54883	-inf	-15.27538
20.00000	1.00000	500	1.00000	2	1947	13	100	1798	50	100	-15.42086	-inf	-15.49088
20.00000	1.00000	500	1.00000	3	1620	9	73	1512	36	73	-15.42746	-inf	-15.88626
20.00000	1.00000	500	1.00000	4	1900	13	92	1763	46	92	-15.21619	-inf	-16.05640
20.00000	1.00000	500	2.00000	0	1796	13	96	1653	48	96	-15.43340	-inf	-15.39799
20.00000	1.00000	500	2.00000	1	1700	15	94	1560	47	94	-15.58605	-inf	-15.29679
20.00000	1.00000	500	2.00000	2	1947	13	100	1798	50	100	-15.49282	-inf	-15.53440
20.00000	1.00000	500	2.00000	3	1620	9	73	1512	36	73	-15.46059	-inf	-15.89889
20.00000	1.00000	500	2.00000	4	1900	13	92	1763	46	92	-15.28560	-inf	-16.08825
alpha: 0.5, cluster-penalty: 1.0, g-factor: 5.0, min-inst-slice: 10, test_ll: -14.72451644101865, train_ll: -13.879784891005198, valid_ll: -14.72451644101865