parameters:
Namespace(alpha=[0.1, 0.2, 0.5, 1.0, 2.0], clt_leaves=False, cluster_method='GMM', cluster_penalty=[1.0], cv=5, data_exts=None, dataset='data/multilabel/human3106/human3106.5.folds.pklz', dtype='int32', feature_scheme=None, g_factor=[5.0, 10.0, 15.0, 20.0], gzip=True, kde_leaves=False, min_inst_slice=[10, 50, 100, 500], n_iters=100, n_restarts=4, n_row_clusters=2, output='exp/ml-repr-spn-y/', save_model=True, seed=1337, sklearn_args=None, suffix=None, verbose=1, y_only=True)

g-factor:	clu-pen:	min-ins:	alpha:	fold:	n_edges:	depth:	n_weights:	n_leaves:	n_sums:	n_prods:	train_ll	valid_ll:	test_ll
5.00000	1.00000	10	0.10000	0	125	15	23	92	11	23	-2.71304	-inf	-2.82523
5.00000	1.00000	10	0.10000	1	124	15	26	86	13	26	-2.74594	-inf	-2.65865
5.00000	1.00000	10	0.10000	2	116	13	22	85	10	22	-2.71880	-inf	-2.74076
5.00000	1.00000	10	0.10000	3	126	17	26	88	13	26	-2.73729	-inf	-2.70886
5.00000	1.00000	10	0.10000	4	110	13	22	79	10	22	-2.69950	-inf	-2.81235
5.00000	1.00000	10	0.20000	0	125	15	23	92	11	23	-2.71254	-inf	-2.81805
5.00000	1.00000	10	0.20000	1	124	15	26	86	13	26	-2.74555	-inf	-2.65810
5.00000	1.00000	10	0.20000	2	116	13	22	85	10	22	-2.71865	-inf	-2.73892
5.00000	1.00000	10	0.20000	3	126	17	26	88	13	26	-2.73649	-inf	-2.70716
5.00000	1.00000	10	0.20000	4	110	13	22	79	10	22	-2.69930	-inf	-2.80835
5.00000	1.00000	10	0.50000	0	125	15	23	92	11	23	-2.71350	-inf	-2.80933
5.00000	1.00000	10	0.50000	1	124	15	26	86	13	26	-2.74594	-inf	-2.65811
5.00000	1.00000	10	0.50000	2	116	13	22	85	10	22	-2.71938	-inf	-2.73784
5.00000	1.00000	10	0.50000	3	126	17	26	88	13	26	-2.73667	-inf	-2.70604
5.00000	1.00000	10	0.50000	4	110	13	22	79	10	22	-2.70016	-inf	-2.80311
5.00000	1.00000	10	1.00000	0	125	15	23	92	11	23	-2.71808	-inf	-2.80561
5.00000	1.00000	10	1.00000	1	124	15	26	86	13	26	-2.74893	-inf	-2.66093
5.00000	1.00000	10	1.00000	2	116	13	22	85	10	22	-2.72261	-inf	-2.74003
5.00000	1.00000	10	1.00000	3	126	17	26	88	13	26	-2.74001	-inf	-2.70873
5.00000	1.00000	10	1.00000	4	110	13	22	79	10	22	-2.70354	-inf	-2.80074
5.00000	1.00000	10	2.00000	0	125	15	23	92	11	23	-2.73128	-inf	-2.80932
5.00000	1.00000	10	2.00000	1	124	15	26	86	13	26	-2.75889	-inf	-2.67124
5.00000	1.00000	10	2.00000	2	116	13	22	85	10	22	-2.73255	-inf	-2.74908
5.00000	1.00000	10	2.00000	3	126	17	26	88	13	26	-2.75075	-inf	-2.71968
5.00000	1.00000	10	2.00000	4	110	13	22	79	10	22	-2.71349	-inf	-2.80372
5.00000	1.00000	50	0.10000	0	125	15	23	92	11	23	-2.71304	-inf	-2.82523
5.00000	1.00000	50	0.10000	1	124	15	26	86	13	26	-2.74594	-inf	-2.65865
5.00000	1.00000	50	0.10000	2	116	13	22	85	10	22	-2.71880	-inf	-2.74076
5.00000	1.00000	50	0.10000	3	121	15	24	86	12	24	-2.73652	-inf	-2.70979
5.00000	1.00000	50	0.10000	4	105	13	20	77	9	20	-2.70253	-inf	-2.80855
5.00000	1.00000	50	0.20000	0	125	15	23	92	11	23	-2.71254	-inf	-2.81805
5.00000	1.00000	50	0.20000	1	124	15	26	86	13	26	-2.74555	-inf	-2.65810
5.00000	1.00000	50	0.20000	2	116	13	22	85	10	22	-2.71865	-inf	-2.73892
5.00000	1.00000	50	0.20000	3	121	15	24	86	12	24	-2.73595	-inf	-2.70817
5.00000	1.00000	50	0.20000	4	105	13	20	77	9	20	-2.70232	-inf	-2.80569
5.00000	1.00000	50	0.50000	0	125	15	23	92	11	23	-2.71350	-inf	-2.80933
5.00000	1.00000	50	0.50000	1	124	15	26	86	13	26	-2.74594	-inf	-2.65811
5.00000	1.00000	50	0.50000	2	116	13	22	85	10	22	-2.71938	-inf	-2.73784
5.00000	1.00000	50	0.50000	3	121	15	24	86	12	24	-2.73651	-inf	-2.70720
5.00000	1.00000	50	0.50000	4	105	13	20	77	9	20	-2.70308	-inf	-2.80192
5.00000	1.00000	50	1.00000	0	125	15	23	92	11	23	-2.71808	-inf	-2.80561
5.00000	1.00000	50	1.00000	1	124	15	26	86	13	26	-2.74893	-inf	-2.66093
5.00000	1.00000	50	1.00000	2	116	13	22	85	10	22	-2.72261	-inf	-2.74003
5.00000	1.00000	50	1.00000	3	121	15	24	86	12	24	-2.74014	-inf	-2.70994
5.00000	1.00000	50	1.00000	4	105	13	20	77	9	20	-2.70624	-inf	-2.80054
5.00000	1.00000	50	2.00000	0	125	15	23	92	11	23	-2.73128	-inf	-2.80932
5.00000	1.00000	50	2.00000	1	124	15	26	86	13	26	-2.75889	-inf	-2.67124
5.00000	1.00000	50	2.00000	2	116	13	22	85	10	22	-2.73255	-inf	-2.74908
5.00000	1.00000	50	2.00000	3	121	15	24	86	12	24	-2.75106	-inf	-2.72079
5.00000	1.00000	50	2.00000	4	105	13	20	77	9	20	-2.71569	-inf	-2.80417
5.00000	1.00000	100	0.10000	0	112	11	19	85	9	19	-2.72809	-inf	-2.84095
5.00000	1.00000	100	0.10000	1	119	13	24	84	12	24	-2.75911	-inf	-2.66553
5.00000	1.00000	100	0.10000	2	105	11	18	80	8	18	-2.73616	-inf	-2.76721
5.00000	1.00000	100	0.10000	3	114	13	22	82	11	22	-2.74841	-inf	-2.71853
5.00000	1.00000	100	0.10000	4	100	11	18	75	8	18	-2.71865	-inf	-2.82223
5.00000	1.00000	100	0.20000	0	112	11	19	85	9	19	-2.72768	-inf	-2.83400
5.00000	1.00000	100	0.20000	1	119	13	24	84	12	24	-2.75885	-inf	-2.66506
5.00000	1.00000	100	0.20000	2	105	11	18	80	8	18	-2.73576	-inf	-2.76481
5.00000	1.00000	100	0.20000	3	114	13	22	82	11	22	-2.74798	-inf	-2.71762
5.00000	1.00000	100	0.20000	4	100	11	18	75	8	18	-2.71837	-inf	-2.81944
5.00000	1.00000	100	0.50000	0	112	11	19	85	9	19	-2.72840	-inf	-2.82512
5.00000	1.00000	100	0.50000	1	119	13	24	84	12	24	-2.75946	-inf	-2.66541
5.00000	1.00000	100	0.50000	2	105	11	18	80	8	18	-2.73575	-inf	-2.76243
5.00000	1.00000	100	0.50000	3	114	13	22	82	11	22	-2.74859	-inf	-2.71738
5.00000	1.00000	100	0.50000	4	100	11	18	75	8	18	-2.71886	-inf	-2.81567
5.00000	1.00000	100	1.00000	0	112	11	19	85	9	19	-2.73214	-inf	-2.82059
5.00000	1.00000	100	1.00000	1	119	13	24	84	12	24	-2.76253	-inf	-2.66867
5.00000	1.00000	100	1.00000	2	105	11	18	80	8	18	-2.73793	-inf	-2.76289
5.00000	1.00000	100	1.00000	3	114	13	22	82	11	22	-2.75196	-inf	-2.72020
5.00000	1.00000	100	1.00000	4	100	11	18	75	8	18	-2.72154	-inf	-2.81409
5.00000	1.00000	100	2.00000	0	112	11	19	85	9	19	-2.74342	-inf	-2.82242
5.00000	1.00000	100	2.00000	1	119	13	24	84	12	24	-2.77212	-inf	-2.67935
5.00000	1.00000	100	2.00000	2	105	11	18	80	8	18	-2.74608	-inf	-2.76909
5.00000	1.00000	100	2.00000	3	114	13	22	82	11	22	-2.76200	-inf	-2.73029
5.00000	1.00000	100	2.00000	4	100	11	18	75	8	18	-2.72995	-inf	-2.81703
5.00000	1.00000	500	0.10000	0	81	7	11	66	5	11	-2.80351	-inf	-2.89702
5.00000	1.00000	500	0.10000	1	87	9	14	67	7	14	-2.83349	-inf	-2.72128
5.00000	1.00000	500	0.10000	2	74	7	11	59	5	11	-2.81576	-inf	-2.83318
5.00000	1.00000	500	0.10000	3	80	9	12	63	6	12	-2.82546	-inf	-2.79416
5.00000	1.00000	500	0.10000	4	73	7	11	58	5	11	-2.78906	-inf	-2.88690
5.00000	1.00000	500	0.20000	0	81	7	11	66	5	11	-2.80274	-inf	-2.89359
5.00000	1.00000	500	0.20000	1	87	9	14	67	7	14	-2.83270	-inf	-2.72106
5.00000	1.00000	500	0.20000	2	74	7	11	59	5	11	-2.81467	-inf	-2.83197
5.00000	1.00000	500	0.20000	3	80	9	12	63	6	12	-2.82468	-inf	-2.79287
5.00000	1.00000	500	0.20000	4	73	7	11	58	5	11	-2.78835	-inf	-2.88414
5.00000	1.00000	500	0.50000	0	81	7	11	66	5	11	-2.80215	-inf	-2.88867
5.00000	1.00000	500	0.50000	1	87	9	14	67	7	14	-2.83176	-inf	-2.72170
5.00000	1.00000	500	0.50000	2	74	7	11	59	5	11	-2.81251	-inf	-2.82946
5.00000	1.00000	500	0.50000	3	80	9	12	63	6	12	-2.82407	-inf	-2.79167
5.00000	1.00000	500	0.50000	4	73	7	11	58	5	11	-2.78735	-inf	-2.87960
5.00000	1.00000	500	1.00000	0	81	7	11	66	5	11	-2.80337	-inf	-2.88571
5.00000	1.00000	500	1.00000	1	87	9	14	67	7	14	-2.83233	-inf	-2.72457
5.00000	1.00000	500	1.00000	2	74	7	11	59	5	11	-2.81107	-inf	-2.82757
5.00000	1.00000	500	1.00000	3	80	9	12	63	6	12	-2.82515	-inf	-2.79257
5.00000	1.00000	500	1.00000	4	73	7	11	58	5	11	-2.78746	-inf	-2.87603
5.00000	1.00000	500	2.00000	0	81	7	11	66	5	11	-2.80919	-inf	-2.88622
5.00000	1.00000	500	2.00000	1	87	9	14	67	7	14	-2.83719	-inf	-2.73322
5.00000	1.00000	500	2.00000	2	74	7	11	59	5	11	-2.81250	-inf	-2.82827
5.00000	1.00000	500	2.00000	3	80	9	12	63	6	12	-2.83049	-inf	-2.79834
5.00000	1.00000	500	2.00000	4	73	7	11	58	5	11	-2.79095	-inf	-2.87451
10.00000	1.00000	10	0.10000	0	104	15	22	72	11	22	-2.72010	-inf	-2.81585
10.00000	1.00000	10	0.10000	1	97	13	21	67	10	21	-2.81441	-inf	-2.69228
10.00000	1.00000	10	0.10000	2	96	15	20	67	10	20	-2.73967	-inf	-2.74295
10.00000	1.00000	10	0.10000	3	93	15	20	64	10	20	-2.79079	-inf	-2.73640
10.00000	1.00000	10	0.10000	4	91	13	20	62	10	20	-2.72760	-inf	-2.81944
10.00000	1.00000	10	0.20000	0	104	15	22	72	11	22	-2.71998	-inf	-2.81377
10.00000	1.00000	10	0.20000	1	97	13	21	67	10	21	-2.81243	-inf	-2.69129
10.00000	1.00000	10	0.20000	2	96	15	20	67	10	20	-2.73829	-inf	-2.74268
10.00000	1.00000	10	0.20000	3	93	15	20	64	10	20	-2.78982	-inf	-2.73599
10.00000	1.00000	10	0.20000	4	91	13	20	62	10	20	-2.72705	-inf	-2.81835
10.00000	1.00000	10	0.50000	0	104	15	22	72	11	22	-2.72098	-inf	-2.81113
10.00000	1.00000	10	0.50000	1	97	13	21	67	10	21	-2.80988	-inf	-2.69065
10.00000	1.00000	10	0.50000	2	96	15	20	67	10	20	-2.73753	-inf	-2.74310
10.00000	1.00000	10	0.50000	3	93	15	20	64	10	20	-2.78870	-inf	-2.73645
10.00000	1.00000	10	0.50000	4	91	13	20	62	10	20	-2.72687	-inf	-2.81656
10.00000	1.00000	10	1.00000	0	104	15	22	72	11	22	-2.72460	-inf	-2.81081
10.00000	1.00000	10	1.00000	1	97	13	21	67	10	21	-2.80939	-inf	-2.69243
10.00000	1.00000	10	1.00000	2	96	15	20	67	10	20	-2.73952	-inf	-2.74581
10.00000	1.00000	10	1.00000	3	93	15	20	64	10	20	-2.78942	-inf	-2.73942
10.00000	1.00000	10	1.00000	4	91	13	20	62	10	20	-2.72852	-inf	-2.81595
10.00000	1.00000	10	2.00000	0	104	15	22	72	11	22	-2.73485	-inf	-2.81569
10.00000	1.00000	10	2.00000	1	97	13	21	67	10	21	-2.81331	-inf	-2.69974
10.00000	1.00000	10	2.00000	2	96	15	20	67	10	20	-2.74740	-inf	-2.75432
10.00000	1.00000	10	2.00000	3	93	15	20	64	10	20	-2.79471	-inf	-2.74825
10.00000	1.00000	10	2.00000	4	91	13	20	62	10	20	-2.73490	-inf	-2.81877
10.00000	1.00000	50	0.10000	0	104	15	22	72	11	22	-2.72010	-inf	-2.81585
10.00000	1.00000	50	0.10000	1	97	13	21	67	10	21	-2.81513	-inf	-2.69241
10.00000	1.00000	50	0.10000	2	96	15	20	67	10	20	-2.73967	-inf	-2.74295
10.00000	1.00000	50	0.10000	3	93	15	20	64	10	20	-2.79079	-inf	-2.73640
10.00000	1.00000	50	0.10000	4	91	13	20	62	10	20	-2.72760	-inf	-2.81944
10.00000	1.00000	50	0.20000	0	104	15	22	72	11	22	-2.71998	-inf	-2.81377
10.00000	1.00000	50	0.20000	1	97	13	21	67	10	21	-2.81302	-inf	-2.69130
10.00000	1.00000	50	0.20000	2	96	15	20	67	10	20	-2.73829	-inf	-2.74268
10.00000	1.00000	50	0.20000	3	93	15	20	64	10	20	-2.78982	-inf	-2.73599
10.00000	1.00000	50	0.20000	4	91	13	20	62	10	20	-2.72705	-inf	-2.81835
10.00000	1.00000	50	0.50000	0	104	15	22	72	11	22	-2.72098	-inf	-2.81113
10.00000	1.00000	50	0.50000	1	97	13	21	67	10	21	-2.81027	-inf	-2.69050
10.00000	1.00000	50	0.50000	2	96	15	20	67	10	20	-2.73753	-inf	-2.74310
10.00000	1.00000	50	0.50000	3	93	15	20	64	10	20	-2.78870	-inf	-2.73645
10.00000	1.00000	50	0.50000	4	91	13	20	62	10	20	-2.72687	-inf	-2.81656
10.00000	1.00000	50	1.00000	0	104	15	22	72	11	22	-2.72460	-inf	-2.81081
10.00000	1.00000	50	1.00000	1	97	13	21	67	10	21	-2.80959	-inf	-2.69214
10.00000	1.00000	50	1.00000	2	96	15	20	67	10	20	-2.73952	-inf	-2.74581
10.00000	1.00000	50	1.00000	3	93	15	20	64	10	20	-2.78942	-inf	-2.73942
10.00000	1.00000	50	1.00000	4	91	13	20	62	10	20	-2.72852	-inf	-2.81595
10.00000	1.00000	50	2.00000	0	104	15	22	72	11	22	-2.73485	-inf	-2.81569
10.00000	1.00000	50	2.00000	1	97	13	21	67	10	21	-2.81329	-inf	-2.69929
10.00000	1.00000	50	2.00000	2	96	15	20	67	10	20	-2.74740	-inf	-2.75432
10.00000	1.00000	50	2.00000	3	93	15	20	64	10	20	-2.79471	-inf	-2.74825
10.00000	1.00000	50	2.00000	4	91	13	20	62	10	20	-2.73490	-inf	-2.81877
10.00000	1.00000	100	0.10000	0	99	15	20	70	10	20	-2.73612	-inf	-2.83155
10.00000	1.00000	100	0.10000	1	94	13	20	65	10	20	-2.82090	-inf	-2.69255
10.00000	1.00000	100	0.10000	2	91	13	18	65	9	18	-2.75543	-inf	-2.77075
10.00000	1.00000	100	0.10000	3	93	15	20	64	10	20	-2.79079	-inf	-2.73640
10.00000	1.00000	100	0.10000	4	86	11	18	60	9	18	-2.74436	-inf	-2.83618
10.00000	1.00000	100	0.20000	0	99	15	20	70	10	20	-2.73593	-inf	-2.82946
10.00000	1.00000	100	0.20000	1	94	13	20	65	10	20	-2.81856	-inf	-2.69120
10.00000	1.00000	100	0.20000	2	91	13	18	65	9	18	-2.75409	-inf	-2.76994
10.00000	1.00000	100	0.20000	3	93	15	20	64	10	20	-2.78982	-inf	-2.73599
10.00000	1.00000	100	0.20000	4	86	11	18	60	9	18	-2.74368	-inf	-2.83485
10.00000	1.00000	100	0.50000	0	99	15	20	70	10	20	-2.73659	-inf	-2.82644
10.00000	1.00000	100	0.50000	1	94	13	20	65	10	20	-2.81529	-inf	-2.69005
10.00000	1.00000	100	0.50000	2	91	13	18	65	9	18	-2.75294	-inf	-2.76912
10.00000	1.00000	100	0.50000	3	93	15	20	64	10	20	-2.78870	-inf	-2.73645
10.00000	1.00000	100	0.50000	4	86	11	18	60	9	18	-2.74302	-inf	-2.83236
10.00000	1.00000	100	1.00000	0	99	15	20	70	10	20	-2.73959	-inf	-2.82546
10.00000	1.00000	100	1.00000	1	94	13	20	65	10	20	-2.81392	-inf	-2.69135
10.00000	1.00000	100	1.00000	2	91	13	18	65	9	18	-2.75417	-inf	-2.77018
10.00000	1.00000	100	1.00000	3	93	15	20	64	10	20	-2.78942	-inf	-2.73942
10.00000	1.00000	100	1.00000	4	86	11	18	60	9	18	-2.74395	-inf	-2.83080
10.00000	1.00000	100	2.00000	0	99	15	20	70	10	20	-2.74866	-inf	-2.82910
10.00000	1.00000	100	2.00000	1	94	13	20	65	10	20	-2.81656	-inf	-2.69813
10.00000	1.00000	100	2.00000	2	91	13	18	65	9	18	-2.76069	-inf	-2.77598
10.00000	1.00000	100	2.00000	3	93	15	20	64	10	20	-2.79471	-inf	-2.74825
10.00000	1.00000	100	2.00000	4	86	11	18	60	9	18	-2.74906	-inf	-2.83219
10.00000	1.00000	500	0.10000	0	73	9	12	56	6	12	-2.82607	-inf	-2.91604
10.00000	1.00000	500	0.10000	1	65	7	10	51	5	10	-2.88455	-inf	-2.77843
10.00000	1.00000	500	0.10000	2	64	7	10	50	5	10	-2.84379	-inf	-2.84236
10.00000	1.00000	500	0.10000	3	67	7	12	50	6	12	-2.87110	-inf	-2.81920
10.00000	1.00000	500	0.10000	4	68	9	12	51	6	12	-2.81309	-inf	-2.90477
10.00000	1.00000	500	0.20000	0	73	9	12	56	6	12	-2.82540	-inf	-2.91412
10.00000	1.00000	500	0.20000	1	65	7	10	51	5	10	-2.88324	-inf	-2.77744
10.00000	1.00000	500	0.20000	2	64	7	10	50	5	10	-2.84224	-inf	-2.84124
10.00000	1.00000	500	0.20000	3	67	7	12	50	6	12	-2.87005	-inf	-2.81877
10.00000	1.00000	500	0.20000	4	68	9	12	51	6	12	-2.81195	-inf	-2.90277
10.00000	1.00000	500	0.50000	0	73	9	12	56	6	12	-2.82453	-inf	-2.91061
10.00000	1.00000	500	0.50000	1	65	7	10	51	5	10	-2.88113	-inf	-2.77620
10.00000	1.00000	500	0.50000	2	64	7	10	50	5	10	-2.83993	-inf	-2.83979
10.00000	1.00000	500	0.50000	3	67	7	12	50	6	12	-2.86808	-inf	-2.81820
10.00000	1.00000	500	0.50000	4	68	9	12	51	6	12	-2.80980	-inf	-2.89849
10.00000	1.00000	500	1.00000	0	73	9	12	56	6	12	-2.82500	-inf	-2.90803
10.00000	1.00000	500	1.00000	1	65	7	10	51	5	10	-2.87998	-inf	-2.77638
10.00000	1.00000	500	1.00000	2	64	7	10	50	5	10	-2.83884	-inf	-2.83965
10.00000	1.00000	500	1.00000	3	67	7	12	50	6	12	-2.86681	-inf	-2.81870
10.00000	1.00000	500	1.00000	4	68	9	12	51	6	12	-2.80832	-inf	-2.89442
10.00000	1.00000	500	2.00000	0	73	9	12	56	6	12	-2.82928	-inf	-2.90798
10.00000	1.00000	500	2.00000	1	65	7	10	51	5	10	-2.88140	-inf	-2.78018
10.00000	1.00000	500	2.00000	2	64	7	10	50	5	10	-2.84065	-inf	-2.84253
10.00000	1.00000	500	2.00000	3	67	7	12	50	6	12	-2.86783	-inf	-2.82235
10.00000	1.00000	500	2.00000	4	68	9	12	51	6	12	-2.80911	-inf	-2.89156
15.00000	1.00000	10	0.10000	0	80	15	16	57	8	16	-2.80653	-inf	-2.92662
15.00000	1.00000	10	0.10000	1	91	17	18	65	9	18	-2.80994	-inf	-2.68164
15.00000	1.00000	10	0.10000	2	76	13	16	53	8	16	-2.82585	-inf	-2.82073
15.00000	1.00000	10	0.10000	3	86	15	18	60	9	18	-2.79894	-inf	-2.74997
15.00000	1.00000	10	0.10000	4	76	13	16	53	8	16	-2.80707	-inf	-2.89727
15.00000	1.00000	10	0.20000	0	80	15	16	57	8	16	-2.80588	-inf	-2.92186
15.00000	1.00000	10	0.20000	1	91	17	18	65	9	18	-2.80885	-inf	-2.68135
15.00000	1.00000	10	0.20000	2	76	13	16	53	8	16	-2.82470	-inf	-2.82014
15.00000	1.00000	10	0.20000	3	86	15	18	60	9	18	-2.79781	-inf	-2.74919
15.00000	1.00000	10	0.20000	4	76	13	16	53	8	16	-2.80597	-inf	-2.89536
15.00000	1.00000	10	0.50000	0	80	15	16	57	8	16	-2.80508	-inf	-2.91429
15.00000	1.00000	10	0.50000	1	91	17	18	65	9	18	-2.80754	-inf	-2.68265
15.00000	1.00000	10	0.50000	2	76	13	16	53	8	16	-2.82278	-inf	-2.81918
15.00000	1.00000	10	0.50000	3	86	15	18	60	9	18	-2.79641	-inf	-2.74869
15.00000	1.00000	10	0.50000	4	76	13	16	53	8	16	-2.80418	-inf	-2.89183
15.00000	1.00000	10	1.00000	0	80	15	16	57	8	16	-2.80575	-inf	-2.90814
15.00000	1.00000	10	1.00000	1	91	17	18	65	9	18	-2.80823	-inf	-2.68679
15.00000	1.00000	10	1.00000	2	76	13	16	53	8	16	-2.82193	-inf	-2.81922
15.00000	1.00000	10	1.00000	3	86	15	18	60	9	18	-2.79678	-inf	-2.75046
15.00000	1.00000	10	1.00000	4	76	13	16	53	8	16	-2.80345	-inf	-2.88915
15.00000	1.00000	10	2.00000	0	80	15	16	57	8	16	-2.81048	-inf	-2.90396
15.00000	1.00000	10	2.00000	1	91	17	18	65	9	18	-2.81398	-inf	-2.69754
15.00000	1.00000	10	2.00000	2	76	13	16	53	8	16	-2.82392	-inf	-2.82243
15.00000	1.00000	10	2.00000	3	86	15	18	60	9	18	-2.80149	-inf	-2.75763
15.00000	1.00000	10	2.00000	4	76	13	16	53	8	16	-2.80569	-inf	-2.88866
15.00000	1.00000	50	0.10000	0	80	15	16	57	8	16	-2.80653	-inf	-2.92662
15.00000	1.00000	50	0.10000	1	91	17	18	65	9	18	-2.80994	-inf	-2.68164
15.00000	1.00000	50	0.10000	2	76	13	16	53	8	16	-2.82585	-inf	-2.82073
15.00000	1.00000	50	0.10000	3	86	15	18	60	9	18	-2.79894	-inf	-2.74997
15.00000	1.00000	50	0.10000	4	76	13	16	53	8	16	-2.80707	-inf	-2.89727
15.00000	1.00000	50	0.20000	0	80	15	16	57	8	16	-2.80588	-inf	-2.92186
15.00000	1.00000	50	0.20000	1	91	17	18	65	9	18	-2.80885	-inf	-2.68135
15.00000	1.00000	50	0.20000	2	76	13	16	53	8	16	-2.82470	-inf	-2.82014
15.00000	1.00000	50	0.20000	3	86	15	18	60	9	18	-2.79781	-inf	-2.74919
15.00000	1.00000	50	0.20000	4	76	13	16	53	8	16	-2.80597	-inf	-2.89536
15.00000	1.00000	50	0.50000	0	80	15	16	57	8	16	-2.80508	-inf	-2.91429
15.00000	1.00000	50	0.50000	1	91	17	18	65	9	18	-2.80754	-inf	-2.68265
15.00000	1.00000	50	0.50000	2	76	13	16	53	8	16	-2.82278	-inf	-2.81918
15.00000	1.00000	50	0.50000	3	86	15	18	60	9	18	-2.79641	-inf	-2.74869
15.00000	1.00000	50	0.50000	4	76	13	16	53	8	16	-2.80418	-inf	-2.89183
15.00000	1.00000	50	1.00000	0	80	15	16	57	8	16	-2.80575	-inf	-2.90814
15.00000	1.00000	50	1.00000	1	91	17	18	65	9	18	-2.80823	-inf	-2.68679
15.00000	1.00000	50	1.00000	2	76	13	16	53	8	16	-2.82193	-inf	-2.81922
15.00000	1.00000	50	1.00000	3	86	15	18	60	9	18	-2.79678	-inf	-2.75046
15.00000	1.00000	50	1.00000	4	76	13	16	53	8	16	-2.80345	-inf	-2.88915
15.00000	1.00000	50	2.00000	0	80	15	16	57	8	16	-2.81048	-inf	-2.90396
15.00000	1.00000	50	2.00000	1	91	17	18	65	9	18	-2.81398	-inf	-2.69754
15.00000	1.00000	50	2.00000	2	76	13	16	53	8	16	-2.82392	-inf	-2.82243
15.00000	1.00000	50	2.00000	3	86	15	18	60	9	18	-2.80149	-inf	-2.75763
15.00000	1.00000	50	2.00000	4	76	13	16	53	8	16	-2.80569	-inf	-2.88866
15.00000	1.00000	100	0.10000	0	80	15	16	57	8	16	-2.80653	-inf	-2.92662
15.00000	1.00000	100	0.10000	1	91	17	18	65	9	18	-2.80994	-inf	-2.68164
15.00000	1.00000	100	0.10000	2	76	13	16	53	8	16	-2.82585	-inf	-2.82073
15.00000	1.00000	100	0.10000	3	86	15	18	60	9	18	-2.79894	-inf	-2.74997
15.00000	1.00000	100	0.10000	4	76	13	16	53	8	16	-2.80707	-inf	-2.89727
15.00000	1.00000	100	0.20000	0	80	15	16	57	8	16	-2.80588	-inf	-2.92186
15.00000	1.00000	100	0.20000	1	91	17	18	65	9	18	-2.80885	-inf	-2.68135
15.00000	1.00000	100	0.20000	2	76	13	16	53	8	16	-2.82470	-inf	-2.82014
15.00000	1.00000	100	0.20000	3	86	15	18	60	9	18	-2.79781	-inf	-2.74919
15.00000	1.00000	100	0.20000	4	76	13	16	53	8	16	-2.80597	-inf	-2.89536
15.00000	1.00000	100	0.50000	0	80	15	16	57	8	16	-2.80508	-inf	-2.91429
15.00000	1.00000	100	0.50000	1	91	17	18	65	9	18	-2.80754	-inf	-2.68265
15.00000	1.00000	100	0.50000	2	76	13	16	53	8	16	-2.82278	-inf	-2.81918
15.00000	1.00000	100	0.50000	3	86	15	18	60	9	18	-2.79641	-inf	-2.74869
15.00000	1.00000	100	0.50000	4	76	13	16	53	8	16	-2.80418	-inf	-2.89183
15.00000	1.00000	100	1.00000	0	80	15	16	57	8	16	-2.80575	-inf	-2.90814
15.00000	1.00000	100	1.00000	1	91	17	18	65	9	18	-2.80823	-inf	-2.68679
15.00000	1.00000	100	1.00000	2	76	13	16	53	8	16	-2.82193	-inf	-2.81922
15.00000	1.00000	100	1.00000	3	86	15	18	60	9	18	-2.79678	-inf	-2.75046
15.00000	1.00000	100	1.00000	4	76	13	16	53	8	16	-2.80345	-inf	-2.88915
15.00000	1.00000	100	2.00000	0	80	15	16	57	8	16	-2.81048	-inf	-2.90396
15.00000	1.00000	100	2.00000	1	91	17	18	65	9	18	-2.81398	-inf	-2.69754
15.00000	1.00000	100	2.00000	2	76	13	16	53	8	16	-2.82392	-inf	-2.82243
15.00000	1.00000	100	2.00000	3	86	15	18	60	9	18	-2.80149	-inf	-2.75763
15.00000	1.00000	100	2.00000	4	76	13	16	53	8	16	-2.80569	-inf	-2.88866
15.00000	1.00000	500	0.10000	0	62	9	10	48	5	10	-2.86997	-inf	-2.96557
15.00000	1.00000	500	0.10000	1	65	9	10	51	5	10	-2.89108	-inf	-2.77572
15.00000	1.00000	500	0.10000	2	58	7	10	44	5	10	-2.88822	-inf	-2.87499
15.00000	1.00000	500	0.10000	3	60	7	10	46	5	10	-2.88378	-inf	-2.83599
15.00000	1.00000	500	0.10000	4	58	7	10	44	5	10	-2.86666	-inf	-2.96913
15.00000	1.00000	500	0.20000	0	62	9	10	48	5	10	-2.86885	-inf	-2.96290
15.00000	1.00000	500	0.20000	1	65	9	10	51	5	10	-2.88971	-inf	-2.77441
15.00000	1.00000	500	0.20000	2	58	7	10	44	5	10	-2.88677	-inf	-2.87461
15.00000	1.00000	500	0.20000	3	60	7	10	46	5	10	-2.88238	-inf	-2.83494
15.00000	1.00000	500	0.20000	4	58	7	10	44	5	10	-2.86529	-inf	-2.96656
15.00000	1.00000	500	0.50000	0	62	9	10	48	5	10	-2.86678	-inf	-2.95770
15.00000	1.00000	500	0.50000	1	65	9	10	51	5	10	-2.88730	-inf	-2.77325
15.00000	1.00000	500	0.50000	2	58	7	10	44	5	10	-2.88381	-inf	-2.87384
15.00000	1.00000	500	0.50000	3	60	7	10	46	5	10	-2.87985	-inf	-2.83316
15.00000	1.00000	500	0.50000	4	58	7	10	44	5	10	-2.86263	-inf	-2.96104
15.00000	1.00000	500	1.00000	0	62	9	10	48	5	10	-2.86553	-inf	-2.95272
15.00000	1.00000	500	1.00000	1	65	9	10	51	5	10	-2.88589	-inf	-2.77410
15.00000	1.00000	500	1.00000	2	58	7	10	44	5	10	-2.88117	-inf	-2.87342
15.00000	1.00000	500	1.00000	3	60	7	10	46	5	10	-2.87805	-inf	-2.83241
15.00000	1.00000	500	1.00000	4	58	7	10	44	5	10	-2.86041	-inf	-2.95540
15.00000	1.00000	500	2.00000	0	62	9	10	48	5	10	-2.86674	-inf	-2.94858
15.00000	1.00000	500	2.00000	1	65	9	10	51	5	10	-2.88724	-inf	-2.77927
15.00000	1.00000	500	2.00000	2	58	7	10	44	5	10	-2.87985	-inf	-2.87467
15.00000	1.00000	500	2.00000	3	60	7	10	46	5	10	-2.87831	-inf	-2.83450
15.00000	1.00000	500	2.00000	4	58	7	10	44	5	10	-2.85973	-inf	-2.94992
20.00000	1.00000	10	0.10000	0	61	11	12	44	6	12	-2.88333	-inf	-2.98427
20.00000	1.00000	10	0.10000	1	61	11	12	44	6	12	-2.92792	-inf	-2.80723
20.00000	1.00000	10	0.10000	2	76	13	16	53	8	16	-2.82585	-inf	-2.82073
20.00000	1.00000	10	0.10000	3	61	11	12	44	6	12	-2.91163	-inf	-2.87064
20.00000	1.00000	10	0.10000	4	76	13	16	53	8	16	-2.80707	-inf	-2.89727
20.00000	1.00000	10	0.20000	0	61	11	12	44	6	12	-2.88161	-inf	-2.98098
20.00000	1.00000	10	0.20000	1	61	11	12	44	6	12	-2.92597	-inf	-2.80603
20.00000	1.00000	10	0.20000	2	76	13	16	53	8	16	-2.82470	-inf	-2.82014
20.00000	1.00000	10	0.20000	3	61	11	12	44	6	12	-2.90980	-inf	-2.86887
20.00000	1.00000	10	0.20000	4	76	13	16	53	8	16	-2.80597	-inf	-2.89536
20.00000	1.00000	10	0.50000	0	61	11	12	44	6	12	-2.87840	-inf	-2.97461
20.00000	1.00000	10	0.50000	1	61	11	12	44	6	12	-2.92213	-inf	-2.80433
20.00000	1.00000	10	0.50000	2	76	13	16	53	8	16	-2.82278	-inf	-2.81918
20.00000	1.00000	10	0.50000	3	61	11	12	44	6	12	-2.90630	-inf	-2.86574
20.00000	1.00000	10	0.50000	4	76	13	16	53	8	16	-2.80418	-inf	-2.89183
20.00000	1.00000	10	1.00000	0	61	11	12	44	6	12	-2.87585	-inf	-2.96842
20.00000	1.00000	10	1.00000	1	61	11	12	44	6	12	-2.91870	-inf	-2.80395
20.00000	1.00000	10	1.00000	2	76	13	16	53	8	16	-2.82193	-inf	-2.81922
20.00000	1.00000	10	1.00000	3	61	11	12	44	6	12	-2.90334	-inf	-2.86350
20.00000	1.00000	10	1.00000	4	76	13	16	53	8	16	-2.80345	-inf	-2.88915
20.00000	1.00000	10	2.00000	0	61	11	12	44	6	12	-2.87513	-inf	-2.96253
20.00000	1.00000	10	2.00000	1	61	11	12	44	6	12	-2.91657	-inf	-2.80651
20.00000	1.00000	10	2.00000	2	76	13	16	53	8	16	-2.82392	-inf	-2.82243
20.00000	1.00000	10	2.00000	3	61	11	12	44	6	12	-2.90192	-inf	-2.86341
20.00000	1.00000	10	2.00000	4	76	13	16	53	8	16	-2.80569	-inf	-2.88866
20.00000	1.00000	50	0.10000	0	61	11	12	44	6	12	-2.88333	-inf	-2.98427
20.00000	1.00000	50	0.10000	1	61	11	12	44	6	12	-2.92792	-inf	-2.80723
20.00000	1.00000	50	0.10000	2	76	13	16	53	8	16	-2.82585	-inf	-2.82073
20.00000	1.00000	50	0.10000	3	61	11	12	44	6	12	-2.91163	-inf	-2.87064
20.00000	1.00000	50	0.10000	4	76	13	16	53	8	16	-2.80707	-inf	-2.89727
20.00000	1.00000	50	0.20000	0	61	11	12	44	6	12	-2.88161	-inf	-2.98098
20.00000	1.00000	50	0.20000	1	61	11	12	44	6	12	-2.92597	-inf	-2.80603
20.00000	1.00000	50	0.20000	2	76	13	16	53	8	16	-2.82470	-inf	-2.82014
20.00000	1.00000	50	0.20000	3	61	11	12	44	6	12	-2.90980	-inf	-2.86887
20.00000	1.00000	50	0.20000	4	76	13	16	53	8	16	-2.80597	-inf	-2.89536
20.00000	1.00000	50	0.50000	0	61	11	12	44	6	12	-2.87840	-inf	-2.97461
20.00000	1.00000	50	0.50000	1	61	11	12	44	6	12	-2.92213	-inf	-2.80433
20.00000	1.00000	50	0.50000	2	76	13	16	53	8	16	-2.82278	-inf	-2.81918
20.00000	1.00000	50	0.50000	3	61	11	12	44	6	12	-2.90630	-inf	-2.86574
20.00000	1.00000	50	0.50000	4	76	13	16	53	8	16	-2.80418	-inf	-2.89183
20.00000	1.00000	50	1.00000	0	61	11	12	44	6	12	-2.87585	-inf	-2.96842
20.00000	1.00000	50	1.00000	1	61	11	12	44	6	12	-2.91870	-inf	-2.80395
20.00000	1.00000	50	1.00000	2	76	13	16	53	8	16	-2.82193	-inf	-2.81922
20.00000	1.00000	50	1.00000	3	61	11	12	44	6	12	-2.90334	-inf	-2.86350
20.00000	1.00000	50	1.00000	4	76	13	16	53	8	16	-2.80345	-inf	-2.88915
20.00000	1.00000	50	2.00000	0	61	11	12	44	6	12	-2.87513	-inf	-2.96253
20.00000	1.00000	50	2.00000	1	61	11	12	44	6	12	-2.91657	-inf	-2.80651
20.00000	1.00000	50	2.00000	2	76	13	16	53	8	16	-2.82392	-inf	-2.82243
20.00000	1.00000	50	2.00000	3	61	11	12	44	6	12	-2.90192	-inf	-2.86341
20.00000	1.00000	50	2.00000	4	76	13	16	53	8	16	-2.80569	-inf	-2.88866
20.00000	1.00000	100	0.10000	0	61	11	12	44	6	12	-2.88333	-inf	-2.98427
20.00000	1.00000	100	0.10000	1	61	11	12	44	6	12	-2.92792	-inf	-2.80723
20.00000	1.00000	100	0.10000	2	76	13	16	53	8	16	-2.82585	-inf	-2.82073
20.00000	1.00000	100	0.10000	3	61	11	12	44	6	12	-2.91163	-inf	-2.87064
20.00000	1.00000	100	0.10000	4	76	13	16	53	8	16	-2.80707	-inf	-2.89727
20.00000	1.00000	100	0.20000	0	61	11	12	44	6	12	-2.88161	-inf	-2.98098
20.00000	1.00000	100	0.20000	1	61	11	12	44	6	12	-2.92597	-inf	-2.80603
20.00000	1.00000	100	0.20000	2	76	13	16	53	8	16	-2.82470	-inf	-2.82014
20.00000	1.00000	100	0.20000	3	61	11	12	44	6	12	-2.90980	-inf	-2.86887
20.00000	1.00000	100	0.20000	4	76	13	16	53	8	16	-2.80597	-inf	-2.89536
20.00000	1.00000	100	0.50000	0	61	11	12	44	6	12	-2.87840	-inf	-2.97461
20.00000	1.00000	100	0.50000	1	61	11	12	44	6	12	-2.92213	-inf	-2.80433
20.00000	1.00000	100	0.50000	2	76	13	16	53	8	16	-2.82278	-inf	-2.81918
20.00000	1.00000	100	0.50000	3	61	11	12	44	6	12	-2.90630	-inf	-2.86574
20.00000	1.00000	100	0.50000	4	76	13	16	53	8	16	-2.80418	-inf	-2.89183
20.00000	1.00000	100	1.00000	0	61	11	12	44	6	12	-2.87585	-inf	-2.96842
20.00000	1.00000	100	1.00000	1	61	11	12	44	6	12	-2.91870	-inf	-2.80395
20.00000	1.00000	100	1.00000	2	76	13	16	53	8	16	-2.82193	-inf	-2.81922
20.00000	1.00000	100	1.00000	3	61	11	12	44	6	12	-2.90334	-inf	-2.86350
20.00000	1.00000	100	1.00000	4	76	13	16	53	8	16	-2.80345	-inf	-2.88915
20.00000	1.00000	100	2.00000	0	61	11	12	44	6	12	-2.87513	-inf	-2.96253
20.00000	1.00000	100	2.00000	1	61	11	12	44	6	12	-2.91657	-inf	-2.80651
20.00000	1.00000	100	2.00000	2	76	13	16	53	8	16	-2.82392	-inf	-2.82243
20.00000	1.00000	100	2.00000	3	61	11	12	44	6	12	-2.90192	-inf	-2.86341
20.00000	1.00000	100	2.00000	4	76	13	16	53	8	16	-2.80569	-inf	-2.88866
20.00000	1.00000	500	0.10000	0	56	9	10	42	5	10	-2.90867	-inf	-3.01409
20.00000	1.00000	500	0.10000	1	56	9	10	42	5	10	-2.95218	-inf	-2.83459
20.00000	1.00000	500	0.10000	2	58	7	10	44	5	10	-2.88822	-inf	-2.87499
20.00000	1.00000	500	0.10000	3	56	9	10	42	5	10	-2.93791	-inf	-2.89271
20.00000	1.00000	500	0.10000	4	58	7	10	44	5	10	-2.86666	-inf	-2.96913
20.00000	1.00000	500	0.20000	0	56	9	10	42	5	10	-2.90710	-inf	-3.01097
20.00000	1.00000	500	0.20000	1	56	9	10	42	5	10	-2.95037	-inf	-2.83351
20.00000	1.00000	500	0.20000	2	58	7	10	44	5	10	-2.88677	-inf	-2.87461
20.00000	1.00000	500	0.20000	3	56	9	10	42	5	10	-2.93623	-inf	-2.89116
20.00000	1.00000	500	0.20000	4	58	7	10	44	5	10	-2.86529	-inf	-2.96656
20.00000	1.00000	500	0.50000	0	56	9	10	42	5	10	-2.90405	-inf	-3.00470
20.00000	1.00000	500	0.50000	1	56	9	10	42	5	10	-2.94673	-inf	-2.83185
20.00000	1.00000	500	0.50000	2	58	7	10	44	5	10	-2.88381	-inf	-2.87384
20.00000	1.00000	500	0.50000	3	56	9	10	42	5	10	-2.93289	-inf	-2.88833
20.00000	1.00000	500	0.50000	4	58	7	10	44	5	10	-2.86263	-inf	-2.96104
20.00000	1.00000	500	1.00000	0	56	9	10	42	5	10	-2.90148	-inf	-2.99830
20.00000	1.00000	500	1.00000	1	56	9	10	42	5	10	-2.94335	-inf	-2.83125
20.00000	1.00000	500	1.00000	2	58	7	10	44	5	10	-2.88117	-inf	-2.87342
20.00000	1.00000	500	1.00000	3	56	9	10	42	5	10	-2.92989	-inf	-2.88622
20.00000	1.00000	500	1.00000	4	58	7	10	44	5	10	-2.86041	-inf	-2.95540
20.00000	1.00000	500	2.00000	0	56	9	10	42	5	10	-2.90038	-inf	-2.99166
20.00000	1.00000	500	2.00000	1	56	9	10	42	5	10	-2.94095	-inf	-2.83316
20.00000	1.00000	500	2.00000	2	58	7	10	44	5	10	-2.87985	-inf	-2.87467
20.00000	1.00000	500	2.00000	3	56	9	10	42	5	10	-2.92804	-inf	-2.88598
20.00000	1.00000	500	2.00000	4	58	7	10	44	5	10	-2.85973	-inf	-2.94992
alpha: 0.5, cluster-penalty: 1.0, g-factor: 5.0, min-inst-slice: 50, test_ll: -2.7428817962663734, train_ll: -2.723682761590932, valid_ll: -2.7428817962663734