parameters:
Namespace(alpha=[0.1, 0.2, 0.5, 1.0, 2.0], clt_leaves=False, cluster_method='GMM', cluster_penalty=[1.0], cv=5, dataset='data/multilabel/arts1500/arts1500.5.folds.pklz', features=None, g_factor=[5.0, 10.0, 15.0, 20.0], gzip=True, kde_leaves=False, min_inst_slice=[10, 50, 100, 500], n_iters=100, n_restarts=4, n_row_clusters=2, output='exp/ml-repr-spn/', save_model=True, seed=1337, sklearn_args=None, suffix=None, test_ext=None, train_ext=None, valid_ext=None, verbose=1)

g-factor:	clu-pen:	min-ins:	alpha:	fold:	n_edges:	depth:	n_weights:	n_leaves:	n_sums:	n_prods:	train_ll	valid_ll:	test_ll
5.00000	1.00000	10	0.10000	0	9272	19	1190	7496	587	1190	-22.20677	-inf	-23.00582
5.00000	1.00000	10	0.10000	1	9532	19	1276	7625	632	1276	-21.80976	-inf	-24.63686
5.00000	1.00000	10	0.10000	2	9172	21	1227	7339	607	1227	-22.15312	-inf	-22.97600
5.00000	1.00000	10	0.10000	3	9087	21	1242	7231	615	1242	-21.97169	-inf	-24.04829
5.00000	1.00000	10	0.10000	4	9146	21	1189	7372	586	1189	-21.82230	-inf	-24.60592
5.00000	1.00000	10	0.20000	0	9272	19	1190	7496	587	1190	-22.21800	-inf	-22.89019
5.00000	1.00000	10	0.20000	1	9532	19	1276	7625	632	1276	-21.82496	-inf	-24.49528
5.00000	1.00000	10	0.20000	2	9172	21	1227	7339	607	1227	-22.16064	-inf	-22.84352
5.00000	1.00000	10	0.20000	3	9087	21	1242	7231	615	1242	-21.97932	-inf	-23.91636
5.00000	1.00000	10	0.20000	4	9146	21	1189	7372	586	1189	-21.83126	-inf	-24.46037
5.00000	1.00000	10	0.50000	0	9272	19	1190	7496	587	1190	-22.29136	-inf	-22.76971
5.00000	1.00000	10	0.50000	1	9532	19	1276	7625	632	1276	-21.90588	-inf	-24.34606
5.00000	1.00000	10	0.50000	2	9172	21	1227	7339	607	1227	-22.22285	-inf	-22.69932
5.00000	1.00000	10	0.50000	3	9087	21	1242	7231	615	1242	-22.03963	-inf	-23.76724
5.00000	1.00000	10	0.50000	4	9146	21	1189	7372	586	1189	-21.89699	-inf	-24.29986
5.00000	1.00000	10	1.00000	0	9272	19	1190	7496	587	1190	-22.45615	-inf	-22.75931
5.00000	1.00000	10	1.00000	1	9532	19	1276	7625	632	1276	-22.07945	-inf	-24.32791
5.00000	1.00000	10	1.00000	2	9172	21	1227	7339	607	1227	-22.37002	-inf	-22.67038
5.00000	1.00000	10	1.00000	3	9087	21	1242	7231	615	1242	-22.18282	-inf	-23.72756
5.00000	1.00000	10	1.00000	4	9146	21	1189	7372	586	1189	-22.05020	-inf	-24.25972
5.00000	1.00000	10	2.00000	0	9272	19	1190	7496	587	1190	-22.82496	-inf	-22.90398
5.00000	1.00000	10	2.00000	1	9532	19	1276	7625	632	1276	-22.46090	-inf	-24.50050
5.00000	1.00000	10	2.00000	2	9172	21	1227	7339	607	1227	-22.70829	-inf	-22.80810
5.00000	1.00000	10	2.00000	3	9087	21	1242	7231	615	1242	-22.51241	-inf	-23.85020
5.00000	1.00000	10	2.00000	4	9146	21	1189	7372	586	1189	-22.40299	-inf	-24.40118
5.00000	1.00000	50	0.10000	0	8478	19	961	7040	478	961	-22.42026	-inf	-22.95391
5.00000	1.00000	50	0.10000	1	8692	19	1025	7159	509	1025	-22.07095	-inf	-24.65414
5.00000	1.00000	50	0.10000	2	8242	21	939	6835	469	939	-22.41642	-inf	-23.02535
5.00000	1.00000	50	0.10000	3	8392	19	1028	6853	512	1028	-22.18035	-inf	-24.00654
5.00000	1.00000	50	0.10000	4	8483	19	960	7047	477	960	-22.11244	-inf	-24.70950
5.00000	1.00000	50	0.20000	0	8478	19	961	7040	478	961	-22.42471	-inf	-22.85802
5.00000	1.00000	50	0.20000	1	8692	19	1025	7159	509	1025	-22.08018	-inf	-24.53907
5.00000	1.00000	50	0.20000	2	8242	21	939	6835	469	939	-22.41498	-inf	-22.91485
5.00000	1.00000	50	0.20000	3	8392	19	1028	6853	512	1028	-22.18335	-inf	-23.89020
5.00000	1.00000	50	0.20000	4	8483	19	960	7047	477	960	-22.11767	-inf	-24.58160
5.00000	1.00000	50	0.50000	0	8478	19	961	7040	478	961	-22.48073	-inf	-22.76084
5.00000	1.00000	50	0.50000	1	8692	19	1025	7159	509	1025	-22.14465	-inf	-24.42145
5.00000	1.00000	50	0.50000	2	8242	21	939	6835	469	939	-22.45513	-inf	-22.79071
5.00000	1.00000	50	0.50000	3	8392	19	1028	6853	512	1028	-22.23024	-inf	-23.75997
5.00000	1.00000	50	0.50000	4	8483	19	960	7047	477	960	-22.17587	-inf	-24.44382
5.00000	1.00000	50	1.00000	0	8478	19	961	7040	478	961	-22.62135	-inf	-22.76131
5.00000	1.00000	50	1.00000	1	8692	19	1025	7159	509	1025	-22.29265	-inf	-24.41527
5.00000	1.00000	50	1.00000	2	8242	21	939	6835	469	939	-22.57290	-inf	-22.76270
5.00000	1.00000	50	1.00000	3	8392	19	1028	6853	512	1028	-22.35247	-inf	-23.73322
5.00000	1.00000	50	1.00000	4	8483	19	960	7047	477	960	-22.31831	-inf	-24.42009
5.00000	1.00000	50	2.00000	0	8478	19	961	7040	478	961	-22.95225	-inf	-22.91153
5.00000	1.00000	50	2.00000	1	8692	19	1025	7159	509	1025	-22.62973	-inf	-24.57754
5.00000	1.00000	50	2.00000	2	8242	21	939	6835	469	939	-22.86646	-inf	-22.88704
5.00000	1.00000	50	2.00000	3	8392	19	1028	6853	512	1028	-22.64619	-inf	-23.86189
5.00000	1.00000	50	2.00000	4	8483	19	960	7047	477	960	-22.64973	-inf	-24.57260
5.00000	1.00000	100	0.10000	0	7288	17	630	6344	315	630	-22.81238	-inf	-23.05313
5.00000	1.00000	100	0.10000	1	7398	17	673	6390	336	673	-22.48437	-inf	-24.73896
5.00000	1.00000	100	0.10000	2	6995	19	630	6051	315	630	-22.84698	-inf	-23.06429
5.00000	1.00000	100	0.10000	3	7104	19	694	6064	347	694	-22.57570	-inf	-24.11625
5.00000	1.00000	100	0.10000	4	7269	19	630	6326	314	630	-22.53927	-inf	-24.80383
5.00000	1.00000	100	0.20000	0	7288	17	630	6344	315	630	-22.80948	-inf	-22.96651
5.00000	1.00000	100	0.20000	1	7398	17	673	6390	336	673	-22.48606	-inf	-24.63960
5.00000	1.00000	100	0.20000	2	6995	19	630	6051	315	630	-22.83329	-inf	-22.96351
5.00000	1.00000	100	0.20000	3	7104	19	694	6064	347	694	-22.56949	-inf	-24.01984
5.00000	1.00000	100	0.20000	4	7269	19	630	6326	314	630	-22.53615	-inf	-24.68913
5.00000	1.00000	100	0.50000	0	7288	17	630	6344	315	630	-22.84813	-inf	-22.88073
5.00000	1.00000	100	0.50000	1	7398	17	673	6390	336	673	-22.53061	-inf	-24.53778
5.00000	1.00000	100	0.50000	2	6995	19	630	6051	315	630	-22.84867	-inf	-22.85379
5.00000	1.00000	100	0.50000	3	7104	19	694	6064	347	694	-22.59619	-inf	-23.91241
5.00000	1.00000	100	0.50000	4	7269	19	630	6326	314	630	-22.57427	-inf	-24.56732
5.00000	1.00000	100	1.00000	0	7288	17	630	6344	315	630	-22.96230	-inf	-22.88260
5.00000	1.00000	100	1.00000	1	7398	17	673	6390	336	673	-22.64763	-inf	-24.53671
5.00000	1.00000	100	1.00000	2	6995	19	630	6051	315	630	-22.93309	-inf	-22.83555
5.00000	1.00000	100	1.00000	3	7104	19	694	6064	347	694	-22.68984	-inf	-23.89336
5.00000	1.00000	100	1.00000	4	7269	19	630	6326	314	630	-22.68728	-inf	-24.55110
5.00000	1.00000	100	2.00000	0	7288	17	630	6344	315	630	-23.24459	-inf	-23.01869
5.00000	1.00000	100	2.00000	1	7398	17	673	6390	336	673	-22.93029	-inf	-24.69461
5.00000	1.00000	100	2.00000	2	6995	19	630	6051	315	630	-23.17041	-inf	-22.96150
5.00000	1.00000	100	2.00000	3	7104	19	694	6064	347	694	-22.93307	-inf	-24.01274
5.00000	1.00000	100	2.00000	4	7269	19	630	6326	314	630	-22.96789	-inf	-24.69859
5.00000	1.00000	500	0.10000	0	3442	13	140	3233	70	140	-24.81983	-inf	-24.11987
5.00000	1.00000	500	0.10000	1	3287	13	114	3117	57	114	-24.73010	-inf	-26.27482
5.00000	1.00000	500	0.10000	2	3523	15	170	3269	85	170	-24.61245	-inf	-24.34594
5.00000	1.00000	500	0.10000	3	3726	15	160	3487	80	160	-24.30381	-inf	-25.26786
5.00000	1.00000	500	0.10000	4	3882	13	132	3685	66	132	-24.23466	-inf	-25.93429
5.00000	1.00000	500	0.20000	0	3442	13	140	3233	70	140	-24.78271	-inf	-24.03804
5.00000	1.00000	500	0.20000	1	3287	13	114	3117	57	114	-24.69972	-inf	-26.20178
5.00000	1.00000	500	0.20000	2	3523	15	170	3269	85	170	-24.57561	-inf	-24.25978
5.00000	1.00000	500	0.20000	3	3726	15	160	3487	80	160	-24.27394	-inf	-25.18990
5.00000	1.00000	500	0.20000	4	3882	13	132	3685	66	132	-24.21359	-inf	-25.85731
5.00000	1.00000	500	0.50000	0	3442	13	140	3233	70	140	-24.74102	-inf	-23.93393
5.00000	1.00000	500	0.50000	1	3287	13	114	3117	57	114	-24.66923	-inf	-26.11065
5.00000	1.00000	500	0.50000	2	3523	15	170	3269	85	170	-24.53599	-inf	-24.14754
5.00000	1.00000	500	0.50000	3	3726	15	160	3487	80	160	-24.24625	-inf	-25.09520
5.00000	1.00000	500	0.50000	4	3882	13	132	3685	66	132	-24.20389	-inf	-25.76949
5.00000	1.00000	500	1.00000	0	3442	13	140	3233	70	140	-24.73979	-inf	-23.88354
5.00000	1.00000	500	1.00000	1	3287	13	114	3117	57	114	-24.67739	-inf	-26.06909
5.00000	1.00000	500	1.00000	2	3523	15	170	3269	85	170	-24.53830	-inf	-24.08918
5.00000	1.00000	500	1.00000	3	3726	15	160	3487	80	160	-24.26305	-inf	-25.05680
5.00000	1.00000	500	1.00000	4	3882	13	132	3685	66	132	-24.24078	-inf	-25.74644
5.00000	1.00000	500	2.00000	0	3442	13	140	3233	70	140	-24.81672	-inf	-23.91030
5.00000	1.00000	500	2.00000	1	3287	13	114	3117	57	114	-24.76150	-inf	-26.10162
5.00000	1.00000	500	2.00000	2	3523	15	170	3269	85	170	-24.62416	-inf	-24.10714
5.00000	1.00000	500	2.00000	3	3726	15	160	3487	80	160	-24.37101	-inf	-25.10274
5.00000	1.00000	500	2.00000	4	3882	13	132	3685	66	132	-24.37679	-inf	-25.82185
10.00000	1.00000	10	0.10000	0	3775	15	391	3195	190	391	-23.31468	-inf	-22.96545
10.00000	1.00000	10	0.10000	1	3881	15	421	3256	205	421	-22.98622	-inf	-24.76887
10.00000	1.00000	10	0.10000	2	3784	15	403	3188	194	403	-23.33672	-inf	-23.04827
10.00000	1.00000	10	0.10000	3	3628	17	383	3061	185	383	-23.10610	-inf	-23.96175
10.00000	1.00000	10	0.10000	4	3671	15	389	3095	188	389	-23.03257	-inf	-24.69949
10.00000	1.00000	10	0.20000	0	3775	15	391	3195	190	391	-23.30116	-inf	-22.91443
10.00000	1.00000	10	0.20000	1	3881	15	421	3256	205	421	-22.97269	-inf	-24.70161
10.00000	1.00000	10	0.20000	2	3784	15	403	3188	194	403	-23.32206	-inf	-22.99579
10.00000	1.00000	10	0.20000	3	3628	17	383	3061	185	383	-23.08986	-inf	-23.91351
10.00000	1.00000	10	0.20000	4	3671	15	389	3095	188	389	-23.01532	-inf	-24.64023
10.00000	1.00000	10	0.50000	0	3775	15	391	3195	190	391	-23.29462	-inf	-22.85148
10.00000	1.00000	10	0.50000	1	3881	15	421	3256	205	421	-22.96661	-inf	-24.61395
10.00000	1.00000	10	0.50000	2	3784	15	403	3188	194	403	-23.31342	-inf	-22.93359
10.00000	1.00000	10	0.50000	3	3628	17	383	3061	185	383	-23.07645	-inf	-23.85117
10.00000	1.00000	10	0.50000	4	3671	15	389	3095	188	389	-22.99971	-inf	-24.56397
10.00000	1.00000	10	1.00000	0	3775	15	391	3195	190	391	-23.32162	-inf	-22.82772
10.00000	1.00000	10	1.00000	1	3881	15	421	3256	205	421	-22.99489	-inf	-24.57235
10.00000	1.00000	10	1.00000	2	3784	15	403	3188	194	403	-23.33863	-inf	-22.91404
10.00000	1.00000	10	1.00000	3	3628	17	383	3061	185	383	-23.09369	-inf	-23.82341
10.00000	1.00000	10	1.00000	4	3671	15	389	3095	188	389	-23.01508	-inf	-24.52742
10.00000	1.00000	10	2.00000	0	3775	15	391	3195	190	391	-23.42520	-inf	-22.86850
10.00000	1.00000	10	2.00000	1	3881	15	421	3256	205	421	-23.10195	-inf	-24.60447
10.00000	1.00000	10	2.00000	2	3784	15	403	3188	194	403	-23.44043	-inf	-22.96376
10.00000	1.00000	10	2.00000	3	3628	17	383	3061	185	383	-23.18077	-inf	-23.85649
10.00000	1.00000	10	2.00000	4	3671	15	389	3095	188	389	-23.10132	-inf	-24.55417
10.00000	1.00000	50	0.10000	0	3755	15	385	3183	188	385	-23.32198	-inf	-22.98532
10.00000	1.00000	50	0.10000	1	3859	15	414	3245	201	414	-23.00773	-inf	-24.78822
10.00000	1.00000	50	0.10000	2	3735	15	394	3152	190	394	-23.35001	-inf	-23.05392
10.00000	1.00000	50	0.10000	3	3598	15	375	3041	183	375	-23.13959	-inf	-23.98463
10.00000	1.00000	50	0.10000	4	3652	15	384	3083	186	384	-23.05204	-inf	-24.69935
10.00000	1.00000	50	0.20000	0	3755	15	385	3183	188	385	-23.30856	-inf	-22.93341
10.00000	1.00000	50	0.20000	1	3859	15	414	3245	201	414	-22.99383	-inf	-24.72483
10.00000	1.00000	50	0.20000	2	3735	15	394	3152	190	394	-23.33437	-inf	-23.00076
10.00000	1.00000	50	0.20000	3	3598	15	375	3041	183	375	-23.12308	-inf	-23.93553
10.00000	1.00000	50	0.20000	4	3652	15	384	3083	186	384	-23.03457	-inf	-24.64085
10.00000	1.00000	50	0.50000	0	3755	15	385	3183	188	385	-23.30189	-inf	-22.86873
10.00000	1.00000	50	0.50000	1	3859	15	414	3245	201	414	-22.98663	-inf	-24.64136
10.00000	1.00000	50	0.50000	2	3735	15	394	3152	190	394	-23.32384	-inf	-22.93718
10.00000	1.00000	50	0.50000	3	3598	15	375	3041	183	375	-23.10871	-inf	-23.87129
10.00000	1.00000	50	0.50000	4	3652	15	384	3083	186	384	-23.01834	-inf	-24.56560
10.00000	1.00000	50	1.00000	0	3755	15	385	3183	188	385	-23.32842	-inf	-22.84299
10.00000	1.00000	50	1.00000	1	3859	15	414	3245	201	414	-23.01331	-inf	-24.60130
10.00000	1.00000	50	1.00000	2	3735	15	394	3152	190	394	-23.34666	-inf	-22.91617
10.00000	1.00000	50	1.00000	3	3598	15	375	3041	183	375	-23.12447	-inf	-23.84157
10.00000	1.00000	50	1.00000	4	3652	15	384	3083	186	384	-23.03267	-inf	-24.52972
10.00000	1.00000	50	2.00000	0	3755	15	385	3183	188	385	-23.43100	-inf	-22.88106
10.00000	1.00000	50	2.00000	1	3859	15	414	3245	201	414	-23.11796	-inf	-24.63260
10.00000	1.00000	50	2.00000	2	3735	15	394	3152	190	394	-23.44514	-inf	-22.96423
10.00000	1.00000	50	2.00000	3	3598	15	375	3041	183	375	-23.20934	-inf	-23.87253
10.00000	1.00000	50	2.00000	4	3652	15	384	3083	186	384	-23.11704	-inf	-24.55683
10.00000	1.00000	100	0.10000	0	3645	15	344	3132	170	344	-23.36827	-inf	-22.99215
10.00000	1.00000	100	0.10000	1	3702	15	357	3170	176	357	-23.07141	-inf	-24.78702
10.00000	1.00000	100	0.10000	2	3631	15	355	3102	175	355	-23.39563	-inf	-23.08723
10.00000	1.00000	100	0.10000	3	3514	15	343	3004	168	343	-23.16611	-inf	-24.00355
10.00000	1.00000	100	0.10000	4	3531	15	339	3026	167	339	-23.09351	-inf	-24.72827
10.00000	1.00000	100	0.20000	0	3645	15	344	3132	170	344	-23.35462	-inf	-22.94186
10.00000	1.00000	100	0.20000	1	3702	15	357	3170	176	357	-23.05652	-inf	-24.72442
10.00000	1.00000	100	0.20000	2	3631	15	355	3102	175	355	-23.37926	-inf	-23.03391
10.00000	1.00000	100	0.20000	3	3514	15	343	3004	168	343	-23.14935	-inf	-23.95500
10.00000	1.00000	100	0.20000	4	3531	15	339	3026	167	339	-23.07561	-inf	-24.67104
10.00000	1.00000	100	0.50000	0	3645	15	344	3132	170	344	-23.34698	-inf	-22.88016
10.00000	1.00000	100	0.50000	1	3702	15	357	3170	176	357	-23.04725	-inf	-24.64335
10.00000	1.00000	100	0.50000	2	3631	15	355	3102	175	355	-23.36712	-inf	-22.97016
10.00000	1.00000	100	0.50000	3	3514	15	343	3004	168	343	-23.13450	-inf	-23.89149
10.00000	1.00000	100	0.50000	4	3531	15	339	3026	167	339	-23.05862	-inf	-24.59682
10.00000	1.00000	100	1.00000	0	3645	15	344	3132	170	344	-23.37156	-inf	-22.85714
10.00000	1.00000	100	1.00000	1	3702	15	357	3170	176	357	-23.07105	-inf	-24.60538
10.00000	1.00000	100	1.00000	2	3631	15	355	3102	175	355	-23.38750	-inf	-22.94847
10.00000	1.00000	100	1.00000	3	3514	15	343	3004	168	343	-23.14941	-inf	-23.86210
10.00000	1.00000	100	1.00000	4	3531	15	339	3026	167	339	-23.07175	-inf	-24.56077
10.00000	1.00000	100	2.00000	0	3645	15	344	3132	170	344	-23.47025	-inf	-22.89763
10.00000	1.00000	100	2.00000	1	3702	15	357	3170	176	357	-23.17035	-inf	-24.63810
10.00000	1.00000	100	2.00000	2	3631	15	355	3102	175	355	-23.48116	-inf	-22.99423
10.00000	1.00000	100	2.00000	3	3514	15	343	3004	168	343	-23.23218	-inf	-23.89275
10.00000	1.00000	100	2.00000	4	3531	15	339	3026	167	339	-23.15314	-inf	-24.58583
10.00000	1.00000	500	0.10000	0	2769	11	160	2530	80	160	-24.31449	-inf	-23.71312
10.00000	1.00000	500	0.10000	1	2513	13	138	2307	69	138	-24.50079	-inf	-25.96937
10.00000	1.00000	500	0.10000	2	2599	11	132	2402	66	132	-24.77571	-inf	-24.31761
10.00000	1.00000	500	0.10000	3	2598	13	140	2389	70	140	-24.14415	-inf	-24.80723
10.00000	1.00000	500	0.10000	4	2656	13	146	2438	73	146	-24.05534	-inf	-25.60914
10.00000	1.00000	500	0.20000	0	2769	11	160	2530	80	160	-24.29134	-inf	-23.65858
10.00000	1.00000	500	0.20000	1	2513	13	138	2307	69	138	-24.46708	-inf	-25.90093
10.00000	1.00000	500	0.20000	2	2599	11	132	2402	66	132	-24.74591	-inf	-24.25307
10.00000	1.00000	500	0.20000	3	2598	13	140	2389	70	140	-24.11763	-inf	-24.75950
10.00000	1.00000	500	0.20000	4	2656	13	146	2438	73	146	-24.02847	-inf	-25.55012
10.00000	1.00000	500	0.50000	0	2769	11	160	2530	80	160	-24.26614	-inf	-23.58547
10.00000	1.00000	500	0.50000	1	2513	13	138	2307	69	138	-24.42141	-inf	-25.80350
10.00000	1.00000	500	0.50000	2	2599	11	132	2402	66	132	-24.70693	-inf	-24.16756
10.00000	1.00000	500	0.50000	3	2598	13	140	2389	70	140	-24.08482	-inf	-24.69686
10.00000	1.00000	500	0.50000	4	2656	13	146	2438	73	146	-23.99366	-inf	-25.47034
10.00000	1.00000	500	1.00000	0	2769	11	160	2530	80	160	-24.26842	-inf	-23.54650
10.00000	1.00000	500	1.00000	1	2513	13	138	2307	69	138	-24.40037	-inf	-25.73944
10.00000	1.00000	500	1.00000	2	2599	11	132	2402	66	132	-24.69246	-inf	-24.11752
10.00000	1.00000	500	1.00000	3	2598	13	140	2389	70	140	-24.07749	-inf	-24.66366
10.00000	1.00000	500	1.00000	4	2656	13	146	2438	73	146	-23.98405	-inf	-25.42258
10.00000	1.00000	500	2.00000	0	2769	11	160	2530	80	160	-24.32663	-inf	-23.55732
10.00000	1.00000	500	2.00000	1	2513	13	138	2307	69	138	-24.42332	-inf	-25.71731
10.00000	1.00000	500	2.00000	2	2599	11	132	2402	66	132	-24.72535	-inf	-24.11324
10.00000	1.00000	500	2.00000	3	2598	13	140	2389	70	140	-24.12069	-inf	-24.67659
10.00000	1.00000	500	2.00000	4	2656	13	146	2438	73	146	-24.02496	-inf	-25.41968
15.00000	1.00000	10	0.10000	0	2583	13	254	2209	121	254	-23.84107	-inf	-23.19854
15.00000	1.00000	10	0.10000	1	2506	13	253	2133	121	253	-23.44363	-inf	-24.86584
15.00000	1.00000	10	0.10000	2	2586	13	266	2193	128	266	-23.84003	-inf	-23.32657
15.00000	1.00000	10	0.10000	3	2550	13	252	2179	120	252	-23.57214	-inf	-24.23274
15.00000	1.00000	10	0.10000	4	2646	13	254	2272	121	254	-23.47032	-inf	-24.97979
15.00000	1.00000	10	0.20000	0	2583	13	254	2209	121	254	-23.82200	-inf	-23.15770
15.00000	1.00000	10	0.20000	1	2506	13	253	2133	121	253	-23.42558	-inf	-24.81944
15.00000	1.00000	10	0.20000	2	2586	13	266	2193	128	266	-23.81964	-inf	-23.27834
15.00000	1.00000	10	0.20000	3	2550	13	252	2179	120	252	-23.55490	-inf	-24.19554
15.00000	1.00000	10	0.20000	4	2646	13	254	2272	121	254	-23.45170	-inf	-24.93188
15.00000	1.00000	10	0.50000	0	2583	13	254	2209	121	254	-23.79897	-inf	-23.10192
15.00000	1.00000	10	0.50000	1	2506	13	253	2133	121	253	-23.40371	-inf	-24.75482
15.00000	1.00000	10	0.50000	2	2586	13	266	2193	128	266	-23.79518	-inf	-23.21280
15.00000	1.00000	10	0.50000	3	2550	13	252	2179	120	252	-23.53327	-inf	-24.14500
15.00000	1.00000	10	0.50000	4	2646	13	254	2272	121	254	-23.42996	-inf	-24.86693
15.00000	1.00000	10	1.00000	0	2583	13	254	2209	121	254	-23.79714	-inf	-23.07102
15.00000	1.00000	10	1.00000	1	2506	13	253	2133	121	253	-23.40168	-inf	-24.71638
15.00000	1.00000	10	1.00000	2	2586	13	266	2193	128	266	-23.79271	-inf	-23.17536
15.00000	1.00000	10	1.00000	3	2550	13	252	2179	120	252	-23.53152	-inf	-24.11820
15.00000	1.00000	10	1.00000	4	2646	13	254	2272	121	254	-23.43046	-inf	-24.83007
15.00000	1.00000	10	2.00000	0	2583	13	254	2209	121	254	-23.84072	-inf	-23.07940
15.00000	1.00000	10	2.00000	1	2506	13	253	2133	121	253	-23.44245	-inf	-24.71804
15.00000	1.00000	10	2.00000	2	2586	13	266	2193	128	266	-23.83582	-inf	-23.17841
15.00000	1.00000	10	2.00000	3	2550	13	252	2179	120	252	-23.57467	-inf	-24.13206
15.00000	1.00000	10	2.00000	4	2646	13	254	2272	121	254	-23.48013	-inf	-24.83642
15.00000	1.00000	50	0.10000	0	2580	13	252	2210	119	252	-23.84206	-inf	-23.19914
15.00000	1.00000	50	0.10000	1	2509	13	253	2136	121	253	-23.43949	-inf	-24.85966
15.00000	1.00000	50	0.10000	2	2603	13	272	2201	131	272	-23.83090	-inf	-23.30594
15.00000	1.00000	50	0.10000	3	2534	13	247	2170	118	247	-23.58633	-inf	-24.24437
15.00000	1.00000	50	0.10000	4	2633	13	251	2264	119	251	-23.48843	-inf	-24.98949
15.00000	1.00000	50	0.20000	0	2580	13	252	2210	119	252	-23.82291	-inf	-23.15834
15.00000	1.00000	50	0.20000	1	2509	13	253	2136	121	253	-23.42095	-inf	-24.81335
15.00000	1.00000	50	0.20000	2	2603	13	272	2201	131	272	-23.81061	-inf	-23.25789
15.00000	1.00000	50	0.20000	3	2534	13	247	2170	118	247	-23.56886	-inf	-24.20697
15.00000	1.00000	50	0.20000	4	2633	13	251	2264	119	251	-23.46956	-inf	-24.94259
15.00000	1.00000	50	0.50000	0	2580	13	252	2210	119	252	-23.79953	-inf	-23.10256
15.00000	1.00000	50	0.50000	1	2509	13	253	2136	121	253	-23.39839	-inf	-24.74911
15.00000	1.00000	50	0.50000	2	2603	13	272	2201	131	272	-23.78633	-inf	-23.19278
15.00000	1.00000	50	0.50000	3	2534	13	247	2170	118	247	-23.54658	-inf	-24.15597
15.00000	1.00000	50	0.50000	4	2633	13	251	2264	119	251	-23.44710	-inf	-24.87884
15.00000	1.00000	50	1.00000	0	2580	13	252	2210	119	252	-23.79713	-inf	-23.07139
15.00000	1.00000	50	1.00000	1	2509	13	253	2136	121	253	-23.39596	-inf	-24.71092
15.00000	1.00000	50	1.00000	2	2603	13	272	2201	131	272	-23.78399	-inf	-23.15593
15.00000	1.00000	50	1.00000	3	2534	13	247	2170	118	247	-23.54385	-inf	-24.12854
15.00000	1.00000	50	1.00000	4	2633	13	251	2264	119	251	-23.44672	-inf	-24.84271
15.00000	1.00000	50	2.00000	0	2580	13	252	2210	119	252	-23.83979	-inf	-23.07913
15.00000	1.00000	50	2.00000	1	2509	13	253	2136	121	253	-23.43660	-inf	-24.71272
15.00000	1.00000	50	2.00000	2	2603	13	272	2201	131	272	-23.82731	-inf	-23.16000
15.00000	1.00000	50	2.00000	3	2534	13	247	2170	118	247	-23.58531	-inf	-24.14132
15.00000	1.00000	50	2.00000	4	2633	13	251	2264	119	251	-23.49512	-inf	-24.84951
15.00000	1.00000	100	0.10000	0	2561	13	245	2200	117	245	-23.84866	-inf	-23.20661
15.00000	1.00000	100	0.10000	1	2490	11	247	2126	118	247	-23.45321	-inf	-24.86688
15.00000	1.00000	100	0.10000	2	2600	13	271	2199	131	271	-23.83091	-inf	-23.30774
15.00000	1.00000	100	0.10000	3	2520	13	242	2162	117	242	-23.59214	-inf	-24.25088
15.00000	1.00000	100	0.10000	4	2615	15	242	2258	116	242	-23.49111	-inf	-25.01031
15.00000	1.00000	100	0.20000	0	2561	13	245	2200	117	245	-23.82938	-inf	-23.16623
15.00000	1.00000	100	0.20000	1	2490	11	247	2126	118	247	-23.43498	-inf	-24.82092
15.00000	1.00000	100	0.20000	2	2600	13	271	2199	131	271	-23.81050	-inf	-23.25982
15.00000	1.00000	100	0.20000	3	2520	13	242	2162	117	242	-23.57479	-inf	-24.21314
15.00000	1.00000	100	0.20000	4	2615	15	242	2258	116	242	-23.47250	-inf	-24.96212
15.00000	1.00000	100	0.50000	0	2561	13	245	2200	117	245	-23.80574	-inf	-23.11079
15.00000	1.00000	100	0.50000	1	2490	11	247	2126	118	247	-23.41262	-inf	-24.75707
15.00000	1.00000	100	0.50000	2	2600	13	271	2199	131	271	-23.78593	-inf	-23.19472
15.00000	1.00000	100	0.50000	3	2520	13	242	2162	117	242	-23.55263	-inf	-24.16155
15.00000	1.00000	100	0.50000	4	2615	15	242	2258	116	242	-23.45016	-inf	-24.89652
15.00000	1.00000	100	1.00000	0	2561	13	245	2200	117	245	-23.80302	-inf	-23.07961
15.00000	1.00000	100	1.00000	1	2490	11	247	2126	118	247	-23.40999	-inf	-24.71922
15.00000	1.00000	100	1.00000	2	2600	13	271	2199	131	271	-23.78328	-inf	-23.15766
15.00000	1.00000	100	1.00000	3	2520	13	242	2162	117	242	-23.54981	-inf	-24.13349
15.00000	1.00000	100	1.00000	4	2615	15	242	2258	116	242	-23.44963	-inf	-24.85902
15.00000	1.00000	100	2.00000	0	2561	13	245	2200	117	245	-23.84516	-inf	-23.08695
15.00000	1.00000	100	2.00000	1	2490	11	247	2126	118	247	-23.44981	-inf	-24.72128
15.00000	1.00000	100	2.00000	2	2600	13	271	2199	131	271	-23.82621	-inf	-23.16118
15.00000	1.00000	100	2.00000	3	2520	13	242	2162	117	242	-23.59085	-inf	-24.14528
15.00000	1.00000	100	2.00000	4	2615	15	242	2258	116	242	-23.49770	-inf	-24.86408
15.00000	1.00000	500	0.10000	0	2227	11	170	1973	85	170	-24.48743	-inf	-23.76707
15.00000	1.00000	500	0.10000	1	2166	11	164	1921	82	164	-24.02077	-inf	-25.37081
15.00000	1.00000	500	0.10000	2	2162	9	154	1932	77	154	-24.61985	-inf	-24.11773
15.00000	1.00000	500	0.10000	3	2216	11	156	1983	78	156	-23.98925	-inf	-24.58289
15.00000	1.00000	500	0.10000	4	2134	13	130	1940	65	130	-24.34761	-inf	-25.73080
15.00000	1.00000	500	0.20000	0	2227	11	170	1973	85	170	-24.45967	-inf	-23.72211
15.00000	1.00000	500	0.20000	1	2166	11	164	1921	82	164	-23.99424	-inf	-25.31984
15.00000	1.00000	500	0.20000	2	2162	9	154	1932	77	154	-24.58760	-inf	-24.05693
15.00000	1.00000	500	0.20000	3	2216	11	156	1983	78	156	-23.96903	-inf	-24.54340
15.00000	1.00000	500	0.20000	4	2134	13	130	1940	65	130	-24.32005	-inf	-25.68150
15.00000	1.00000	500	0.50000	0	2227	11	170	1973	85	170	-24.42080	-inf	-23.65873
15.00000	1.00000	500	0.50000	1	2166	11	164	1921	82	164	-23.95755	-inf	-25.24786
15.00000	1.00000	500	0.50000	2	2162	9	154	1932	77	154	-24.54205	-inf	-23.96949
15.00000	1.00000	500	0.50000	3	2216	11	156	1983	78	156	-23.94067	-inf	-24.48831
15.00000	1.00000	500	0.50000	4	2134	13	130	1940	65	130	-24.28110	-inf	-25.61221
15.00000	1.00000	500	1.00000	0	2227	11	170	1973	85	170	-24.40151	-inf	-23.61839
15.00000	1.00000	500	1.00000	1	2166	11	164	1921	82	164	-23.94065	-inf	-25.20166
15.00000	1.00000	500	1.00000	2	2162	9	154	1932	77	154	-24.51645	-inf	-23.90857
15.00000	1.00000	500	1.00000	3	2216	11	156	1983	78	156	-23.92977	-inf	-24.45527
15.00000	1.00000	500	1.00000	4	2134	13	130	1940	65	130	-24.26047	-inf	-25.56599
15.00000	1.00000	500	2.00000	0	2227	11	170	1973	85	170	-24.41842	-inf	-23.61033
15.00000	1.00000	500	2.00000	1	2166	11	164	1921	82	164	-23.95977	-inf	-25.18964
15.00000	1.00000	500	2.00000	2	2162	9	154	1932	77	154	-24.52411	-inf	-23.87731
15.00000	1.00000	500	2.00000	3	2216	11	156	1983	78	156	-23.95668	-inf	-24.45681
15.00000	1.00000	500	2.00000	4	2134	13	130	1940	65	130	-24.27377	-inf	-25.54972
20.00000	1.00000	10	0.10000	0	2079	11	200	1788	92	200	-24.09526	-inf	-23.37059
20.00000	1.00000	10	0.10000	1	2076	11	210	1770	97	210	-23.65242	-inf	-24.99787
20.00000	1.00000	10	0.10000	2	2087	13	198	1796	94	198	-24.16154	-inf	-23.60515
20.00000	1.00000	10	0.10000	3	2057	11	206	1755	97	206	-23.89982	-inf	-24.46364
20.00000	1.00000	10	0.10000	4	2179	11	204	1881	95	204	-23.78879	-inf	-25.15724
20.00000	1.00000	10	0.20000	0	2079	11	200	1788	92	200	-24.07436	-inf	-23.33557
20.00000	1.00000	10	0.20000	1	2076	11	210	1770	97	210	-23.63327	-inf	-24.95036
20.00000	1.00000	10	0.20000	2	2087	13	198	1796	94	198	-24.14023	-inf	-23.56101
20.00000	1.00000	10	0.20000	3	2057	11	206	1755	97	206	-23.88023	-inf	-24.43206
20.00000	1.00000	10	0.20000	4	2179	11	204	1881	95	204	-23.76913	-inf	-25.11724
20.00000	1.00000	10	0.50000	0	2079	11	200	1788	92	200	-24.04580	-inf	-23.28586
20.00000	1.00000	10	0.50000	1	2076	11	210	1770	97	210	-23.60750	-inf	-24.88109
20.00000	1.00000	10	0.50000	2	2087	13	198	1796	94	198	-24.11294	-inf	-23.49981
20.00000	1.00000	10	0.50000	3	2057	11	206	1755	97	206	-23.85410	-inf	-24.38758
20.00000	1.00000	10	0.50000	4	2179	11	204	1881	95	204	-23.74270	-inf	-25.06141
20.00000	1.00000	10	1.00000	0	2079	11	200	1788	92	200	-24.03436	-inf	-23.25559
20.00000	1.00000	10	1.00000	1	2076	11	210	1770	97	210	-23.59853	-inf	-24.83415
20.00000	1.00000	10	1.00000	2	2087	13	198	1796	94	198	-24.10454	-inf	-23.46168
20.00000	1.00000	10	1.00000	3	2057	11	206	1755	97	206	-23.84491	-inf	-24.36155
20.00000	1.00000	10	1.00000	4	2179	11	204	1881	95	204	-23.73354	-inf	-25.02650
20.00000	1.00000	10	2.00000	0	2079	11	200	1788	92	200	-24.05784	-inf	-23.25629
20.00000	1.00000	10	2.00000	1	2076	11	210	1770	97	210	-23.62473	-inf	-24.81863
20.00000	1.00000	10	2.00000	2	2087	13	198	1796	94	198	-24.13354	-inf	-23.45638
20.00000	1.00000	10	2.00000	3	2057	11	206	1755	97	206	-23.87027	-inf	-24.36676
20.00000	1.00000	10	2.00000	4	2179	11	204	1881	95	204	-23.76070	-inf	-25.02330
20.00000	1.00000	50	0.10000	0	2069	11	197	1781	92	197	-24.09720	-inf	-23.37186
20.00000	1.00000	50	0.10000	1	2073	11	209	1768	97	209	-23.65243	-inf	-24.99792
20.00000	1.00000	50	0.10000	2	2082	11	196	1794	93	196	-24.16454	-inf	-23.60670
20.00000	1.00000	50	0.10000	3	2057	11	206	1755	97	206	-23.89955	-inf	-24.46333
20.00000	1.00000	50	0.10000	4	2180	11	203	1883	95	203	-23.76727	-inf	-25.13182
20.00000	1.00000	50	0.20000	0	2069	11	197	1781	92	197	-24.07631	-inf	-23.33685
20.00000	1.00000	50	0.20000	1	2073	11	209	1768	97	209	-23.63329	-inf	-24.95047
20.00000	1.00000	50	0.20000	2	2082	11	196	1794	93	196	-24.14319	-inf	-23.56267
20.00000	1.00000	50	0.20000	3	2057	11	206	1755	97	206	-23.87998	-inf	-24.43178
20.00000	1.00000	50	0.20000	4	2180	11	203	1883	95	203	-23.74743	-inf	-25.09266
20.00000	1.00000	50	0.50000	0	2069	11	197	1781	92	197	-24.04781	-inf	-23.28723
20.00000	1.00000	50	0.50000	1	2073	11	209	1768	97	209	-23.60754	-inf	-24.88135
20.00000	1.00000	50	0.50000	2	2082	11	196	1794	93	196	-24.11581	-inf	-23.50156
20.00000	1.00000	50	0.50000	3	2057	11	206	1755	97	206	-23.85389	-inf	-24.38737
20.00000	1.00000	50	0.50000	4	2180	11	203	1883	95	203	-23.72094	-inf	-25.03751
20.00000	1.00000	50	1.00000	0	2069	11	197	1781	92	197	-24.03649	-inf	-23.25714
20.00000	1.00000	50	1.00000	1	2073	11	209	1768	97	209	-23.59859	-inf	-24.83459
20.00000	1.00000	50	1.00000	2	2082	11	196	1794	93	196	-24.10724	-inf	-23.46346
20.00000	1.00000	50	1.00000	3	2057	11	206	1755	97	206	-23.84476	-inf	-24.36141
20.00000	1.00000	50	1.00000	4	2180	11	203	1883	95	203	-23.71204	-inf	-25.00270
20.00000	1.00000	50	2.00000	0	2069	11	197	1781	92	197	-24.06012	-inf	-23.25811
20.00000	1.00000	50	2.00000	1	2073	11	209	1768	97	209	-23.62483	-inf	-24.81932
20.00000	1.00000	50	2.00000	2	2082	11	196	1794	93	196	-24.13593	-inf	-23.45808
20.00000	1.00000	50	2.00000	3	2057	11	206	1755	97	206	-23.87019	-inf	-24.36668
20.00000	1.00000	50	2.00000	4	2180	11	203	1883	95	203	-23.73967	-inf	-24.99916
20.00000	1.00000	100	0.10000	0	2077	11	200	1785	93	200	-24.09688	-inf	-23.37403
20.00000	1.00000	100	0.10000	1	2068	11	207	1765	97	207	-23.65193	-inf	-25.00242
20.00000	1.00000	100	0.10000	2	2077	11	194	1792	92	194	-24.16915	-inf	-23.61180
20.00000	1.00000	100	0.10000	3	2049	11	203	1751	96	203	-23.89904	-inf	-24.46485
20.00000	1.00000	100	0.10000	4	2167	11	199	1876	93	199	-23.78364	-inf	-25.15095
20.00000	1.00000	100	0.20000	0	2077	11	200	1785	93	200	-24.07600	-inf	-23.33920
20.00000	1.00000	100	0.20000	1	2068	11	207	1765	97	207	-23.63269	-inf	-24.95465
20.00000	1.00000	100	0.20000	2	2077	11	194	1792	92	194	-24.14770	-inf	-23.56793
20.00000	1.00000	100	0.20000	3	2049	11	203	1751	96	203	-23.87950	-inf	-24.43312
20.00000	1.00000	100	0.20000	4	2167	11	199	1876	93	199	-23.76393	-inf	-25.11167
20.00000	1.00000	100	0.50000	0	2077	11	200	1785	93	200	-24.04743	-inf	-23.28968
20.00000	1.00000	100	0.50000	1	2068	11	207	1765	97	207	-23.60690	-inf	-24.88487
20.00000	1.00000	100	0.50000	2	2077	11	194	1792	92	194	-24.12012	-inf	-23.50693
20.00000	1.00000	100	0.50000	3	2049	11	203	1751	96	203	-23.85346	-inf	-24.38844
20.00000	1.00000	100	0.50000	4	2167	11	199	1876	93	199	-23.73743	-inf	-25.05671
20.00000	1.00000	100	1.00000	0	2077	11	200	1785	93	200	-24.03590	-inf	-23.25943
20.00000	1.00000	100	1.00000	1	2068	11	207	1765	97	207	-23.59793	-inf	-24.83743
20.00000	1.00000	100	1.00000	2	2077	11	194	1792	92	194	-24.11133	-inf	-23.46876
20.00000	1.00000	100	1.00000	3	2049	11	203	1751	96	203	-23.84437	-inf	-24.36228
20.00000	1.00000	100	1.00000	4	2167	11	199	1876	93	199	-23.72834	-inf	-25.02231
20.00000	1.00000	100	2.00000	0	2077	11	200	1785	93	200	-24.05913	-inf	-23.25997
20.00000	1.00000	100	2.00000	1	2068	11	207	1765	97	207	-23.62406	-inf	-24.82127
20.00000	1.00000	100	2.00000	2	2077	11	194	1792	92	194	-24.13964	-inf	-23.46310
20.00000	1.00000	100	2.00000	3	2049	11	203	1751	96	203	-23.86983	-inf	-24.36743
20.00000	1.00000	100	2.00000	4	2167	11	199	1876	93	199	-23.75572	-inf	-25.01948
20.00000	1.00000	500	0.10000	0	1885	9	140	1676	70	140	-24.45345	-inf	-23.67351
20.00000	1.00000	500	0.10000	1	1890	9	150	1666	75	150	-23.96012	-inf	-25.26730
20.00000	1.00000	500	0.10000	2	1908	9	148	1687	74	148	-24.46602	-inf	-23.90155
20.00000	1.00000	500	0.10000	3	1869	9	146	1651	73	146	-24.21548	-inf	-24.70391
20.00000	1.00000	500	0.10000	4	1843	9	130	1649	65	130	-24.52860	-inf	-25.82828
20.00000	1.00000	500	0.20000	0	1885	9	140	1676	70	140	-24.42926	-inf	-23.63882
20.00000	1.00000	500	0.20000	1	1890	9	150	1666	75	150	-23.93568	-inf	-25.21533
20.00000	1.00000	500	0.20000	2	1908	9	148	1687	74	148	-24.43960	-inf	-23.85145
20.00000	1.00000	500	0.20000	3	1869	9	146	1651	73	146	-24.19072	-inf	-24.66688
20.00000	1.00000	500	0.20000	4	1843	9	130	1649	65	130	-24.49656	-inf	-25.77546
20.00000	1.00000	500	0.50000	0	1885	9	140	1676	70	140	-24.39361	-inf	-23.59044
20.00000	1.00000	500	0.50000	1	1890	9	150	1666	75	150	-23.90065	-inf	-25.13863
20.00000	1.00000	500	0.50000	2	1908	9	148	1687	74	148	-24.40388	-inf	-23.78129
20.00000	1.00000	500	0.50000	3	1869	9	146	1651	73	146	-24.15520	-inf	-24.61278
20.00000	1.00000	500	0.50000	4	1843	9	130	1649	65	130	-24.44812	-inf	-25.69798
20.00000	1.00000	500	1.00000	0	1885	9	140	1676	70	140	-24.37483	-inf	-23.56159
20.00000	1.00000	500	1.00000	1	1890	9	150	1666	75	150	-23.88286	-inf	-25.08501
20.00000	1.00000	500	1.00000	2	1908	9	148	1687	74	148	-24.38682	-inf	-23.73517
20.00000	1.00000	500	1.00000	3	1869	9	146	1651	73	146	-24.13728	-inf	-24.57787
20.00000	1.00000	500	1.00000	4	1843	9	130	1649	65	130	-24.41537	-inf	-25.64132
20.00000	1.00000	500	2.00000	0	1885	9	140	1676	70	140	-24.38793	-inf	-23.56236
20.00000	1.00000	500	2.00000	1	1890	9	150	1666	75	150	-23.89790	-inf	-25.06157
20.00000	1.00000	500	2.00000	2	1908	9	148	1687	74	148	-24.40315	-inf	-23.71939
20.00000	1.00000	500	2.00000	3	1869	9	146	1651	73	146	-24.15181	-inf	-24.57239
20.00000	1.00000	500	2.00000	4	1843	9	130	1649	65	130	-24.40746	-inf	-25.60705
alpha: 1.0, cluster-penalty: 1.0, g-factor: 5.0, min-inst-slice: 10, test_ll: -23.548975664956828, train_ll: -22.22772569241918, valid_ll: -23.548975664956828