parameters:
Namespace(alpha=[0.1, 0.2, 0.5, 1.0, 2.0], clt_leaves=False, cluster_method='GMM', cluster_penalty=[1.0], cv=5, data_exts=None, dataset='data/multilabel/yeast/yeast.5.folds.pklz', dtype='int32', feature_scheme=None, g_factor=[5.0, 10.0, 15.0, 20.0], gzip=True, kde_leaves=False, min_inst_slice=[10, 50, 100, 500], n_iters=100, n_restarts=4, n_row_clusters=2, output='exp/ml-repr-spn-y/', save_model=True, seed=1337, sklearn_args=None, suffix=None, verbose=1, y_only=True)

g-factor:	clu-pen:	min-ins:	alpha:	fold:	n_edges:	depth:	n_weights:	n_leaves:	n_sums:	n_prods:	train_ll	valid_ll:	test_ll
5.00000	1.00000	10	0.10000	0	407	15	99	262	47	99	-4.13550	-inf	-4.22717
5.00000	1.00000	10	0.10000	1	427	15	109	266	53	109	-4.11182	-inf	-4.26227
5.00000	1.00000	10	0.10000	2	360	15	94	220	47	94	-4.12582	-inf	-4.24673
5.00000	1.00000	10	0.10000	3	347	15	87	218	43	87	-4.14065	-inf	-4.29402
5.00000	1.00000	10	0.10000	4	371	13	89	240	43	89	-4.16508	-inf	-4.19701
5.00000	1.00000	10	0.20000	0	407	15	99	262	47	99	-4.14045	-inf	-4.23118
5.00000	1.00000	10	0.20000	1	427	15	109	266	53	109	-4.11806	-inf	-4.26088
5.00000	1.00000	10	0.20000	2	360	15	94	220	47	94	-4.13127	-inf	-4.24358
5.00000	1.00000	10	0.20000	3	347	15	87	218	43	87	-4.14509	-inf	-4.29022
5.00000	1.00000	10	0.20000	4	371	13	89	240	43	89	-4.17054	-inf	-4.19577
5.00000	1.00000	10	0.50000	0	407	15	99	262	47	99	-4.15886	-inf	-4.24846
5.00000	1.00000	10	0.50000	1	427	15	109	266	53	109	-4.13946	-inf	-4.26929
5.00000	1.00000	10	0.50000	2	360	15	94	220	47	94	-4.14839	-inf	-4.24747
5.00000	1.00000	10	0.50000	3	347	15	87	218	43	87	-4.16133	-inf	-4.29160
5.00000	1.00000	10	0.50000	4	371	13	89	240	43	89	-4.18799	-inf	-4.20413
5.00000	1.00000	10	1.00000	0	407	15	99	262	47	99	-4.19244	-inf	-4.28103
5.00000	1.00000	10	1.00000	1	427	15	109	266	53	109	-4.17686	-inf	-4.29414
5.00000	1.00000	10	1.00000	2	360	15	94	220	47	94	-4.17795	-inf	-4.26495
5.00000	1.00000	10	1.00000	3	347	15	87	218	43	87	-4.19086	-inf	-4.30596
5.00000	1.00000	10	1.00000	4	371	13	89	240	43	89	-4.21828	-inf	-4.22748
5.00000	1.00000	10	2.00000	0	407	15	99	262	47	99	-4.26036	-inf	-4.34662
5.00000	1.00000	10	2.00000	1	427	15	109	266	53	109	-4.25049	-inf	-4.35324
5.00000	1.00000	10	2.00000	2	360	15	94	220	47	94	-4.23733	-inf	-4.31023
5.00000	1.00000	10	2.00000	3	347	15	87	218	43	87	-4.25079	-inf	-4.34676
5.00000	1.00000	10	2.00000	4	371	13	89	240	43	89	-4.27933	-inf	-4.28187
5.00000	1.00000	50	0.10000	0	344	13	76	233	36	76	-4.20434	-inf	-4.29956
5.00000	1.00000	50	0.10000	1	331	15	74	222	36	74	-4.26310	-inf	-4.39569
5.00000	1.00000	50	0.10000	2	330	15	82	208	41	82	-4.16529	-inf	-4.29083
5.00000	1.00000	50	0.10000	3	299	13	69	197	34	69	-4.21456	-inf	-4.35477
5.00000	1.00000	50	0.10000	4	301	11	63	209	30	63	-4.25308	-inf	-4.27706
5.00000	1.00000	50	0.20000	0	344	13	76	233	36	76	-4.20692	-inf	-4.29949
5.00000	1.00000	50	0.20000	1	331	15	74	222	36	74	-4.26653	-inf	-4.39250
5.00000	1.00000	50	0.20000	2	330	15	82	208	41	82	-4.16993	-inf	-4.28734
5.00000	1.00000	50	0.20000	3	299	13	69	197	34	69	-4.21785	-inf	-4.35232
5.00000	1.00000	50	0.20000	4	301	11	63	209	30	63	-4.25695	-inf	-4.27532
5.00000	1.00000	50	0.50000	0	344	13	76	233	36	76	-4.22017	-inf	-4.30838
5.00000	1.00000	50	0.50000	1	331	15	74	222	36	74	-4.27974	-inf	-4.39522
5.00000	1.00000	50	0.50000	2	330	15	82	208	41	82	-4.18479	-inf	-4.29002
5.00000	1.00000	50	0.50000	3	299	13	69	197	34	69	-4.23036	-inf	-4.35357
5.00000	1.00000	50	0.50000	4	301	11	63	209	30	63	-4.26981	-inf	-4.28060
5.00000	1.00000	50	1.00000	0	344	13	76	233	36	76	-4.24718	-inf	-4.33154
5.00000	1.00000	50	1.00000	1	331	15	74	222	36	74	-4.30507	-inf	-4.41106
5.00000	1.00000	50	1.00000	2	330	15	82	208	41	82	-4.21089	-inf	-4.30511
5.00000	1.00000	50	1.00000	3	299	13	69	197	34	69	-4.25404	-inf	-4.36470
5.00000	1.00000	50	1.00000	4	301	11	63	209	30	63	-4.29308	-inf	-4.29845
5.00000	1.00000	50	2.00000	0	344	13	76	233	36	76	-4.30527	-inf	-4.38505
5.00000	1.00000	50	2.00000	1	331	15	74	222	36	74	-4.35916	-inf	-4.45469
5.00000	1.00000	50	2.00000	2	330	15	82	208	41	82	-4.26449	-inf	-4.34527
5.00000	1.00000	50	2.00000	3	299	13	69	197	34	69	-4.30404	-inf	-4.39778
5.00000	1.00000	50	2.00000	4	301	11	63	209	30	63	-4.34225	-inf	-4.34284
5.00000	1.00000	100	0.10000	0	268	13	51	194	24	51	-4.39885	-inf	-4.53244
5.00000	1.00000	100	0.10000	1	275	15	58	190	28	58	-4.46184	-inf	-4.61719
5.00000	1.00000	100	0.10000	2	255	11	56	172	28	56	-4.39235	-inf	-4.44677
5.00000	1.00000	100	0.10000	3	245	11	51	170	25	51	-4.34781	-inf	-4.46925
5.00000	1.00000	100	0.10000	4	238	13	47	170	22	47	-4.44066	-inf	-4.43445
5.00000	1.00000	100	0.20000	0	268	13	51	194	24	51	-4.39844	-inf	-4.52909
5.00000	1.00000	100	0.20000	1	275	15	58	190	28	58	-4.46437	-inf	-4.61457
5.00000	1.00000	100	0.20000	2	255	11	56	172	28	56	-4.39500	-inf	-4.44570
5.00000	1.00000	100	0.20000	3	245	11	51	170	25	51	-4.34982	-inf	-4.46574
5.00000	1.00000	100	0.20000	4	238	13	47	170	22	47	-4.44304	-inf	-4.43527
5.00000	1.00000	100	0.50000	0	268	13	51	194	24	51	-4.40403	-inf	-4.52848
5.00000	1.00000	100	0.50000	1	275	15	58	190	28	58	-4.47448	-inf	-4.61572
5.00000	1.00000	100	0.50000	2	255	11	56	172	28	56	-4.40398	-inf	-4.44854
5.00000	1.00000	100	0.50000	3	245	11	51	170	25	51	-4.35841	-inf	-4.46372
5.00000	1.00000	100	0.50000	4	238	13	47	170	22	47	-4.45184	-inf	-4.44304
5.00000	1.00000	100	1.00000	0	268	13	51	194	24	51	-4.41997	-inf	-4.53763
5.00000	1.00000	100	1.00000	1	275	15	58	190	28	58	-4.49391	-inf	-4.62607
5.00000	1.00000	100	1.00000	2	255	11	56	172	28	56	-4.42078	-inf	-4.45927
5.00000	1.00000	100	1.00000	3	245	11	51	170	25	51	-4.37576	-inf	-4.46959
5.00000	1.00000	100	1.00000	4	238	13	47	170	22	47	-4.46847	-inf	-4.46013
5.00000	1.00000	100	2.00000	0	268	13	51	194	24	51	-4.45906	-inf	-4.56754
5.00000	1.00000	100	2.00000	1	275	15	58	190	28	58	-4.53549	-inf	-4.65647
5.00000	1.00000	100	2.00000	2	255	11	56	172	28	56	-4.45731	-inf	-4.48852
5.00000	1.00000	100	2.00000	3	245	11	51	170	25	51	-4.41420	-inf	-4.49290
5.00000	1.00000	100	2.00000	4	238	13	47	170	22	47	-4.50449	-inf	-4.49785
5.00000	1.00000	500	0.10000	0	85	7	9	73	4	9	-5.44126	-inf	-5.43569
5.00000	1.00000	500	0.10000	1	74	7	8	63	4	8	-5.74391	-inf	-5.83101
5.00000	1.00000	500	0.10000	2	72	7	10	58	5	10	-5.51206	-inf	-5.51794
5.00000	1.00000	500	0.10000	3	72	7	10	58	5	10	-5.51924	-inf	-5.48193
5.00000	1.00000	500	0.10000	4	85	7	9	73	4	9	-5.41260	-inf	-5.46009
5.00000	1.00000	500	0.20000	0	85	7	9	73	4	9	-5.43947	-inf	-5.43189
5.00000	1.00000	500	0.20000	1	74	7	8	63	4	8	-5.74130	-inf	-5.82551
5.00000	1.00000	500	0.20000	2	72	7	10	58	5	10	-5.51158	-inf	-5.51758
5.00000	1.00000	500	0.20000	3	72	7	10	58	5	10	-5.51877	-inf	-5.48107
5.00000	1.00000	500	0.20000	4	85	7	9	73	4	9	-5.41188	-inf	-5.45913
5.00000	1.00000	500	0.50000	0	85	7	9	73	4	9	-5.43736	-inf	-5.42762
5.00000	1.00000	500	0.50000	1	74	7	8	63	4	8	-5.73636	-inf	-5.81687
5.00000	1.00000	500	0.50000	2	72	7	10	58	5	10	-5.51181	-inf	-5.51752
5.00000	1.00000	500	0.50000	3	72	7	10	58	5	10	-5.51881	-inf	-5.48065
5.00000	1.00000	500	0.50000	4	85	7	9	73	4	9	-5.41167	-inf	-5.45879
5.00000	1.00000	500	1.00000	0	85	7	9	73	4	9	-5.43744	-inf	-5.42670
5.00000	1.00000	500	1.00000	1	74	7	8	63	4	8	-5.73203	-inf	-5.80990
5.00000	1.00000	500	1.00000	2	72	7	10	58	5	10	-5.51369	-inf	-5.51881
5.00000	1.00000	500	1.00000	3	72	7	10	58	5	10	-5.52039	-inf	-5.48191
5.00000	1.00000	500	1.00000	4	85	7	9	73	4	9	-5.41350	-inf	-5.46029
5.00000	1.00000	500	2.00000	0	85	7	9	73	4	9	-5.44203	-inf	-5.43131
5.00000	1.00000	500	2.00000	1	74	7	8	63	4	8	-5.72908	-inf	-5.80431
5.00000	1.00000	500	2.00000	2	72	7	10	58	5	10	-5.51941	-inf	-5.52351
5.00000	1.00000	500	2.00000	3	72	7	10	58	5	10	-5.52577	-inf	-5.48664
5.00000	1.00000	500	2.00000	4	85	7	9	73	4	9	-5.42002	-inf	-5.46566
10.00000	1.00000	10	0.10000	0	290	13	76	177	38	76	-4.25806	-inf	-4.34306
10.00000	1.00000	10	0.10000	1	296	13	76	184	37	76	-4.25029	-inf	-4.37009
10.00000	1.00000	10	0.10000	2	267	13	72	160	36	72	-4.25713	-inf	-4.30762
10.00000	1.00000	10	0.10000	3	273	13	72	166	36	72	-4.18441	-inf	-4.33784
10.00000	1.00000	10	0.10000	4	258	11	65	162	32	65	-4.25057	-inf	-4.27821
10.00000	1.00000	10	0.20000	0	290	13	76	177	38	76	-4.25893	-inf	-4.33889
10.00000	1.00000	10	0.20000	1	296	13	76	184	37	76	-4.25394	-inf	-4.36829
10.00000	1.00000	10	0.20000	2	267	13	72	160	36	72	-4.25942	-inf	-4.31058
10.00000	1.00000	10	0.20000	3	273	13	72	166	36	72	-4.18754	-inf	-4.33083
10.00000	1.00000	10	0.20000	4	258	11	65	162	32	65	-4.25254	-inf	-4.27705
10.00000	1.00000	10	0.50000	0	290	13	76	177	38	76	-4.26731	-inf	-4.34030
10.00000	1.00000	10	0.50000	1	296	13	76	184	37	76	-4.26664	-inf	-4.37323
10.00000	1.00000	10	0.50000	2	267	13	72	160	36	72	-4.26886	-inf	-4.32024
10.00000	1.00000	10	0.50000	3	273	13	72	166	36	72	-4.19895	-inf	-4.32565
10.00000	1.00000	10	0.50000	4	258	11	65	162	32	65	-4.26134	-inf	-4.28160
10.00000	1.00000	10	1.00000	0	290	13	76	177	38	76	-4.28624	-inf	-4.35372
10.00000	1.00000	10	1.00000	1	296	13	76	184	37	76	-4.28977	-inf	-4.39000
10.00000	1.00000	10	1.00000	2	267	13	72	160	36	72	-4.28745	-inf	-4.33789
10.00000	1.00000	10	1.00000	3	273	13	72	166	36	72	-4.22012	-inf	-4.33125
10.00000	1.00000	10	1.00000	4	258	11	65	162	32	65	-4.27884	-inf	-4.29629
10.00000	1.00000	10	2.00000	0	290	13	76	177	38	76	-4.32842	-inf	-4.38982
10.00000	1.00000	10	2.00000	1	296	13	76	184	37	76	-4.33775	-inf	-4.43132
10.00000	1.00000	10	2.00000	2	267	13	72	160	36	72	-4.32772	-inf	-4.37554
10.00000	1.00000	10	2.00000	3	273	13	72	166	36	72	-4.26456	-inf	-4.35730
10.00000	1.00000	10	2.00000	4	258	11	65	162	32	65	-4.31704	-inf	-4.33261
10.00000	1.00000	50	0.10000	0	270	13	68	169	34	68	-4.29740	-inf	-4.36205
10.00000	1.00000	50	0.10000	1	276	13	68	176	33	68	-4.28845	-inf	-4.39654
10.00000	1.00000	50	0.10000	2	252	11	66	154	33	66	-4.28445	-inf	-4.34110
10.00000	1.00000	50	0.10000	3	263	11	68	162	34	68	-4.20365	-inf	-4.34530
10.00000	1.00000	50	0.10000	4	253	11	63	160	31	63	-4.25643	-inf	-4.28883
10.00000	1.00000	50	0.20000	0	270	13	68	169	34	68	-4.29725	-inf	-4.35932
10.00000	1.00000	50	0.20000	1	276	13	68	176	33	68	-4.29148	-inf	-4.39578
10.00000	1.00000	50	0.20000	2	252	11	66	154	33	66	-4.28615	-inf	-4.34343
10.00000	1.00000	50	0.20000	3	263	11	68	162	34	68	-4.20654	-inf	-4.33809
10.00000	1.00000	50	0.20000	4	253	11	63	160	31	63	-4.25842	-inf	-4.28769
10.00000	1.00000	50	0.50000	0	270	13	68	169	34	68	-4.30331	-inf	-4.36188
10.00000	1.00000	50	0.50000	1	276	13	68	176	33	68	-4.30240	-inf	-4.40126
10.00000	1.00000	50	0.50000	2	252	11	66	154	33	66	-4.29418	-inf	-4.35129
10.00000	1.00000	50	0.50000	3	263	11	68	162	34	68	-4.21725	-inf	-4.33264
10.00000	1.00000	50	0.50000	4	253	11	63	160	31	63	-4.26721	-inf	-4.29202
10.00000	1.00000	50	1.00000	0	270	13	68	169	34	68	-4.31922	-inf	-4.37509
10.00000	1.00000	50	1.00000	1	276	13	68	176	33	68	-4.32274	-inf	-4.41712
10.00000	1.00000	50	1.00000	2	252	11	66	154	33	66	-4.31074	-inf	-4.36620
10.00000	1.00000	50	1.00000	3	263	11	68	162	34	68	-4.23722	-inf	-4.33777
10.00000	1.00000	50	1.00000	4	253	11	63	160	31	63	-4.28457	-inf	-4.30617
10.00000	1.00000	50	2.00000	0	270	13	68	169	34	68	-4.35661	-inf	-4.40935
10.00000	1.00000	50	2.00000	1	276	13	68	176	33	68	-4.36590	-inf	-4.45553
10.00000	1.00000	50	2.00000	2	252	11	66	154	33	66	-4.34752	-inf	-4.39926
10.00000	1.00000	50	2.00000	3	263	11	68	162	34	68	-4.27941	-inf	-4.36274
10.00000	1.00000	50	2.00000	4	253	11	63	160	31	63	-4.32236	-inf	-4.34136
10.00000	1.00000	100	0.10000	0	238	11	56	155	28	56	-4.39326	-inf	-4.46105
10.00000	1.00000	100	0.10000	1	244	11	56	162	27	56	-4.36593	-inf	-4.48324
10.00000	1.00000	100	0.10000	2	216	11	52	139	26	52	-4.41207	-inf	-4.45165
10.00000	1.00000	100	0.10000	3	226	11	54	146	27	54	-4.33244	-inf	-4.46429
10.00000	1.00000	100	0.10000	4	207	11	47	138	23	47	-4.39226	-inf	-4.39226
10.00000	1.00000	100	0.20000	0	238	11	56	155	28	56	-4.39239	-inf	-4.45793
10.00000	1.00000	100	0.20000	1	244	11	56	162	27	56	-4.36817	-inf	-4.48208
10.00000	1.00000	100	0.20000	2	216	11	52	139	26	52	-4.41261	-inf	-4.45301
10.00000	1.00000	100	0.20000	3	226	11	54	146	27	54	-4.33408	-inf	-4.45665
10.00000	1.00000	100	0.20000	4	207	11	47	138	23	47	-4.39353	-inf	-4.39401
10.00000	1.00000	100	0.50000	0	238	11	56	155	28	56	-4.39629	-inf	-4.45877
10.00000	1.00000	100	0.50000	1	244	11	56	162	27	56	-4.37664	-inf	-4.48579
10.00000	1.00000	100	0.50000	2	216	11	52	139	26	52	-4.41744	-inf	-4.45822
10.00000	1.00000	100	0.50000	3	226	11	54	146	27	54	-4.34139	-inf	-4.44875
10.00000	1.00000	100	0.50000	4	207	11	47	138	23	47	-4.39999	-inf	-4.40185
10.00000	1.00000	100	1.00000	0	238	11	56	155	28	56	-4.40871	-inf	-4.46882
10.00000	1.00000	100	1.00000	1	244	11	56	162	27	56	-4.39303	-inf	-4.49814
10.00000	1.00000	100	1.00000	2	216	11	52	139	26	52	-4.42922	-inf	-4.46913
10.00000	1.00000	100	1.00000	3	226	11	54	146	27	54	-4.35626	-inf	-4.44936
10.00000	1.00000	100	1.00000	4	207	11	47	138	23	47	-4.41320	-inf	-4.41697
10.00000	1.00000	100	2.00000	0	238	11	56	155	28	56	-4.43944	-inf	-4.49678
10.00000	1.00000	100	2.00000	1	244	11	56	162	27	56	-4.42897	-inf	-4.52923
10.00000	1.00000	100	2.00000	2	216	11	52	139	26	52	-4.45743	-inf	-4.49490
10.00000	1.00000	100	2.00000	3	226	11	54	146	27	54	-4.38937	-inf	-4.46566
10.00000	1.00000	100	2.00000	4	207	11	47	138	23	47	-4.44262	-inf	-4.44909
10.00000	1.00000	500	0.10000	0	82	7	12	65	6	12	-5.30672	-inf	-5.31761
10.00000	1.00000	500	0.10000	1	80	7	12	63	6	12	-5.56898	-inf	-5.66508
10.00000	1.00000	500	0.10000	2	68	7	10	54	5	10	-5.51109	-inf	-5.51401
10.00000	1.00000	500	0.10000	3	69	7	10	55	5	10	-5.51938	-inf	-5.48154
10.00000	1.00000	500	0.10000	4	90	7	16	67	8	16	-5.17950	-inf	-5.22633
10.00000	1.00000	500	0.20000	0	82	7	12	65	6	12	-5.30471	-inf	-5.31367
10.00000	1.00000	500	0.20000	1	80	7	12	63	6	12	-5.56781	-inf	-5.66088
10.00000	1.00000	500	0.20000	2	68	7	10	54	5	10	-5.51038	-inf	-5.51361
10.00000	1.00000	500	0.20000	3	69	7	10	55	5	10	-5.51875	-inf	-5.48052
10.00000	1.00000	500	0.20000	4	90	7	16	67	8	16	-5.17958	-inf	-5.22564
10.00000	1.00000	500	0.50000	0	82	7	12	65	6	12	-5.30257	-inf	-5.30901
10.00000	1.00000	500	0.50000	1	80	7	12	63	6	12	-5.56548	-inf	-5.65408
10.00000	1.00000	500	0.50000	2	68	7	10	54	5	10	-5.51004	-inf	-5.51335
10.00000	1.00000	500	0.50000	3	69	7	10	55	5	10	-5.51839	-inf	-5.47963
10.00000	1.00000	500	0.50000	4	90	7	16	67	8	16	-5.18082	-inf	-5.22600
10.00000	1.00000	500	1.00000	0	82	7	12	65	6	12	-5.30274	-inf	-5.30739
10.00000	1.00000	500	1.00000	1	80	7	12	63	6	12	-5.56358	-inf	-5.64812
10.00000	1.00000	500	1.00000	2	68	7	10	54	5	10	-5.51108	-inf	-5.51428
10.00000	1.00000	500	1.00000	3	69	7	10	55	5	10	-5.51934	-inf	-5.48010
10.00000	1.00000	500	1.00000	4	90	7	16	67	8	16	-5.18397	-inf	-5.22847
10.00000	1.00000	500	2.00000	0	82	7	12	65	6	12	-5.30737	-inf	-5.31041
10.00000	1.00000	500	2.00000	1	80	7	12	63	6	12	-5.56325	-inf	-5.64274
10.00000	1.00000	500	2.00000	2	68	7	10	54	5	10	-5.51528	-inf	-5.51825
10.00000	1.00000	500	2.00000	3	69	7	10	55	5	10	-5.52350	-inf	-5.48330
10.00000	1.00000	500	2.00000	4	90	7	16	67	8	16	-5.19184	-inf	-5.23531
15.00000	1.00000	10	0.10000	0	244	13	64	149	32	64	-4.32151	-inf	-4.40699
15.00000	1.00000	10	0.10000	1	240	13	62	148	31	62	-4.32942	-inf	-4.44047
15.00000	1.00000	10	0.10000	2	199	11	54	119	27	54	-4.29654	-inf	-4.34897
15.00000	1.00000	10	0.10000	3	206	11	56	123	28	56	-4.25401	-inf	-4.36654
15.00000	1.00000	10	0.10000	4	212	11	51	137	25	51	-4.32289	-inf	-4.32695
15.00000	1.00000	10	0.20000	0	244	13	64	149	32	64	-4.32153	-inf	-4.40298
15.00000	1.00000	10	0.20000	1	240	13	62	148	31	62	-4.33153	-inf	-4.43729
15.00000	1.00000	10	0.20000	2	199	11	54	119	27	54	-4.29750	-inf	-4.34946
15.00000	1.00000	10	0.20000	3	206	11	56	123	28	56	-4.25610	-inf	-4.36180
15.00000	1.00000	10	0.20000	4	212	11	51	137	25	51	-4.32379	-inf	-4.32843
15.00000	1.00000	10	0.50000	0	244	13	64	149	32	64	-4.32712	-inf	-4.40269
15.00000	1.00000	10	0.50000	1	240	13	62	148	31	62	-4.34022	-inf	-4.43823
15.00000	1.00000	10	0.50000	2	199	11	54	119	27	54	-4.30315	-inf	-4.35308
15.00000	1.00000	10	0.50000	3	206	11	56	123	28	56	-4.26435	-inf	-4.35855
15.00000	1.00000	10	0.50000	4	212	11	51	137	25	51	-4.33002	-inf	-4.33591
15.00000	1.00000	10	1.00000	0	244	13	64	149	32	64	-4.34128	-inf	-4.41206
15.00000	1.00000	10	1.00000	1	240	13	62	148	31	62	-4.35725	-inf	-4.44858
15.00000	1.00000	10	1.00000	2	199	11	54	119	27	54	-4.31571	-inf	-4.36261
15.00000	1.00000	10	1.00000	3	206	11	56	123	28	56	-4.28017	-inf	-4.36354
15.00000	1.00000	10	1.00000	4	212	11	51	137	25	51	-4.34386	-inf	-4.35119
15.00000	1.00000	10	2.00000	0	244	13	64	149	32	64	-4.37427	-inf	-4.43987
15.00000	1.00000	10	2.00000	1	240	13	62	148	31	62	-4.39413	-inf	-4.47801
15.00000	1.00000	10	2.00000	2	199	11	54	119	27	54	-4.34485	-inf	-4.38713
15.00000	1.00000	10	2.00000	3	206	11	56	123	28	56	-4.31415	-inf	-4.38491
15.00000	1.00000	10	2.00000	4	212	11	51	137	25	51	-4.37545	-inf	-4.38470
15.00000	1.00000	50	0.10000	0	229	11	58	143	29	58	-4.34753	-inf	-4.43056
15.00000	1.00000	50	0.10000	1	235	13	60	146	30	60	-4.33932	-inf	-4.44362
15.00000	1.00000	50	0.10000	2	199	11	54	119	27	54	-4.29654	-inf	-4.34897
15.00000	1.00000	50	0.10000	3	206	11	56	123	28	56	-4.25401	-inf	-4.36654
15.00000	1.00000	50	0.10000	4	212	11	51	137	25	51	-4.32289	-inf	-4.32695
15.00000	1.00000	50	0.20000	0	229	11	58	143	29	58	-4.34712	-inf	-4.42632
15.00000	1.00000	50	0.20000	1	235	13	60	146	30	60	-4.34123	-inf	-4.44046
15.00000	1.00000	50	0.20000	2	199	11	54	119	27	54	-4.29750	-inf	-4.34946
15.00000	1.00000	50	0.20000	3	206	11	56	123	28	56	-4.25610	-inf	-4.36180
15.00000	1.00000	50	0.20000	4	212	11	51	137	25	51	-4.32379	-inf	-4.32843
15.00000	1.00000	50	0.50000	0	229	11	58	143	29	58	-4.35153	-inf	-4.42526
15.00000	1.00000	50	0.50000	1	235	13	60	146	30	60	-4.34937	-inf	-4.44132
15.00000	1.00000	50	0.50000	2	199	11	54	119	27	54	-4.30315	-inf	-4.35308
15.00000	1.00000	50	0.50000	3	206	11	56	123	28	56	-4.26435	-inf	-4.35855
15.00000	1.00000	50	0.50000	4	212	11	51	137	25	51	-4.33002	-inf	-4.33591
15.00000	1.00000	50	1.00000	0	229	11	58	143	29	58	-4.36389	-inf	-4.43328
15.00000	1.00000	50	1.00000	1	235	13	60	146	30	60	-4.36558	-inf	-4.45144
15.00000	1.00000	50	1.00000	2	199	11	54	119	27	54	-4.31571	-inf	-4.36261
15.00000	1.00000	50	1.00000	3	206	11	56	123	28	56	-4.28017	-inf	-4.36354
15.00000	1.00000	50	1.00000	4	212	11	51	137	25	51	-4.34386	-inf	-4.35119
15.00000	1.00000	50	2.00000	0	229	11	58	143	29	58	-4.39379	-inf	-4.45862
15.00000	1.00000	50	2.00000	1	235	13	60	146	30	60	-4.40112	-inf	-4.48043
15.00000	1.00000	50	2.00000	2	199	11	54	119	27	54	-4.34485	-inf	-4.38713
15.00000	1.00000	50	2.00000	3	206	11	56	123	28	56	-4.31415	-inf	-4.38491
15.00000	1.00000	50	2.00000	4	212	11	51	137	25	51	-4.37545	-inf	-4.38470
15.00000	1.00000	100	0.10000	0	214	11	52	137	26	52	-4.40572	-inf	-4.49919
15.00000	1.00000	100	0.10000	1	215	13	52	138	26	52	-4.39002	-inf	-4.49191
15.00000	1.00000	100	0.10000	2	189	11	50	115	25	50	-4.33366	-inf	-4.39171
15.00000	1.00000	100	0.10000	3	191	11	49	119	24	49	-4.30821	-inf	-4.40231
15.00000	1.00000	100	0.10000	4	195	11	45	129	22	45	-4.39114	-inf	-4.41376
15.00000	1.00000	100	0.20000	0	214	11	52	137	26	52	-4.40500	-inf	-4.49482
15.00000	1.00000	100	0.20000	1	215	13	52	138	26	52	-4.39163	-inf	-4.48874
15.00000	1.00000	100	0.20000	2	189	11	50	115	25	50	-4.33426	-inf	-4.39186
15.00000	1.00000	100	0.20000	3	191	11	49	119	24	49	-4.30992	-inf	-4.39691
15.00000	1.00000	100	0.20000	4	195	11	45	129	22	45	-4.39182	-inf	-4.41490
15.00000	1.00000	100	0.50000	0	214	11	52	137	26	52	-4.40814	-inf	-4.49255
15.00000	1.00000	100	0.50000	1	215	13	52	138	26	52	-4.39860	-inf	-4.48921
15.00000	1.00000	100	0.50000	2	189	11	50	115	25	50	-4.33905	-inf	-4.39450
15.00000	1.00000	100	0.50000	3	191	11	49	119	24	49	-4.31704	-inf	-4.39243
15.00000	1.00000	100	0.50000	4	195	11	45	129	22	45	-4.39718	-inf	-4.42108
15.00000	1.00000	100	1.00000	0	214	11	52	137	26	52	-4.41839	-inf	-4.49799
15.00000	1.00000	100	1.00000	1	215	13	52	138	26	52	-4.41262	-inf	-4.49815
15.00000	1.00000	100	1.00000	2	189	11	50	115	25	50	-4.35037	-inf	-4.40253
15.00000	1.00000	100	1.00000	3	191	11	49	119	24	49	-4.33111	-inf	-4.39604
15.00000	1.00000	100	1.00000	4	195	11	45	129	22	45	-4.40924	-inf	-4.43382
15.00000	1.00000	100	2.00000	0	214	11	52	137	26	52	-4.44438	-inf	-4.51831
15.00000	1.00000	100	2.00000	1	215	13	52	138	26	52	-4.44381	-inf	-4.52397
15.00000	1.00000	100	2.00000	2	189	11	50	115	25	50	-4.37721	-inf	-4.42431
15.00000	1.00000	100	2.00000	3	191	11	49	119	24	49	-4.36191	-inf	-4.41536
15.00000	1.00000	100	2.00000	4	195	11	45	129	22	45	-4.43703	-inf	-4.46199
15.00000	1.00000	500	0.10000	0	82	7	12	65	6	12	-5.30672	-inf	-5.31761
15.00000	1.00000	500	0.10000	1	75	7	10	61	5	10	-5.57782	-inf	-5.66508
15.00000	1.00000	500	0.10000	2	68	7	10	54	5	10	-5.51109	-inf	-5.51401
15.00000	1.00000	500	0.10000	3	68	7	10	54	5	10	-5.51827	-inf	-5.47934
15.00000	1.00000	500	0.10000	4	85	7	14	65	7	14	-5.18357	-inf	-5.22687
15.00000	1.00000	500	0.20000	0	82	7	12	65	6	12	-5.30471	-inf	-5.31367
15.00000	1.00000	500	0.20000	1	75	7	10	61	5	10	-5.57567	-inf	-5.66090
15.00000	1.00000	500	0.20000	2	68	7	10	54	5	10	-5.51038	-inf	-5.51361
15.00000	1.00000	500	0.20000	3	68	7	10	54	5	10	-5.51759	-inf	-5.47827
15.00000	1.00000	500	0.20000	4	85	7	14	65	7	14	-5.18299	-inf	-5.22611
15.00000	1.00000	500	0.50000	0	82	7	12	65	6	12	-5.30257	-inf	-5.30901
15.00000	1.00000	500	0.50000	1	75	7	10	61	5	10	-5.57164	-inf	-5.65415
15.00000	1.00000	500	0.50000	2	68	7	10	54	5	10	-5.51004	-inf	-5.51335
15.00000	1.00000	500	0.50000	3	68	7	10	54	5	10	-5.51712	-inf	-5.47727
15.00000	1.00000	500	0.50000	4	85	7	14	65	7	14	-5.18329	-inf	-5.22630
15.00000	1.00000	500	1.00000	0	82	7	12	65	6	12	-5.30274	-inf	-5.30739
15.00000	1.00000	500	1.00000	1	75	7	10	61	5	10	-5.56823	-inf	-5.64825
15.00000	1.00000	500	1.00000	2	68	7	10	54	5	10	-5.51108	-inf	-5.51428
15.00000	1.00000	500	1.00000	3	68	7	10	54	5	10	-5.51796	-inf	-5.47763
15.00000	1.00000	500	1.00000	4	85	7	14	65	7	14	-5.18575	-inf	-5.22859
15.00000	1.00000	500	2.00000	0	82	7	12	65	6	12	-5.30737	-inf	-5.31041
15.00000	1.00000	500	2.00000	1	75	7	10	61	5	10	-5.56647	-inf	-5.64298
15.00000	1.00000	500	2.00000	2	68	7	10	54	5	10	-5.51528	-inf	-5.51825
15.00000	1.00000	500	2.00000	3	68	7	10	54	5	10	-5.52199	-inf	-5.48072
15.00000	1.00000	500	2.00000	4	85	7	14	65	7	14	-5.19305	-inf	-5.23527
20.00000	1.00000	10	0.10000	0	181	13	46	113	23	46	-4.52495	-inf	-4.59230
20.00000	1.00000	10	0.10000	1	194	11	50	120	25	50	-4.42809	-inf	-4.48551
20.00000	1.00000	10	0.10000	2	198	13	54	118	27	54	-4.40418	-inf	-4.43984
20.00000	1.00000	10	0.10000	3	204	11	56	121	28	56	-4.26546	-inf	-4.36297
20.00000	1.00000	10	0.10000	4	189	11	49	117	24	49	-4.35484	-inf	-4.39699
20.00000	1.00000	10	0.20000	0	181	13	46	113	23	46	-4.52349	-inf	-4.58791
20.00000	1.00000	10	0.20000	1	194	11	50	120	25	50	-4.42852	-inf	-4.48399
20.00000	1.00000	10	0.20000	2	198	13	54	118	27	54	-4.40258	-inf	-4.43783
20.00000	1.00000	10	0.20000	3	204	11	56	121	28	56	-4.26682	-inf	-4.35886
20.00000	1.00000	10	0.20000	4	189	11	49	117	24	49	-4.35478	-inf	-4.39709
20.00000	1.00000	10	0.50000	0	181	13	46	113	23	46	-4.52489	-inf	-4.58528
20.00000	1.00000	10	0.50000	1	194	11	50	120	25	50	-4.43292	-inf	-4.48588
20.00000	1.00000	10	0.50000	2	198	13	54	118	27	54	-4.40352	-inf	-4.43780
20.00000	1.00000	10	0.50000	3	204	11	56	121	28	56	-4.27355	-inf	-4.35706
20.00000	1.00000	10	0.50000	4	189	11	49	117	24	49	-4.35876	-inf	-4.40094
20.00000	1.00000	10	1.00000	0	181	13	46	113	23	46	-4.53268	-inf	-4.58990
20.00000	1.00000	10	1.00000	1	194	11	50	120	25	50	-4.44365	-inf	-4.49480
20.00000	1.00000	10	1.00000	2	198	13	54	118	27	54	-4.41087	-inf	-4.44401
20.00000	1.00000	10	1.00000	3	204	11	56	121	28	56	-4.28737	-inf	-4.36332
20.00000	1.00000	10	1.00000	4	189	11	49	117	24	49	-4.36942	-inf	-4.41096
20.00000	1.00000	10	2.00000	0	181	13	46	113	23	46	-4.55400	-inf	-4.60773
20.00000	1.00000	10	2.00000	1	194	11	50	120	25	50	-4.46938	-inf	-4.51875
20.00000	1.00000	10	2.00000	2	198	13	54	118	27	54	-4.43211	-inf	-4.46360
20.00000	1.00000	10	2.00000	3	204	11	56	121	28	56	-4.31809	-inf	-4.38551
20.00000	1.00000	10	2.00000	4	189	11	49	117	24	49	-4.39542	-inf	-4.43534
20.00000	1.00000	50	0.10000	0	176	11	44	111	22	44	-4.53682	-inf	-4.60246
20.00000	1.00000	50	0.10000	1	194	11	50	120	25	50	-4.42809	-inf	-4.48551
20.00000	1.00000	50	0.10000	2	198	13	54	118	27	54	-4.40418	-inf	-4.43984
20.00000	1.00000	50	0.10000	3	204	11	56	121	28	56	-4.26546	-inf	-4.36297
20.00000	1.00000	50	0.10000	4	189	11	49	117	24	49	-4.35484	-inf	-4.39699
20.00000	1.00000	50	0.20000	0	176	11	44	111	22	44	-4.53528	-inf	-4.59795
20.00000	1.00000	50	0.20000	1	194	11	50	120	25	50	-4.42852	-inf	-4.48399
20.00000	1.00000	50	0.20000	2	198	13	54	118	27	54	-4.40258	-inf	-4.43783
20.00000	1.00000	50	0.20000	3	204	11	56	121	28	56	-4.26682	-inf	-4.35886
20.00000	1.00000	50	0.20000	4	189	11	49	117	24	49	-4.35478	-inf	-4.39709
20.00000	1.00000	50	0.50000	0	176	11	44	111	22	44	-4.53639	-inf	-4.59492
20.00000	1.00000	50	0.50000	1	194	11	50	120	25	50	-4.43292	-inf	-4.48588
20.00000	1.00000	50	0.50000	2	198	13	54	118	27	54	-4.40352	-inf	-4.43780
20.00000	1.00000	50	0.50000	3	204	11	56	121	28	56	-4.27355	-inf	-4.35706
20.00000	1.00000	50	0.50000	4	189	11	49	117	24	49	-4.35876	-inf	-4.40094
20.00000	1.00000	50	1.00000	0	176	11	44	111	22	44	-4.54364	-inf	-4.59893
20.00000	1.00000	50	1.00000	1	194	11	50	120	25	50	-4.44365	-inf	-4.49480
20.00000	1.00000	50	1.00000	2	198	13	54	118	27	54	-4.41087	-inf	-4.44401
20.00000	1.00000	50	1.00000	3	204	11	56	121	28	56	-4.28737	-inf	-4.36332
20.00000	1.00000	50	1.00000	4	189	11	49	117	24	49	-4.36942	-inf	-4.41096
20.00000	1.00000	50	2.00000	0	176	11	44	111	22	44	-4.56385	-inf	-4.61564
20.00000	1.00000	50	2.00000	1	194	11	50	120	25	50	-4.46938	-inf	-4.51875
20.00000	1.00000	50	2.00000	2	198	13	54	118	27	54	-4.43211	-inf	-4.46360
20.00000	1.00000	50	2.00000	3	204	11	56	121	28	56	-4.31809	-inf	-4.38551
20.00000	1.00000	50	2.00000	4	189	11	49	117	24	49	-4.39542	-inf	-4.43534
20.00000	1.00000	100	0.10000	0	171	11	42	109	21	42	-4.54761	-inf	-4.62729
20.00000	1.00000	100	0.10000	1	179	11	44	114	22	44	-4.47878	-inf	-4.53872
20.00000	1.00000	100	0.10000	2	178	13	46	110	23	46	-4.45105	-inf	-4.49511
20.00000	1.00000	100	0.10000	3	189	11	50	115	25	50	-4.33576	-inf	-4.41755
20.00000	1.00000	100	0.10000	4	189	11	49	117	24	49	-4.35484	-inf	-4.39699
20.00000	1.00000	100	0.20000	0	171	11	42	109	21	42	-4.54599	-inf	-4.62263
20.00000	1.00000	100	0.20000	1	179	11	44	114	22	44	-4.47880	-inf	-4.53652
20.00000	1.00000	100	0.20000	2	178	13	46	110	23	46	-4.44927	-inf	-4.49396
20.00000	1.00000	100	0.20000	3	189	11	50	115	25	50	-4.33658	-inf	-4.41281
20.00000	1.00000	100	0.20000	4	189	11	49	117	24	49	-4.35478	-inf	-4.39709
20.00000	1.00000	100	0.50000	0	171	11	42	109	21	42	-4.54687	-inf	-4.61907
20.00000	1.00000	100	0.50000	1	179	11	44	114	22	44	-4.48193	-inf	-4.53654
20.00000	1.00000	100	0.50000	2	178	13	46	110	23	46	-4.44969	-inf	-4.49479
20.00000	1.00000	100	0.50000	3	189	11	50	115	25	50	-4.34181	-inf	-4.40948
20.00000	1.00000	100	0.50000	4	189	11	49	117	24	49	-4.35876	-inf	-4.40094
20.00000	1.00000	100	1.00000	0	171	11	42	109	21	42	-4.55374	-inf	-4.62218
20.00000	1.00000	100	1.00000	1	179	11	44	114	22	44	-4.49052	-inf	-4.54278
20.00000	1.00000	100	1.00000	2	178	13	46	110	23	46	-4.45586	-inf	-4.50053
20.00000	1.00000	100	1.00000	3	189	11	50	115	25	50	-4.35335	-inf	-4.41367
20.00000	1.00000	100	1.00000	4	189	11	49	117	24	49	-4.36942	-inf	-4.41096
20.00000	1.00000	100	2.00000	0	171	11	42	109	21	42	-4.57322	-inf	-4.63721
20.00000	1.00000	100	2.00000	1	179	11	44	114	22	44	-4.51212	-inf	-4.56213
20.00000	1.00000	100	2.00000	2	178	13	46	110	23	46	-4.47433	-inf	-4.51735
20.00000	1.00000	100	2.00000	3	189	11	50	115	25	50	-4.37985	-inf	-4.43239
20.00000	1.00000	100	2.00000	4	189	11	49	117	24	49	-4.39542	-inf	-4.43534
20.00000	1.00000	500	0.10000	0	85	7	14	65	7	14	-5.15231	-inf	-5.21285
20.00000	1.00000	500	0.10000	1	75	7	10	61	5	10	-5.57782	-inf	-5.66508
20.00000	1.00000	500	0.10000	2	83	7	14	63	7	14	-5.08229	-inf	-5.08887
20.00000	1.00000	500	0.10000	3	68	7	10	54	5	10	-5.53107	-inf	-5.50526
20.00000	1.00000	500	0.10000	4	88	7	16	65	8	16	-5.04821	-inf	-5.01013
20.00000	1.00000	500	0.20000	0	85	7	14	65	7	14	-5.15001	-inf	-5.20851
20.00000	1.00000	500	0.20000	1	75	7	10	61	5	10	-5.57567	-inf	-5.66090
20.00000	1.00000	500	0.20000	2	83	7	14	63	7	14	-5.08005	-inf	-5.08748
20.00000	1.00000	500	0.20000	3	68	7	10	54	5	10	-5.53054	-inf	-5.50423
20.00000	1.00000	500	0.20000	4	88	7	16	65	8	16	-5.04741	-inf	-5.00932
20.00000	1.00000	500	0.50000	0	85	7	14	65	7	14	-5.14727	-inf	-5.20289
20.00000	1.00000	500	0.50000	1	75	7	10	61	5	10	-5.57164	-inf	-5.65415
20.00000	1.00000	500	0.50000	2	83	7	14	63	7	14	-5.07785	-inf	-5.08650
20.00000	1.00000	500	0.50000	3	68	7	10	54	5	10	-5.53073	-inf	-5.50322
20.00000	1.00000	500	0.50000	4	88	7	16	65	8	16	-5.04727	-inf	-5.00952
20.00000	1.00000	500	1.00000	0	85	7	14	65	7	14	-5.14684	-inf	-5.19996
20.00000	1.00000	500	1.00000	1	75	7	10	61	5	10	-5.56823	-inf	-5.64825
20.00000	1.00000	500	1.00000	2	83	7	14	63	7	14	-5.07834	-inf	-5.08795
20.00000	1.00000	500	1.00000	3	68	7	10	54	5	10	-5.53250	-inf	-5.50338
20.00000	1.00000	500	1.00000	4	88	7	16	65	8	16	-5.04936	-inf	-5.01204
20.00000	1.00000	500	2.00000	0	85	7	14	65	7	14	-5.15082	-inf	-5.20080
20.00000	1.00000	500	2.00000	1	75	7	10	61	5	10	-5.56647	-inf	-5.64298
20.00000	1.00000	500	2.00000	2	83	7	14	63	7	14	-5.08377	-inf	-5.09431
20.00000	1.00000	500	2.00000	3	68	7	10	54	5	10	-5.53765	-inf	-5.50588
20.00000	1.00000	500	2.00000	4	88	7	16	65	8	16	-5.05654	-inf	-5.01967
alpha: 0.2, cluster-penalty: 1.0, g-factor: 5.0, min-inst-slice: 10, test_ll: -4.244325980000615, train_ll: -4.1410822425480225, valid_ll: -4.244325980000615