parameters:
Namespace(alpha=[0.1, 0.2, 0.5, 1.0, 2.0], clt_leaves=False, cluster_method='GMM', cluster_penalty=[1.0], cv=5, data_exts=None, dataset='data/multilabel/plant978/plant978.5.folds.pklz', dtype='int32', feature_scheme=None, g_factor=[5.0, 10.0, 15.0, 20.0], gzip=True, kde_leaves=False, min_inst_slice=[10, 50, 100, 500], n_iters=100, n_restarts=4, n_row_clusters=2, output='exp/ml-repr-spn-y/', save_model=True, seed=1337, sklearn_args=None, suffix=None, verbose=1, y_only=True)

g-factor:	clu-pen:	min-ins:	alpha:	fold:	n_edges:	depth:	n_weights:	n_leaves:	n_sums:	n_prods:	train_ll	valid_ll:	test_ll
5.00000	1.00000	10	0.10000	0	81	15	16	58	8	16	-2.53450	-inf	-2.60087
5.00000	1.00000	10	0.10000	1	67	11	14	47	7	14	-2.52750	-inf	-2.69047
5.00000	1.00000	10	0.10000	2	90	17	18	64	9	18	-2.50520	-inf	-2.58373
5.00000	1.00000	10	0.10000	3	81	15	16	58	8	16	-2.56062	-inf	-2.49987
5.00000	1.00000	10	0.10000	4	81	15	16	58	8	16	-2.56466	-inf	-2.47623
5.00000	1.00000	10	0.20000	0	81	15	16	58	8	16	-2.53840	-inf	-2.60107
5.00000	1.00000	10	0.20000	1	67	11	14	47	7	14	-2.52970	-inf	-2.67938
5.00000	1.00000	10	0.20000	2	90	17	18	64	9	18	-2.50928	-inf	-2.58678
5.00000	1.00000	10	0.20000	3	81	15	16	58	8	16	-2.56438	-inf	-2.50075
5.00000	1.00000	10	0.20000	4	81	15	16	58	8	16	-2.56828	-inf	-2.48073
5.00000	1.00000	10	0.50000	0	81	15	16	58	8	16	-2.55045	-inf	-2.60794
5.00000	1.00000	10	0.50000	1	67	11	14	47	7	14	-2.53761	-inf	-2.66841
5.00000	1.00000	10	0.50000	2	90	17	18	64	9	18	-2.52210	-inf	-2.59680
5.00000	1.00000	10	0.50000	3	81	15	16	58	8	16	-2.57607	-inf	-2.50952
5.00000	1.00000	10	0.50000	4	81	15	16	58	8	16	-2.57960	-inf	-2.49442
5.00000	1.00000	10	1.00000	0	81	15	16	58	8	16	-2.57126	-inf	-2.62440
5.00000	1.00000	10	1.00000	1	67	11	14	47	7	14	-2.55251	-inf	-2.66806
5.00000	1.00000	10	1.00000	2	90	17	18	64	9	18	-2.54466	-inf	-2.61543
5.00000	1.00000	10	1.00000	3	81	15	16	58	8	16	-2.59633	-inf	-2.52899
5.00000	1.00000	10	1.00000	4	81	15	16	58	8	16	-2.59937	-inf	-2.51751
5.00000	1.00000	10	2.00000	0	81	15	16	58	8	16	-2.61390	-inf	-2.66217
5.00000	1.00000	10	2.00000	1	67	11	14	47	7	14	-2.58448	-inf	-2.68410
5.00000	1.00000	10	2.00000	2	90	17	18	64	9	18	-2.59146	-inf	-2.65611
5.00000	1.00000	10	2.00000	3	81	15	16	58	8	16	-2.63791	-inf	-2.57187
5.00000	1.00000	10	2.00000	4	81	15	16	58	8	16	-2.64027	-inf	-2.56366
5.00000	1.00000	50	0.10000	0	76	13	14	56	7	14	-2.56077	-inf	-2.62563
5.00000	1.00000	50	0.10000	1	67	11	14	47	7	14	-2.52750	-inf	-2.69047
5.00000	1.00000	50	0.10000	2	85	15	16	62	8	16	-2.51044	-inf	-2.59814
5.00000	1.00000	50	0.10000	3	76	13	14	56	7	14	-2.58600	-inf	-2.52832
5.00000	1.00000	50	0.10000	4	76	13	14	56	7	14	-2.58991	-inf	-2.50575
5.00000	1.00000	50	0.20000	0	76	13	14	56	7	14	-2.56440	-inf	-2.62562
5.00000	1.00000	50	0.20000	1	67	11	14	47	7	14	-2.52970	-inf	-2.67938
5.00000	1.00000	50	0.20000	2	85	15	16	62	8	16	-2.51466	-inf	-2.60106
5.00000	1.00000	50	0.20000	3	76	13	14	56	7	14	-2.58952	-inf	-2.52889
5.00000	1.00000	50	0.20000	4	76	13	14	56	7	14	-2.59329	-inf	-2.50989
5.00000	1.00000	50	0.50000	0	76	13	14	56	7	14	-2.57561	-inf	-2.63177
5.00000	1.00000	50	0.50000	1	67	11	14	47	7	14	-2.53761	-inf	-2.66841
5.00000	1.00000	50	0.50000	2	85	15	16	62	8	16	-2.52774	-inf	-2.61058
5.00000	1.00000	50	0.50000	3	76	13	14	56	7	14	-2.60041	-inf	-2.53667
5.00000	1.00000	50	0.50000	4	76	13	14	56	7	14	-2.60382	-inf	-2.52248
5.00000	1.00000	50	1.00000	0	76	13	14	56	7	14	-2.59492	-inf	-2.64694
5.00000	1.00000	50	1.00000	1	67	11	14	47	7	14	-2.55251	-inf	-2.66806
5.00000	1.00000	50	1.00000	2	85	15	16	62	8	16	-2.55033	-inf	-2.62819
5.00000	1.00000	50	1.00000	3	76	13	14	56	7	14	-2.61923	-inf	-2.55443
5.00000	1.00000	50	1.00000	4	76	13	14	56	7	14	-2.62215	-inf	-2.54371
5.00000	1.00000	50	2.00000	0	76	13	14	56	7	14	-2.63447	-inf	-2.68197
5.00000	1.00000	50	2.00000	1	67	11	14	47	7	14	-2.58448	-inf	-2.68410
5.00000	1.00000	50	2.00000	2	85	15	16	62	8	16	-2.59646	-inf	-2.66662
5.00000	1.00000	50	2.00000	3	76	13	14	56	7	14	-2.65783	-inf	-2.59392
5.00000	1.00000	50	2.00000	4	76	13	14	56	7	14	-2.66009	-inf	-2.58624
5.00000	1.00000	100	0.10000	0	70	11	12	53	6	12	-2.58704	-inf	-2.64912
5.00000	1.00000	100	0.10000	1	62	9	12	45	6	12	-2.56165	-inf	-2.72987
5.00000	1.00000	100	0.10000	2	72	11	12	55	6	12	-2.56693	-inf	-2.64908
5.00000	1.00000	100	0.10000	3	70	11	12	53	6	12	-2.61262	-inf	-2.53582
5.00000	1.00000	100	0.10000	4	70	11	12	53	6	12	-2.61574	-inf	-2.53082
5.00000	1.00000	100	0.20000	0	70	11	12	53	6	12	-2.59021	-inf	-2.64867
5.00000	1.00000	100	0.20000	1	62	9	12	45	6	12	-2.56334	-inf	-2.71799
5.00000	1.00000	100	0.20000	2	72	11	12	55	6	12	-2.57031	-inf	-2.65113
5.00000	1.00000	100	0.20000	3	70	11	12	53	6	12	-2.61585	-inf	-2.53945
5.00000	1.00000	100	0.20000	4	70	11	12	53	6	12	-2.61867	-inf	-2.53452
5.00000	1.00000	100	0.50000	0	70	11	12	53	6	12	-2.60007	-inf	-2.65357
5.00000	1.00000	100	0.50000	1	62	9	12	45	6	12	-2.56997	-inf	-2.70544
5.00000	1.00000	100	0.50000	2	72	11	12	55	6	12	-2.58084	-inf	-2.65807
5.00000	1.00000	100	0.50000	3	70	11	12	53	6	12	-2.62583	-inf	-2.55061
5.00000	1.00000	100	0.50000	4	70	11	12	53	6	12	-2.62788	-inf	-2.54581
5.00000	1.00000	100	1.00000	0	70	11	12	53	6	12	-2.61725	-inf	-2.66678
5.00000	1.00000	100	1.00000	1	62	9	12	45	6	12	-2.58282	-inf	-2.70274
5.00000	1.00000	100	1.00000	2	72	11	12	55	6	12	-2.59928	-inf	-2.67148
5.00000	1.00000	100	1.00000	3	70	11	12	53	6	12	-2.64302	-inf	-2.56976
5.00000	1.00000	100	1.00000	4	70	11	12	53	6	12	-2.64414	-inf	-2.56501
5.00000	1.00000	100	2.00000	0	70	11	12	53	6	12	-2.65301	-inf	-2.69831
5.00000	1.00000	100	2.00000	1	62	9	12	45	6	12	-2.61096	-inf	-2.71442
5.00000	1.00000	100	2.00000	2	72	11	12	55	6	12	-2.63765	-inf	-2.70212
5.00000	1.00000	100	2.00000	3	70	11	12	53	6	12	-2.67838	-inf	-2.60874
5.00000	1.00000	100	2.00000	4	70	11	12	53	6	12	-2.67835	-inf	-2.60391
5.00000	1.00000	500	0.10000	0	39	5	4	34	2	4	-2.83383	-inf	-2.90125
5.00000	1.00000	500	0.10000	1	26	3	2	24	1	2	-3.01568	-inf	-3.10842
5.00000	1.00000	500	0.10000	2	39	5	4	34	2	4	-2.83442	-inf	-2.90784
5.00000	1.00000	500	0.10000	3	39	5	4	34	2	4	-2.85766	-inf	-2.79064
5.00000	1.00000	500	0.10000	4	39	5	4	34	2	4	-2.85633	-inf	-2.79968
5.00000	1.00000	500	0.20000	0	39	5	4	34	2	4	-2.83509	-inf	-2.89864
5.00000	1.00000	500	0.20000	1	26	3	2	24	1	2	-3.01548	-inf	-3.10267
5.00000	1.00000	500	0.20000	2	39	5	4	34	2	4	-2.83555	-inf	-2.90746
5.00000	1.00000	500	0.20000	3	39	5	4	34	2	4	-2.85877	-inf	-2.79240
5.00000	1.00000	500	0.20000	4	39	5	4	34	2	4	-2.85744	-inf	-2.80102
5.00000	1.00000	500	0.50000	0	39	5	4	34	2	4	-2.83906	-inf	-2.89713
5.00000	1.00000	500	0.50000	1	26	3	2	24	1	2	-3.01596	-inf	-3.09536
5.00000	1.00000	500	0.50000	2	39	5	4	34	2	4	-2.83925	-inf	-2.90713
5.00000	1.00000	500	0.50000	3	39	5	4	34	2	4	-2.86236	-inf	-2.79776
5.00000	1.00000	500	0.50000	4	39	5	4	34	2	4	-2.86106	-inf	-2.80533
5.00000	1.00000	500	1.00000	0	39	5	4	34	2	4	-2.84624	-inf	-2.89984
5.00000	1.00000	500	1.00000	1	26	3	2	24	1	2	-3.01795	-inf	-3.09123
5.00000	1.00000	500	1.00000	2	39	5	4	34	2	4	-2.84620	-inf	-2.90859
5.00000	1.00000	500	1.00000	3	39	5	4	34	2	4	-2.86900	-inf	-2.80699
5.00000	1.00000	500	1.00000	4	39	5	4	34	2	4	-2.86778	-inf	-2.81320
5.00000	1.00000	500	2.00000	0	39	5	4	34	2	4	-2.86212	-inf	-2.91103
5.00000	1.00000	500	2.00000	1	26	3	2	24	1	2	-3.02367	-inf	-3.09071
5.00000	1.00000	500	2.00000	2	39	5	4	34	2	4	-2.86200	-inf	-2.91629
5.00000	1.00000	500	2.00000	3	39	5	4	34	2	4	-2.88403	-inf	-2.82623
5.00000	1.00000	500	2.00000	4	39	5	4	34	2	4	-2.88300	-inf	-2.83055
10.00000	1.00000	10	0.10000	0	52	11	10	38	5	10	-2.73058	-inf	-2.78544
10.00000	1.00000	10	0.10000	1	47	7	10	33	5	10	-2.71100	-inf	-2.78923
10.00000	1.00000	10	0.10000	2	52	11	10	38	5	10	-2.72951	-inf	-2.79507
10.00000	1.00000	10	0.10000	3	52	11	10	38	5	10	-2.75101	-inf	-2.69918
10.00000	1.00000	10	0.10000	4	52	11	10	38	5	10	-2.75376	-inf	-2.68842
10.00000	1.00000	10	0.20000	0	52	11	10	38	5	10	-2.73270	-inf	-2.78354
10.00000	1.00000	10	0.20000	1	47	7	10	33	5	10	-2.71227	-inf	-2.78522
10.00000	1.00000	10	0.20000	2	52	11	10	38	5	10	-2.73148	-inf	-2.79597
10.00000	1.00000	10	0.20000	3	52	11	10	38	5	10	-2.75299	-inf	-2.70106
10.00000	1.00000	10	0.20000	4	52	11	10	38	5	10	-2.75573	-inf	-2.69074
10.00000	1.00000	10	0.50000	0	52	11	10	38	5	10	-2.73926	-inf	-2.78434
10.00000	1.00000	10	0.50000	1	47	7	10	33	5	10	-2.71721	-inf	-2.78319
10.00000	1.00000	10	0.50000	2	52	11	10	38	5	10	-2.73768	-inf	-2.79923
10.00000	1.00000	10	0.50000	3	52	11	10	38	5	10	-2.75920	-inf	-2.70726
10.00000	1.00000	10	0.50000	4	52	11	10	38	5	10	-2.76187	-inf	-2.69790
10.00000	1.00000	10	1.00000	0	52	11	10	38	5	10	-2.75064	-inf	-2.79100
10.00000	1.00000	10	1.00000	1	47	7	10	33	5	10	-2.72662	-inf	-2.78761
10.00000	1.00000	10	1.00000	2	52	11	10	38	5	10	-2.74863	-inf	-2.80599
10.00000	1.00000	10	1.00000	3	52	11	10	38	5	10	-2.77011	-inf	-2.71859
10.00000	1.00000	10	1.00000	4	52	11	10	38	5	10	-2.77264	-inf	-2.71023
10.00000	1.00000	10	2.00000	0	52	11	10	38	5	10	-2.77416	-inf	-2.80961
10.00000	1.00000	10	2.00000	1	47	7	10	33	5	10	-2.74675	-inf	-2.80319
10.00000	1.00000	10	2.00000	2	52	11	10	38	5	10	-2.77171	-inf	-2.82254
10.00000	1.00000	10	2.00000	3	52	11	10	38	5	10	-2.79291	-inf	-2.74272
10.00000	1.00000	10	2.00000	4	52	11	10	38	5	10	-2.79523	-inf	-2.73552
10.00000	1.00000	50	0.10000	0	52	11	10	38	5	10	-2.73058	-inf	-2.78544
10.00000	1.00000	50	0.10000	1	47	7	10	33	5	10	-2.71100	-inf	-2.78923
10.00000	1.00000	50	0.10000	2	52	11	10	38	5	10	-2.72951	-inf	-2.79507
10.00000	1.00000	50	0.10000	3	52	11	10	38	5	10	-2.75101	-inf	-2.69918
10.00000	1.00000	50	0.10000	4	52	11	10	38	5	10	-2.75376	-inf	-2.68842
10.00000	1.00000	50	0.20000	0	52	11	10	38	5	10	-2.73270	-inf	-2.78354
10.00000	1.00000	50	0.20000	1	47	7	10	33	5	10	-2.71227	-inf	-2.78522
10.00000	1.00000	50	0.20000	2	52	11	10	38	5	10	-2.73148	-inf	-2.79597
10.00000	1.00000	50	0.20000	3	52	11	10	38	5	10	-2.75299	-inf	-2.70106
10.00000	1.00000	50	0.20000	4	52	11	10	38	5	10	-2.75573	-inf	-2.69074
10.00000	1.00000	50	0.50000	0	52	11	10	38	5	10	-2.73926	-inf	-2.78434
10.00000	1.00000	50	0.50000	1	47	7	10	33	5	10	-2.71721	-inf	-2.78319
10.00000	1.00000	50	0.50000	2	52	11	10	38	5	10	-2.73768	-inf	-2.79923
10.00000	1.00000	50	0.50000	3	52	11	10	38	5	10	-2.75920	-inf	-2.70726
10.00000	1.00000	50	0.50000	4	52	11	10	38	5	10	-2.76187	-inf	-2.69790
10.00000	1.00000	50	1.00000	0	52	11	10	38	5	10	-2.75064	-inf	-2.79100
10.00000	1.00000	50	1.00000	1	47	7	10	33	5	10	-2.72662	-inf	-2.78761
10.00000	1.00000	50	1.00000	2	52	11	10	38	5	10	-2.74863	-inf	-2.80599
10.00000	1.00000	50	1.00000	3	52	11	10	38	5	10	-2.77011	-inf	-2.71859
10.00000	1.00000	50	1.00000	4	52	11	10	38	5	10	-2.77264	-inf	-2.71023
10.00000	1.00000	50	2.00000	0	52	11	10	38	5	10	-2.77416	-inf	-2.80961
10.00000	1.00000	50	2.00000	1	47	7	10	33	5	10	-2.74675	-inf	-2.80319
10.00000	1.00000	50	2.00000	2	52	11	10	38	5	10	-2.77171	-inf	-2.82254
10.00000	1.00000	50	2.00000	3	52	11	10	38	5	10	-2.79291	-inf	-2.74272
10.00000	1.00000	50	2.00000	4	52	11	10	38	5	10	-2.79523	-inf	-2.73552
10.00000	1.00000	100	0.10000	0	47	9	8	36	4	8	-2.76983	-inf	-2.81346
10.00000	1.00000	100	0.10000	1	42	5	8	31	4	8	-2.75034	-inf	-2.84068
10.00000	1.00000	100	0.10000	2	47	9	8	36	4	8	-2.76675	-inf	-2.83036
10.00000	1.00000	100	0.10000	3	47	9	8	36	4	8	-2.79014	-inf	-2.72835
10.00000	1.00000	100	0.10000	4	47	9	8	36	4	8	-2.78977	-inf	-2.73253
10.00000	1.00000	100	0.20000	0	47	9	8	36	4	8	-2.77176	-inf	-2.81195
10.00000	1.00000	100	0.20000	1	42	5	8	31	4	8	-2.75139	-inf	-2.83623
10.00000	1.00000	100	0.20000	2	47	9	8	36	4	8	-2.76856	-inf	-2.83097
10.00000	1.00000	100	0.20000	3	47	9	8	36	4	8	-2.79193	-inf	-2.73059
10.00000	1.00000	100	0.20000	4	47	9	8	36	4	8	-2.79157	-inf	-2.73445
10.00000	1.00000	100	0.50000	0	47	9	8	36	4	8	-2.77762	-inf	-2.81337
10.00000	1.00000	100	0.50000	1	42	5	8	31	4	8	-2.75561	-inf	-2.83279
10.00000	1.00000	100	0.50000	2	47	9	8	36	4	8	-2.77418	-inf	-2.83336
10.00000	1.00000	100	0.50000	3	47	9	8	36	4	8	-2.79744	-inf	-2.73733
10.00000	1.00000	100	0.50000	4	47	9	8	36	4	8	-2.79712	-inf	-2.74044
10.00000	1.00000	100	1.00000	0	47	9	8	36	4	8	-2.78762	-inf	-2.82012
10.00000	1.00000	100	1.00000	1	42	5	8	31	4	8	-2.76365	-inf	-2.83491
10.00000	1.00000	100	1.00000	2	47	9	8	36	4	8	-2.78397	-inf	-2.83867
10.00000	1.00000	100	1.00000	3	47	9	8	36	4	8	-2.80698	-inf	-2.74865
10.00000	1.00000	100	1.00000	4	47	9	8	36	4	8	-2.80675	-inf	-2.75084
10.00000	1.00000	100	2.00000	0	47	9	8	36	4	8	-2.80816	-inf	-2.83754
10.00000	1.00000	100	2.00000	1	42	5	8	31	4	8	-2.78088	-inf	-2.84618
10.00000	1.00000	100	2.00000	2	47	9	8	36	4	8	-2.80446	-inf	-2.85240
10.00000	1.00000	100	2.00000	3	47	9	8	36	4	8	-2.82679	-inf	-2.77140
10.00000	1.00000	100	2.00000	4	47	9	8	36	4	8	-2.82675	-inf	-2.77245
10.00000	1.00000	500	0.10000	0	34	5	4	29	2	4	-2.86091	-inf	-2.90965
10.00000	1.00000	500	0.10000	1	26	3	2	24	1	2	-3.01568	-inf	-3.10842
10.00000	1.00000	500	0.10000	2	34	5	4	29	2	4	-2.85953	-inf	-2.92062
10.00000	1.00000	500	0.10000	3	34	5	4	29	2	4	-2.88047	-inf	-2.82677
10.00000	1.00000	500	0.10000	4	34	5	4	29	2	4	-2.88229	-inf	-2.81957
10.00000	1.00000	500	0.20000	0	34	5	4	29	2	4	-2.86231	-inf	-2.90757
10.00000	1.00000	500	0.20000	1	26	3	2	24	1	2	-3.01548	-inf	-3.10267
10.00000	1.00000	500	0.20000	2	34	5	4	29	2	4	-2.86081	-inf	-2.92081
10.00000	1.00000	500	0.20000	3	34	5	4	29	2	4	-2.88174	-inf	-2.82845
10.00000	1.00000	500	0.20000	4	34	5	4	29	2	4	-2.88356	-inf	-2.82096
10.00000	1.00000	500	0.50000	0	34	5	4	29	2	4	-2.86661	-inf	-2.90733
10.00000	1.00000	500	0.50000	1	26	3	2	24	1	2	-3.01596	-inf	-3.09536
10.00000	1.00000	500	0.50000	2	34	5	4	29	2	4	-2.86486	-inf	-2.92186
10.00000	1.00000	500	0.50000	3	34	5	4	29	2	4	-2.88570	-inf	-2.83355
10.00000	1.00000	500	0.50000	4	34	5	4	29	2	4	-2.88756	-inf	-2.82536
10.00000	1.00000	500	1.00000	0	34	5	4	29	2	4	-2.87404	-inf	-2.91137
10.00000	1.00000	500	1.00000	1	26	3	2	24	1	2	-3.01795	-inf	-3.09123
10.00000	1.00000	500	1.00000	2	34	5	4	29	2	4	-2.87208	-inf	-2.92488
10.00000	1.00000	500	1.00000	3	34	5	4	29	2	4	-2.89267	-inf	-2.84217
10.00000	1.00000	500	1.00000	4	34	5	4	29	2	4	-2.89461	-inf	-2.83319
10.00000	1.00000	500	2.00000	0	34	5	4	29	2	4	-2.88959	-inf	-2.92355
10.00000	1.00000	500	2.00000	1	26	3	2	24	1	2	-3.02367	-inf	-3.09071
10.00000	1.00000	500	2.00000	2	34	5	4	29	2	4	-2.88755	-inf	-2.93396
10.00000	1.00000	500	2.00000	3	34	5	4	29	2	4	-2.90752	-inf	-2.85970
10.00000	1.00000	500	2.00000	4	34	5	4	29	2	4	-2.90965	-inf	-2.84985
15.00000	1.00000	10	0.10000	0	37	7	6	29	3	6	-2.82604	-inf	-2.87059
15.00000	1.00000	10	0.10000	1	31	5	4	26	2	4	-2.76541	-inf	-2.85468
15.00000	1.00000	10	0.10000	2	37	7	6	29	3	6	-2.82556	-inf	-2.87696
15.00000	1.00000	10	0.10000	3	37	7	6	29	3	6	-2.84329	-inf	-2.79678
15.00000	1.00000	10	0.10000	4	37	7	6	29	3	6	-2.84681	-inf	-2.78348
15.00000	1.00000	10	0.20000	0	37	7	6	29	3	6	-2.82757	-inf	-2.86885
15.00000	1.00000	10	0.20000	1	31	5	4	26	2	4	-2.76625	-inf	-2.84986
15.00000	1.00000	10	0.20000	2	37	7	6	29	3	6	-2.82698	-inf	-2.87731
15.00000	1.00000	10	0.20000	3	37	7	6	29	3	6	-2.84469	-inf	-2.79850
15.00000	1.00000	10	0.20000	4	37	7	6	29	3	6	-2.84822	-inf	-2.78503
15.00000	1.00000	10	0.50000	0	37	7	6	29	3	6	-2.83223	-inf	-2.86952
15.00000	1.00000	10	0.50000	1	31	5	4	26	2	4	-2.76992	-inf	-2.84579
15.00000	1.00000	10	0.50000	2	37	7	6	29	3	6	-2.83139	-inf	-2.87880
15.00000	1.00000	10	0.50000	3	37	7	6	29	3	6	-2.84903	-inf	-2.80370
15.00000	1.00000	10	0.50000	4	37	7	6	29	3	6	-2.85258	-inf	-2.78985
15.00000	1.00000	10	1.00000	0	37	7	6	29	3	6	-2.84015	-inf	-2.87487
15.00000	1.00000	10	1.00000	1	31	5	4	26	2	4	-2.77711	-inf	-2.84708
15.00000	1.00000	10	1.00000	2	37	7	6	29	3	6	-2.83913	-inf	-2.88249
15.00000	1.00000	10	1.00000	3	37	7	6	29	3	6	-2.85655	-inf	-2.81246
15.00000	1.00000	10	1.00000	4	37	7	6	29	3	6	-2.86017	-inf	-2.79827
15.00000	1.00000	10	2.00000	0	37	7	6	29	3	6	-2.85642	-inf	-2.88907
15.00000	1.00000	10	2.00000	1	31	5	4	26	2	4	-2.79271	-inf	-2.85682
15.00000	1.00000	10	2.00000	2	37	7	6	29	3	6	-2.85538	-inf	-2.89264
15.00000	1.00000	10	2.00000	3	37	7	6	29	3	6	-2.87227	-inf	-2.83016
15.00000	1.00000	10	2.00000	4	37	7	6	29	3	6	-2.87601	-inf	-2.81582
15.00000	1.00000	50	0.10000	0	37	7	6	29	3	6	-2.82604	-inf	-2.87059
15.00000	1.00000	50	0.10000	1	31	5	4	26	2	4	-2.76541	-inf	-2.85468
15.00000	1.00000	50	0.10000	2	37	7	6	29	3	6	-2.82556	-inf	-2.87696
15.00000	1.00000	50	0.10000	3	37	7	6	29	3	6	-2.84329	-inf	-2.79678
15.00000	1.00000	50	0.10000	4	37	7	6	29	3	6	-2.84681	-inf	-2.78348
15.00000	1.00000	50	0.20000	0	37	7	6	29	3	6	-2.82757	-inf	-2.86885
15.00000	1.00000	50	0.20000	1	31	5	4	26	2	4	-2.76625	-inf	-2.84986
15.00000	1.00000	50	0.20000	2	37	7	6	29	3	6	-2.82698	-inf	-2.87731
15.00000	1.00000	50	0.20000	3	37	7	6	29	3	6	-2.84469	-inf	-2.79850
15.00000	1.00000	50	0.20000	4	37	7	6	29	3	6	-2.84822	-inf	-2.78503
15.00000	1.00000	50	0.50000	0	37	7	6	29	3	6	-2.83223	-inf	-2.86952
15.00000	1.00000	50	0.50000	1	31	5	4	26	2	4	-2.76992	-inf	-2.84579
15.00000	1.00000	50	0.50000	2	37	7	6	29	3	6	-2.83139	-inf	-2.87880
15.00000	1.00000	50	0.50000	3	37	7	6	29	3	6	-2.84903	-inf	-2.80370
15.00000	1.00000	50	0.50000	4	37	7	6	29	3	6	-2.85258	-inf	-2.78985
15.00000	1.00000	50	1.00000	0	37	7	6	29	3	6	-2.84015	-inf	-2.87487
15.00000	1.00000	50	1.00000	1	31	5	4	26	2	4	-2.77711	-inf	-2.84708
15.00000	1.00000	50	1.00000	2	37	7	6	29	3	6	-2.83913	-inf	-2.88249
15.00000	1.00000	50	1.00000	3	37	7	6	29	3	6	-2.85655	-inf	-2.81246
15.00000	1.00000	50	1.00000	4	37	7	6	29	3	6	-2.86017	-inf	-2.79827
15.00000	1.00000	50	2.00000	0	37	7	6	29	3	6	-2.85642	-inf	-2.88907
15.00000	1.00000	50	2.00000	1	31	5	4	26	2	4	-2.79271	-inf	-2.85682
15.00000	1.00000	50	2.00000	2	37	7	6	29	3	6	-2.85538	-inf	-2.89264
15.00000	1.00000	50	2.00000	3	37	7	6	29	3	6	-2.87227	-inf	-2.83016
15.00000	1.00000	50	2.00000	4	37	7	6	29	3	6	-2.87601	-inf	-2.81582
15.00000	1.00000	100	0.10000	0	37	7	6	29	3	6	-2.82604	-inf	-2.87059
15.00000	1.00000	100	0.10000	1	31	5	4	26	2	4	-2.76541	-inf	-2.85468
15.00000	1.00000	100	0.10000	2	37	7	6	29	3	6	-2.82556	-inf	-2.87696
15.00000	1.00000	100	0.10000	3	37	7	6	29	3	6	-2.84329	-inf	-2.79678
15.00000	1.00000	100	0.10000	4	37	7	6	29	3	6	-2.84681	-inf	-2.78348
15.00000	1.00000	100	0.20000	0	37	7	6	29	3	6	-2.82757	-inf	-2.86885
15.00000	1.00000	100	0.20000	1	31	5	4	26	2	4	-2.76625	-inf	-2.84986
15.00000	1.00000	100	0.20000	2	37	7	6	29	3	6	-2.82698	-inf	-2.87731
15.00000	1.00000	100	0.20000	3	37	7	6	29	3	6	-2.84469	-inf	-2.79850
15.00000	1.00000	100	0.20000	4	37	7	6	29	3	6	-2.84822	-inf	-2.78503
15.00000	1.00000	100	0.50000	0	37	7	6	29	3	6	-2.83223	-inf	-2.86952
15.00000	1.00000	100	0.50000	1	31	5	4	26	2	4	-2.76992	-inf	-2.84579
15.00000	1.00000	100	0.50000	2	37	7	6	29	3	6	-2.83139	-inf	-2.87880
15.00000	1.00000	100	0.50000	3	37	7	6	29	3	6	-2.84903	-inf	-2.80370
15.00000	1.00000	100	0.50000	4	37	7	6	29	3	6	-2.85258	-inf	-2.78985
15.00000	1.00000	100	1.00000	0	37	7	6	29	3	6	-2.84015	-inf	-2.87487
15.00000	1.00000	100	1.00000	1	31	5	4	26	2	4	-2.77711	-inf	-2.84708
15.00000	1.00000	100	1.00000	2	37	7	6	29	3	6	-2.83913	-inf	-2.88249
15.00000	1.00000	100	1.00000	3	37	7	6	29	3	6	-2.85655	-inf	-2.81246
15.00000	1.00000	100	1.00000	4	37	7	6	29	3	6	-2.86017	-inf	-2.79827
15.00000	1.00000	100	2.00000	0	37	7	6	29	3	6	-2.85642	-inf	-2.88907
15.00000	1.00000	100	2.00000	1	31	5	4	26	2	4	-2.79271	-inf	-2.85682
15.00000	1.00000	100	2.00000	2	37	7	6	29	3	6	-2.85538	-inf	-2.89264
15.00000	1.00000	100	2.00000	3	37	7	6	29	3	6	-2.87227	-inf	-2.83016
15.00000	1.00000	100	2.00000	4	37	7	6	29	3	6	-2.87601	-inf	-2.81582
15.00000	1.00000	500	0.10000	0	32	5	4	27	2	4	-2.87283	-inf	-2.91495
15.00000	1.00000	500	0.10000	1	26	3	2	24	1	2	-3.01568	-inf	-3.10842
15.00000	1.00000	500	0.10000	2	32	5	4	27	2	4	-2.87119	-inf	-2.92602
15.00000	1.00000	500	0.10000	3	32	5	4	27	2	4	-2.88980	-inf	-2.84226
15.00000	1.00000	500	0.10000	4	32	5	4	27	2	4	-2.89300	-inf	-2.83022
15.00000	1.00000	500	0.20000	0	32	5	4	27	2	4	-2.87421	-inf	-2.91304
15.00000	1.00000	500	0.20000	1	26	3	2	24	1	2	-3.01548	-inf	-3.10267
15.00000	1.00000	500	0.20000	2	32	5	4	27	2	4	-2.87245	-inf	-2.92625
15.00000	1.00000	500	0.20000	3	32	5	4	27	2	4	-2.89105	-inf	-2.84382
15.00000	1.00000	500	0.20000	4	32	5	4	27	2	4	-2.89425	-inf	-2.83159
15.00000	1.00000	500	0.50000	0	32	5	4	27	2	4	-2.87839	-inf	-2.91322
15.00000	1.00000	500	0.50000	1	26	3	2	24	1	2	-3.01596	-inf	-3.09536
15.00000	1.00000	500	0.50000	2	32	5	4	27	2	4	-2.87639	-inf	-2.92738
15.00000	1.00000	500	0.50000	3	32	5	4	27	2	4	-2.89491	-inf	-2.84854
15.00000	1.00000	500	0.50000	4	32	5	4	27	2	4	-2.89814	-inf	-2.83588
15.00000	1.00000	500	1.00000	0	32	5	4	27	2	4	-2.88552	-inf	-2.91777
15.00000	1.00000	500	1.00000	1	26	3	2	24	1	2	-3.01795	-inf	-3.09123
15.00000	1.00000	500	1.00000	2	32	5	4	27	2	4	-2.88334	-inf	-2.93038
15.00000	1.00000	500	1.00000	3	32	5	4	27	2	4	-2.90164	-inf	-2.85650
15.00000	1.00000	500	1.00000	4	32	5	4	27	2	4	-2.90495	-inf	-2.84344
15.00000	1.00000	500	2.00000	0	32	5	4	27	2	4	-2.90022	-inf	-2.93039
15.00000	1.00000	500	2.00000	1	26	3	2	24	1	2	-3.02367	-inf	-3.09071
15.00000	1.00000	500	2.00000	2	32	5	4	27	2	4	-2.89802	-inf	-2.93905
15.00000	1.00000	500	2.00000	3	32	5	4	27	2	4	-2.91580	-inf	-2.87263
15.00000	1.00000	500	2.00000	4	32	5	4	27	2	4	-2.91922	-inf	-2.85931
20.00000	1.00000	10	0.10000	0	37	7	6	29	3	6	-2.82604	-inf	-2.87059
20.00000	1.00000	10	0.10000	1	31	5	4	26	2	4	-2.76541	-inf	-2.85468
20.00000	1.00000	10	0.10000	2	37	7	6	29	3	6	-2.82556	-inf	-2.87696
20.00000	1.00000	10	0.10000	3	37	7	6	29	3	6	-2.84329	-inf	-2.79678
20.00000	1.00000	10	0.10000	4	37	7	6	29	3	6	-2.84681	-inf	-2.78348
20.00000	1.00000	10	0.20000	0	37	7	6	29	3	6	-2.82757	-inf	-2.86885
20.00000	1.00000	10	0.20000	1	31	5	4	26	2	4	-2.76625	-inf	-2.84986
20.00000	1.00000	10	0.20000	2	37	7	6	29	3	6	-2.82698	-inf	-2.87731
20.00000	1.00000	10	0.20000	3	37	7	6	29	3	6	-2.84469	-inf	-2.79850
20.00000	1.00000	10	0.20000	4	37	7	6	29	3	6	-2.84822	-inf	-2.78503
20.00000	1.00000	10	0.50000	0	37	7	6	29	3	6	-2.83223	-inf	-2.86952
20.00000	1.00000	10	0.50000	1	31	5	4	26	2	4	-2.76992	-inf	-2.84579
20.00000	1.00000	10	0.50000	2	37	7	6	29	3	6	-2.83139	-inf	-2.87880
20.00000	1.00000	10	0.50000	3	37	7	6	29	3	6	-2.84903	-inf	-2.80370
20.00000	1.00000	10	0.50000	4	37	7	6	29	3	6	-2.85258	-inf	-2.78985
20.00000	1.00000	10	1.00000	0	37	7	6	29	3	6	-2.84015	-inf	-2.87487
20.00000	1.00000	10	1.00000	1	31	5	4	26	2	4	-2.77711	-inf	-2.84708
20.00000	1.00000	10	1.00000	2	37	7	6	29	3	6	-2.83913	-inf	-2.88249
20.00000	1.00000	10	1.00000	3	37	7	6	29	3	6	-2.85655	-inf	-2.81246
20.00000	1.00000	10	1.00000	4	37	7	6	29	3	6	-2.86017	-inf	-2.79827
20.00000	1.00000	10	2.00000	0	37	7	6	29	3	6	-2.85642	-inf	-2.88907
20.00000	1.00000	10	2.00000	1	31	5	4	26	2	4	-2.79271	-inf	-2.85682
20.00000	1.00000	10	2.00000	2	37	7	6	29	3	6	-2.85538	-inf	-2.89264
20.00000	1.00000	10	2.00000	3	37	7	6	29	3	6	-2.87227	-inf	-2.83016
20.00000	1.00000	10	2.00000	4	37	7	6	29	3	6	-2.87601	-inf	-2.81582
20.00000	1.00000	50	0.10000	0	37	7	6	29	3	6	-2.82604	-inf	-2.87059
20.00000	1.00000	50	0.10000	1	31	5	4	26	2	4	-2.76541	-inf	-2.85468
20.00000	1.00000	50	0.10000	2	37	7	6	29	3	6	-2.82556	-inf	-2.87696
20.00000	1.00000	50	0.10000	3	37	7	6	29	3	6	-2.84329	-inf	-2.79678
20.00000	1.00000	50	0.10000	4	37	7	6	29	3	6	-2.84681	-inf	-2.78348
20.00000	1.00000	50	0.20000	0	37	7	6	29	3	6	-2.82757	-inf	-2.86885
20.00000	1.00000	50	0.20000	1	31	5	4	26	2	4	-2.76625	-inf	-2.84986
20.00000	1.00000	50	0.20000	2	37	7	6	29	3	6	-2.82698	-inf	-2.87731
20.00000	1.00000	50	0.20000	3	37	7	6	29	3	6	-2.84469	-inf	-2.79850
20.00000	1.00000	50	0.20000	4	37	7	6	29	3	6	-2.84822	-inf	-2.78503
20.00000	1.00000	50	0.50000	0	37	7	6	29	3	6	-2.83223	-inf	-2.86952
20.00000	1.00000	50	0.50000	1	31	5	4	26	2	4	-2.76992	-inf	-2.84579
20.00000	1.00000	50	0.50000	2	37	7	6	29	3	6	-2.83139	-inf	-2.87880
20.00000	1.00000	50	0.50000	3	37	7	6	29	3	6	-2.84903	-inf	-2.80370
20.00000	1.00000	50	0.50000	4	37	7	6	29	3	6	-2.85258	-inf	-2.78985
20.00000	1.00000	50	1.00000	0	37	7	6	29	3	6	-2.84015	-inf	-2.87487
20.00000	1.00000	50	1.00000	1	31	5	4	26	2	4	-2.77711	-inf	-2.84708
20.00000	1.00000	50	1.00000	2	37	7	6	29	3	6	-2.83913	-inf	-2.88249
20.00000	1.00000	50	1.00000	3	37	7	6	29	3	6	-2.85655	-inf	-2.81246
20.00000	1.00000	50	1.00000	4	37	7	6	29	3	6	-2.86017	-inf	-2.79827
20.00000	1.00000	50	2.00000	0	37	7	6	29	3	6	-2.85642	-inf	-2.88907
20.00000	1.00000	50	2.00000	1	31	5	4	26	2	4	-2.79271	-inf	-2.85682
20.00000	1.00000	50	2.00000	2	37	7	6	29	3	6	-2.85538	-inf	-2.89264
20.00000	1.00000	50	2.00000	3	37	7	6	29	3	6	-2.87227	-inf	-2.83016
20.00000	1.00000	50	2.00000	4	37	7	6	29	3	6	-2.87601	-inf	-2.81582
20.00000	1.00000	100	0.10000	0	37	7	6	29	3	6	-2.82604	-inf	-2.87059
20.00000	1.00000	100	0.10000	1	31	5	4	26	2	4	-2.76541	-inf	-2.85468
20.00000	1.00000	100	0.10000	2	37	7	6	29	3	6	-2.82556	-inf	-2.87696
20.00000	1.00000	100	0.10000	3	37	7	6	29	3	6	-2.84329	-inf	-2.79678
20.00000	1.00000	100	0.10000	4	37	7	6	29	3	6	-2.84681	-inf	-2.78348
20.00000	1.00000	100	0.20000	0	37	7	6	29	3	6	-2.82757	-inf	-2.86885
20.00000	1.00000	100	0.20000	1	31	5	4	26	2	4	-2.76625	-inf	-2.84986
20.00000	1.00000	100	0.20000	2	37	7	6	29	3	6	-2.82698	-inf	-2.87731
20.00000	1.00000	100	0.20000	3	37	7	6	29	3	6	-2.84469	-inf	-2.79850
20.00000	1.00000	100	0.20000	4	37	7	6	29	3	6	-2.84822	-inf	-2.78503
20.00000	1.00000	100	0.50000	0	37	7	6	29	3	6	-2.83223	-inf	-2.86952
20.00000	1.00000	100	0.50000	1	31	5	4	26	2	4	-2.76992	-inf	-2.84579
20.00000	1.00000	100	0.50000	2	37	7	6	29	3	6	-2.83139	-inf	-2.87880
20.00000	1.00000	100	0.50000	3	37	7	6	29	3	6	-2.84903	-inf	-2.80370
20.00000	1.00000	100	0.50000	4	37	7	6	29	3	6	-2.85258	-inf	-2.78985
20.00000	1.00000	100	1.00000	0	37	7	6	29	3	6	-2.84015	-inf	-2.87487
20.00000	1.00000	100	1.00000	1	31	5	4	26	2	4	-2.77711	-inf	-2.84708
20.00000	1.00000	100	1.00000	2	37	7	6	29	3	6	-2.83913	-inf	-2.88249
20.00000	1.00000	100	1.00000	3	37	7	6	29	3	6	-2.85655	-inf	-2.81246
20.00000	1.00000	100	1.00000	4	37	7	6	29	3	6	-2.86017	-inf	-2.79827
20.00000	1.00000	100	2.00000	0	37	7	6	29	3	6	-2.85642	-inf	-2.88907
20.00000	1.00000	100	2.00000	1	31	5	4	26	2	4	-2.79271	-inf	-2.85682
20.00000	1.00000	100	2.00000	2	37	7	6	29	3	6	-2.85538	-inf	-2.89264
20.00000	1.00000	100	2.00000	3	37	7	6	29	3	6	-2.87227	-inf	-2.83016
20.00000	1.00000	100	2.00000	4	37	7	6	29	3	6	-2.87601	-inf	-2.81582
20.00000	1.00000	500	0.10000	0	32	5	4	27	2	4	-2.87283	-inf	-2.91495
20.00000	1.00000	500	0.10000	1	26	3	2	24	1	2	-3.01568	-inf	-3.10842
20.00000	1.00000	500	0.10000	2	32	5	4	27	2	4	-2.87119	-inf	-2.92602
20.00000	1.00000	500	0.10000	3	32	5	4	27	2	4	-2.88980	-inf	-2.84226
20.00000	1.00000	500	0.10000	4	32	5	4	27	2	4	-2.89300	-inf	-2.83022
20.00000	1.00000	500	0.20000	0	32	5	4	27	2	4	-2.87421	-inf	-2.91304
20.00000	1.00000	500	0.20000	1	26	3	2	24	1	2	-3.01548	-inf	-3.10267
20.00000	1.00000	500	0.20000	2	32	5	4	27	2	4	-2.87245	-inf	-2.92625
20.00000	1.00000	500	0.20000	3	32	5	4	27	2	4	-2.89105	-inf	-2.84382
20.00000	1.00000	500	0.20000	4	32	5	4	27	2	4	-2.89425	-inf	-2.83159
20.00000	1.00000	500	0.50000	0	32	5	4	27	2	4	-2.87839	-inf	-2.91322
20.00000	1.00000	500	0.50000	1	26	3	2	24	1	2	-3.01596	-inf	-3.09536
20.00000	1.00000	500	0.50000	2	32	5	4	27	2	4	-2.87639	-inf	-2.92738
20.00000	1.00000	500	0.50000	3	32	5	4	27	2	4	-2.89491	-inf	-2.84854
20.00000	1.00000	500	0.50000	4	32	5	4	27	2	4	-2.89814	-inf	-2.83588
20.00000	1.00000	500	1.00000	0	32	5	4	27	2	4	-2.88552	-inf	-2.91777
20.00000	1.00000	500	1.00000	1	26	3	2	24	1	2	-3.01795	-inf	-3.09123
20.00000	1.00000	500	1.00000	2	32	5	4	27	2	4	-2.88334	-inf	-2.93038
20.00000	1.00000	500	1.00000	3	32	5	4	27	2	4	-2.90164	-inf	-2.85650
20.00000	1.00000	500	1.00000	4	32	5	4	27	2	4	-2.90495	-inf	-2.84344
20.00000	1.00000	500	2.00000	0	32	5	4	27	2	4	-2.90022	-inf	-2.93039
20.00000	1.00000	500	2.00000	1	26	3	2	24	1	2	-3.02367	-inf	-3.09071
20.00000	1.00000	500	2.00000	2	32	5	4	27	2	4	-2.89802	-inf	-2.93905
20.00000	1.00000	500	2.00000	3	32	5	4	27	2	4	-2.91580	-inf	-2.87263
20.00000	1.00000	500	2.00000	4	32	5	4	27	2	4	-2.91922	-inf	-2.85931
alpha: 0.2, cluster-penalty: 1.0, g-factor: 5.0, min-inst-slice: 10, test_ll: -2.569742704263577, train_ll: -2.542007911027805, valid_ll: -2.569742704263577