parameters:
Namespace(alpha=[0.1, 0.2, 0.5, 1.0, 2.0], clt_leaves=False, cluster_method='GMM', cluster_penalty=[1.0], cv=5, dataset='data/multilabel/human3106/human3106.5.folds.pklz', features=None, g_factor=[5.0, 10.0, 15.0, 20.0], gzip=True, kde_leaves=False, min_inst_slice=[10, 50, 100, 500], n_iters=100, n_restarts=4, n_row_clusters=2, output='exp/ml-repr-spn/', save_model=True, seed=1337, sklearn_args=None, suffix=None, test_ext=None, train_ext=None, valid_ext=None, verbose=1)

g-factor:	clu-pen:	min-ins:	alpha:	fold:	n_edges:	depth:	n_weights:	n_leaves:	n_sums:	n_prods:	train_ll	valid_ll:	test_ll
5.00000	1.00000	10	0.10000	0	15216	19	2313	11758	1146	2313	-121.54777	-inf	-131.07007
5.00000	1.00000	10	0.10000	1	15410	17	2392	11828	1191	2392	-121.23769	-inf	-131.65337
5.00000	1.00000	10	0.10000	2	15310	19	2351	11792	1168	2351	-121.79559	-inf	-130.75836
5.00000	1.00000	10	0.10000	3	15127	19	2283	11710	1135	2283	-122.13917	-inf	-129.44642
5.00000	1.00000	10	0.10000	4	15720	21	2453	12055	1213	2453	-121.84669	-inf	-129.42236
5.00000	1.00000	10	0.20000	0	15216	19	2313	11758	1146	2313	-121.54683	-inf	-130.50614
5.00000	1.00000	10	0.20000	1	15410	17	2392	11828	1191	2392	-121.23925	-inf	-131.09229
5.00000	1.00000	10	0.20000	2	15310	19	2351	11792	1168	2351	-121.78883	-inf	-130.25250
5.00000	1.00000	10	0.20000	3	15127	19	2283	11710	1135	2283	-122.12864	-inf	-128.93353
5.00000	1.00000	10	0.20000	4	15720	21	2453	12055	1213	2453	-121.84354	-inf	-128.87083
5.00000	1.00000	10	0.50000	0	15216	19	2313	11758	1146	2313	-121.63857	-inf	-129.66767
5.00000	1.00000	10	0.50000	1	15410	17	2392	11828	1191	2392	-121.33953	-inf	-130.25443
5.00000	1.00000	10	0.50000	2	15310	19	2351	11792	1168	2351	-121.87623	-inf	-129.50427
5.00000	1.00000	10	0.50000	3	15127	19	2283	11710	1135	2283	-122.20567	-inf	-128.16499
5.00000	1.00000	10	0.50000	4	15720	21	2453	12055	1213	2453	-121.93064	-inf	-128.06146
5.00000	1.00000	10	1.00000	0	15216	19	2313	11758	1146	2313	-121.91471	-inf	-129.06068
5.00000	1.00000	10	1.00000	1	15410	17	2392	11828	1191	2392	-121.62931	-inf	-129.64697
5.00000	1.00000	10	1.00000	2	15310	19	2351	11792	1168	2351	-122.15190	-inf	-128.97152
5.00000	1.00000	10	1.00000	3	15127	19	2283	11710	1135	2283	-122.46550	-inf	-127.59851
5.00000	1.00000	10	1.00000	4	15720	21	2453	12055	1213	2453	-122.20427	-inf	-127.48093
5.00000	1.00000	10	2.00000	0	15216	19	2313	11758	1146	2313	-122.63806	-inf	-128.72295
5.00000	1.00000	10	2.00000	1	15410	17	2392	11828	1191	2392	-122.37510	-inf	-129.29584
5.00000	1.00000	10	2.00000	2	15310	19	2351	11792	1168	2351	-122.87256	-inf	-128.69021
5.00000	1.00000	10	2.00000	3	15127	19	2283	11710	1135	2283	-123.16051	-inf	-127.28023
5.00000	1.00000	10	2.00000	4	15720	21	2453	12055	1213	2453	-122.93027	-inf	-127.15602
5.00000	1.00000	50	0.10000	0	13250	17	1682	10734	835	1682	-122.70943	-inf	-130.75136
5.00000	1.00000	50	0.10000	1	13094	17	1591	10710	794	1591	-122.59536	-inf	-131.12966
5.00000	1.00000	50	0.10000	2	13188	17	1589	10809	791	1589	-122.96283	-inf	-130.32965
5.00000	1.00000	50	0.10000	3	13306	17	1658	10822	827	1658	-123.24461	-inf	-129.05821
5.00000	1.00000	50	0.10000	4	13153	19	1590	10773	791	1590	-123.34467	-inf	-128.99883
5.00000	1.00000	50	0.20000	0	13250	17	1682	10734	835	1682	-122.68114	-inf	-130.30655
5.00000	1.00000	50	0.20000	1	13094	17	1591	10710	794	1591	-122.57008	-inf	-130.70234
5.00000	1.00000	50	0.20000	2	13188	17	1589	10809	791	1589	-122.93687	-inf	-129.93206
5.00000	1.00000	50	0.20000	3	13306	17	1658	10822	827	1658	-123.21561	-inf	-128.63508
5.00000	1.00000	50	0.20000	4	13153	19	1590	10773	791	1590	-123.30795	-inf	-128.57540
5.00000	1.00000	50	0.50000	0	13250	17	1682	10734	835	1682	-122.70367	-inf	-129.63975
5.00000	1.00000	50	0.50000	1	13094	17	1591	10710	794	1591	-122.59701	-inf	-130.06700
5.00000	1.00000	50	0.50000	2	13188	17	1589	10809	791	1589	-122.96895	-inf	-129.33978
5.00000	1.00000	50	0.50000	3	13306	17	1658	10822	827	1658	-123.24222	-inf	-128.01010
5.00000	1.00000	50	0.50000	4	13153	19	1590	10773	791	1590	-123.31429	-inf	-127.94650
5.00000	1.00000	50	1.00000	0	13250	17	1682	10734	835	1682	-122.87279	-inf	-129.15186
5.00000	1.00000	50	1.00000	1	13094	17	1591	10710	794	1591	-122.77149	-inf	-129.61010
5.00000	1.00000	50	1.00000	2	13188	17	1589	10809	791	1589	-123.15336	-inf	-128.91708
5.00000	1.00000	50	1.00000	3	13306	17	1658	10822	827	1658	-123.42308	-inf	-127.56040
5.00000	1.00000	50	1.00000	4	13153	19	1590	10773	791	1590	-123.46800	-inf	-127.49133
5.00000	1.00000	50	2.00000	0	13250	17	1682	10734	835	1682	-123.40061	-inf	-128.87813
5.00000	1.00000	50	2.00000	1	13094	17	1591	10710	794	1591	-123.31272	-inf	-129.37070
5.00000	1.00000	50	2.00000	2	13188	17	1589	10809	791	1589	-123.70698	-inf	-128.70857
5.00000	1.00000	50	2.00000	3	13306	17	1658	10822	827	1658	-123.97561	-inf	-127.33129
5.00000	1.00000	50	2.00000	4	13153	19	1590	10773	791	1590	-123.97804	-inf	-127.25851
5.00000	1.00000	100	0.10000	0	8869	15	496	8127	247	496	-125.45025	-inf	-130.25992
5.00000	1.00000	100	0.10000	1	8669	15	496	7926	248	496	-125.43541	-inf	-130.46763
5.00000	1.00000	100	0.10000	2	8601	15	436	7948	218	436	-125.89969	-inf	-129.75210
5.00000	1.00000	100	0.10000	3	8440	15	446	7772	223	446	-126.30292	-inf	-128.46036
5.00000	1.00000	100	0.10000	4	8866	15	520	8087	260	520	-125.95475	-inf	-128.58028
5.00000	1.00000	100	0.20000	0	8869	15	496	8127	247	496	-125.39422	-inf	-129.98700
5.00000	1.00000	100	0.20000	1	8669	15	496	7926	248	496	-125.38350	-inf	-130.24169
5.00000	1.00000	100	0.20000	2	8601	15	436	7948	218	436	-125.84837	-inf	-129.56571
5.00000	1.00000	100	0.20000	3	8440	15	446	7772	223	446	-126.23965	-inf	-128.22073
5.00000	1.00000	100	0.20000	4	8866	15	520	8087	260	520	-125.89802	-inf	-128.33861
5.00000	1.00000	100	0.50000	0	8869	15	496	8127	247	496	-125.35219	-inf	-129.60782
5.00000	1.00000	100	0.50000	1	8669	15	496	7926	248	496	-125.34041	-inf	-129.92338
5.00000	1.00000	100	0.50000	2	8601	15	436	7948	218	436	-125.81144	-inf	-129.31512
5.00000	1.00000	100	0.50000	3	8440	15	446	7772	223	446	-126.18009	-inf	-127.88575
5.00000	1.00000	100	0.50000	4	8866	15	520	8087	260	520	-125.85230	-inf	-127.99446
5.00000	1.00000	100	1.00000	0	8869	15	496	8127	247	496	-125.41058	-inf	-129.36023
5.00000	1.00000	100	1.00000	1	8669	15	496	7926	248	496	-125.38949	-inf	-129.71394
5.00000	1.00000	100	1.00000	2	8601	15	436	7948	218	436	-125.87092	-inf	-129.17290
5.00000	1.00000	100	1.00000	3	8440	15	446	7772	223	446	-126.21611	-inf	-127.67601
5.00000	1.00000	100	1.00000	4	8866	15	520	8087	260	520	-125.90548	-inf	-127.76575
5.00000	1.00000	100	2.00000	0	8869	15	496	8127	247	496	-125.69490	-inf	-129.27939
5.00000	1.00000	100	2.00000	1	8669	15	496	7926	248	496	-125.65088	-inf	-129.65399
5.00000	1.00000	100	2.00000	2	8601	15	436	7948	218	436	-126.14956	-inf	-129.19168
5.00000	1.00000	100	2.00000	3	8440	15	446	7772	223	446	-126.46957	-inf	-127.63911
5.00000	1.00000	100	2.00000	4	8866	15	520	8087	260	520	-126.18875	-inf	-127.70330
5.00000	1.00000	500	0.10000	0	2791	9	14	2771	7	14	-130.02119	-inf	-131.94159
5.00000	1.00000	500	0.10000	1	2553	7	14	2533	7	14	-130.37332	-inf	-132.48381
5.00000	1.00000	500	0.10000	2	2550	7	16	2527	8	16	-130.58487	-inf	-131.93625
5.00000	1.00000	500	0.10000	3	2784	9	18	2758	9	18	-130.43557	-inf	-130.18664
5.00000	1.00000	500	0.10000	4	2800	9	22	2768	11	22	-130.24219	-inf	-130.17185
5.00000	1.00000	500	0.20000	0	2791	9	14	2771	7	14	-129.95711	-inf	-131.82738
5.00000	1.00000	500	0.20000	1	2553	7	14	2533	7	14	-130.31744	-inf	-132.37586
5.00000	1.00000	500	0.20000	2	2550	7	16	2527	8	16	-130.52412	-inf	-131.83677
5.00000	1.00000	500	0.20000	3	2784	9	18	2758	9	18	-130.36805	-inf	-130.05827
5.00000	1.00000	500	0.20000	4	2800	9	22	2768	11	22	-130.18031	-inf	-130.06334
5.00000	1.00000	500	0.50000	0	2791	9	14	2771	7	14	-129.87990	-inf	-131.67343
5.00000	1.00000	500	0.50000	1	2553	7	14	2533	7	14	-130.25037	-inf	-132.23143
5.00000	1.00000	500	0.50000	2	2550	7	16	2527	8	16	-130.44882	-inf	-131.70782
5.00000	1.00000	500	0.50000	3	2784	9	18	2758	9	18	-130.28561	-inf	-129.88824
5.00000	1.00000	500	0.50000	4	2800	9	22	2768	11	22	-130.10200	-inf	-129.92521
5.00000	1.00000	500	1.00000	0	2791	9	14	2771	7	14	-129.85031	-inf	-131.57610
5.00000	1.00000	500	1.00000	1	2553	7	14	2533	7	14	-130.22637	-inf	-132.14037
5.00000	1.00000	500	1.00000	2	2550	7	16	2527	8	16	-130.41625	-inf	-131.62835
5.00000	1.00000	500	1.00000	3	2784	9	18	2758	9	18	-130.25220	-inf	-129.78168
5.00000	1.00000	500	1.00000	4	2800	9	22	2768	11	22	-130.06840	-inf	-129.85220
5.00000	1.00000	500	2.00000	0	2791	9	14	2771	7	14	-129.89745	-inf	-131.54286
5.00000	1.00000	500	2.00000	1	2553	7	14	2533	7	14	-130.27260	-inf	-132.11277
5.00000	1.00000	500	2.00000	2	2550	7	16	2527	8	16	-130.45230	-inf	-131.60769
5.00000	1.00000	500	2.00000	3	2784	9	18	2758	9	18	-130.29706	-inf	-129.74584
5.00000	1.00000	500	2.00000	4	2800	9	22	2768	11	22	-130.11077	-inf	-129.86165
10.00000	1.00000	10	0.10000	0	4338	15	574	3482	283	574	-127.04562	-inf	-130.05803
10.00000	1.00000	10	0.10000	1	4286	15	542	3480	265	542	-126.99554	-inf	-130.10926
10.00000	1.00000	10	0.10000	2	4220	15	540	3417	264	540	-126.86856	-inf	-129.06912
10.00000	1.00000	10	0.10000	3	4325	15	546	3509	271	546	-127.61942	-inf	-128.00630
10.00000	1.00000	10	0.10000	4	4353	15	555	3528	271	555	-127.29468	-inf	-128.21996
10.00000	1.00000	10	0.20000	0	4338	15	574	3482	283	574	-126.97529	-inf	-129.89598
10.00000	1.00000	10	0.20000	1	4286	15	542	3480	265	542	-126.92935	-inf	-129.97428
10.00000	1.00000	10	0.20000	2	4220	15	540	3417	264	540	-126.80140	-inf	-128.96267
10.00000	1.00000	10	0.20000	3	4325	15	546	3509	271	546	-127.54769	-inf	-127.87693
10.00000	1.00000	10	0.20000	4	4353	15	555	3528	271	555	-127.22339	-inf	-128.07654
10.00000	1.00000	10	0.50000	0	4338	15	574	3482	283	574	-126.87749	-inf	-129.65332
10.00000	1.00000	10	0.50000	1	4286	15	542	3480	265	542	-126.84085	-inf	-129.77210
10.00000	1.00000	10	0.50000	2	4220	15	540	3417	264	540	-126.71224	-inf	-128.80093
10.00000	1.00000	10	0.50000	3	4325	15	546	3509	271	546	-127.44773	-inf	-127.68555
10.00000	1.00000	10	0.50000	4	4353	15	555	3528	271	555	-127.12589	-inf	-127.86182
10.00000	1.00000	10	1.00000	0	4338	15	574	3482	283	574	-126.82015	-inf	-129.46435
10.00000	1.00000	10	1.00000	1	4286	15	542	3480	265	542	-126.79427	-inf	-129.61561
10.00000	1.00000	10	1.00000	2	4220	15	540	3417	264	540	-126.66788	-inf	-128.67839
10.00000	1.00000	10	1.00000	3	4325	15	546	3509	271	546	-127.39139	-inf	-127.54018
10.00000	1.00000	10	1.00000	4	4353	15	555	3528	271	555	-127.07245	-inf	-127.69913
10.00000	1.00000	10	2.00000	0	4338	15	574	3482	283	574	-126.83105	-inf	-129.31718
10.00000	1.00000	10	2.00000	1	4286	15	542	3480	265	542	-126.82174	-inf	-129.50513
10.00000	1.00000	10	2.00000	2	4220	15	540	3417	264	540	-126.69983	-inf	-128.60526
10.00000	1.00000	10	2.00000	3	4325	15	546	3509	271	546	-127.40940	-inf	-127.44302
10.00000	1.00000	10	2.00000	4	4353	15	555	3528	271	555	-127.09386	-inf	-127.59138
10.00000	1.00000	50	0.10000	0	4311	15	565	3468	279	565	-127.06251	-inf	-130.08989
10.00000	1.00000	50	0.10000	1	4262	15	532	3471	260	532	-127.01323	-inf	-130.11328
10.00000	1.00000	50	0.10000	2	4203	15	532	3412	260	532	-126.88147	-inf	-129.07826
10.00000	1.00000	50	0.10000	3	4335	15	550	3513	273	550	-127.64381	-inf	-128.03678
10.00000	1.00000	50	0.10000	4	4352	15	555	3527	271	555	-127.30164	-inf	-128.22199
10.00000	1.00000	50	0.20000	0	4311	15	565	3468	279	565	-126.99231	-inf	-129.92583
10.00000	1.00000	50	0.20000	1	4262	15	532	3471	260	532	-126.94622	-inf	-129.97817
10.00000	1.00000	50	0.20000	2	4203	15	532	3412	260	532	-126.81451	-inf	-128.97267
10.00000	1.00000	50	0.20000	3	4335	15	550	3513	273	550	-127.57193	-inf	-127.90804
10.00000	1.00000	50	0.20000	4	4352	15	555	3527	271	555	-127.23039	-inf	-128.07882
10.00000	1.00000	50	0.50000	0	4311	15	565	3468	279	565	-126.89438	-inf	-129.68048
10.00000	1.00000	50	0.50000	1	4262	15	532	3471	260	532	-126.85571	-inf	-129.77547
10.00000	1.00000	50	0.50000	2	4203	15	532	3412	260	532	-126.72545	-inf	-128.81142
10.00000	1.00000	50	0.50000	3	4335	15	550	3513	273	550	-127.47182	-inf	-127.71764
10.00000	1.00000	50	0.50000	4	4352	15	555	3527	271	555	-127.13274	-inf	-127.86460
10.00000	1.00000	50	1.00000	0	4311	15	565	3468	279	565	-126.83642	-inf	-129.48923
10.00000	1.00000	50	1.00000	1	4262	15	532	3471	260	532	-126.80719	-inf	-129.61840
10.00000	1.00000	50	1.00000	2	4203	15	532	3412	260	532	-126.68078	-inf	-128.68842
10.00000	1.00000	50	1.00000	3	4335	15	550	3513	273	550	-127.41554	-inf	-127.57288
10.00000	1.00000	50	1.00000	4	4352	15	555	3527	271	555	-127.07878	-inf	-127.70202
10.00000	1.00000	50	2.00000	0	4311	15	565	3468	279	565	-126.84594	-inf	-129.33867
10.00000	1.00000	50	2.00000	1	4262	15	532	3471	260	532	-126.83188	-inf	-129.50811
10.00000	1.00000	50	2.00000	2	4203	15	532	3412	260	532	-126.71164	-inf	-128.61355
10.00000	1.00000	50	2.00000	3	4335	15	550	3513	273	550	-127.43313	-inf	-127.47538
10.00000	1.00000	50	2.00000	4	4352	15	555	3527	271	555	-127.09900	-inf	-127.59388
10.00000	1.00000	100	0.10000	0	4199	15	521	3420	259	521	-127.14234	-inf	-130.15720
10.00000	1.00000	100	0.10000	1	4222	15	516	3454	253	516	-127.10611	-inf	-130.10733
10.00000	1.00000	100	0.10000	2	4048	15	474	3342	233	474	-127.00231	-inf	-129.15649
10.00000	1.00000	100	0.10000	3	4182	15	484	3458	241	484	-127.77098	-inf	-128.16404
10.00000	1.00000	100	0.10000	4	4231	15	509	3471	252	509	-127.37555	-inf	-128.26334
10.00000	1.00000	100	0.20000	0	4199	15	521	3420	259	521	-127.06939	-inf	-129.99077
10.00000	1.00000	100	0.20000	1	4222	15	516	3454	253	516	-127.03996	-inf	-129.97981
10.00000	1.00000	100	0.20000	2	4048	15	474	3342	233	474	-126.93453	-inf	-129.05017
10.00000	1.00000	100	0.20000	3	4182	15	484	3458	241	484	-127.69865	-inf	-128.03496
10.00000	1.00000	100	0.20000	4	4231	15	509	3471	252	509	-127.30340	-inf	-128.12221
10.00000	1.00000	100	0.50000	0	4199	15	521	3420	259	521	-126.96743	-inf	-129.74148
10.00000	1.00000	100	0.50000	1	4222	15	516	3454	253	516	-126.95016	-inf	-129.79098
10.00000	1.00000	100	0.50000	2	4048	15	474	3342	233	474	-126.84231	-inf	-128.88557
10.00000	1.00000	100	0.50000	3	4182	15	484	3458	241	484	-127.59705	-inf	-127.84205
10.00000	1.00000	100	0.50000	4	4231	15	509	3471	252	509	-127.20333	-inf	-127.91326
10.00000	1.00000	100	1.00000	0	4199	15	521	3420	259	521	-126.90541	-inf	-129.54686
10.00000	1.00000	100	1.00000	1	4222	15	516	3454	253	516	-126.90103	-inf	-129.64786
10.00000	1.00000	100	1.00000	2	4048	15	474	3342	233	474	-126.79221	-inf	-128.75786
10.00000	1.00000	100	1.00000	3	4182	15	484	3458	241	484	-127.53733	-inf	-127.69333
10.00000	1.00000	100	1.00000	4	4231	15	509	3471	252	509	-127.14554	-inf	-127.75633
10.00000	1.00000	100	2.00000	0	4199	15	521	3420	259	521	-126.90948	-inf	-129.39279
10.00000	1.00000	100	2.00000	1	4222	15	516	3454	253	516	-126.92375	-inf	-129.55087
10.00000	1.00000	100	2.00000	2	4048	15	474	3342	233	474	-126.81349	-inf	-128.67549
10.00000	1.00000	100	2.00000	3	4182	15	484	3458	241	484	-127.54624	-inf	-127.58736
10.00000	1.00000	100	2.00000	4	4231	15	509	3471	252	509	-127.15882	-inf	-127.65164
10.00000	1.00000	500	0.10000	0	2299	9	48	2228	24	48	-130.32250	-inf	-132.37613
10.00000	1.00000	500	0.10000	1	2152	7	34	2102	17	34	-130.56593	-inf	-132.81666
10.00000	1.00000	500	0.10000	2	2152	7	36	2099	18	36	-130.32163	-inf	-131.41117
10.00000	1.00000	500	0.10000	3	2145	7	36	2092	18	36	-131.19549	-inf	-130.58698
10.00000	1.00000	500	0.10000	4	2152	7	34	2102	17	34	-131.09583	-inf	-130.92034
10.00000	1.00000	500	0.20000	0	2299	9	48	2228	24	48	-130.25235	-inf	-132.23538
10.00000	1.00000	500	0.20000	1	2152	7	34	2102	17	34	-130.50231	-inf	-132.70332
10.00000	1.00000	500	0.20000	2	2152	7	36	2099	18	36	-130.25938	-inf	-131.33378
10.00000	1.00000	500	0.20000	3	2145	7	36	2092	18	36	-131.12651	-inf	-130.49885
10.00000	1.00000	500	0.20000	4	2152	7	34	2102	17	34	-131.02672	-inf	-130.82113
10.00000	1.00000	500	0.50000	0	2299	9	48	2228	24	48	-130.15780	-inf	-132.03787
10.00000	1.00000	500	0.50000	1	2152	7	34	2102	17	34	-130.41839	-inf	-132.54650
10.00000	1.00000	500	0.50000	2	2152	7	36	2099	18	36	-130.17695	-inf	-131.22659
10.00000	1.00000	500	0.50000	3	2145	7	36	2092	18	36	-131.03281	-inf	-130.37862
10.00000	1.00000	500	0.50000	4	2152	7	34	2102	17	34	-130.93480	-inf	-130.68988
10.00000	1.00000	500	1.00000	0	2299	9	48	2228	24	48	-130.09787	-inf	-131.89340
10.00000	1.00000	500	1.00000	1	2152	7	34	2102	17	34	-130.36930	-inf	-132.43523
10.00000	1.00000	500	1.00000	2	2152	7	36	2099	18	36	-130.12941	-inf	-131.15458
10.00000	1.00000	500	1.00000	3	2145	7	36	2092	18	36	-130.97492	-inf	-130.29587
10.00000	1.00000	500	1.00000	4	2152	7	34	2102	17	34	-130.87773	-inf	-130.60407
10.00000	1.00000	500	2.00000	0	2299	9	48	2228	24	48	-130.08058	-inf	-131.78490
10.00000	1.00000	500	2.00000	1	2152	7	34	2102	17	34	-130.36472	-inf	-132.36061
10.00000	1.00000	500	2.00000	2	2152	7	36	2099	18	36	-130.12835	-inf	-131.11998
10.00000	1.00000	500	2.00000	3	2145	7	36	2092	18	36	-130.96376	-inf	-130.24965
10.00000	1.00000	500	2.00000	4	2152	7	34	2102	17	34	-130.86380	-inf	-130.56089
15.00000	1.00000	10	0.10000	0	2668	13	321	2188	160	321	-128.10732	-inf	-130.34003
15.00000	1.00000	10	0.10000	1	2644	11	308	2186	151	308	-128.23678	-inf	-130.57887
15.00000	1.00000	10	0.10000	2	2646	13	309	2187	151	309	-128.41652	-inf	-129.83724
15.00000	1.00000	10	0.10000	3	2757	13	320	2279	159	320	-128.96231	-inf	-128.77334
15.00000	1.00000	10	0.10000	4	2618	13	301	2170	148	301	-128.35279	-inf	-128.44063
15.00000	1.00000	10	0.20000	0	2668	13	321	2188	160	321	-128.04398	-inf	-130.22481
15.00000	1.00000	10	0.20000	1	2644	11	308	2186	151	308	-128.17408	-inf	-130.47997
15.00000	1.00000	10	0.20000	2	2646	13	309	2187	151	309	-128.34945	-inf	-129.74248
15.00000	1.00000	10	0.20000	3	2757	13	320	2279	159	320	-128.88256	-inf	-128.65663
15.00000	1.00000	10	0.20000	4	2618	13	301	2170	148	301	-128.28824	-inf	-128.34342
15.00000	1.00000	10	0.50000	0	2668	13	321	2188	160	321	-127.95567	-inf	-130.05567
15.00000	1.00000	10	0.50000	1	2644	11	308	2186	151	308	-128.08113	-inf	-130.33058
15.00000	1.00000	10	0.50000	2	2646	13	309	2187	151	309	-128.25500	-inf	-129.60307
15.00000	1.00000	10	0.50000	3	2757	13	320	2279	159	320	-128.77055	-inf	-128.48992
15.00000	1.00000	10	0.50000	4	2618	13	301	2170	148	301	-128.19582	-inf	-128.20226
15.00000	1.00000	10	1.00000	0	2668	13	321	2188	160	321	-127.89772	-inf	-129.92628
15.00000	1.00000	10	1.00000	1	2644	11	308	2186	151	308	-128.01544	-inf	-130.21077
15.00000	1.00000	10	1.00000	2	2646	13	309	2187	151	309	-128.19219	-inf	-129.49932
15.00000	1.00000	10	1.00000	3	2757	13	320	2279	159	320	-128.69377	-inf	-128.36654
15.00000	1.00000	10	1.00000	4	2618	13	301	2170	148	301	-128.13278	-inf	-128.09729
15.00000	1.00000	10	2.00000	0	2668	13	321	2188	160	321	-127.87988	-inf	-129.82659
15.00000	1.00000	10	2.00000	1	2644	11	308	2186	151	308	-127.98791	-inf	-130.11268
15.00000	1.00000	10	2.00000	2	2646	13	309	2187	151	309	-128.17076	-inf	-129.42726
15.00000	1.00000	10	2.00000	3	2757	13	320	2279	159	320	-128.65939	-inf	-128.27604
15.00000	1.00000	10	2.00000	4	2618	13	301	2170	148	301	-128.10889	-inf	-128.02472
15.00000	1.00000	50	0.10000	0	2673	13	323	2190	161	323	-128.10106	-inf	-130.32413
15.00000	1.00000	50	0.10000	1	2647	11	309	2188	151	309	-128.24477	-inf	-130.60261
15.00000	1.00000	50	0.10000	2	2641	13	307	2185	150	307	-128.41415	-inf	-129.83783
15.00000	1.00000	50	0.10000	3	2762	13	322	2281	160	322	-128.94795	-inf	-128.74954
15.00000	1.00000	50	0.10000	4	2623	13	303	2172	149	303	-128.35578	-inf	-128.43977
15.00000	1.00000	50	0.20000	0	2673	13	323	2190	161	323	-128.03814	-inf	-130.21003
15.00000	1.00000	50	0.20000	1	2647	11	309	2188	151	309	-128.18234	-inf	-130.50312
15.00000	1.00000	50	0.20000	2	2641	13	307	2185	150	307	-128.34699	-inf	-129.74244
15.00000	1.00000	50	0.20000	3	2762	13	322	2281	160	322	-128.86839	-inf	-128.63390
15.00000	1.00000	50	0.20000	4	2623	13	303	2172	149	303	-128.29121	-inf	-128.34286
15.00000	1.00000	50	0.50000	0	2673	13	323	2190	161	323	-127.95048	-inf	-130.04249
15.00000	1.00000	50	0.50000	1	2647	11	309	2188	151	309	-128.09016	-inf	-130.35331
15.00000	1.00000	50	0.50000	2	2641	13	307	2185	150	307	-128.25243	-inf	-129.60246
15.00000	1.00000	50	0.50000	3	2762	13	322	2281	160	322	-128.75714	-inf	-128.46884
15.00000	1.00000	50	0.50000	4	2623	13	303	2172	149	303	-128.19863	-inf	-128.20203
15.00000	1.00000	50	1.00000	0	2673	13	323	2190	161	323	-127.89319	-inf	-129.91405
15.00000	1.00000	50	1.00000	1	2647	11	309	2188	151	309	-128.02509	-inf	-130.23344
15.00000	1.00000	50	1.00000	2	2641	13	307	2185	150	307	-128.18958	-inf	-129.49831
15.00000	1.00000	50	1.00000	3	2762	13	322	2281	160	322	-128.68151	-inf	-128.34669
15.00000	1.00000	50	1.00000	4	2623	13	303	2172	149	303	-128.13542	-inf	-128.09737
15.00000	1.00000	50	2.00000	0	2673	13	323	2190	161	323	-127.87623	-inf	-129.81522
15.00000	1.00000	50	2.00000	1	2647	11	309	2188	151	309	-127.99795	-inf	-130.13509
15.00000	1.00000	50	2.00000	2	2641	13	307	2185	150	307	-128.16814	-inf	-129.42578
15.00000	1.00000	50	2.00000	3	2762	13	322	2281	160	322	-128.64906	-inf	-128.25754
15.00000	1.00000	50	2.00000	4	2623	13	303	2172	149	303	-128.11131	-inf	-128.02464
15.00000	1.00000	100	0.10000	0	2668	13	321	2188	160	321	-128.11380	-inf	-130.33835
15.00000	1.00000	100	0.10000	1	2631	11	303	2180	149	303	-128.24226	-inf	-130.58586
15.00000	1.00000	100	0.10000	2	2625	13	301	2178	147	301	-128.43182	-inf	-129.83648
15.00000	1.00000	100	0.10000	3	2759	13	321	2279	160	321	-128.97102	-inf	-128.77706
15.00000	1.00000	100	0.10000	4	2635	13	306	2179	151	306	-128.36779	-inf	-128.45546
15.00000	1.00000	100	0.20000	0	2668	13	321	2188	160	321	-128.05045	-inf	-130.22388
15.00000	1.00000	100	0.20000	1	2631	11	303	2180	149	303	-128.17971	-inf	-130.48629
15.00000	1.00000	100	0.20000	2	2625	13	301	2178	147	301	-128.36476	-inf	-129.74092
15.00000	1.00000	100	0.20000	3	2759	13	321	2279	160	321	-128.89181	-inf	-128.66212
15.00000	1.00000	100	0.20000	4	2635	13	306	2179	151	306	-128.30385	-inf	-128.35881
15.00000	1.00000	100	0.50000	0	2668	13	321	2188	160	321	-127.96185	-inf	-130.05539
15.00000	1.00000	100	0.50000	1	2631	11	303	2180	149	303	-128.08672	-inf	-130.33554
15.00000	1.00000	100	0.50000	2	2625	13	301	2178	147	301	-128.27023	-inf	-129.60199
15.00000	1.00000	100	0.50000	3	2759	13	321	2279	160	321	-128.78070	-inf	-128.49785
15.00000	1.00000	100	0.50000	4	2635	13	306	2179	151	306	-128.21229	-inf	-128.21868
15.00000	1.00000	100	1.00000	0	2668	13	321	2188	160	321	-127.90345	-inf	-129.92574
15.00000	1.00000	100	1.00000	1	2631	11	303	2180	149	303	-128.02065	-inf	-130.21408
15.00000	1.00000	100	1.00000	2	2625	13	301	2178	147	301	-128.20704	-inf	-129.49889
15.00000	1.00000	100	1.00000	3	2759	13	321	2279	160	321	-128.70470	-inf	-128.37605
15.00000	1.00000	100	1.00000	4	2635	13	306	2179	151	306	-128.15051	-inf	-128.11490
15.00000	1.00000	100	2.00000	0	2668	13	321	2188	160	321	-127.88486	-inf	-129.82514
15.00000	1.00000	100	2.00000	1	2631	11	303	2180	149	303	-127.99209	-inf	-130.11350
15.00000	1.00000	100	2.00000	2	2625	13	301	2178	147	301	-128.18469	-inf	-129.42756
15.00000	1.00000	100	2.00000	3	2759	13	321	2279	160	321	-128.67119	-inf	-128.28665
15.00000	1.00000	100	2.00000	4	2635	13	306	2179	151	306	-128.12807	-inf	-128.04354
15.00000	1.00000	500	0.10000	0	1932	9	68	1831	34	68	-129.90580	-inf	-131.83757
15.00000	1.00000	500	0.10000	1	1930	9	80	1811	40	80	-130.08640	-inf	-132.09991
15.00000	1.00000	500	0.10000	2	1922	9	72	1815	36	72	-130.10050	-inf	-131.16888
15.00000	1.00000	500	0.10000	3	1897	7	54	1817	27	54	-131.19188	-inf	-130.66180
15.00000	1.00000	500	0.10000	4	1932	9	80	1813	40	80	-130.12991	-inf	-129.87219
15.00000	1.00000	500	0.20000	0	1932	9	68	1831	34	68	-129.84385	-inf	-131.73545
15.00000	1.00000	500	0.20000	1	1930	9	80	1811	40	80	-130.02083	-inf	-132.00382
15.00000	1.00000	500	0.20000	2	1922	9	72	1815	36	72	-130.03434	-inf	-131.07967
15.00000	1.00000	500	0.20000	3	1897	7	54	1817	27	54	-131.11229	-inf	-130.56273
15.00000	1.00000	500	0.20000	4	1932	9	80	1813	40	80	-130.06532	-inf	-129.78010
15.00000	1.00000	500	0.50000	0	1932	9	68	1831	34	68	-129.75896	-inf	-131.59040
15.00000	1.00000	500	0.50000	1	1930	9	80	1811	40	80	-129.92910	-inf	-131.86677
15.00000	1.00000	500	0.50000	2	1922	9	72	1815	36	72	-129.94354	-inf	-130.95047
15.00000	1.00000	500	0.50000	3	1897	7	54	1817	27	54	-131.00399	-inf	-130.42197
15.00000	1.00000	500	0.50000	4	1932	9	80	1813	40	80	-129.97620	-inf	-129.65657
15.00000	1.00000	500	1.00000	0	1932	9	68	1831	34	68	-129.70352	-inf	-131.48279
15.00000	1.00000	500	1.00000	1	1930	9	80	1811	40	80	-129.86699	-inf	-131.76317
15.00000	1.00000	500	1.00000	2	1922	9	72	1815	36	72	-129.88466	-inf	-130.85561
15.00000	1.00000	500	1.00000	3	1897	7	54	1817	27	54	-130.93295	-inf	-130.32033
15.00000	1.00000	500	1.00000	4	1932	9	80	1813	40	80	-129.91713	-inf	-129.57438
15.00000	1.00000	500	2.00000	0	1932	9	68	1831	34	68	-129.68209	-inf	-131.40338
15.00000	1.00000	500	2.00000	1	1930	9	80	1811	40	80	-129.83987	-inf	-131.68580
15.00000	1.00000	500	2.00000	2	1922	9	72	1815	36	72	-129.86256	-inf	-130.79058
15.00000	1.00000	500	2.00000	3	1897	7	54	1817	27	54	-130.90138	-inf	-130.25042
15.00000	1.00000	500	2.00000	4	1932	9	80	1813	40	80	-129.89377	-inf	-129.53052
20.00000	1.00000	10	0.10000	0	2077	11	240	1720	118	240	-128.83549	-inf	-130.88877
20.00000	1.00000	10	0.10000	1	1998	11	218	1673	108	218	-128.87661	-inf	-130.96059
20.00000	1.00000	10	0.10000	2	2002	11	212	1686	105	212	-129.13056	-inf	-130.46490
20.00000	1.00000	10	0.10000	3	2091	11	243	1730	119	243	-129.47775	-inf	-129.13913
20.00000	1.00000	10	0.10000	4	2054	11	230	1712	113	230	-129.24868	-inf	-129.11048
20.00000	1.00000	10	0.20000	0	2077	11	240	1720	118	240	-128.76979	-inf	-130.79642
20.00000	1.00000	10	0.20000	1	1998	11	218	1673	108	218	-128.80535	-inf	-130.85864
20.00000	1.00000	10	0.20000	2	2002	11	212	1686	105	212	-129.07130	-inf	-130.39521
20.00000	1.00000	10	0.20000	3	2091	11	243	1730	119	243	-129.41030	-inf	-129.04584
20.00000	1.00000	10	0.20000	4	2054	11	230	1712	113	230	-129.18583	-inf	-129.02573
20.00000	1.00000	10	0.50000	0	2077	11	240	1720	118	240	-128.67495	-inf	-130.66053
20.00000	1.00000	10	0.50000	1	1998	11	218	1673	108	218	-128.70285	-inf	-130.71196
20.00000	1.00000	10	0.50000	2	2002	11	212	1686	105	212	-128.98788	-inf	-130.28848
20.00000	1.00000	10	0.50000	3	2091	11	243	1730	119	243	-129.31331	-inf	-128.91021
20.00000	1.00000	10	0.50000	4	2054	11	230	1712	113	230	-129.09676	-inf	-128.90672
20.00000	1.00000	10	1.00000	0	2077	11	240	1720	118	240	-128.60649	-inf	-130.55302
20.00000	1.00000	10	1.00000	1	1998	11	218	1673	108	218	-128.62911	-inf	-130.59863
20.00000	1.00000	10	1.00000	2	2002	11	212	1686	105	212	-128.92996	-inf	-130.20226
20.00000	1.00000	10	1.00000	3	2091	11	243	1730	119	243	-129.24444	-inf	-128.80828
20.00000	1.00000	10	1.00000	4	2054	11	230	1712	113	230	-129.03421	-inf	-128.82096
20.00000	1.00000	10	2.00000	0	2077	11	240	1720	118	240	-128.56620	-inf	-130.46219
20.00000	1.00000	10	2.00000	1	1998	11	218	1673	108	218	-128.58516	-inf	-130.50422
20.00000	1.00000	10	2.00000	2	2002	11	212	1686	105	212	-128.90039	-inf	-130.13356
20.00000	1.00000	10	2.00000	3	2091	11	243	1730	119	243	-129.20641	-inf	-128.73234
20.00000	1.00000	10	2.00000	4	2054	11	230	1712	113	230	-129.00138	-inf	-128.76525
20.00000	1.00000	50	0.10000	0	2077	11	240	1720	118	240	-128.83951	-inf	-130.89138
20.00000	1.00000	50	0.10000	1	1998	11	218	1673	108	218	-128.87661	-inf	-130.96059
20.00000	1.00000	50	0.10000	2	2002	11	212	1686	105	212	-129.12742	-inf	-130.45993
20.00000	1.00000	50	0.10000	3	2076	11	237	1724	116	237	-129.49077	-inf	-129.14847
20.00000	1.00000	50	0.10000	4	2053	11	230	1711	113	230	-129.26973	-inf	-129.10229
20.00000	1.00000	50	0.20000	0	2077	11	240	1720	118	240	-128.77362	-inf	-130.79913
20.00000	1.00000	50	0.20000	1	1998	11	218	1673	108	218	-128.80535	-inf	-130.85864
20.00000	1.00000	50	0.20000	2	2002	11	212	1686	105	212	-129.06831	-inf	-130.38939
20.00000	1.00000	50	0.20000	3	2076	11	237	1724	116	237	-129.42324	-inf	-129.05459
20.00000	1.00000	50	0.20000	4	2053	11	230	1711	113	230	-129.20663	-inf	-129.01910
20.00000	1.00000	50	0.50000	0	2077	11	240	1720	118	240	-128.67847	-inf	-130.66327
20.00000	1.00000	50	0.50000	1	1998	11	218	1673	108	218	-128.70285	-inf	-130.71196
20.00000	1.00000	50	0.50000	2	2002	11	212	1686	105	212	-128.98532	-inf	-130.28221
20.00000	1.00000	50	0.50000	3	2076	11	237	1724	116	237	-129.32600	-inf	-128.91809
20.00000	1.00000	50	0.50000	4	2053	11	230	1711	113	230	-129.11695	-inf	-128.90149
20.00000	1.00000	50	1.00000	0	2077	11	240	1720	118	240	-128.60956	-inf	-130.55563
20.00000	1.00000	50	1.00000	1	1998	11	218	1673	108	218	-128.62911	-inf	-130.59863
20.00000	1.00000	50	1.00000	2	2002	11	212	1686	105	212	-128.92809	-inf	-130.19645
20.00000	1.00000	50	1.00000	3	2076	11	237	1724	116	237	-129.25657	-inf	-128.81538
20.00000	1.00000	50	1.00000	4	2053	11	230	1711	113	230	-129.05347	-inf	-128.81613
20.00000	1.00000	50	2.00000	0	2077	11	240	1720	118	240	-128.56851	-inf	-130.46439
20.00000	1.00000	50	2.00000	1	1998	11	218	1673	108	218	-128.58516	-inf	-130.50422
20.00000	1.00000	50	2.00000	2	2002	11	212	1686	105	212	-128.89964	-inf	-130.12894
20.00000	1.00000	50	2.00000	3	2076	11	237	1724	116	237	-129.21745	-inf	-128.73850
20.00000	1.00000	50	2.00000	4	2053	11	230	1711	113	230	-129.01902	-inf	-128.75997
20.00000	1.00000	100	0.10000	0	2077	11	240	1720	118	240	-128.83424	-inf	-130.89178
20.00000	1.00000	100	0.10000	1	1999	11	219	1672	109	219	-128.87175	-inf	-130.94329
20.00000	1.00000	100	0.10000	2	2002	11	212	1686	105	212	-129.12742	-inf	-130.45993
20.00000	1.00000	100	0.10000	3	2071	11	235	1722	115	235	-129.48304	-inf	-129.14221
20.00000	1.00000	100	0.10000	4	2058	11	232	1713	114	232	-129.25915	-inf	-129.09034
20.00000	1.00000	100	0.20000	0	2077	11	240	1720	118	240	-128.76830	-inf	-130.79943
20.00000	1.00000	100	0.20000	1	1999	11	219	1672	109	219	-128.79996	-inf	-130.84079
20.00000	1.00000	100	0.20000	2	2002	11	212	1686	105	212	-129.06831	-inf	-130.38939
20.00000	1.00000	100	0.20000	3	2071	11	235	1722	115	235	-129.41565	-inf	-129.05002
20.00000	1.00000	100	0.20000	4	2058	11	232	1713	114	232	-129.19613	-inf	-129.00798
20.00000	1.00000	100	0.50000	0	2077	11	240	1720	118	240	-128.67308	-inf	-130.66354
20.00000	1.00000	100	0.50000	1	1999	11	219	1672	109	219	-128.69666	-inf	-130.69280
20.00000	1.00000	100	0.50000	2	2002	11	212	1686	105	212	-128.98532	-inf	-130.28221
20.00000	1.00000	100	0.50000	3	2071	11	235	1722	115	235	-129.31848	-inf	-128.91533
20.00000	1.00000	100	0.50000	4	2058	11	232	1713	114	232	-129.10709	-inf	-128.89178
20.00000	1.00000	100	1.00000	0	2077	11	240	1720	118	240	-128.60421	-inf	-130.55604
20.00000	1.00000	100	1.00000	1	1999	11	219	1672	109	219	-128.62198	-inf	-130.57793
20.00000	1.00000	100	1.00000	2	2002	11	212	1686	105	212	-128.92809	-inf	-130.19645
20.00000	1.00000	100	1.00000	3	2071	11	235	1722	115	235	-129.24910	-inf	-128.81344
20.00000	1.00000	100	1.00000	4	2058	11	232	1713	114	232	-129.04452	-inf	-128.80743
20.00000	1.00000	100	2.00000	0	2077	11	240	1720	118	240	-128.56345	-inf	-130.46514
20.00000	1.00000	100	2.00000	1	1999	11	219	1672	109	219	-128.57667	-inf	-130.48187
20.00000	1.00000	100	2.00000	2	2002	11	212	1686	105	212	-128.89964	-inf	-130.12894
20.00000	1.00000	100	2.00000	3	2071	11	235	1722	115	235	-129.21005	-inf	-128.73693
20.00000	1.00000	100	2.00000	4	2058	11	232	1713	114	232	-129.01107	-inf	-128.75244
20.00000	1.00000	500	0.10000	0	1727	9	112	1560	56	112	-129.82793	-inf	-131.75334
20.00000	1.00000	500	0.10000	1	1711	9	114	1541	57	114	-129.67489	-inf	-131.48622
20.00000	1.00000	500	0.10000	2	1635	9	82	1513	41	82	-130.22786	-inf	-131.41901
20.00000	1.00000	500	0.10000	3	1735	9	114	1565	57	114	-130.47463	-inf	-129.92509
20.00000	1.00000	500	0.10000	4	1739	9	116	1566	58	116	-130.11946	-inf	-129.99291
20.00000	1.00000	500	0.20000	0	1727	9	112	1560	56	112	-129.76232	-inf	-131.66480
20.00000	1.00000	500	0.20000	1	1711	9	114	1541	57	114	-129.60737	-inf	-131.39064
20.00000	1.00000	500	0.20000	2	1635	9	82	1513	41	82	-130.17200	-inf	-131.35060
20.00000	1.00000	500	0.20000	3	1735	9	114	1565	57	114	-130.41018	-inf	-129.83911
20.00000	1.00000	500	0.20000	4	1739	9	116	1566	58	116	-130.05618	-inf	-129.91417
20.00000	1.00000	500	0.50000	0	1727	9	112	1560	56	112	-129.66921	-inf	-131.53704
20.00000	1.00000	500	0.50000	1	1711	9	114	1541	57	114	-129.51159	-inf	-131.25513
20.00000	1.00000	500	0.50000	2	1635	9	82	1513	41	82	-130.09377	-inf	-131.24697
20.00000	1.00000	500	0.50000	3	1735	9	114	1565	57	114	-130.31802	-inf	-129.71614
20.00000	1.00000	500	0.50000	4	1739	9	116	1566	58	116	-129.96668	-inf	-129.80061
20.00000	1.00000	500	1.00000	0	1727	9	112	1560	56	112	-129.60162	-inf	-131.43897
20.00000	1.00000	500	1.00000	1	1711	9	114	1541	57	114	-129.44312	-inf	-131.15380
20.00000	1.00000	500	1.00000	2	1635	9	82	1513	41	82	-130.04001	-inf	-131.16651
20.00000	1.00000	500	1.00000	3	1735	9	114	1565	57	114	-130.25325	-inf	-129.62584
20.00000	1.00000	500	1.00000	4	1739	9	116	1566	58	116	-129.90254	-inf	-129.71500
20.00000	1.00000	500	2.00000	0	1727	9	112	1560	56	112	-129.55914	-inf	-131.35886
20.00000	1.00000	500	2.00000	1	1711	9	114	1541	57	114	-129.40287	-inf	-131.07680
20.00000	1.00000	500	2.00000	2	1635	9	82	1513	41	82	-130.01362	-inf	-131.10582
20.00000	1.00000	500	2.00000	3	1735	9	114	1565	57	114	-130.21738	-inf	-129.56055
20.00000	1.00000	500	2.00000	4	1739	9	116	1566	58	116	-129.86482	-inf	-129.65192
alpha: 2.0, cluster-penalty: 1.0, g-factor: 5.0, min-inst-slice: 10, test_ll: -128.22904963377886, train_ll: -122.79529954430662, valid_ll: -128.22904963377886