parameters:
Namespace(alpha=[0.1, 0.2, 0.5, 1.0, 2.0], clt_leaves=False, cluster_method='GMM', cluster_penalty=[1.0], cv=5, dataset='data/multilabel/flags/flags.5.folds.pklz', features=None, g_factor=[5.0, 10.0, 15.0, 20.0], gzip=True, kde_leaves=False, min_inst_slice=[10, 50, 100, 500], n_iters=100, n_restarts=4, n_row_clusters=2, output='exp/ml-repr-spn/', save_model=True, seed=1337, sklearn_args=None, suffix=None, test_ext=None, train_ext=None, valid_ext=None, verbose=1)

g-factor:	clu-pen:	min-ins:	alpha:	fold:	n_edges:	depth:	n_weights:	n_leaves:	n_sums:	n_prods:	train_ll	valid_ll:	test_ll
5.00000	1.00000	10	0.10000	0	71	7	12	54	6	12	-7.07626	-inf	-7.24008
5.00000	1.00000	10	0.10000	1	80	7	16	57	8	16	-7.12464	-inf	-7.05058
5.00000	1.00000	10	0.10000	2	74	7	14	54	7	14	-6.93961	-inf	-7.60219
5.00000	1.00000	10	0.10000	3	75	7	14	55	7	14	-6.98506	-inf	-7.54894
5.00000	1.00000	10	0.10000	4	70	7	12	53	6	12	-7.08959	-inf	-7.58549
5.00000	1.00000	10	0.20000	0	71	7	12	54	6	12	-7.07917	-inf	-7.24428
5.00000	1.00000	10	0.20000	1	80	7	16	57	8	16	-7.12721	-inf	-7.05591
5.00000	1.00000	10	0.20000	2	74	7	14	54	7	14	-6.94416	-inf	-7.59489
5.00000	1.00000	10	0.20000	3	75	7	14	55	7	14	-6.98810	-inf	-7.52466
5.00000	1.00000	10	0.20000	4	70	7	12	53	6	12	-7.09579	-inf	-7.52639
5.00000	1.00000	10	0.50000	0	71	7	12	54	6	12	-7.09736	-inf	-7.25906
5.00000	1.00000	10	0.50000	1	80	7	16	57	8	16	-7.14405	-inf	-7.07469
5.00000	1.00000	10	0.50000	2	74	7	14	54	7	14	-6.96373	-inf	-7.59158
5.00000	1.00000	10	0.50000	3	75	7	14	55	7	14	-7.00450	-inf	-7.49289
5.00000	1.00000	10	0.50000	4	70	7	12	53	6	12	-7.11753	-inf	-7.46161
5.00000	1.00000	10	1.00000	0	71	7	12	54	6	12	-7.13827	-inf	-7.28887
5.00000	1.00000	10	1.00000	1	80	7	16	57	8	16	-7.18355	-inf	-7.11229
5.00000	1.00000	10	1.00000	2	74	7	14	54	7	14	-7.00555	-inf	-7.60808
5.00000	1.00000	10	1.00000	3	75	7	14	55	7	14	-7.04351	-inf	-7.48168
5.00000	1.00000	10	1.00000	4	70	7	12	53	6	12	-7.15941	-inf	-7.43983
5.00000	1.00000	10	2.00000	0	71	7	12	54	6	12	-7.23336	-inf	-7.35964
5.00000	1.00000	10	2.00000	1	80	7	16	57	8	16	-7.27663	-inf	-7.19960
5.00000	1.00000	10	2.00000	2	74	7	14	54	7	14	-7.10171	-inf	-7.66915
5.00000	1.00000	10	2.00000	3	75	7	14	55	7	14	-7.13789	-inf	-7.51177
5.00000	1.00000	10	2.00000	4	70	7	12	53	6	12	-7.25238	-inf	-7.47234
5.00000	1.00000	50	0.10000	0	61	5	8	50	4	8	-7.16849	-inf	-7.37916
5.00000	1.00000	50	0.10000	1	65	5	10	51	5	10	-7.25244	-inf	-7.18719
5.00000	1.00000	50	0.10000	2	69	5	12	52	6	12	-6.98776	-inf	-7.64530
5.00000	1.00000	50	0.10000	3	65	5	10	51	5	10	-7.08251	-inf	-7.68825
5.00000	1.00000	50	0.10000	4	60	5	8	49	4	8	-7.19749	-inf	-7.60256
5.00000	1.00000	50	0.20000	0	61	5	8	50	4	8	-7.17138	-inf	-7.38145
5.00000	1.00000	50	0.20000	1	65	5	10	51	5	10	-7.25330	-inf	-7.19060
5.00000	1.00000	50	0.20000	2	69	5	12	52	6	12	-6.99303	-inf	-7.63691
5.00000	1.00000	50	0.20000	3	65	5	10	51	5	10	-7.08562	-inf	-7.66164
5.00000	1.00000	50	0.20000	4	60	5	8	49	4	8	-7.20260	-inf	-7.56203
5.00000	1.00000	50	0.50000	0	61	5	8	50	4	8	-7.18762	-inf	-7.39050
5.00000	1.00000	50	0.50000	1	65	5	10	51	5	10	-7.26501	-inf	-7.20368
5.00000	1.00000	50	0.50000	2	69	5	12	52	6	12	-7.01299	-inf	-7.63062
5.00000	1.00000	50	0.50000	3	65	5	10	51	5	10	-7.10013	-inf	-7.62292
5.00000	1.00000	50	0.50000	4	60	5	8	49	4	8	-7.22074	-inf	-7.51763
5.00000	1.00000	50	1.00000	0	61	5	8	50	4	8	-7.22318	-inf	-7.41105
5.00000	1.00000	50	1.00000	1	65	5	10	51	5	10	-7.29527	-inf	-7.23213
5.00000	1.00000	50	1.00000	2	69	5	12	52	6	12	-7.05329	-inf	-7.64287
5.00000	1.00000	50	1.00000	3	65	5	10	51	5	10	-7.13356	-inf	-7.60072
5.00000	1.00000	50	1.00000	4	60	5	8	49	4	8	-7.25609	-inf	-7.50507
5.00000	1.00000	50	2.00000	0	61	5	8	50	4	8	-7.30639	-inf	-7.46528
5.00000	1.00000	50	2.00000	1	65	5	10	51	5	10	-7.37116	-inf	-7.30293
5.00000	1.00000	50	2.00000	2	69	5	12	52	6	12	-7.14445	-inf	-7.69713
5.00000	1.00000	50	2.00000	3	65	5	10	51	5	10	-7.21550	-inf	-7.61152
5.00000	1.00000	50	2.00000	4	60	5	8	49	4	8	-7.33603	-inf	-7.53730
5.00000	1.00000	100	0.10000	0	40	3	2	38	1	2	-7.82127	-inf	-7.69272
5.00000	1.00000	100	0.10000	1	40	3	2	38	1	2	-7.82585	-inf	-7.77965
5.00000	1.00000	100	0.10000	2	40	3	2	38	1	2	-7.66964	-inf	-8.31085
5.00000	1.00000	100	0.10000	3	40	3	2	38	1	2	-7.72317	-inf	-8.02927
5.00000	1.00000	100	0.10000	4	40	3	2	38	1	2	-7.72887	-inf	-8.07624
5.00000	1.00000	100	0.20000	0	40	3	2	38	1	2	-7.82288	-inf	-7.69503
5.00000	1.00000	100	0.20000	1	40	3	2	38	1	2	-7.82628	-inf	-7.77845
5.00000	1.00000	100	0.20000	2	40	3	2	38	1	2	-7.67149	-inf	-8.30500
5.00000	1.00000	100	0.20000	3	40	3	2	38	1	2	-7.72421	-inf	-8.02610
5.00000	1.00000	100	0.20000	4	40	3	2	38	1	2	-7.73088	-inf	-8.07414
5.00000	1.00000	100	0.50000	0	40	3	2	38	1	2	-7.82909	-inf	-7.70293
5.00000	1.00000	100	0.50000	1	40	3	2	38	1	2	-7.82986	-inf	-7.77770
5.00000	1.00000	100	0.50000	2	40	3	2	38	1	2	-7.67834	-inf	-8.29256
5.00000	1.00000	100	0.50000	3	40	3	2	38	1	2	-7.72945	-inf	-8.02023
5.00000	1.00000	100	0.50000	4	40	3	2	38	1	2	-7.73815	-inf	-8.06993
5.00000	1.00000	100	1.00000	0	40	3	2	38	1	2	-7.84303	-inf	-7.71885
5.00000	1.00000	100	1.00000	1	40	3	2	38	1	2	-7.84119	-inf	-7.78330
5.00000	1.00000	100	1.00000	2	40	3	2	38	1	2	-7.69320	-inf	-8.28234
5.00000	1.00000	100	1.00000	3	40	3	2	38	1	2	-7.74303	-inf	-8.01899
5.00000	1.00000	100	1.00000	4	40	3	2	38	1	2	-7.75358	-inf	-8.06850
5.00000	1.00000	100	2.00000	0	40	3	2	38	1	2	-7.88031	-inf	-7.75856
5.00000	1.00000	100	2.00000	1	40	3	2	38	1	2	-7.87594	-inf	-7.81024
5.00000	1.00000	100	2.00000	2	40	3	2	38	1	2	-7.73203	-inf	-8.28366
5.00000	1.00000	100	2.00000	3	40	3	2	38	1	2	-7.78097	-inf	-8.03535
5.00000	1.00000	100	2.00000	4	40	3	2	38	1	2	-7.79314	-inf	-8.08040
5.00000	1.00000	500	0.10000	0	19	2	0	19	0	1	-8.68433	-inf	-8.27963
5.00000	1.00000	500	0.10000	1	19	2	0	19	0	1	-8.57172	-inf	-8.68583
5.00000	1.00000	500	0.10000	2	19	2	0	19	0	1	-8.48947	-inf	-9.03342
5.00000	1.00000	500	0.10000	3	19	2	0	19	0	1	-8.63285	-inf	-8.42464
5.00000	1.00000	500	0.10000	4	19	2	0	19	0	1	-8.50063	-inf	-8.99031
5.00000	1.00000	500	0.20000	0	19	2	0	19	0	1	-8.68441	-inf	-8.28125
5.00000	1.00000	500	0.20000	1	19	2	0	19	0	1	-8.57185	-inf	-8.68438
5.00000	1.00000	500	0.20000	2	19	2	0	19	0	1	-8.48956	-inf	-9.03141
5.00000	1.00000	500	0.20000	3	19	2	0	19	0	1	-8.63297	-inf	-8.42362
5.00000	1.00000	500	0.20000	4	19	2	0	19	0	1	-8.50072	-inf	-8.98914
5.00000	1.00000	500	0.50000	0	19	2	0	19	0	1	-8.68496	-inf	-8.28622
5.00000	1.00000	500	0.50000	1	19	2	0	19	0	1	-8.57262	-inf	-8.68114
5.00000	1.00000	500	0.50000	2	19	2	0	19	0	1	-8.49019	-inf	-9.02584
5.00000	1.00000	500	0.50000	3	19	2	0	19	0	1	-8.63373	-inf	-8.42168
5.00000	1.00000	500	0.50000	4	19	2	0	19	0	1	-8.50131	-inf	-8.98592
5.00000	1.00000	500	1.00000	0	19	2	0	19	0	1	-8.68675	-inf	-8.29483
5.00000	1.00000	500	1.00000	1	19	2	0	19	0	1	-8.57494	-inf	-8.67837
5.00000	1.00000	500	1.00000	2	19	2	0	19	0	1	-8.49221	-inf	-9.01798
5.00000	1.00000	500	1.00000	3	19	2	0	19	0	1	-8.63603	-inf	-8.42109
5.00000	1.00000	500	1.00000	4	19	2	0	19	0	1	-8.50322	-inf	-8.98144
5.00000	1.00000	500	2.00000	0	19	2	0	19	0	1	-8.69293	-inf	-8.31313
5.00000	1.00000	500	2.00000	1	19	2	0	19	0	1	-8.58236	-inf	-8.67876
5.00000	1.00000	500	2.00000	2	19	2	0	19	0	1	-8.49920	-inf	-9.00680
5.00000	1.00000	500	2.00000	3	19	2	0	19	0	1	-8.64334	-inf	-8.42583
5.00000	1.00000	500	2.00000	4	19	2	0	19	0	1	-8.50984	-inf	-8.97546
10.00000	1.00000	10	0.10000	0	61	5	10	47	5	10	-7.22498	-inf	-7.34379
10.00000	1.00000	10	0.10000	1	61	5	10	47	5	10	-7.27751	-inf	-7.28742
10.00000	1.00000	10	0.10000	2	62	5	10	48	5	10	-7.05679	-inf	-7.74666
10.00000	1.00000	10	0.10000	3	61	5	10	47	5	10	-7.17665	-inf	-7.50662
10.00000	1.00000	10	0.10000	4	67	7	12	50	6	12	-7.15012	-inf	-7.55284
10.00000	1.00000	10	0.20000	0	61	5	10	47	5	10	-7.22981	-inf	-7.34459
10.00000	1.00000	10	0.20000	1	61	5	10	47	5	10	-7.28056	-inf	-7.28783
10.00000	1.00000	10	0.20000	2	62	5	10	48	5	10	-7.05987	-inf	-7.73590
10.00000	1.00000	10	0.20000	3	61	5	10	47	5	10	-7.17955	-inf	-7.50613
10.00000	1.00000	10	0.20000	4	67	7	12	50	6	12	-7.15485	-inf	-7.52549
10.00000	1.00000	10	0.50000	0	61	5	10	47	5	10	-7.24680	-inf	-7.35073
10.00000	1.00000	10	0.50000	1	61	5	10	47	5	10	-7.29322	-inf	-7.29306
10.00000	1.00000	10	0.50000	2	62	5	10	48	5	10	-7.07630	-inf	-7.72295
10.00000	1.00000	10	0.50000	3	61	5	10	47	5	10	-7.19322	-inf	-7.50866
10.00000	1.00000	10	0.50000	4	67	7	12	50	6	12	-7.17235	-inf	-7.49716
10.00000	1.00000	10	1.00000	0	61	5	10	47	5	10	-7.28041	-inf	-7.36918
10.00000	1.00000	10	1.00000	1	61	5	10	47	5	10	-7.32178	-inf	-7.31114
10.00000	1.00000	10	1.00000	2	62	5	10	48	5	10	-7.11250	-inf	-7.72532
10.00000	1.00000	10	1.00000	3	61	5	10	47	5	10	-7.22441	-inf	-7.52224
10.00000	1.00000	10	1.00000	4	67	7	12	50	6	12	-7.20763	-inf	-7.49551
10.00000	1.00000	10	2.00000	0	61	5	10	47	5	10	-7.35809	-inf	-7.42279
10.00000	1.00000	10	2.00000	1	61	5	10	47	5	10	-7.39299	-inf	-7.36706
10.00000	1.00000	10	2.00000	2	62	5	10	48	5	10	-7.19645	-inf	-7.76332
10.00000	1.00000	10	2.00000	3	61	5	10	47	5	10	-7.30039	-inf	-7.56956
10.00000	1.00000	10	2.00000	4	67	7	12	50	6	12	-7.28894	-inf	-7.53826
10.00000	1.00000	50	0.10000	0	61	5	10	47	5	10	-7.22498	-inf	-7.34379
10.00000	1.00000	50	0.10000	1	61	5	10	47	5	10	-7.27751	-inf	-7.28742
10.00000	1.00000	50	0.10000	2	62	5	10	48	5	10	-7.05679	-inf	-7.74666
10.00000	1.00000	50	0.10000	3	61	5	10	47	5	10	-7.17665	-inf	-7.50662
10.00000	1.00000	50	0.10000	4	62	5	10	48	5	10	-7.22264	-inf	-7.48091
10.00000	1.00000	50	0.20000	0	61	5	10	47	5	10	-7.22981	-inf	-7.34459
10.00000	1.00000	50	0.20000	1	61	5	10	47	5	10	-7.28056	-inf	-7.28783
10.00000	1.00000	50	0.20000	2	62	5	10	48	5	10	-7.05987	-inf	-7.73590
10.00000	1.00000	50	0.20000	3	61	5	10	47	5	10	-7.17955	-inf	-7.50613
10.00000	1.00000	50	0.20000	4	62	5	10	48	5	10	-7.22634	-inf	-7.47315
10.00000	1.00000	50	0.50000	0	61	5	10	47	5	10	-7.24680	-inf	-7.35073
10.00000	1.00000	50	0.50000	1	61	5	10	47	5	10	-7.29322	-inf	-7.29306
10.00000	1.00000	50	0.50000	2	62	5	10	48	5	10	-7.07630	-inf	-7.72295
10.00000	1.00000	50	0.50000	3	61	5	10	47	5	10	-7.19322	-inf	-7.50866
10.00000	1.00000	50	0.50000	4	62	5	10	48	5	10	-7.24077	-inf	-7.46878
10.00000	1.00000	50	1.00000	0	61	5	10	47	5	10	-7.28041	-inf	-7.36918
10.00000	1.00000	50	1.00000	1	61	5	10	47	5	10	-7.32178	-inf	-7.31114
10.00000	1.00000	50	1.00000	2	62	5	10	48	5	10	-7.11250	-inf	-7.72532
10.00000	1.00000	50	1.00000	3	61	5	10	47	5	10	-7.22441	-inf	-7.52224
10.00000	1.00000	50	1.00000	4	62	5	10	48	5	10	-7.27112	-inf	-7.48281
10.00000	1.00000	50	2.00000	0	61	5	10	47	5	10	-7.35809	-inf	-7.42279
10.00000	1.00000	50	2.00000	1	61	5	10	47	5	10	-7.39299	-inf	-7.36706
10.00000	1.00000	50	2.00000	2	62	5	10	48	5	10	-7.19645	-inf	-7.76332
10.00000	1.00000	50	2.00000	3	61	5	10	47	5	10	-7.30039	-inf	-7.56956
10.00000	1.00000	50	2.00000	4	62	5	10	48	5	10	-7.34346	-inf	-7.53752
10.00000	1.00000	100	0.10000	0	40	3	2	38	1	2	-7.82127	-inf	-7.69272
10.00000	1.00000	100	0.10000	1	40	3	2	38	1	2	-7.82585	-inf	-7.77965
10.00000	1.00000	100	0.10000	2	40	3	2	38	1	2	-7.66964	-inf	-8.31085
10.00000	1.00000	100	0.10000	3	40	3	2	38	1	2	-7.72317	-inf	-8.02927
10.00000	1.00000	100	0.10000	4	40	3	2	38	1	2	-7.72887	-inf	-8.07624
10.00000	1.00000	100	0.20000	0	40	3	2	38	1	2	-7.82288	-inf	-7.69503
10.00000	1.00000	100	0.20000	1	40	3	2	38	1	2	-7.82628	-inf	-7.77845
10.00000	1.00000	100	0.20000	2	40	3	2	38	1	2	-7.67149	-inf	-8.30500
10.00000	1.00000	100	0.20000	3	40	3	2	38	1	2	-7.72421	-inf	-8.02610
10.00000	1.00000	100	0.20000	4	40	3	2	38	1	2	-7.73088	-inf	-8.07414
10.00000	1.00000	100	0.50000	0	40	3	2	38	1	2	-7.82909	-inf	-7.70293
10.00000	1.00000	100	0.50000	1	40	3	2	38	1	2	-7.82986	-inf	-7.77770
10.00000	1.00000	100	0.50000	2	40	3	2	38	1	2	-7.67834	-inf	-8.29256
10.00000	1.00000	100	0.50000	3	40	3	2	38	1	2	-7.72945	-inf	-8.02023
10.00000	1.00000	100	0.50000	4	40	3	2	38	1	2	-7.73815	-inf	-8.06993
10.00000	1.00000	100	1.00000	0	40	3	2	38	1	2	-7.84303	-inf	-7.71885
10.00000	1.00000	100	1.00000	1	40	3	2	38	1	2	-7.84119	-inf	-7.78330
10.00000	1.00000	100	1.00000	2	40	3	2	38	1	2	-7.69320	-inf	-8.28234
10.00000	1.00000	100	1.00000	3	40	3	2	38	1	2	-7.74303	-inf	-8.01899
10.00000	1.00000	100	1.00000	4	40	3	2	38	1	2	-7.75358	-inf	-8.06850
10.00000	1.00000	100	2.00000	0	40	3	2	38	1	2	-7.88031	-inf	-7.75856
10.00000	1.00000	100	2.00000	1	40	3	2	38	1	2	-7.87594	-inf	-7.81024
10.00000	1.00000	100	2.00000	2	40	3	2	38	1	2	-7.73203	-inf	-8.28366
10.00000	1.00000	100	2.00000	3	40	3	2	38	1	2	-7.78097	-inf	-8.03535
10.00000	1.00000	100	2.00000	4	40	3	2	38	1	2	-7.79314	-inf	-8.08040
10.00000	1.00000	500	0.10000	0	19	2	0	19	0	1	-8.68433	-inf	-8.27963
10.00000	1.00000	500	0.10000	1	19	2	0	19	0	1	-8.57172	-inf	-8.68583
10.00000	1.00000	500	0.10000	2	19	2	0	19	0	1	-8.48947	-inf	-9.03342
10.00000	1.00000	500	0.10000	3	19	2	0	19	0	1	-8.63285	-inf	-8.42464
10.00000	1.00000	500	0.10000	4	19	2	0	19	0	1	-8.50063	-inf	-8.99031
10.00000	1.00000	500	0.20000	0	19	2	0	19	0	1	-8.68441	-inf	-8.28125
10.00000	1.00000	500	0.20000	1	19	2	0	19	0	1	-8.57185	-inf	-8.68438
10.00000	1.00000	500	0.20000	2	19	2	0	19	0	1	-8.48956	-inf	-9.03141
10.00000	1.00000	500	0.20000	3	19	2	0	19	0	1	-8.63297	-inf	-8.42362
10.00000	1.00000	500	0.20000	4	19	2	0	19	0	1	-8.50072	-inf	-8.98914
10.00000	1.00000	500	0.50000	0	19	2	0	19	0	1	-8.68496	-inf	-8.28622
10.00000	1.00000	500	0.50000	1	19	2	0	19	0	1	-8.57262	-inf	-8.68114
10.00000	1.00000	500	0.50000	2	19	2	0	19	0	1	-8.49019	-inf	-9.02584
10.00000	1.00000	500	0.50000	3	19	2	0	19	0	1	-8.63373	-inf	-8.42168
10.00000	1.00000	500	0.50000	4	19	2	0	19	0	1	-8.50131	-inf	-8.98592
10.00000	1.00000	500	1.00000	0	19	2	0	19	0	1	-8.68675	-inf	-8.29483
10.00000	1.00000	500	1.00000	1	19	2	0	19	0	1	-8.57494	-inf	-8.67837
10.00000	1.00000	500	1.00000	2	19	2	0	19	0	1	-8.49221	-inf	-9.01798
10.00000	1.00000	500	1.00000	3	19	2	0	19	0	1	-8.63603	-inf	-8.42109
10.00000	1.00000	500	1.00000	4	19	2	0	19	0	1	-8.50322	-inf	-8.98144
10.00000	1.00000	500	2.00000	0	19	2	0	19	0	1	-8.69293	-inf	-8.31313
10.00000	1.00000	500	2.00000	1	19	2	0	19	0	1	-8.58236	-inf	-8.67876
10.00000	1.00000	500	2.00000	2	19	2	0	19	0	1	-8.49920	-inf	-9.00680
10.00000	1.00000	500	2.00000	3	19	2	0	19	0	1	-8.64334	-inf	-8.42583
10.00000	1.00000	500	2.00000	4	19	2	0	19	0	1	-8.50984	-inf	-8.97546
15.00000	1.00000	10	0.10000	0	56	5	8	45	4	8	-7.32028	-inf	-7.44667
15.00000	1.00000	10	0.10000	1	60	5	10	46	5	10	-7.35407	-inf	-7.40611
15.00000	1.00000	10	0.10000	2	51	5	6	43	3	6	-7.29263	-inf	-8.02298
15.00000	1.00000	10	0.10000	3	56	5	8	45	4	8	-7.27284	-inf	-7.61610
15.00000	1.00000	10	0.10000	4	55	5	8	44	4	8	-7.36513	-inf	-7.75251
15.00000	1.00000	10	0.20000	0	56	5	8	45	4	8	-7.32418	-inf	-7.44654
15.00000	1.00000	10	0.20000	1	60	5	10	46	5	10	-7.35666	-inf	-7.40603
15.00000	1.00000	10	0.20000	2	51	5	6	43	3	6	-7.29606	-inf	-8.00771
15.00000	1.00000	10	0.20000	3	56	5	8	45	4	8	-7.27492	-inf	-7.61303
15.00000	1.00000	10	0.20000	4	55	5	8	44	4	8	-7.36954	-inf	-7.74630
15.00000	1.00000	10	0.50000	0	56	5	8	45	4	8	-7.33818	-inf	-7.44955
15.00000	1.00000	10	0.50000	1	60	5	10	46	5	10	-7.36830	-inf	-7.40960
15.00000	1.00000	10	0.50000	2	51	5	6	43	3	6	-7.30960	-inf	-7.98310
15.00000	1.00000	10	0.50000	3	56	5	8	45	4	8	-7.28573	-inf	-7.60886
15.00000	1.00000	10	0.50000	4	55	5	8	44	4	8	-7.38462	-inf	-7.74164
15.00000	1.00000	10	1.00000	0	56	5	8	45	4	8	-7.36683	-inf	-7.46241
15.00000	1.00000	10	1.00000	1	60	5	10	46	5	10	-7.39540	-inf	-7.42456
15.00000	1.00000	10	1.00000	2	51	5	6	43	3	6	-7.33782	-inf	-7.96932
15.00000	1.00000	10	1.00000	3	56	5	8	45	4	8	-7.31207	-inf	-7.61360
15.00000	1.00000	10	1.00000	4	55	5	8	44	4	8	-7.41381	-inf	-7.75063
15.00000	1.00000	10	2.00000	0	56	5	8	45	4	8	-7.43536	-inf	-7.50527
15.00000	1.00000	10	2.00000	1	60	5	10	46	5	10	-7.46378	-inf	-7.47387
15.00000	1.00000	10	2.00000	2	51	5	6	43	3	6	-7.40399	-inf	-7.98054
15.00000	1.00000	10	2.00000	3	56	5	8	45	4	8	-7.37916	-inf	-7.64774
15.00000	1.00000	10	2.00000	4	55	5	8	44	4	8	-7.48052	-inf	-7.79047
15.00000	1.00000	50	0.10000	0	56	5	8	45	4	8	-7.32028	-inf	-7.44667
15.00000	1.00000	50	0.10000	1	60	5	10	46	5	10	-7.35407	-inf	-7.40611
15.00000	1.00000	50	0.10000	2	51	5	6	43	3	6	-7.29263	-inf	-8.02298
15.00000	1.00000	50	0.10000	3	56	5	8	45	4	8	-7.27284	-inf	-7.61610
15.00000	1.00000	50	0.10000	4	55	5	8	44	4	8	-7.36513	-inf	-7.75251
15.00000	1.00000	50	0.20000	0	56	5	8	45	4	8	-7.32418	-inf	-7.44654
15.00000	1.00000	50	0.20000	1	60	5	10	46	5	10	-7.35666	-inf	-7.40603
15.00000	1.00000	50	0.20000	2	51	5	6	43	3	6	-7.29606	-inf	-8.00771
15.00000	1.00000	50	0.20000	3	56	5	8	45	4	8	-7.27492	-inf	-7.61303
15.00000	1.00000	50	0.20000	4	55	5	8	44	4	8	-7.36954	-inf	-7.74630
15.00000	1.00000	50	0.50000	0	56	5	8	45	4	8	-7.33818	-inf	-7.44955
15.00000	1.00000	50	0.50000	1	60	5	10	46	5	10	-7.36830	-inf	-7.40960
15.00000	1.00000	50	0.50000	2	51	5	6	43	3	6	-7.30960	-inf	-7.98310
15.00000	1.00000	50	0.50000	3	56	5	8	45	4	8	-7.28573	-inf	-7.60886
15.00000	1.00000	50	0.50000	4	55	5	8	44	4	8	-7.38462	-inf	-7.74164
15.00000	1.00000	50	1.00000	0	56	5	8	45	4	8	-7.36683	-inf	-7.46241
15.00000	1.00000	50	1.00000	1	60	5	10	46	5	10	-7.39540	-inf	-7.42456
15.00000	1.00000	50	1.00000	2	51	5	6	43	3	6	-7.33782	-inf	-7.96932
15.00000	1.00000	50	1.00000	3	56	5	8	45	4	8	-7.31207	-inf	-7.61360
15.00000	1.00000	50	1.00000	4	55	5	8	44	4	8	-7.41381	-inf	-7.75063
15.00000	1.00000	50	2.00000	0	56	5	8	45	4	8	-7.43536	-inf	-7.50527
15.00000	1.00000	50	2.00000	1	60	5	10	46	5	10	-7.46378	-inf	-7.47387
15.00000	1.00000	50	2.00000	2	51	5	6	43	3	6	-7.40399	-inf	-7.98054
15.00000	1.00000	50	2.00000	3	56	5	8	45	4	8	-7.37916	-inf	-7.64774
15.00000	1.00000	50	2.00000	4	55	5	8	44	4	8	-7.48052	-inf	-7.79047
15.00000	1.00000	100	0.10000	0	40	3	2	38	1	2	-7.82127	-inf	-7.69272
15.00000	1.00000	100	0.10000	1	40	3	2	38	1	2	-7.82585	-inf	-7.77965
15.00000	1.00000	100	0.10000	2	40	3	2	38	1	2	-7.66964	-inf	-8.31085
15.00000	1.00000	100	0.10000	3	40	3	2	38	1	2	-7.72317	-inf	-8.02927
15.00000	1.00000	100	0.10000	4	40	3	2	38	1	2	-7.72887	-inf	-8.07624
15.00000	1.00000	100	0.20000	0	40	3	2	38	1	2	-7.82288	-inf	-7.69503
15.00000	1.00000	100	0.20000	1	40	3	2	38	1	2	-7.82628	-inf	-7.77845
15.00000	1.00000	100	0.20000	2	40	3	2	38	1	2	-7.67149	-inf	-8.30500
15.00000	1.00000	100	0.20000	3	40	3	2	38	1	2	-7.72421	-inf	-8.02610
15.00000	1.00000	100	0.20000	4	40	3	2	38	1	2	-7.73088	-inf	-8.07414
15.00000	1.00000	100	0.50000	0	40	3	2	38	1	2	-7.82909	-inf	-7.70293
15.00000	1.00000	100	0.50000	1	40	3	2	38	1	2	-7.82986	-inf	-7.77770
15.00000	1.00000	100	0.50000	2	40	3	2	38	1	2	-7.67834	-inf	-8.29256
15.00000	1.00000	100	0.50000	3	40	3	2	38	1	2	-7.72945	-inf	-8.02023
15.00000	1.00000	100	0.50000	4	40	3	2	38	1	2	-7.73815	-inf	-8.06993
15.00000	1.00000	100	1.00000	0	40	3	2	38	1	2	-7.84303	-inf	-7.71885
15.00000	1.00000	100	1.00000	1	40	3	2	38	1	2	-7.84119	-inf	-7.78330
15.00000	1.00000	100	1.00000	2	40	3	2	38	1	2	-7.69320	-inf	-8.28234
15.00000	1.00000	100	1.00000	3	40	3	2	38	1	2	-7.74303	-inf	-8.01899
15.00000	1.00000	100	1.00000	4	40	3	2	38	1	2	-7.75358	-inf	-8.06850
15.00000	1.00000	100	2.00000	0	40	3	2	38	1	2	-7.88031	-inf	-7.75856
15.00000	1.00000	100	2.00000	1	40	3	2	38	1	2	-7.87594	-inf	-7.81024
15.00000	1.00000	100	2.00000	2	40	3	2	38	1	2	-7.73203	-inf	-8.28366
15.00000	1.00000	100	2.00000	3	40	3	2	38	1	2	-7.78097	-inf	-8.03535
15.00000	1.00000	100	2.00000	4	40	3	2	38	1	2	-7.79314	-inf	-8.08040
15.00000	1.00000	500	0.10000	0	19	2	0	19	0	1	-8.68433	-inf	-8.27963
15.00000	1.00000	500	0.10000	1	19	2	0	19	0	1	-8.57172	-inf	-8.68583
15.00000	1.00000	500	0.10000	2	19	2	0	19	0	1	-8.48947	-inf	-9.03342
15.00000	1.00000	500	0.10000	3	19	2	0	19	0	1	-8.63285	-inf	-8.42464
15.00000	1.00000	500	0.10000	4	19	2	0	19	0	1	-8.50063	-inf	-8.99031
15.00000	1.00000	500	0.20000	0	19	2	0	19	0	1	-8.68441	-inf	-8.28125
15.00000	1.00000	500	0.20000	1	19	2	0	19	0	1	-8.57185	-inf	-8.68438
15.00000	1.00000	500	0.20000	2	19	2	0	19	0	1	-8.48956	-inf	-9.03141
15.00000	1.00000	500	0.20000	3	19	2	0	19	0	1	-8.63297	-inf	-8.42362
15.00000	1.00000	500	0.20000	4	19	2	0	19	0	1	-8.50072	-inf	-8.98914
15.00000	1.00000	500	0.50000	0	19	2	0	19	0	1	-8.68496	-inf	-8.28622
15.00000	1.00000	500	0.50000	1	19	2	0	19	0	1	-8.57262	-inf	-8.68114
15.00000	1.00000	500	0.50000	2	19	2	0	19	0	1	-8.49019	-inf	-9.02584
15.00000	1.00000	500	0.50000	3	19	2	0	19	0	1	-8.63373	-inf	-8.42168
15.00000	1.00000	500	0.50000	4	19	2	0	19	0	1	-8.50131	-inf	-8.98592
15.00000	1.00000	500	1.00000	0	19	2	0	19	0	1	-8.68675	-inf	-8.29483
15.00000	1.00000	500	1.00000	1	19	2	0	19	0	1	-8.57494	-inf	-8.67837
15.00000	1.00000	500	1.00000	2	19	2	0	19	0	1	-8.49221	-inf	-9.01798
15.00000	1.00000	500	1.00000	3	19	2	0	19	0	1	-8.63603	-inf	-8.42109
15.00000	1.00000	500	1.00000	4	19	2	0	19	0	1	-8.50322	-inf	-8.98144
15.00000	1.00000	500	2.00000	0	19	2	0	19	0	1	-8.69293	-inf	-8.31313
15.00000	1.00000	500	2.00000	1	19	2	0	19	0	1	-8.58236	-inf	-8.67876
15.00000	1.00000	500	2.00000	2	19	2	0	19	0	1	-8.49920	-inf	-9.00680
15.00000	1.00000	500	2.00000	3	19	2	0	19	0	1	-8.64334	-inf	-8.42583
15.00000	1.00000	500	2.00000	4	19	2	0	19	0	1	-8.50984	-inf	-8.97546
20.00000	1.00000	10	0.10000	0	50	5	6	42	3	6	-7.53176	-inf	-7.52284
20.00000	1.00000	10	0.10000	1	45	5	4	40	2	4	-7.70184	-inf	-7.63511
20.00000	1.00000	10	0.10000	2	45	5	4	40	2	4	-7.51705	-inf	-8.21223
20.00000	1.00000	10	0.10000	3	40	3	2	38	1	2	-7.72317	-inf	-8.02927
20.00000	1.00000	10	0.10000	4	45	5	4	40	2	4	-7.58790	-inf	-8.00106
20.00000	1.00000	10	0.20000	0	50	5	6	42	3	6	-7.53440	-inf	-7.52542
20.00000	1.00000	10	0.20000	1	45	5	4	40	2	4	-7.70282	-inf	-7.63559
20.00000	1.00000	10	0.20000	2	45	5	4	40	2	4	-7.51934	-inf	-8.20283
20.00000	1.00000	10	0.20000	3	40	3	2	38	1	2	-7.72421	-inf	-8.02610
20.00000	1.00000	10	0.20000	4	45	5	4	40	2	4	-7.59039	-inf	-7.99941
20.00000	1.00000	10	0.50000	0	50	5	6	42	3	6	-7.54501	-inf	-7.53447
20.00000	1.00000	10	0.50000	1	45	5	4	40	2	4	-7.70829	-inf	-7.63959
20.00000	1.00000	10	0.50000	2	45	5	4	40	2	4	-7.52950	-inf	-8.18390
20.00000	1.00000	10	0.50000	3	40	3	2	38	1	2	-7.72945	-inf	-8.02023
20.00000	1.00000	10	0.50000	4	45	5	4	40	2	4	-7.59944	-inf	-7.99656
20.00000	1.00000	10	1.00000	0	50	5	6	42	3	6	-7.56818	-inf	-7.55318
20.00000	1.00000	10	1.00000	1	45	5	4	40	2	4	-7.72313	-inf	-7.65240
20.00000	1.00000	10	1.00000	2	45	5	4	40	2	4	-7.55160	-inf	-8.17022
20.00000	1.00000	10	1.00000	3	40	3	2	38	1	2	-7.74303	-inf	-8.01899
20.00000	1.00000	10	1.00000	4	45	5	4	40	2	4	-7.61842	-inf	-7.99739
20.00000	1.00000	10	2.00000	0	50	5	6	42	3	6	-7.62545	-inf	-7.60021
20.00000	1.00000	10	2.00000	1	45	5	4	40	2	4	-7.76506	-inf	-7.69177
20.00000	1.00000	10	2.00000	2	45	5	4	40	2	4	-7.60490	-inf	-8.17489
20.00000	1.00000	10	2.00000	3	40	3	2	38	1	2	-7.78097	-inf	-8.03535
20.00000	1.00000	10	2.00000	4	45	5	4	40	2	4	-7.66570	-inf	-8.01373
20.00000	1.00000	50	0.10000	0	50	5	6	42	3	6	-7.53176	-inf	-7.52284
20.00000	1.00000	50	0.10000	1	45	5	4	40	2	4	-7.70184	-inf	-7.63511
20.00000	1.00000	50	0.10000	2	45	5	4	40	2	4	-7.51705	-inf	-8.21223
20.00000	1.00000	50	0.10000	3	40	3	2	38	1	2	-7.72317	-inf	-8.02927
20.00000	1.00000	50	0.10000	4	45	5	4	40	2	4	-7.58790	-inf	-8.00106
20.00000	1.00000	50	0.20000	0	50	5	6	42	3	6	-7.53440	-inf	-7.52542
20.00000	1.00000	50	0.20000	1	45	5	4	40	2	4	-7.70282	-inf	-7.63559
20.00000	1.00000	50	0.20000	2	45	5	4	40	2	4	-7.51934	-inf	-8.20283
20.00000	1.00000	50	0.20000	3	40	3	2	38	1	2	-7.72421	-inf	-8.02610
20.00000	1.00000	50	0.20000	4	45	5	4	40	2	4	-7.59039	-inf	-7.99941
20.00000	1.00000	50	0.50000	0	50	5	6	42	3	6	-7.54501	-inf	-7.53447
20.00000	1.00000	50	0.50000	1	45	5	4	40	2	4	-7.70829	-inf	-7.63959
20.00000	1.00000	50	0.50000	2	45	5	4	40	2	4	-7.52950	-inf	-8.18390
20.00000	1.00000	50	0.50000	3	40	3	2	38	1	2	-7.72945	-inf	-8.02023
20.00000	1.00000	50	0.50000	4	45	5	4	40	2	4	-7.59944	-inf	-7.99656
20.00000	1.00000	50	1.00000	0	50	5	6	42	3	6	-7.56818	-inf	-7.55318
20.00000	1.00000	50	1.00000	1	45	5	4	40	2	4	-7.72313	-inf	-7.65240
20.00000	1.00000	50	1.00000	2	45	5	4	40	2	4	-7.55160	-inf	-8.17022
20.00000	1.00000	50	1.00000	3	40	3	2	38	1	2	-7.74303	-inf	-8.01899
20.00000	1.00000	50	1.00000	4	45	5	4	40	2	4	-7.61842	-inf	-7.99739
20.00000	1.00000	50	2.00000	0	50	5	6	42	3	6	-7.62545	-inf	-7.60021
20.00000	1.00000	50	2.00000	1	45	5	4	40	2	4	-7.76506	-inf	-7.69177
20.00000	1.00000	50	2.00000	2	45	5	4	40	2	4	-7.60490	-inf	-8.17489
20.00000	1.00000	50	2.00000	3	40	3	2	38	1	2	-7.78097	-inf	-8.03535
20.00000	1.00000	50	2.00000	4	45	5	4	40	2	4	-7.66570	-inf	-8.01373
20.00000	1.00000	100	0.10000	0	40	3	2	38	1	2	-7.82127	-inf	-7.69272
20.00000	1.00000	100	0.10000	1	40	3	2	38	1	2	-7.82585	-inf	-7.77965
20.00000	1.00000	100	0.10000	2	40	3	2	38	1	2	-7.66964	-inf	-8.31085
20.00000	1.00000	100	0.10000	3	40	3	2	38	1	2	-7.72317	-inf	-8.02927
20.00000	1.00000	100	0.10000	4	40	3	2	38	1	2	-7.72887	-inf	-8.07624
20.00000	1.00000	100	0.20000	0	40	3	2	38	1	2	-7.82288	-inf	-7.69503
20.00000	1.00000	100	0.20000	1	40	3	2	38	1	2	-7.82628	-inf	-7.77845
20.00000	1.00000	100	0.20000	2	40	3	2	38	1	2	-7.67149	-inf	-8.30500
20.00000	1.00000	100	0.20000	3	40	3	2	38	1	2	-7.72421	-inf	-8.02610
20.00000	1.00000	100	0.20000	4	40	3	2	38	1	2	-7.73088	-inf	-8.07414
20.00000	1.00000	100	0.50000	0	40	3	2	38	1	2	-7.82909	-inf	-7.70293
20.00000	1.00000	100	0.50000	1	40	3	2	38	1	2	-7.82986	-inf	-7.77770
20.00000	1.00000	100	0.50000	2	40	3	2	38	1	2	-7.67834	-inf	-8.29256
20.00000	1.00000	100	0.50000	3	40	3	2	38	1	2	-7.72945	-inf	-8.02023
20.00000	1.00000	100	0.50000	4	40	3	2	38	1	2	-7.73815	-inf	-8.06993
20.00000	1.00000	100	1.00000	0	40	3	2	38	1	2	-7.84303	-inf	-7.71885
20.00000	1.00000	100	1.00000	1	40	3	2	38	1	2	-7.84119	-inf	-7.78330
20.00000	1.00000	100	1.00000	2	40	3	2	38	1	2	-7.69320	-inf	-8.28234
20.00000	1.00000	100	1.00000	3	40	3	2	38	1	2	-7.74303	-inf	-8.01899
20.00000	1.00000	100	1.00000	4	40	3	2	38	1	2	-7.75358	-inf	-8.06850
20.00000	1.00000	100	2.00000	0	40	3	2	38	1	2	-7.88031	-inf	-7.75856
20.00000	1.00000	100	2.00000	1	40	3	2	38	1	2	-7.87594	-inf	-7.81024
20.00000	1.00000	100	2.00000	2	40	3	2	38	1	2	-7.73203	-inf	-8.28366
20.00000	1.00000	100	2.00000	3	40	3	2	38	1	2	-7.78097	-inf	-8.03535
20.00000	1.00000	100	2.00000	4	40	3	2	38	1	2	-7.79314	-inf	-8.08040
20.00000	1.00000	500	0.10000	0	19	2	0	19	0	1	-8.68433	-inf	-8.27963
20.00000	1.00000	500	0.10000	1	19	2	0	19	0	1	-8.57172	-inf	-8.68583
20.00000	1.00000	500	0.10000	2	19	2	0	19	0	1	-8.48947	-inf	-9.03342
20.00000	1.00000	500	0.10000	3	19	2	0	19	0	1	-8.63285	-inf	-8.42464
20.00000	1.00000	500	0.10000	4	19	2	0	19	0	1	-8.50063	-inf	-8.99031
20.00000	1.00000	500	0.20000	0	19	2	0	19	0	1	-8.68441	-inf	-8.28125
20.00000	1.00000	500	0.20000	1	19	2	0	19	0	1	-8.57185	-inf	-8.68438
20.00000	1.00000	500	0.20000	2	19	2	0	19	0	1	-8.48956	-inf	-9.03141
20.00000	1.00000	500	0.20000	3	19	2	0	19	0	1	-8.63297	-inf	-8.42362
20.00000	1.00000	500	0.20000	4	19	2	0	19	0	1	-8.50072	-inf	-8.98914
20.00000	1.00000	500	0.50000	0	19	2	0	19	0	1	-8.68496	-inf	-8.28622
20.00000	1.00000	500	0.50000	1	19	2	0	19	0	1	-8.57262	-inf	-8.68114
20.00000	1.00000	500	0.50000	2	19	2	0	19	0	1	-8.49019	-inf	-9.02584
20.00000	1.00000	500	0.50000	3	19	2	0	19	0	1	-8.63373	-inf	-8.42168
20.00000	1.00000	500	0.50000	4	19	2	0	19	0	1	-8.50131	-inf	-8.98592
20.00000	1.00000	500	1.00000	0	19	2	0	19	0	1	-8.68675	-inf	-8.29483
20.00000	1.00000	500	1.00000	1	19	2	0	19	0	1	-8.57494	-inf	-8.67837
20.00000	1.00000	500	1.00000	2	19	2	0	19	0	1	-8.49221	-inf	-9.01798
20.00000	1.00000	500	1.00000	3	19	2	0	19	0	1	-8.63603	-inf	-8.42109
20.00000	1.00000	500	1.00000	4	19	2	0	19	0	1	-8.50322	-inf	-8.98144
20.00000	1.00000	500	2.00000	0	19	2	0	19	0	1	-8.69293	-inf	-8.31313
20.00000	1.00000	500	2.00000	1	19	2	0	19	0	1	-8.58236	-inf	-8.67876
20.00000	1.00000	500	2.00000	2	19	2	0	19	0	1	-8.49920	-inf	-9.00680
20.00000	1.00000	500	2.00000	3	19	2	0	19	0	1	-8.64334	-inf	-8.42583
20.00000	1.00000	500	2.00000	4	19	2	0	19	0	1	-8.50984	-inf	-8.97546
alpha: 0.5, cluster-penalty: 1.0, g-factor: 5.0, min-inst-slice: 10, test_ll: -7.375966379762079, train_ll: -7.065433707513027, valid_ll: -7.375966379762079