parameters:
Namespace(alpha=[0.1, 0.2, 0.5, 1.0, 2.0], clt_leaves=False, cluster_method='GMM', cluster_penalty=[1.0], cv=5, data_exts=None, dataset='data/multilabel/flags/flags.5.folds.pklz', dtype='int32', feature_scheme=None, g_factor=[5.0, 10.0, 15.0, 20.0], gzip=True, kde_leaves=False, min_inst_slice=[10, 50, 100, 500], n_iters=100, n_restarts=4, n_row_clusters=2, output='exp/ml-repr-spn-y/', save_model=True, seed=1337, sklearn_args=None, suffix=None, verbose=1, y_only=True)

g-factor:	clu-pen:	min-ins:	alpha:	fold:	n_edges:	depth:	n_weights:	n_leaves:	n_sums:	n_prods:	train_ll	valid_ll:	test_ll
5.00000	1.00000	10	0.10000	0	27	7	6	19	3	6	-3.88604	-inf	-4.07665
5.00000	1.00000	10	0.10000	1	21	5	4	16	2	4	-3.99378	-inf	-4.02323
5.00000	1.00000	10	0.10000	2	26	5	6	18	3	6	-3.83130	-inf	-3.97480
5.00000	1.00000	10	0.10000	3	21	5	4	16	2	4	-3.85072	-inf	-4.17029
5.00000	1.00000	10	0.10000	4	31	5	8	20	4	8	-3.83337	-inf	-3.79800
5.00000	1.00000	10	0.20000	0	27	7	6	19	3	6	-3.88484	-inf	-4.06853
5.00000	1.00000	10	0.20000	1	21	5	4	16	2	4	-3.99079	-inf	-4.01729
5.00000	1.00000	10	0.20000	2	26	5	6	18	3	6	-3.83115	-inf	-3.97181
5.00000	1.00000	10	0.20000	3	21	5	4	16	2	4	-3.85094	-inf	-4.16803
5.00000	1.00000	10	0.20000	4	31	5	8	20	4	8	-3.83349	-inf	-3.79813
5.00000	1.00000	10	0.50000	0	27	7	6	19	3	6	-3.88279	-inf	-4.05202
5.00000	1.00000	10	0.50000	1	21	5	4	16	2	4	-3.98389	-inf	-4.00298
5.00000	1.00000	10	0.50000	2	26	5	6	18	3	6	-3.83128	-inf	-3.96523
5.00000	1.00000	10	0.50000	3	21	5	4	16	2	4	-3.85189	-inf	-4.16255
5.00000	1.00000	10	0.50000	4	31	5	8	20	4	8	-3.83479	-inf	-3.79967
5.00000	1.00000	10	1.00000	0	27	7	6	19	3	6	-3.88288	-inf	-4.03718
5.00000	1.00000	10	1.00000	1	21	5	4	16	2	4	-3.97689	-inf	-3.98667
5.00000	1.00000	10	1.00000	2	26	5	6	18	3	6	-3.83297	-inf	-3.95948
5.00000	1.00000	10	1.00000	3	21	5	4	16	2	4	-3.85426	-inf	-4.15629
5.00000	1.00000	10	1.00000	4	31	5	8	20	4	8	-3.83911	-inf	-3.80477
5.00000	1.00000	10	2.00000	0	27	7	6	19	3	6	-3.88988	-inf	-4.02571
5.00000	1.00000	10	2.00000	1	21	5	4	16	2	4	-3.97203	-inf	-3.96907
5.00000	1.00000	10	2.00000	2	26	5	6	18	3	6	-3.84002	-inf	-3.95835
5.00000	1.00000	10	2.00000	3	21	5	4	16	2	4	-3.86112	-inf	-4.14954
5.00000	1.00000	10	2.00000	4	31	5	8	20	4	8	-3.85217	-inf	-3.81984
5.00000	1.00000	50	0.10000	0	22	5	4	17	2	4	-3.95057	-inf	-4.14541
5.00000	1.00000	50	0.10000	1	21	5	4	16	2	4	-3.99378	-inf	-4.02323
5.00000	1.00000	50	0.10000	2	26	5	6	18	3	6	-3.83130	-inf	-3.97480
5.00000	1.00000	50	0.10000	3	21	5	4	16	2	4	-3.85072	-inf	-4.17029
5.00000	1.00000	50	0.10000	4	31	5	8	20	4	8	-3.83337	-inf	-3.79800
5.00000	1.00000	50	0.20000	0	22	5	4	17	2	4	-3.94698	-inf	-4.13921
5.00000	1.00000	50	0.20000	1	21	5	4	16	2	4	-3.99079	-inf	-4.01729
5.00000	1.00000	50	0.20000	2	26	5	6	18	3	6	-3.83115	-inf	-3.97181
5.00000	1.00000	50	0.20000	3	21	5	4	16	2	4	-3.85094	-inf	-4.16803
5.00000	1.00000	50	0.20000	4	31	5	8	20	4	8	-3.83349	-inf	-3.79813
5.00000	1.00000	50	0.50000	0	22	5	4	17	2	4	-3.93962	-inf	-4.12370
5.00000	1.00000	50	0.50000	1	21	5	4	16	2	4	-3.98389	-inf	-4.00298
5.00000	1.00000	50	0.50000	2	26	5	6	18	3	6	-3.83128	-inf	-3.96523
5.00000	1.00000	50	0.50000	3	21	5	4	16	2	4	-3.85189	-inf	-4.16255
5.00000	1.00000	50	0.50000	4	31	5	8	20	4	8	-3.83479	-inf	-3.79967
5.00000	1.00000	50	1.00000	0	22	5	4	17	2	4	-3.93360	-inf	-4.10492
5.00000	1.00000	50	1.00000	1	21	5	4	16	2	4	-3.97689	-inf	-3.98667
5.00000	1.00000	50	1.00000	2	26	5	6	18	3	6	-3.83297	-inf	-3.95948
5.00000	1.00000	50	1.00000	3	21	5	4	16	2	4	-3.85426	-inf	-4.15629
5.00000	1.00000	50	1.00000	4	31	5	8	20	4	8	-3.83911	-inf	-3.80477
5.00000	1.00000	50	2.00000	0	22	5	4	17	2	4	-3.93199	-inf	-4.08231
5.00000	1.00000	50	2.00000	1	21	5	4	16	2	4	-3.97203	-inf	-3.96907
5.00000	1.00000	50	2.00000	2	26	5	6	18	3	6	-3.84002	-inf	-3.95835
5.00000	1.00000	50	2.00000	3	21	5	4	16	2	4	-3.86112	-inf	-4.14954
5.00000	1.00000	50	2.00000	4	31	5	8	20	4	8	-3.85217	-inf	-3.81984
5.00000	1.00000	100	0.10000	0	16	3	2	14	1	2	-3.99117	-inf	-4.07403
5.00000	1.00000	100	0.10000	1	16	3	2	14	1	2	-4.00793	-inf	-4.04884
5.00000	1.00000	100	0.10000	2	16	3	2	14	1	2	-3.91881	-inf	-4.16822
5.00000	1.00000	100	0.10000	3	16	3	2	14	1	2	-3.89993	-inf	-4.34089
5.00000	1.00000	100	0.10000	4	16	3	2	14	1	2	-4.00042	-inf	-3.92324
5.00000	1.00000	100	0.20000	0	16	3	2	14	1	2	-3.98808	-inf	-4.07112
5.00000	1.00000	100	0.20000	1	16	3	2	14	1	2	-4.00534	-inf	-4.04050
5.00000	1.00000	100	0.20000	2	16	3	2	14	1	2	-3.91855	-inf	-4.16392
5.00000	1.00000	100	0.20000	3	16	3	2	14	1	2	-3.89921	-inf	-4.33458
5.00000	1.00000	100	0.20000	4	16	3	2	14	1	2	-4.00055	-inf	-3.92396
5.00000	1.00000	100	0.50000	0	16	3	2	14	1	2	-3.98121	-inf	-4.06355
5.00000	1.00000	100	0.50000	1	16	3	2	14	1	2	-3.99950	-inf	-4.02156
5.00000	1.00000	100	0.50000	2	16	3	2	14	1	2	-3.91819	-inf	-4.15322
5.00000	1.00000	100	0.50000	3	16	3	2	14	1	2	-3.89758	-inf	-4.31854
5.00000	1.00000	100	0.50000	4	16	3	2	14	1	2	-4.00109	-inf	-3.92617
5.00000	1.00000	100	1.00000	0	16	3	2	14	1	2	-3.97434	-inf	-4.05391
5.00000	1.00000	100	1.00000	1	16	3	2	14	1	2	-3.99352	-inf	-4.00099
5.00000	1.00000	100	1.00000	2	16	3	2	14	1	2	-3.91867	-inf	-4.14043
5.00000	1.00000	100	1.00000	3	16	3	2	14	1	2	-3.89620	-inf	-4.29782
5.00000	1.00000	100	1.00000	4	16	3	2	14	1	2	-4.00240	-inf	-3.93008
5.00000	1.00000	100	2.00000	0	16	3	2	14	1	2	-3.96885	-inf	-4.04209
5.00000	1.00000	100	2.00000	1	16	3	2	14	1	2	-3.98869	-inf	-3.97867
5.00000	1.00000	100	2.00000	2	16	3	2	14	1	2	-3.92237	-inf	-4.12563
5.00000	1.00000	100	2.00000	3	16	3	2	14	1	2	-3.89689	-inf	-4.26850
5.00000	1.00000	100	2.00000	4	16	3	2	14	1	2	-4.00634	-inf	-3.93865
5.00000	1.00000	500	0.10000	0	7	2	0	7	0	1	-4.10977	-inf	-4.20329
5.00000	1.00000	500	0.10000	1	7	2	0	7	0	1	-4.14891	-inf	-4.06086
5.00000	1.00000	500	0.10000	2	7	2	0	7	0	1	-4.09954	-inf	-4.27272
5.00000	1.00000	500	0.10000	3	7	2	0	7	0	1	-4.11183	-inf	-4.19231
5.00000	1.00000	500	0.10000	4	7	2	0	7	0	1	-4.13838	-inf	-4.08529
5.00000	1.00000	500	0.20000	0	7	2	0	7	0	1	-4.10978	-inf	-4.20312
5.00000	1.00000	500	0.20000	1	7	2	0	7	0	1	-4.14892	-inf	-4.06101
5.00000	1.00000	500	0.20000	2	7	2	0	7	0	1	-4.09955	-inf	-4.27248
5.00000	1.00000	500	0.20000	3	7	2	0	7	0	1	-4.11183	-inf	-4.19220
5.00000	1.00000	500	0.20000	4	7	2	0	7	0	1	-4.13838	-inf	-4.08537
5.00000	1.00000	500	0.50000	0	7	2	0	7	0	1	-4.10982	-inf	-4.20266
5.00000	1.00000	500	0.50000	1	7	2	0	7	0	1	-4.14896	-inf	-4.06147
5.00000	1.00000	500	0.50000	2	7	2	0	7	0	1	-4.09959	-inf	-4.27177
5.00000	1.00000	500	0.50000	3	7	2	0	7	0	1	-4.11187	-inf	-4.19188
5.00000	1.00000	500	0.50000	4	7	2	0	7	0	1	-4.13842	-inf	-4.08563
5.00000	1.00000	500	1.00000	0	7	2	0	7	0	1	-4.10996	-inf	-4.20198
5.00000	1.00000	500	1.00000	1	7	2	0	7	0	1	-4.14909	-inf	-4.06229
5.00000	1.00000	500	1.00000	2	7	2	0	7	0	1	-4.09973	-inf	-4.27068
5.00000	1.00000	500	1.00000	3	7	2	0	7	0	1	-4.11201	-inf	-4.19143
5.00000	1.00000	500	1.00000	4	7	2	0	7	0	1	-4.13855	-inf	-4.08613
5.00000	1.00000	500	2.00000	0	7	2	0	7	0	1	-4.11051	-inf	-4.20094
5.00000	1.00000	500	2.00000	1	7	2	0	7	0	1	-4.14959	-inf	-4.06413
5.00000	1.00000	500	2.00000	2	7	2	0	7	0	1	-4.10027	-inf	-4.26881
5.00000	1.00000	500	2.00000	3	7	2	0	7	0	1	-4.11253	-inf	-4.19080
5.00000	1.00000	500	2.00000	4	7	2	0	7	0	1	-4.13906	-inf	-4.08736
10.00000	1.00000	10	0.10000	0	16	3	2	14	1	2	-3.99117	-inf	-4.07403
10.00000	1.00000	10	0.10000	1	16	3	2	14	1	2	-4.00793	-inf	-4.04884
10.00000	1.00000	10	0.10000	2	16	3	2	14	1	2	-3.91881	-inf	-4.16822
10.00000	1.00000	10	0.10000	3	21	5	4	16	2	4	-3.85072	-inf	-4.17029
10.00000	1.00000	10	0.10000	4	21	5	4	16	2	4	-3.92758	-inf	-3.81912
10.00000	1.00000	10	0.20000	0	16	3	2	14	1	2	-3.98808	-inf	-4.07112
10.00000	1.00000	10	0.20000	1	16	3	2	14	1	2	-4.00534	-inf	-4.04050
10.00000	1.00000	10	0.20000	2	16	3	2	14	1	2	-3.91855	-inf	-4.16392
10.00000	1.00000	10	0.20000	3	21	5	4	16	2	4	-3.85094	-inf	-4.16803
10.00000	1.00000	10	0.20000	4	21	5	4	16	2	4	-3.92774	-inf	-3.82047
10.00000	1.00000	10	0.50000	0	16	3	2	14	1	2	-3.98121	-inf	-4.06355
10.00000	1.00000	10	0.50000	1	16	3	2	14	1	2	-3.99950	-inf	-4.02156
10.00000	1.00000	10	0.50000	2	16	3	2	14	1	2	-3.91819	-inf	-4.15322
10.00000	1.00000	10	0.50000	3	21	5	4	16	2	4	-3.85189	-inf	-4.16255
10.00000	1.00000	10	0.50000	4	21	5	4	16	2	4	-3.92847	-inf	-3.82463
10.00000	1.00000	10	1.00000	0	16	3	2	14	1	2	-3.97434	-inf	-4.05391
10.00000	1.00000	10	1.00000	1	16	3	2	14	1	2	-3.99352	-inf	-4.00099
10.00000	1.00000	10	1.00000	2	16	3	2	14	1	2	-3.91867	-inf	-4.14043
10.00000	1.00000	10	1.00000	3	21	5	4	16	2	4	-3.85426	-inf	-4.15629
10.00000	1.00000	10	1.00000	4	21	5	4	16	2	4	-3.93049	-inf	-3.83188
10.00000	1.00000	10	2.00000	0	16	3	2	14	1	2	-3.96885	-inf	-4.04209
10.00000	1.00000	10	2.00000	1	16	3	2	14	1	2	-3.98869	-inf	-3.97867
10.00000	1.00000	10	2.00000	2	16	3	2	14	1	2	-3.92237	-inf	-4.12563
10.00000	1.00000	10	2.00000	3	21	5	4	16	2	4	-3.86112	-inf	-4.14954
10.00000	1.00000	10	2.00000	4	21	5	4	16	2	4	-3.93680	-inf	-3.84718
10.00000	1.00000	50	0.10000	0	16	3	2	14	1	2	-3.99117	-inf	-4.07403
10.00000	1.00000	50	0.10000	1	16	3	2	14	1	2	-4.00793	-inf	-4.04884
10.00000	1.00000	50	0.10000	2	16	3	2	14	1	2	-3.91881	-inf	-4.16822
10.00000	1.00000	50	0.10000	3	21	5	4	16	2	4	-3.85072	-inf	-4.17029
10.00000	1.00000	50	0.10000	4	21	5	4	16	2	4	-3.92758	-inf	-3.81912
10.00000	1.00000	50	0.20000	0	16	3	2	14	1	2	-3.98808	-inf	-4.07112
10.00000	1.00000	50	0.20000	1	16	3	2	14	1	2	-4.00534	-inf	-4.04050
10.00000	1.00000	50	0.20000	2	16	3	2	14	1	2	-3.91855	-inf	-4.16392
10.00000	1.00000	50	0.20000	3	21	5	4	16	2	4	-3.85094	-inf	-4.16803
10.00000	1.00000	50	0.20000	4	21	5	4	16	2	4	-3.92774	-inf	-3.82047
10.00000	1.00000	50	0.50000	0	16	3	2	14	1	2	-3.98121	-inf	-4.06355
10.00000	1.00000	50	0.50000	1	16	3	2	14	1	2	-3.99950	-inf	-4.02156
10.00000	1.00000	50	0.50000	2	16	3	2	14	1	2	-3.91819	-inf	-4.15322
10.00000	1.00000	50	0.50000	3	21	5	4	16	2	4	-3.85189	-inf	-4.16255
10.00000	1.00000	50	0.50000	4	21	5	4	16	2	4	-3.92847	-inf	-3.82463
10.00000	1.00000	50	1.00000	0	16	3	2	14	1	2	-3.97434	-inf	-4.05391
10.00000	1.00000	50	1.00000	1	16	3	2	14	1	2	-3.99352	-inf	-4.00099
10.00000	1.00000	50	1.00000	2	16	3	2	14	1	2	-3.91867	-inf	-4.14043
10.00000	1.00000	50	1.00000	3	21	5	4	16	2	4	-3.85426	-inf	-4.15629
10.00000	1.00000	50	1.00000	4	21	5	4	16	2	4	-3.93049	-inf	-3.83188
10.00000	1.00000	50	2.00000	0	16	3	2	14	1	2	-3.96885	-inf	-4.04209
10.00000	1.00000	50	2.00000	1	16	3	2	14	1	2	-3.98869	-inf	-3.97867
10.00000	1.00000	50	2.00000	2	16	3	2	14	1	2	-3.92237	-inf	-4.12563
10.00000	1.00000	50	2.00000	3	21	5	4	16	2	4	-3.86112	-inf	-4.14954
10.00000	1.00000	50	2.00000	4	21	5	4	16	2	4	-3.93680	-inf	-3.84718
10.00000	1.00000	100	0.10000	0	16	3	2	14	1	2	-3.99117	-inf	-4.07403
10.00000	1.00000	100	0.10000	1	16	3	2	14	1	2	-4.00793	-inf	-4.04884
10.00000	1.00000	100	0.10000	2	16	3	2	14	1	2	-3.91881	-inf	-4.16822
10.00000	1.00000	100	0.10000	3	16	3	2	14	1	2	-3.89993	-inf	-4.34089
10.00000	1.00000	100	0.10000	4	16	3	2	14	1	2	-4.00042	-inf	-3.92324
10.00000	1.00000	100	0.20000	0	16	3	2	14	1	2	-3.98808	-inf	-4.07112
10.00000	1.00000	100	0.20000	1	16	3	2	14	1	2	-4.00534	-inf	-4.04050
10.00000	1.00000	100	0.20000	2	16	3	2	14	1	2	-3.91855	-inf	-4.16392
10.00000	1.00000	100	0.20000	3	16	3	2	14	1	2	-3.89921	-inf	-4.33458
10.00000	1.00000	100	0.20000	4	16	3	2	14	1	2	-4.00055	-inf	-3.92396
10.00000	1.00000	100	0.50000	0	16	3	2	14	1	2	-3.98121	-inf	-4.06355
10.00000	1.00000	100	0.50000	1	16	3	2	14	1	2	-3.99950	-inf	-4.02156
10.00000	1.00000	100	0.50000	2	16	3	2	14	1	2	-3.91819	-inf	-4.15322
10.00000	1.00000	100	0.50000	3	16	3	2	14	1	2	-3.89758	-inf	-4.31854
10.00000	1.00000	100	0.50000	4	16	3	2	14	1	2	-4.00109	-inf	-3.92617
10.00000	1.00000	100	1.00000	0	16	3	2	14	1	2	-3.97434	-inf	-4.05391
10.00000	1.00000	100	1.00000	1	16	3	2	14	1	2	-3.99352	-inf	-4.00099
10.00000	1.00000	100	1.00000	2	16	3	2	14	1	2	-3.91867	-inf	-4.14043
10.00000	1.00000	100	1.00000	3	16	3	2	14	1	2	-3.89620	-inf	-4.29782
10.00000	1.00000	100	1.00000	4	16	3	2	14	1	2	-4.00240	-inf	-3.93008
10.00000	1.00000	100	2.00000	0	16	3	2	14	1	2	-3.96885	-inf	-4.04209
10.00000	1.00000	100	2.00000	1	16	3	2	14	1	2	-3.98869	-inf	-3.97867
10.00000	1.00000	100	2.00000	2	16	3	2	14	1	2	-3.92237	-inf	-4.12563
10.00000	1.00000	100	2.00000	3	16	3	2	14	1	2	-3.89689	-inf	-4.26850
10.00000	1.00000	100	2.00000	4	16	3	2	14	1	2	-4.00634	-inf	-3.93865
10.00000	1.00000	500	0.10000	0	7	2	0	7	0	1	-4.10977	-inf	-4.20329
10.00000	1.00000	500	0.10000	1	7	2	0	7	0	1	-4.14891	-inf	-4.06086
10.00000	1.00000	500	0.10000	2	7	2	0	7	0	1	-4.09954	-inf	-4.27272
10.00000	1.00000	500	0.10000	3	7	2	0	7	0	1	-4.11183	-inf	-4.19231
10.00000	1.00000	500	0.10000	4	7	2	0	7	0	1	-4.13838	-inf	-4.08529
10.00000	1.00000	500	0.20000	0	7	2	0	7	0	1	-4.10978	-inf	-4.20312
10.00000	1.00000	500	0.20000	1	7	2	0	7	0	1	-4.14892	-inf	-4.06101
10.00000	1.00000	500	0.20000	2	7	2	0	7	0	1	-4.09955	-inf	-4.27248
10.00000	1.00000	500	0.20000	3	7	2	0	7	0	1	-4.11183	-inf	-4.19220
10.00000	1.00000	500	0.20000	4	7	2	0	7	0	1	-4.13838	-inf	-4.08537
10.00000	1.00000	500	0.50000	0	7	2	0	7	0	1	-4.10982	-inf	-4.20266
10.00000	1.00000	500	0.50000	1	7	2	0	7	0	1	-4.14896	-inf	-4.06147
10.00000	1.00000	500	0.50000	2	7	2	0	7	0	1	-4.09959	-inf	-4.27177
10.00000	1.00000	500	0.50000	3	7	2	0	7	0	1	-4.11187	-inf	-4.19188
10.00000	1.00000	500	0.50000	4	7	2	0	7	0	1	-4.13842	-inf	-4.08563
10.00000	1.00000	500	1.00000	0	7	2	0	7	0	1	-4.10996	-inf	-4.20198
10.00000	1.00000	500	1.00000	1	7	2	0	7	0	1	-4.14909	-inf	-4.06229
10.00000	1.00000	500	1.00000	2	7	2	0	7	0	1	-4.09973	-inf	-4.27068
10.00000	1.00000	500	1.00000	3	7	2	0	7	0	1	-4.11201	-inf	-4.19143
10.00000	1.00000	500	1.00000	4	7	2	0	7	0	1	-4.13855	-inf	-4.08613
10.00000	1.00000	500	2.00000	0	7	2	0	7	0	1	-4.11051	-inf	-4.20094
10.00000	1.00000	500	2.00000	1	7	2	0	7	0	1	-4.14959	-inf	-4.06413
10.00000	1.00000	500	2.00000	2	7	2	0	7	0	1	-4.10027	-inf	-4.26881
10.00000	1.00000	500	2.00000	3	7	2	0	7	0	1	-4.11253	-inf	-4.19080
10.00000	1.00000	500	2.00000	4	7	2	0	7	0	1	-4.13906	-inf	-4.08736
15.00000	1.00000	10	0.10000	0	16	3	2	14	1	2	-3.99117	-inf	-4.07403
15.00000	1.00000	10	0.10000	1	16	3	2	14	1	2	-4.00793	-inf	-4.04884
15.00000	1.00000	10	0.10000	2	16	3	2	14	1	2	-3.91881	-inf	-4.16822
15.00000	1.00000	10	0.10000	3	16	3	2	14	1	2	-3.89993	-inf	-4.34089
15.00000	1.00000	10	0.10000	4	16	3	2	14	1	2	-4.00042	-inf	-3.92324
15.00000	1.00000	10	0.20000	0	16	3	2	14	1	2	-3.98808	-inf	-4.07112
15.00000	1.00000	10	0.20000	1	16	3	2	14	1	2	-4.00534	-inf	-4.04050
15.00000	1.00000	10	0.20000	2	16	3	2	14	1	2	-3.91855	-inf	-4.16392
15.00000	1.00000	10	0.20000	3	16	3	2	14	1	2	-3.89921	-inf	-4.33458
15.00000	1.00000	10	0.20000	4	16	3	2	14	1	2	-4.00055	-inf	-3.92396
15.00000	1.00000	10	0.50000	0	16	3	2	14	1	2	-3.98121	-inf	-4.06355
15.00000	1.00000	10	0.50000	1	16	3	2	14	1	2	-3.99950	-inf	-4.02156
15.00000	1.00000	10	0.50000	2	16	3	2	14	1	2	-3.91819	-inf	-4.15322
15.00000	1.00000	10	0.50000	3	16	3	2	14	1	2	-3.89758	-inf	-4.31854
15.00000	1.00000	10	0.50000	4	16	3	2	14	1	2	-4.00109	-inf	-3.92617
15.00000	1.00000	10	1.00000	0	16	3	2	14	1	2	-3.97434	-inf	-4.05391
15.00000	1.00000	10	1.00000	1	16	3	2	14	1	2	-3.99352	-inf	-4.00099
15.00000	1.00000	10	1.00000	2	16	3	2	14	1	2	-3.91867	-inf	-4.14043
15.00000	1.00000	10	1.00000	3	16	3	2	14	1	2	-3.89620	-inf	-4.29782
15.00000	1.00000	10	1.00000	4	16	3	2	14	1	2	-4.00240	-inf	-3.93008
15.00000	1.00000	10	2.00000	0	16	3	2	14	1	2	-3.96885	-inf	-4.04209
15.00000	1.00000	10	2.00000	1	16	3	2	14	1	2	-3.98869	-inf	-3.97867
15.00000	1.00000	10	2.00000	2	16	3	2	14	1	2	-3.92237	-inf	-4.12563
15.00000	1.00000	10	2.00000	3	16	3	2	14	1	2	-3.89689	-inf	-4.26850
15.00000	1.00000	10	2.00000	4	16	3	2	14	1	2	-4.00634	-inf	-3.93865
15.00000	1.00000	50	0.10000	0	16	3	2	14	1	2	-3.99117	-inf	-4.07403
15.00000	1.00000	50	0.10000	1	16	3	2	14	1	2	-4.00793	-inf	-4.04884
15.00000	1.00000	50	0.10000	2	16	3	2	14	1	2	-3.91881	-inf	-4.16822
15.00000	1.00000	50	0.10000	3	16	3	2	14	1	2	-3.89993	-inf	-4.34089
15.00000	1.00000	50	0.10000	4	16	3	2	14	1	2	-4.00042	-inf	-3.92324
15.00000	1.00000	50	0.20000	0	16	3	2	14	1	2	-3.98808	-inf	-4.07112
15.00000	1.00000	50	0.20000	1	16	3	2	14	1	2	-4.00534	-inf	-4.04050
15.00000	1.00000	50	0.20000	2	16	3	2	14	1	2	-3.91855	-inf	-4.16392
15.00000	1.00000	50	0.20000	3	16	3	2	14	1	2	-3.89921	-inf	-4.33458
15.00000	1.00000	50	0.20000	4	16	3	2	14	1	2	-4.00055	-inf	-3.92396
15.00000	1.00000	50	0.50000	0	16	3	2	14	1	2	-3.98121	-inf	-4.06355
15.00000	1.00000	50	0.50000	1	16	3	2	14	1	2	-3.99950	-inf	-4.02156
15.00000	1.00000	50	0.50000	2	16	3	2	14	1	2	-3.91819	-inf	-4.15322
15.00000	1.00000	50	0.50000	3	16	3	2	14	1	2	-3.89758	-inf	-4.31854
15.00000	1.00000	50	0.50000	4	16	3	2	14	1	2	-4.00109	-inf	-3.92617
15.00000	1.00000	50	1.00000	0	16	3	2	14	1	2	-3.97434	-inf	-4.05391
15.00000	1.00000	50	1.00000	1	16	3	2	14	1	2	-3.99352	-inf	-4.00099
15.00000	1.00000	50	1.00000	2	16	3	2	14	1	2	-3.91867	-inf	-4.14043
15.00000	1.00000	50	1.00000	3	16	3	2	14	1	2	-3.89620	-inf	-4.29782
15.00000	1.00000	50	1.00000	4	16	3	2	14	1	2	-4.00240	-inf	-3.93008
15.00000	1.00000	50	2.00000	0	16	3	2	14	1	2	-3.96885	-inf	-4.04209
15.00000	1.00000	50	2.00000	1	16	3	2	14	1	2	-3.98869	-inf	-3.97867
15.00000	1.00000	50	2.00000	2	16	3	2	14	1	2	-3.92237	-inf	-4.12563
15.00000	1.00000	50	2.00000	3	16	3	2	14	1	2	-3.89689	-inf	-4.26850
15.00000	1.00000	50	2.00000	4	16	3	2	14	1	2	-4.00634	-inf	-3.93865
15.00000	1.00000	100	0.10000	0	16	3	2	14	1	2	-3.99117	-inf	-4.07403
15.00000	1.00000	100	0.10000	1	16	3	2	14	1	2	-4.00793	-inf	-4.04884
15.00000	1.00000	100	0.10000	2	16	3	2	14	1	2	-3.91881	-inf	-4.16822
15.00000	1.00000	100	0.10000	3	16	3	2	14	1	2	-3.89993	-inf	-4.34089
15.00000	1.00000	100	0.10000	4	16	3	2	14	1	2	-4.00042	-inf	-3.92324
15.00000	1.00000	100	0.20000	0	16	3	2	14	1	2	-3.98808	-inf	-4.07112
15.00000	1.00000	100	0.20000	1	16	3	2	14	1	2	-4.00534	-inf	-4.04050
15.00000	1.00000	100	0.20000	2	16	3	2	14	1	2	-3.91855	-inf	-4.16392
15.00000	1.00000	100	0.20000	3	16	3	2	14	1	2	-3.89921	-inf	-4.33458
15.00000	1.00000	100	0.20000	4	16	3	2	14	1	2	-4.00055	-inf	-3.92396
15.00000	1.00000	100	0.50000	0	16	3	2	14	1	2	-3.98121	-inf	-4.06355
15.00000	1.00000	100	0.50000	1	16	3	2	14	1	2	-3.99950	-inf	-4.02156
15.00000	1.00000	100	0.50000	2	16	3	2	14	1	2	-3.91819	-inf	-4.15322
15.00000	1.00000	100	0.50000	3	16	3	2	14	1	2	-3.89758	-inf	-4.31854
15.00000	1.00000	100	0.50000	4	16	3	2	14	1	2	-4.00109	-inf	-3.92617
15.00000	1.00000	100	1.00000	0	16	3	2	14	1	2	-3.97434	-inf	-4.05391
15.00000	1.00000	100	1.00000	1	16	3	2	14	1	2	-3.99352	-inf	-4.00099
15.00000	1.00000	100	1.00000	2	16	3	2	14	1	2	-3.91867	-inf	-4.14043
15.00000	1.00000	100	1.00000	3	16	3	2	14	1	2	-3.89620	-inf	-4.29782
15.00000	1.00000	100	1.00000	4	16	3	2	14	1	2	-4.00240	-inf	-3.93008
15.00000	1.00000	100	2.00000	0	16	3	2	14	1	2	-3.96885	-inf	-4.04209
15.00000	1.00000	100	2.00000	1	16	3	2	14	1	2	-3.98869	-inf	-3.97867
15.00000	1.00000	100	2.00000	2	16	3	2	14	1	2	-3.92237	-inf	-4.12563
15.00000	1.00000	100	2.00000	3	16	3	2	14	1	2	-3.89689	-inf	-4.26850
15.00000	1.00000	100	2.00000	4	16	3	2	14	1	2	-4.00634	-inf	-3.93865
15.00000	1.00000	500	0.10000	0	7	2	0	7	0	1	-4.10977	-inf	-4.20329
15.00000	1.00000	500	0.10000	1	7	2	0	7	0	1	-4.14891	-inf	-4.06086
15.00000	1.00000	500	0.10000	2	7	2	0	7	0	1	-4.09954	-inf	-4.27272
15.00000	1.00000	500	0.10000	3	7	2	0	7	0	1	-4.11183	-inf	-4.19231
15.00000	1.00000	500	0.10000	4	7	2	0	7	0	1	-4.13838	-inf	-4.08529
15.00000	1.00000	500	0.20000	0	7	2	0	7	0	1	-4.10978	-inf	-4.20312
15.00000	1.00000	500	0.20000	1	7	2	0	7	0	1	-4.14892	-inf	-4.06101
15.00000	1.00000	500	0.20000	2	7	2	0	7	0	1	-4.09955	-inf	-4.27248
15.00000	1.00000	500	0.20000	3	7	2	0	7	0	1	-4.11183	-inf	-4.19220
15.00000	1.00000	500	0.20000	4	7	2	0	7	0	1	-4.13838	-inf	-4.08537
15.00000	1.00000	500	0.50000	0	7	2	0	7	0	1	-4.10982	-inf	-4.20266
15.00000	1.00000	500	0.50000	1	7	2	0	7	0	1	-4.14896	-inf	-4.06147
15.00000	1.00000	500	0.50000	2	7	2	0	7	0	1	-4.09959	-inf	-4.27177
15.00000	1.00000	500	0.50000	3	7	2	0	7	0	1	-4.11187	-inf	-4.19188
15.00000	1.00000	500	0.50000	4	7	2	0	7	0	1	-4.13842	-inf	-4.08563
15.00000	1.00000	500	1.00000	0	7	2	0	7	0	1	-4.10996	-inf	-4.20198
15.00000	1.00000	500	1.00000	1	7	2	0	7	0	1	-4.14909	-inf	-4.06229
15.00000	1.00000	500	1.00000	2	7	2	0	7	0	1	-4.09973	-inf	-4.27068
15.00000	1.00000	500	1.00000	3	7	2	0	7	0	1	-4.11201	-inf	-4.19143
15.00000	1.00000	500	1.00000	4	7	2	0	7	0	1	-4.13855	-inf	-4.08613
15.00000	1.00000	500	2.00000	0	7	2	0	7	0	1	-4.11051	-inf	-4.20094
15.00000	1.00000	500	2.00000	1	7	2	0	7	0	1	-4.14959	-inf	-4.06413
15.00000	1.00000	500	2.00000	2	7	2	0	7	0	1	-4.10027	-inf	-4.26881
15.00000	1.00000	500	2.00000	3	7	2	0	7	0	1	-4.11253	-inf	-4.19080
15.00000	1.00000	500	2.00000	4	7	2	0	7	0	1	-4.13906	-inf	-4.08736
20.00000	1.00000	10	0.10000	0	16	3	2	14	1	2	-3.99117	-inf	-4.07403
20.00000	1.00000	10	0.10000	1	16	3	2	14	1	2	-4.00793	-inf	-4.04884
20.00000	1.00000	10	0.10000	2	16	3	2	14	1	2	-3.91881	-inf	-4.16822
20.00000	1.00000	10	0.10000	3	16	3	2	14	1	2	-3.89993	-inf	-4.34089
20.00000	1.00000	10	0.10000	4	16	3	2	14	1	2	-4.00042	-inf	-3.92324
20.00000	1.00000	10	0.20000	0	16	3	2	14	1	2	-3.98808	-inf	-4.07112
20.00000	1.00000	10	0.20000	1	16	3	2	14	1	2	-4.00534	-inf	-4.04050
20.00000	1.00000	10	0.20000	2	16	3	2	14	1	2	-3.91855	-inf	-4.16392
20.00000	1.00000	10	0.20000	3	16	3	2	14	1	2	-3.89921	-inf	-4.33458
20.00000	1.00000	10	0.20000	4	16	3	2	14	1	2	-4.00055	-inf	-3.92396
20.00000	1.00000	10	0.50000	0	16	3	2	14	1	2	-3.98121	-inf	-4.06355
20.00000	1.00000	10	0.50000	1	16	3	2	14	1	2	-3.99950	-inf	-4.02156
20.00000	1.00000	10	0.50000	2	16	3	2	14	1	2	-3.91819	-inf	-4.15322
20.00000	1.00000	10	0.50000	3	16	3	2	14	1	2	-3.89758	-inf	-4.31854
20.00000	1.00000	10	0.50000	4	16	3	2	14	1	2	-4.00109	-inf	-3.92617
20.00000	1.00000	10	1.00000	0	16	3	2	14	1	2	-3.97434	-inf	-4.05391
20.00000	1.00000	10	1.00000	1	16	3	2	14	1	2	-3.99352	-inf	-4.00099
20.00000	1.00000	10	1.00000	2	16	3	2	14	1	2	-3.91867	-inf	-4.14043
20.00000	1.00000	10	1.00000	3	16	3	2	14	1	2	-3.89620	-inf	-4.29782
20.00000	1.00000	10	1.00000	4	16	3	2	14	1	2	-4.00240	-inf	-3.93008
20.00000	1.00000	10	2.00000	0	16	3	2	14	1	2	-3.96885	-inf	-4.04209
20.00000	1.00000	10	2.00000	1	16	3	2	14	1	2	-3.98869	-inf	-3.97867
20.00000	1.00000	10	2.00000	2	16	3	2	14	1	2	-3.92237	-inf	-4.12563
20.00000	1.00000	10	2.00000	3	16	3	2	14	1	2	-3.89689	-inf	-4.26850
20.00000	1.00000	10	2.00000	4	16	3	2	14	1	2	-4.00634	-inf	-3.93865
20.00000	1.00000	50	0.10000	0	16	3	2	14	1	2	-3.99117	-inf	-4.07403
20.00000	1.00000	50	0.10000	1	16	3	2	14	1	2	-4.00793	-inf	-4.04884
20.00000	1.00000	50	0.10000	2	16	3	2	14	1	2	-3.91881	-inf	-4.16822
20.00000	1.00000	50	0.10000	3	16	3	2	14	1	2	-3.89993	-inf	-4.34089
20.00000	1.00000	50	0.10000	4	16	3	2	14	1	2	-4.00042	-inf	-3.92324
20.00000	1.00000	50	0.20000	0	16	3	2	14	1	2	-3.98808	-inf	-4.07112
20.00000	1.00000	50	0.20000	1	16	3	2	14	1	2	-4.00534	-inf	-4.04050
20.00000	1.00000	50	0.20000	2	16	3	2	14	1	2	-3.91855	-inf	-4.16392
20.00000	1.00000	50	0.20000	3	16	3	2	14	1	2	-3.89921	-inf	-4.33458
20.00000	1.00000	50	0.20000	4	16	3	2	14	1	2	-4.00055	-inf	-3.92396
20.00000	1.00000	50	0.50000	0	16	3	2	14	1	2	-3.98121	-inf	-4.06355
20.00000	1.00000	50	0.50000	1	16	3	2	14	1	2	-3.99950	-inf	-4.02156
20.00000	1.00000	50	0.50000	2	16	3	2	14	1	2	-3.91819	-inf	-4.15322
20.00000	1.00000	50	0.50000	3	16	3	2	14	1	2	-3.89758	-inf	-4.31854
20.00000	1.00000	50	0.50000	4	16	3	2	14	1	2	-4.00109	-inf	-3.92617
20.00000	1.00000	50	1.00000	0	16	3	2	14	1	2	-3.97434	-inf	-4.05391
20.00000	1.00000	50	1.00000	1	16	3	2	14	1	2	-3.99352	-inf	-4.00099
20.00000	1.00000	50	1.00000	2	16	3	2	14	1	2	-3.91867	-inf	-4.14043
20.00000	1.00000	50	1.00000	3	16	3	2	14	1	2	-3.89620	-inf	-4.29782
20.00000	1.00000	50	1.00000	4	16	3	2	14	1	2	-4.00240	-inf	-3.93008
20.00000	1.00000	50	2.00000	0	16	3	2	14	1	2	-3.96885	-inf	-4.04209
20.00000	1.00000	50	2.00000	1	16	3	2	14	1	2	-3.98869	-inf	-3.97867
20.00000	1.00000	50	2.00000	2	16	3	2	14	1	2	-3.92237	-inf	-4.12563
20.00000	1.00000	50	2.00000	3	16	3	2	14	1	2	-3.89689	-inf	-4.26850
20.00000	1.00000	50	2.00000	4	16	3	2	14	1	2	-4.00634	-inf	-3.93865
20.00000	1.00000	100	0.10000	0	16	3	2	14	1	2	-3.99117	-inf	-4.07403
20.00000	1.00000	100	0.10000	1	16	3	2	14	1	2	-4.00793	-inf	-4.04884
20.00000	1.00000	100	0.10000	2	16	3	2	14	1	2	-3.91881	-inf	-4.16822
20.00000	1.00000	100	0.10000	3	16	3	2	14	1	2	-3.89993	-inf	-4.34089
20.00000	1.00000	100	0.10000	4	16	3	2	14	1	2	-4.00042	-inf	-3.92324
20.00000	1.00000	100	0.20000	0	16	3	2	14	1	2	-3.98808	-inf	-4.07112
20.00000	1.00000	100	0.20000	1	16	3	2	14	1	2	-4.00534	-inf	-4.04050
20.00000	1.00000	100	0.20000	2	16	3	2	14	1	2	-3.91855	-inf	-4.16392
20.00000	1.00000	100	0.20000	3	16	3	2	14	1	2	-3.89921	-inf	-4.33458
20.00000	1.00000	100	0.20000	4	16	3	2	14	1	2	-4.00055	-inf	-3.92396
20.00000	1.00000	100	0.50000	0	16	3	2	14	1	2	-3.98121	-inf	-4.06355
20.00000	1.00000	100	0.50000	1	16	3	2	14	1	2	-3.99950	-inf	-4.02156
20.00000	1.00000	100	0.50000	2	16	3	2	14	1	2	-3.91819	-inf	-4.15322
20.00000	1.00000	100	0.50000	3	16	3	2	14	1	2	-3.89758	-inf	-4.31854
20.00000	1.00000	100	0.50000	4	16	3	2	14	1	2	-4.00109	-inf	-3.92617
20.00000	1.00000	100	1.00000	0	16	3	2	14	1	2	-3.97434	-inf	-4.05391
20.00000	1.00000	100	1.00000	1	16	3	2	14	1	2	-3.99352	-inf	-4.00099
20.00000	1.00000	100	1.00000	2	16	3	2	14	1	2	-3.91867	-inf	-4.14043
20.00000	1.00000	100	1.00000	3	16	3	2	14	1	2	-3.89620	-inf	-4.29782
20.00000	1.00000	100	1.00000	4	16	3	2	14	1	2	-4.00240	-inf	-3.93008
20.00000	1.00000	100	2.00000	0	16	3	2	14	1	2	-3.96885	-inf	-4.04209
20.00000	1.00000	100	2.00000	1	16	3	2	14	1	2	-3.98869	-inf	-3.97867
20.00000	1.00000	100	2.00000	2	16	3	2	14	1	2	-3.92237	-inf	-4.12563
20.00000	1.00000	100	2.00000	3	16	3	2	14	1	2	-3.89689	-inf	-4.26850
20.00000	1.00000	100	2.00000	4	16	3	2	14	1	2	-4.00634	-inf	-3.93865
20.00000	1.00000	500	0.10000	0	7	2	0	7	0	1	-4.10977	-inf	-4.20329
20.00000	1.00000	500	0.10000	1	7	2	0	7	0	1	-4.14891	-inf	-4.06086
20.00000	1.00000	500	0.10000	2	7	2	0	7	0	1	-4.09954	-inf	-4.27272
20.00000	1.00000	500	0.10000	3	7	2	0	7	0	1	-4.11183	-inf	-4.19231
20.00000	1.00000	500	0.10000	4	7	2	0	7	0	1	-4.13838	-inf	-4.08529
20.00000	1.00000	500	0.20000	0	7	2	0	7	0	1	-4.10978	-inf	-4.20312
20.00000	1.00000	500	0.20000	1	7	2	0	7	0	1	-4.14892	-inf	-4.06101
20.00000	1.00000	500	0.20000	2	7	2	0	7	0	1	-4.09955	-inf	-4.27248
20.00000	1.00000	500	0.20000	3	7	2	0	7	0	1	-4.11183	-inf	-4.19220
20.00000	1.00000	500	0.20000	4	7	2	0	7	0	1	-4.13838	-inf	-4.08537
20.00000	1.00000	500	0.50000	0	7	2	0	7	0	1	-4.10982	-inf	-4.20266
20.00000	1.00000	500	0.50000	1	7	2	0	7	0	1	-4.14896	-inf	-4.06147
20.00000	1.00000	500	0.50000	2	7	2	0	7	0	1	-4.09959	-inf	-4.27177
20.00000	1.00000	500	0.50000	3	7	2	0	7	0	1	-4.11187	-inf	-4.19188
20.00000	1.00000	500	0.50000	4	7	2	0	7	0	1	-4.13842	-inf	-4.08563
20.00000	1.00000	500	1.00000	0	7	2	0	7	0	1	-4.10996	-inf	-4.20198
20.00000	1.00000	500	1.00000	1	7	2	0	7	0	1	-4.14909	-inf	-4.06229
20.00000	1.00000	500	1.00000	2	7	2	0	7	0	1	-4.09973	-inf	-4.27068
20.00000	1.00000	500	1.00000	3	7	2	0	7	0	1	-4.11201	-inf	-4.19143
20.00000	1.00000	500	1.00000	4	7	2	0	7	0	1	-4.13855	-inf	-4.08613
20.00000	1.00000	500	2.00000	0	7	2	0	7	0	1	-4.11051	-inf	-4.20094
20.00000	1.00000	500	2.00000	1	7	2	0	7	0	1	-4.14959	-inf	-4.06413
20.00000	1.00000	500	2.00000	2	7	2	0	7	0	1	-4.10027	-inf	-4.26881
20.00000	1.00000	500	2.00000	3	7	2	0	7	0	1	-4.11253	-inf	-4.19080
20.00000	1.00000	500	2.00000	4	7	2	0	7	0	1	-4.13906	-inf	-4.08736
alpha: 2.0, cluster-penalty: 1.0, g-factor: 5.0, min-inst-slice: 10, test_ll: -3.984502876281071, train_ll: -3.8830437921136394, valid_ll: -3.984502876281071