parameters:
Namespace(alpha=[0.1, 0.2, 0.5, 1.0, 2.0], clt_leaves=False, cluster_method='GMM', cluster_penalty=[1.0], cv=5, dataset='data/multilabel/business1500/business1500.5.folds.pklz', features=None, g_factor=[5.0, 10.0, 15.0, 20.0], gzip=True, kde_leaves=False, min_inst_slice=[10, 50, 100, 500], n_iters=100, n_restarts=4, n_row_clusters=2, output='exp/ml-repr-spn/', save_model=True, seed=1337, sklearn_args=None, suffix=None, test_ext=None, train_ext=None, valid_ext=None, verbose=1)

g-factor:	clu-pen:	min-ins:	alpha:	fold:	n_edges:	depth:	n_weights:	n_leaves:	n_sums:	n_prods:	train_ll	valid_ll:	test_ll
5.00000	1.00000	10	0.10000	0	8782	25	1078	7176	529	1078	-16.61476	-inf	-17.18250
5.00000	1.00000	10	0.10000	1	8349	21	1021	6825	504	1021	-16.48203	-inf	-17.69831
5.00000	1.00000	10	0.10000	2	8434	23	1014	6921	500	1014	-16.32148	-inf	-18.36104
5.00000	1.00000	10	0.10000	3	8850	23	1088	7230	533	1088	-16.69557	-inf	-16.74714
5.00000	1.00000	10	0.10000	4	8433	25	969	6993	472	969	-16.52562	-inf	-17.74939
5.00000	1.00000	10	0.20000	0	8782	25	1078	7176	529	1078	-16.63092	-inf	-17.12820
5.00000	1.00000	10	0.20000	1	8349	21	1021	6825	504	1021	-16.49662	-inf	-17.63511
5.00000	1.00000	10	0.20000	2	8434	23	1014	6921	500	1014	-16.33955	-inf	-18.28735
5.00000	1.00000	10	0.20000	3	8850	23	1088	7230	533	1088	-16.71319	-inf	-16.70613
5.00000	1.00000	10	0.20000	4	8433	25	969	6993	472	969	-16.54159	-inf	-17.68015
5.00000	1.00000	10	0.50000	0	8782	25	1078	7176	529	1078	-16.69766	-inf	-17.09389
5.00000	1.00000	10	0.50000	1	8349	21	1021	6825	504	1021	-16.55907	-inf	-17.58451
5.00000	1.00000	10	0.50000	2	8434	23	1014	6921	500	1014	-16.40982	-inf	-18.22489
5.00000	1.00000	10	0.50000	3	8850	23	1088	7230	533	1088	-16.78329	-inf	-16.67803
5.00000	1.00000	10	0.50000	4	8433	25	969	6993	472	969	-16.60783	-inf	-17.62297
5.00000	1.00000	10	1.00000	0	8782	25	1078	7176	529	1078	-16.82573	-inf	-17.13954
5.00000	1.00000	10	1.00000	1	8349	21	1021	6825	504	1021	-16.68072	-inf	-17.61326
5.00000	1.00000	10	1.00000	2	8434	23	1014	6921	500	1014	-16.54231	-inf	-18.24793
5.00000	1.00000	10	1.00000	3	8850	23	1088	7230	533	1088	-16.91740	-inf	-16.71073
5.00000	1.00000	10	1.00000	4	8433	25	969	6993	472	969	-16.73573	-inf	-17.64516
5.00000	1.00000	10	2.00000	0	8782	25	1078	7176	529	1078	-17.08918	-inf	-17.31972
5.00000	1.00000	10	2.00000	1	8349	21	1021	6825	504	1021	-16.93323	-inf	-17.76782
5.00000	1.00000	10	2.00000	2	8434	23	1014	6921	500	1014	-16.81295	-inf	-18.40142
5.00000	1.00000	10	2.00000	3	8850	23	1088	7230	533	1088	-17.19620	-inf	-16.84502
5.00000	1.00000	10	2.00000	4	8433	25	969	6993	472	969	-17.00062	-inf	-17.78138
5.00000	1.00000	50	0.10000	0	7994	23	835	6746	414	835	-16.78788	-inf	-17.27758
5.00000	1.00000	50	0.10000	1	7526	21	770	6374	383	770	-16.63690	-inf	-17.71920
5.00000	1.00000	50	0.10000	2	7816	25	815	6599	403	815	-16.46362	-inf	-18.33991
5.00000	1.00000	50	0.10000	3	7968	23	796	6780	393	796	-16.88733	-inf	-16.76621
5.00000	1.00000	50	0.10000	4	7520	23	750	6403	368	750	-16.72308	-inf	-17.80530
5.00000	1.00000	50	0.20000	0	7994	23	835	6746	414	835	-16.79977	-inf	-17.22673
5.00000	1.00000	50	0.20000	1	7526	21	770	6374	383	770	-16.64795	-inf	-17.66315
5.00000	1.00000	50	0.20000	2	7816	25	815	6599	403	815	-16.47769	-inf	-18.28230
5.00000	1.00000	50	0.20000	3	7968	23	796	6780	393	796	-16.90093	-inf	-16.73097
5.00000	1.00000	50	0.20000	4	7520	23	750	6403	368	750	-16.73367	-inf	-17.74997
5.00000	1.00000	50	0.50000	0	7994	23	835	6746	414	835	-16.85430	-inf	-17.19240
5.00000	1.00000	50	0.50000	1	7526	21	770	6374	383	770	-16.69976	-inf	-17.61892
5.00000	1.00000	50	0.50000	2	7816	25	815	6599	403	815	-16.53800	-inf	-18.23984
5.00000	1.00000	50	0.50000	3	7968	23	796	6780	393	796	-16.95946	-inf	-16.70888
5.00000	1.00000	50	0.50000	4	7520	23	750	6403	368	750	-16.78468	-inf	-17.70184
5.00000	1.00000	50	1.00000	0	7994	23	835	6746	414	835	-16.96496	-inf	-17.23172
5.00000	1.00000	50	1.00000	1	7526	21	770	6374	383	770	-16.80586	-inf	-17.64771
5.00000	1.00000	50	1.00000	2	7816	25	815	6599	403	815	-16.65628	-inf	-18.27559
5.00000	1.00000	50	1.00000	3	7968	23	796	6780	393	796	-17.07596	-inf	-16.74233
5.00000	1.00000	50	1.00000	4	7520	23	750	6403	368	750	-16.89008	-inf	-17.71741
5.00000	1.00000	50	2.00000	0	7994	23	835	6746	414	835	-17.20069	-inf	-17.39339
5.00000	1.00000	50	2.00000	1	7526	21	770	6374	383	770	-17.03394	-inf	-17.79659
5.00000	1.00000	50	2.00000	2	7816	25	815	6599	403	815	-16.90471	-inf	-18.43974
5.00000	1.00000	50	2.00000	3	7968	23	796	6780	393	796	-17.32546	-inf	-16.87231
5.00000	1.00000	50	2.00000	4	7520	23	750	6403	368	750	-17.11902	-inf	-17.83202
5.00000	1.00000	100	0.10000	0	6733	19	571	5879	284	571	-17.07848	-inf	-17.39673
5.00000	1.00000	100	0.10000	1	6844	19	558	6008	279	558	-16.88567	-inf	-17.85600
5.00000	1.00000	100	0.10000	2	6727	19	554	5898	276	554	-16.71132	-inf	-18.43449
5.00000	1.00000	100	0.10000	3	6941	23	572	6085	285	572	-17.16500	-inf	-16.85457
5.00000	1.00000	100	0.10000	4	6645	21	560	5808	278	560	-16.92402	-inf	-17.85481
5.00000	1.00000	100	0.20000	0	6733	19	571	5879	284	571	-17.08370	-inf	-17.35342
5.00000	1.00000	100	0.20000	1	6844	19	558	6008	279	558	-16.89408	-inf	-17.80390
5.00000	1.00000	100	0.20000	2	6727	19	554	5898	276	554	-16.72021	-inf	-18.38468
5.00000	1.00000	100	0.20000	3	6941	23	572	6085	285	572	-17.17358	-inf	-16.82558
5.00000	1.00000	100	0.20000	4	6645	21	560	5808	278	560	-16.93029	-inf	-17.80700
5.00000	1.00000	100	0.50000	0	6733	19	571	5879	284	571	-17.12182	-inf	-17.32523
5.00000	1.00000	100	0.50000	1	6844	19	558	6008	279	558	-16.93886	-inf	-17.76598
5.00000	1.00000	100	0.50000	2	6727	19	554	5898	276	554	-16.76574	-inf	-18.34986
5.00000	1.00000	100	0.50000	3	6941	23	572	6085	285	572	-17.22006	-inf	-16.80899
5.00000	1.00000	100	0.50000	4	6645	21	560	5808	278	560	-16.96959	-inf	-17.76721
5.00000	1.00000	100	1.00000	0	6733	19	571	5879	284	571	-17.20861	-inf	-17.36293
5.00000	1.00000	100	1.00000	1	6844	19	558	6008	279	558	-17.03368	-inf	-17.79912
5.00000	1.00000	100	1.00000	2	6727	19	554	5898	276	554	-16.86125	-inf	-18.38547
5.00000	1.00000	100	1.00000	3	6941	23	572	6085	285	572	-17.31928	-inf	-16.84277
5.00000	1.00000	100	1.00000	4	6645	21	560	5808	278	560	-17.05785	-inf	-17.78518
5.00000	1.00000	100	2.00000	0	6733	19	571	5879	284	571	-17.40520	-inf	-17.51595
5.00000	1.00000	100	2.00000	1	6844	19	558	6008	279	558	-17.24319	-inf	-17.94843
5.00000	1.00000	100	2.00000	2	6727	19	554	5898	276	554	-17.07138	-inf	-18.53773
5.00000	1.00000	100	2.00000	3	6941	23	572	6085	285	572	-17.53846	-inf	-16.96855
5.00000	1.00000	100	2.00000	4	6645	21	560	5808	278	560	-17.25814	-inf	-17.89583
5.00000	1.00000	500	0.10000	0	3275	15	146	3057	73	146	-18.24427	-inf	-18.42587
5.00000	1.00000	500	0.10000	1	3421	15	144	3206	72	144	-18.08042	-inf	-18.84062
5.00000	1.00000	500	0.10000	2	3427	17	144	3212	72	144	-17.95510	-inf	-19.49446
5.00000	1.00000	500	0.10000	3	3895	13	132	3698	66	132	-18.06038	-inf	-17.33572
5.00000	1.00000	500	0.10000	4	3232	13	124	3047	62	124	-18.15395	-inf	-18.66294
5.00000	1.00000	500	0.20000	0	3275	15	146	3057	73	146	-18.23610	-inf	-18.39531
5.00000	1.00000	500	0.20000	1	3421	15	144	3206	72	144	-18.07303	-inf	-18.80015
5.00000	1.00000	500	0.20000	2	3427	17	144	3212	72	144	-17.94956	-inf	-19.46350
5.00000	1.00000	500	0.20000	3	3895	13	132	3698	66	132	-18.05729	-inf	-17.31106
5.00000	1.00000	500	0.20000	4	3232	13	124	3047	62	124	-18.14439	-inf	-18.61880
5.00000	1.00000	500	0.50000	0	3275	15	146	3057	73	146	-18.23598	-inf	-18.36530
5.00000	1.00000	500	0.50000	1	3421	15	144	3206	72	144	-18.07431	-inf	-18.75357
5.00000	1.00000	500	0.50000	2	3427	17	144	3212	72	144	-17.95597	-inf	-19.43226
5.00000	1.00000	500	0.50000	3	3895	13	132	3698	66	132	-18.07308	-inf	-17.29108
5.00000	1.00000	500	0.50000	4	3232	13	124	3047	62	124	-18.14354	-inf	-18.56957
5.00000	1.00000	500	1.00000	0	3275	15	146	3057	73	146	-18.26082	-inf	-18.36733
5.00000	1.00000	500	1.00000	1	3421	15	144	3206	72	144	-18.10070	-inf	-18.73956
5.00000	1.00000	500	1.00000	2	3427	17	144	3212	72	144	-17.99034	-inf	-19.43399
5.00000	1.00000	500	1.00000	3	3895	13	132	3698	66	132	-18.12476	-inf	-17.30623
5.00000	1.00000	500	1.00000	4	3232	13	124	3047	62	124	-18.17035	-inf	-18.55739
5.00000	1.00000	500	2.00000	0	3275	15	146	3057	73	146	-18.33998	-inf	-18.42390
5.00000	1.00000	500	2.00000	1	3421	15	144	3206	72	144	-18.18219	-inf	-18.77576
5.00000	1.00000	500	2.00000	2	3427	17	144	3212	72	144	-18.08638	-inf	-19.49329
5.00000	1.00000	500	2.00000	3	3895	13	132	3698	66	132	-18.25707	-inf	-17.38607
5.00000	1.00000	500	2.00000	4	3232	13	124	3047	62	124	-18.25695	-inf	-18.60248
10.00000	1.00000	10	0.10000	0	3477	17	368	2932	178	368	-17.38243	-inf	-17.43296
10.00000	1.00000	10	0.10000	1	3556	19	378	2993	186	378	-17.22740	-inf	-17.89896
10.00000	1.00000	10	0.10000	2	3337	19	328	2850	160	328	-17.11325	-inf	-18.55301
10.00000	1.00000	10	0.10000	3	3448	17	337	2948	164	337	-17.46509	-inf	-16.87069
10.00000	1.00000	10	0.10000	4	3516	17	365	2976	176	365	-17.23261	-inf	-17.79748
10.00000	1.00000	10	0.20000	0	3477	17	368	2932	178	368	-17.37873	-inf	-17.40715
10.00000	1.00000	10	0.20000	1	3556	19	378	2993	186	378	-17.22476	-inf	-17.86791
10.00000	1.00000	10	0.20000	2	3337	19	328	2850	160	328	-17.11045	-inf	-18.52709
10.00000	1.00000	10	0.20000	3	3448	17	337	2948	164	337	-17.46267	-inf	-16.85234
10.00000	1.00000	10	0.20000	4	3516	17	365	2976	176	365	-17.23020	-inf	-17.77002
10.00000	1.00000	10	0.50000	0	3477	17	368	2932	178	368	-17.38612	-inf	-17.38317
10.00000	1.00000	10	0.50000	1	3556	19	378	2993	186	378	-17.23446	-inf	-17.83607
10.00000	1.00000	10	0.50000	2	3337	19	328	2850	160	328	-17.11908	-inf	-18.50091
10.00000	1.00000	10	0.50000	3	3448	17	337	2948	164	337	-17.47310	-inf	-16.83696
10.00000	1.00000	10	0.50000	4	3516	17	365	2976	176	365	-17.24027	-inf	-17.74458
10.00000	1.00000	10	1.00000	0	3477	17	368	2932	178	368	-17.41849	-inf	-17.39032
10.00000	1.00000	10	1.00000	1	3556	19	378	2993	186	378	-17.26978	-inf	-17.83604
10.00000	1.00000	10	1.00000	2	3337	19	328	2850	160	328	-17.15179	-inf	-18.50348
10.00000	1.00000	10	1.00000	3	3448	17	337	2948	164	337	-17.50907	-inf	-16.84778
10.00000	1.00000	10	1.00000	4	3516	17	365	2976	176	365	-17.27549	-inf	-17.75036
10.00000	1.00000	10	2.00000	0	3477	17	368	2932	178	368	-17.50777	-inf	-17.45443
10.00000	1.00000	10	2.00000	1	3556	19	378	2993	186	378	-17.36369	-inf	-17.89068
10.00000	1.00000	10	2.00000	2	3337	19	328	2850	160	328	-17.23947	-inf	-18.55802
10.00000	1.00000	10	2.00000	3	3448	17	337	2948	164	337	-17.60332	-inf	-16.90928
10.00000	1.00000	10	2.00000	4	3516	17	365	2976	176	365	-17.36809	-inf	-17.80966
10.00000	1.00000	50	0.10000	0	3456	17	358	2925	174	358	-17.38830	-inf	-17.43613
10.00000	1.00000	50	0.10000	1	3535	19	372	2981	183	372	-17.23255	-inf	-17.90556
10.00000	1.00000	50	0.10000	2	3310	19	319	2837	155	319	-17.12248	-inf	-18.55142
10.00000	1.00000	50	0.10000	3	3426	17	330	2936	161	330	-17.47517	-inf	-16.86899
10.00000	1.00000	50	0.10000	4	3504	17	351	2984	170	351	-17.24581	-inf	-17.79366
10.00000	1.00000	50	0.20000	0	3456	17	358	2925	174	358	-17.38449	-inf	-17.41076
10.00000	1.00000	50	0.20000	1	3535	19	372	2981	183	372	-17.22977	-inf	-17.87497
10.00000	1.00000	50	0.20000	2	3310	19	319	2837	155	319	-17.11949	-inf	-18.52582
10.00000	1.00000	50	0.20000	3	3426	17	330	2936	161	330	-17.47278	-inf	-16.85080
10.00000	1.00000	50	0.20000	4	3504	17	351	2984	170	351	-17.24314	-inf	-17.76460
10.00000	1.00000	50	0.50000	0	3456	17	358	2925	174	358	-17.39158	-inf	-17.38718
10.00000	1.00000	50	0.50000	1	3535	19	372	2981	183	372	-17.23935	-inf	-17.84372
10.00000	1.00000	50	0.50000	2	3310	19	319	2837	155	319	-17.12752	-inf	-18.49985
10.00000	1.00000	50	0.50000	3	3426	17	330	2936	161	330	-17.48312	-inf	-16.83581
10.00000	1.00000	50	0.50000	4	3504	17	351	2984	170	351	-17.25261	-inf	-17.73642
10.00000	1.00000	50	1.00000	0	3456	17	358	2925	174	358	-17.42343	-inf	-17.39435
10.00000	1.00000	50	1.00000	1	3535	19	372	2981	183	372	-17.27467	-inf	-17.84402
10.00000	1.00000	50	1.00000	2	3310	19	319	2837	155	319	-17.15934	-inf	-18.50230
10.00000	1.00000	50	1.00000	3	3426	17	330	2936	161	330	-17.51879	-inf	-16.84715
10.00000	1.00000	50	1.00000	4	3504	17	351	2984	170	351	-17.28699	-inf	-17.73999
10.00000	1.00000	50	2.00000	0	3456	17	358	2925	174	358	-17.51181	-inf	-17.45805
10.00000	1.00000	50	2.00000	1	3535	19	372	2981	183	372	-17.36859	-inf	-17.89864
10.00000	1.00000	50	2.00000	2	3310	19	319	2837	155	319	-17.24558	-inf	-18.55632
10.00000	1.00000	50	2.00000	3	3426	17	330	2936	161	330	-17.61241	-inf	-16.90947
10.00000	1.00000	50	2.00000	4	3504	17	351	2984	170	351	-17.37852	-inf	-17.79752
10.00000	1.00000	100	0.10000	0	3316	15	315	2846	156	315	-17.42531	-inf	-17.45975
10.00000	1.00000	100	0.10000	1	3360	19	313	2892	156	313	-17.31865	-inf	-17.94382
10.00000	1.00000	100	0.10000	2	3176	17	271	2771	135	271	-17.18171	-inf	-18.59863
10.00000	1.00000	100	0.10000	3	3313	15	294	2875	145	294	-17.52852	-inf	-16.90349
10.00000	1.00000	100	0.10000	4	3395	17	316	2925	155	316	-17.29690	-inf	-17.87464
10.00000	1.00000	100	0.20000	0	3316	15	315	2846	156	315	-17.42081	-inf	-17.43488
10.00000	1.00000	100	0.20000	1	3360	19	313	2892	156	313	-17.31475	-inf	-17.91451
10.00000	1.00000	100	0.20000	2	3176	17	271	2771	135	271	-17.17782	-inf	-18.57459
10.00000	1.00000	100	0.20000	3	3313	15	294	2875	145	294	-17.52478	-inf	-16.88529
10.00000	1.00000	100	0.20000	4	3395	17	316	2925	155	316	-17.29376	-inf	-17.84194
10.00000	1.00000	100	0.50000	0	3316	15	315	2846	156	315	-17.42625	-inf	-17.41192
10.00000	1.00000	100	0.50000	1	3360	19	313	2892	156	313	-17.32132	-inf	-17.88473
10.00000	1.00000	100	0.50000	2	3176	17	271	2771	135	271	-17.18358	-inf	-18.55015
10.00000	1.00000	100	0.50000	3	3313	15	294	2875	145	294	-17.53229	-inf	-16.86935
10.00000	1.00000	100	0.50000	4	3395	17	316	2925	155	316	-17.30151	-inf	-17.80735
10.00000	1.00000	100	1.00000	0	3316	15	315	2846	156	315	-17.45567	-inf	-17.41905
10.00000	1.00000	100	1.00000	1	3360	19	313	2892	156	313	-17.35206	-inf	-17.88558
10.00000	1.00000	100	1.00000	2	3176	17	271	2771	135	271	-17.21220	-inf	-18.55231
10.00000	1.00000	100	1.00000	3	3313	15	294	2875	145	294	-17.56437	-inf	-16.87852
10.00000	1.00000	100	1.00000	4	3395	17	316	2925	155	316	-17.33308	-inf	-17.80400
10.00000	1.00000	100	2.00000	0	3316	15	315	2846	156	315	-17.53974	-inf	-17.48122
10.00000	1.00000	100	2.00000	1	3360	19	313	2892	156	313	-17.43785	-inf	-17.93891
10.00000	1.00000	100	2.00000	2	3176	17	271	2771	135	271	-17.29296	-inf	-18.60337
10.00000	1.00000	100	2.00000	3	3313	15	294	2875	145	294	-17.65211	-inf	-16.93595
10.00000	1.00000	100	2.00000	4	3395	17	316	2925	155	316	-17.41936	-inf	-17.85168
10.00000	1.00000	500	0.10000	0	2403	13	144	2188	72	144	-18.19432	-inf	-18.24858
10.00000	1.00000	500	0.10000	1	2450	13	124	2265	62	124	-18.05638	-inf	-18.68506
10.00000	1.00000	500	0.10000	2	2157	13	94	2017	47	94	-18.28184	-inf	-19.66158
10.00000	1.00000	500	0.10000	3	2536	13	148	2315	74	148	-18.21626	-inf	-17.28256
10.00000	1.00000	500	0.10000	4	2386	11	119	2209	59	119	-18.16019	-inf	-18.61639
10.00000	1.00000	500	0.20000	0	2403	13	144	2188	72	144	-18.18374	-inf	-18.22177
10.00000	1.00000	500	0.20000	1	2450	13	124	2265	62	124	-18.04730	-inf	-18.65241
10.00000	1.00000	500	0.20000	2	2157	13	94	2017	47	94	-18.27098	-inf	-19.63602
10.00000	1.00000	500	0.20000	3	2536	13	148	2315	74	148	-18.20678	-inf	-17.25897
10.00000	1.00000	500	0.20000	4	2386	11	119	2209	59	119	-18.14978	-inf	-18.57908
10.00000	1.00000	500	0.50000	0	2403	13	144	2188	72	144	-18.17462	-inf	-18.19136
10.00000	1.00000	500	0.50000	1	2450	13	124	2265	62	124	-18.04112	-inf	-18.61279
10.00000	1.00000	500	0.50000	2	2157	13	94	2017	47	94	-18.25969	-inf	-19.60329
10.00000	1.00000	500	0.50000	3	2536	13	148	2315	74	148	-18.20104	-inf	-17.23319
10.00000	1.00000	500	0.50000	4	2386	11	119	2209	59	119	-18.14179	-inf	-18.53246
10.00000	1.00000	500	1.00000	0	2403	13	144	2188	72	144	-18.18257	-inf	-18.18375
10.00000	1.00000	500	1.00000	1	2450	13	124	2265	62	124	-18.05199	-inf	-18.59594
10.00000	1.00000	500	1.00000	2	2157	13	94	2017	47	94	-18.26227	-inf	-19.58755
10.00000	1.00000	500	1.00000	3	2536	13	148	2315	74	148	-18.21372	-inf	-17.22967
10.00000	1.00000	500	1.00000	4	2386	11	119	2209	59	119	-18.15150	-inf	-18.50997
10.00000	1.00000	500	2.00000	0	2403	13	144	2188	72	144	-18.22695	-inf	-18.21412
10.00000	1.00000	500	2.00000	1	2450	13	124	2265	62	124	-18.09967	-inf	-18.61284
10.00000	1.00000	500	2.00000	2	2157	13	94	2017	47	94	-18.29415	-inf	-19.59881
10.00000	1.00000	500	2.00000	3	2536	13	148	2315	74	148	-18.26572	-inf	-17.26433
10.00000	1.00000	500	2.00000	4	2386	11	119	2209	59	119	-18.19830	-inf	-18.52068
15.00000	1.00000	10	0.10000	0	2384	13	227	2047	111	227	-17.69063	-inf	-17.65831
15.00000	1.00000	10	0.10000	1	2514	17	246	2151	118	246	-17.55360	-inf	-18.10780
15.00000	1.00000	10	0.10000	2	2411	15	232	2067	113	232	-17.47905	-inf	-18.88821
15.00000	1.00000	10	0.10000	3	2441	15	222	2113	107	222	-17.79891	-inf	-17.03870
15.00000	1.00000	10	0.10000	4	2400	15	226	2066	109	226	-17.59257	-inf	-18.05648
15.00000	1.00000	10	0.20000	0	2384	13	227	2047	111	227	-17.68432	-inf	-17.63630
15.00000	1.00000	10	0.20000	1	2514	17	246	2151	118	246	-17.54944	-inf	-18.07926
15.00000	1.00000	10	0.20000	2	2411	15	232	2067	113	232	-17.47229	-inf	-18.86265
15.00000	1.00000	10	0.20000	3	2441	15	222	2113	107	222	-17.79321	-inf	-17.02451
15.00000	1.00000	10	0.20000	4	2400	15	226	2066	109	226	-17.58651	-inf	-18.03187
15.00000	1.00000	10	0.50000	0	2384	13	227	2047	111	227	-17.68286	-inf	-17.61291
15.00000	1.00000	10	0.50000	1	2514	17	246	2151	118	246	-17.55311	-inf	-18.04917
15.00000	1.00000	10	0.50000	2	2411	15	232	2067	113	232	-17.47062	-inf	-18.83455
15.00000	1.00000	10	0.50000	3	2441	15	222	2113	107	222	-17.79290	-inf	-17.01188
15.00000	1.00000	10	0.50000	4	2400	15	226	2066	109	226	-17.58593	-inf	-18.00515
15.00000	1.00000	10	1.00000	0	2384	13	227	2047	111	227	-17.69898	-inf	-17.61229
15.00000	1.00000	10	1.00000	1	2514	17	246	2151	118	246	-17.57645	-inf	-18.04604
15.00000	1.00000	10	1.00000	2	2411	15	232	2067	113	232	-17.48686	-inf	-18.82934
15.00000	1.00000	10	1.00000	3	2441	15	222	2113	107	222	-17.81038	-inf	-17.01848
15.00000	1.00000	10	1.00000	4	2400	15	226	2066	109	226	-17.60350	-inf	-18.00100
15.00000	1.00000	10	2.00000	0	2384	13	227	2047	111	227	-17.75477	-inf	-17.65237
15.00000	1.00000	10	2.00000	1	2514	17	246	2151	118	246	-17.64474	-inf	-18.08738
15.00000	1.00000	10	2.00000	2	2411	15	232	2067	113	232	-17.54256	-inf	-18.86213
15.00000	1.00000	10	2.00000	3	2441	15	222	2113	107	222	-17.86831	-inf	-17.06319
15.00000	1.00000	10	2.00000	4	2400	15	226	2066	109	226	-17.66171	-inf	-18.03404
15.00000	1.00000	50	0.10000	0	2367	13	222	2037	109	222	-17.69570	-inf	-17.66130
15.00000	1.00000	50	0.10000	1	2527	17	252	2156	120	252	-17.55604	-inf	-18.10538
15.00000	1.00000	50	0.10000	2	2408	15	231	2065	113	231	-17.48053	-inf	-18.88846
15.00000	1.00000	50	0.10000	3	2426	15	216	2107	104	216	-17.79170	-inf	-17.03060
15.00000	1.00000	50	0.10000	4	2383	13	226	2049	109	226	-17.57948	-inf	-18.05419
15.00000	1.00000	50	0.20000	0	2367	13	222	2037	109	222	-17.68934	-inf	-17.63902
15.00000	1.00000	50	0.20000	1	2527	17	252	2156	120	252	-17.55159	-inf	-18.07631
15.00000	1.00000	50	0.20000	2	2408	15	231	2065	113	231	-17.47377	-inf	-18.86312
15.00000	1.00000	50	0.20000	3	2426	15	216	2107	104	216	-17.78564	-inf	-17.01628
15.00000	1.00000	50	0.20000	4	2383	13	226	2049	109	226	-17.57362	-inf	-18.02893
15.00000	1.00000	50	0.50000	0	2367	13	222	2037	109	222	-17.68771	-inf	-17.61494
15.00000	1.00000	50	0.50000	1	2527	17	252	2156	120	252	-17.55466	-inf	-18.04526
15.00000	1.00000	50	0.50000	2	2408	15	231	2065	113	231	-17.47203	-inf	-18.83525
15.00000	1.00000	50	0.50000	3	2426	15	216	2107	104	216	-17.78476	-inf	-17.00345
15.00000	1.00000	50	0.50000	4	2383	13	226	2049	109	226	-17.57303	-inf	-18.00022
15.00000	1.00000	50	1.00000	0	2367	13	222	2037	109	222	-17.70355	-inf	-17.61349
15.00000	1.00000	50	1.00000	1	2527	17	252	2156	120	252	-17.57722	-inf	-18.04132
15.00000	1.00000	50	1.00000	2	2408	15	231	2065	113	231	-17.48814	-inf	-18.83014
15.00000	1.00000	50	1.00000	3	2426	15	216	2107	104	216	-17.80180	-inf	-17.00992
15.00000	1.00000	50	1.00000	4	2383	13	226	2049	109	226	-17.59001	-inf	-17.99344
15.00000	1.00000	50	2.00000	0	2367	13	222	2037	109	222	-17.75884	-inf	-17.65234
15.00000	1.00000	50	2.00000	1	2527	17	252	2156	120	252	-17.64401	-inf	-18.08167
15.00000	1.00000	50	2.00000	2	2408	15	231	2065	113	231	-17.54367	-inf	-18.86295
15.00000	1.00000	50	2.00000	3	2426	15	216	2107	104	216	-17.85933	-inf	-17.05443
15.00000	1.00000	50	2.00000	4	2383	13	226	2049	109	226	-17.64638	-inf	-18.02248
15.00000	1.00000	100	0.10000	0	2396	15	231	2054	112	231	-17.71059	-inf	-17.69714
15.00000	1.00000	100	0.10000	1	2495	17	242	2139	115	242	-17.57780	-inf	-18.12773
15.00000	1.00000	100	0.10000	2	2398	13	228	2059	112	228	-17.49004	-inf	-18.90103
15.00000	1.00000	100	0.10000	3	2413	15	211	2101	102	211	-17.79912	-inf	-17.03870
15.00000	1.00000	100	0.10000	4	2351	13	211	2039	102	211	-17.62683	-inf	-18.09507
15.00000	1.00000	100	0.20000	0	2396	15	231	2054	112	231	-17.70428	-inf	-17.67528
15.00000	1.00000	100	0.20000	1	2495	17	242	2139	115	242	-17.57281	-inf	-18.09937
15.00000	1.00000	100	0.20000	2	2398	13	228	2059	112	228	-17.48328	-inf	-18.87587
15.00000	1.00000	100	0.20000	3	2413	15	211	2101	102	211	-17.79290	-inf	-17.02414
15.00000	1.00000	100	0.20000	4	2351	13	211	2039	102	211	-17.62057	-inf	-18.07056
15.00000	1.00000	100	0.50000	0	2396	15	231	2054	112	231	-17.70285	-inf	-17.65186
15.00000	1.00000	100	0.50000	1	2495	17	242	2139	115	242	-17.57485	-inf	-18.06872
15.00000	1.00000	100	0.50000	2	2398	13	228	2059	112	228	-17.48145	-inf	-18.84796
15.00000	1.00000	100	0.50000	3	2413	15	211	2101	102	211	-17.79163	-inf	-17.01081
15.00000	1.00000	100	0.50000	4	2351	13	211	2039	102	211	-17.61940	-inf	-18.04352
15.00000	1.00000	100	1.00000	0	2396	15	231	2054	112	231	-17.71903	-inf	-17.65058
15.00000	1.00000	100	1.00000	1	2495	17	242	2139	115	242	-17.59614	-inf	-18.06427
15.00000	1.00000	100	1.00000	2	2398	13	228	2059	112	228	-17.49727	-inf	-18.84239
15.00000	1.00000	100	1.00000	3	2413	15	211	2101	102	211	-17.80816	-inf	-17.01663
15.00000	1.00000	100	1.00000	4	2351	13	211	2039	102	211	-17.63592	-inf	-18.03846
15.00000	1.00000	100	2.00000	0	2396	15	231	2054	112	231	-17.77478	-inf	-17.68896
15.00000	1.00000	100	2.00000	1	2495	17	242	2139	115	242	-17.66090	-inf	-18.10294
15.00000	1.00000	100	2.00000	2	2398	13	228	2059	112	228	-17.55208	-inf	-18.87407
15.00000	1.00000	100	2.00000	3	2413	15	211	2101	102	211	-17.86492	-inf	-17.06014
15.00000	1.00000	100	2.00000	4	2351	13	211	2039	102	211	-17.69199	-inf	-18.06950
15.00000	1.00000	500	0.10000	0	2105	11	145	1889	72	145	-18.06095	-inf	-18.00684
15.00000	1.00000	500	0.10000	1	2195	13	149	1973	74	149	-17.83577	-inf	-18.34159
15.00000	1.00000	500	0.10000	2	2057	11	146	1840	72	146	-17.94904	-inf	-19.33915
15.00000	1.00000	500	0.10000	3	2213	13	153	1985	76	153	-17.98746	-inf	-17.17703
15.00000	1.00000	500	0.10000	4	2158	11	159	1921	79	159	-17.77783	-inf	-18.24208
15.00000	1.00000	500	0.20000	0	2105	11	145	1889	72	145	-18.05376	-inf	-17.98583
15.00000	1.00000	500	0.20000	1	2195	13	149	1973	74	149	-17.82887	-inf	-18.31175
15.00000	1.00000	500	0.20000	2	2057	11	146	1840	72	146	-17.93887	-inf	-19.31020
15.00000	1.00000	500	0.20000	3	2213	13	153	1985	76	153	-17.97988	-inf	-17.16237
15.00000	1.00000	500	0.20000	4	2158	11	159	1921	79	159	-17.77087	-inf	-18.21601
15.00000	1.00000	500	0.50000	0	2105	11	145	1889	72	145	-18.04969	-inf	-17.96251
15.00000	1.00000	500	0.50000	1	2195	13	149	1973	74	149	-17.82684	-inf	-18.27867
15.00000	1.00000	500	0.50000	2	2057	11	146	1840	72	146	-17.92981	-inf	-19.27424
15.00000	1.00000	500	0.50000	3	2213	13	153	1985	76	153	-17.97540	-inf	-17.14769
15.00000	1.00000	500	0.50000	4	2158	11	159	1921	79	159	-17.76770	-inf	-18.18539
15.00000	1.00000	500	1.00000	0	2105	11	145	1889	72	145	-18.06125	-inf	-17.95921
15.00000	1.00000	500	1.00000	1	2195	13	149	1973	74	149	-17.84238	-inf	-18.27092
15.00000	1.00000	500	1.00000	2	2057	11	146	1840	72	146	-17.93582	-inf	-19.25797
15.00000	1.00000	500	1.00000	3	2213	13	153	1985	76	153	-17.98715	-inf	-17.15057
15.00000	1.00000	500	1.00000	4	2158	11	159	1921	79	159	-17.78057	-inf	-18.17504
15.00000	1.00000	500	2.00000	0	2105	11	145	1889	72	145	-18.10760	-inf	-17.99137
15.00000	1.00000	500	2.00000	1	2195	13	149	1973	74	149	-17.89640	-inf	-18.30275
15.00000	1.00000	500	2.00000	2	2057	11	146	1840	72	146	-17.97287	-inf	-19.27090
15.00000	1.00000	500	2.00000	3	2213	13	153	1985	76	153	-18.03495	-inf	-17.18795
15.00000	1.00000	500	2.00000	4	2158	11	159	1921	79	159	-17.82890	-inf	-18.19631
20.00000	1.00000	10	0.10000	0	1899	13	179	1634	87	179	-17.97710	-inf	-17.94314
20.00000	1.00000	10	0.10000	1	2088	13	191	1805	93	191	-17.80434	-inf	-18.33075
20.00000	1.00000	10	0.10000	2	1878	13	160	1640	79	160	-17.73206	-inf	-19.07877
20.00000	1.00000	10	0.10000	3	1983	13	186	1710	88	186	-18.08807	-inf	-17.22114
20.00000	1.00000	10	0.10000	4	1953	13	187	1676	91	187	-17.86382	-inf	-18.33187
20.00000	1.00000	10	0.20000	0	1899	13	179	1634	87	179	-17.96963	-inf	-17.92413
20.00000	1.00000	10	0.20000	1	2088	13	191	1805	93	191	-17.79905	-inf	-18.30141
20.00000	1.00000	10	0.20000	2	1878	13	160	1640	79	160	-17.72352	-inf	-19.05867
20.00000	1.00000	10	0.20000	3	1983	13	186	1710	88	186	-18.08087	-inf	-17.20549
20.00000	1.00000	10	0.20000	4	1953	13	187	1676	91	187	-17.85651	-inf	-18.30639
20.00000	1.00000	10	0.50000	0	1899	13	179	1634	87	179	-17.96410	-inf	-17.90233
20.00000	1.00000	10	0.50000	1	2088	13	191	1805	93	191	-17.79909	-inf	-18.26705
20.00000	1.00000	10	0.50000	2	1878	13	160	1640	79	160	-17.71648	-inf	-19.03406
20.00000	1.00000	10	0.50000	3	1983	13	186	1710	88	186	-18.07577	-inf	-17.18870
20.00000	1.00000	10	0.50000	4	1953	13	187	1676	91	187	-17.85135	-inf	-18.27486
20.00000	1.00000	10	1.00000	0	1899	13	179	1634	87	179	-17.97244	-inf	-17.89734
20.00000	1.00000	10	1.00000	1	2088	13	191	1805	93	191	-17.81578	-inf	-18.25630
20.00000	1.00000	10	1.00000	2	1878	13	160	1640	79	160	-17.72351	-inf	-19.02529
20.00000	1.00000	10	1.00000	3	1983	13	186	1710	88	186	-18.08516	-inf	-17.18880
20.00000	1.00000	10	1.00000	4	1953	13	187	1676	91	187	-17.86071	-inf	-18.26218
20.00000	1.00000	10	2.00000	0	1899	13	179	1634	87	179	-18.01126	-inf	-17.92175
20.00000	1.00000	10	2.00000	1	2088	13	191	1805	93	191	-17.87004	-inf	-18.28320
20.00000	1.00000	10	2.00000	2	1878	13	160	1640	79	160	-17.76087	-inf	-19.04380
20.00000	1.00000	10	2.00000	3	1983	13	186	1710	88	186	-18.12689	-inf	-17.22078
20.00000	1.00000	10	2.00000	4	1953	13	187	1676	91	187	-17.90245	-inf	-18.27937
20.00000	1.00000	50	0.10000	0	1882	13	177	1620	86	177	-17.98794	-inf	-17.96496
20.00000	1.00000	50	0.10000	1	2068	13	185	1794	90	185	-17.81294	-inf	-18.33336
20.00000	1.00000	50	0.10000	2	1877	13	160	1639	79	160	-17.72839	-inf	-19.06733
20.00000	1.00000	50	0.10000	3	1983	13	186	1710	88	186	-18.08704	-inf	-17.22256
20.00000	1.00000	50	0.10000	4	1938	13	183	1667	89	183	-17.87532	-inf	-18.33830
20.00000	1.00000	50	0.20000	0	1882	13	177	1620	86	177	-17.98010	-inf	-17.94661
20.00000	1.00000	50	0.20000	1	2068	13	185	1794	90	185	-17.80731	-inf	-18.30391
20.00000	1.00000	50	0.20000	2	1877	13	160	1639	79	160	-17.71980	-inf	-19.04698
20.00000	1.00000	50	0.20000	3	1983	13	186	1710	88	186	-18.07989	-inf	-17.20698
20.00000	1.00000	50	0.20000	4	1938	13	183	1667	89	183	-17.86811	-inf	-18.31367
20.00000	1.00000	50	0.50000	0	1882	13	177	1620	86	177	-17.97372	-inf	-17.92584
20.00000	1.00000	50	0.50000	1	2068	13	185	1794	90	185	-17.80684	-inf	-18.27017
20.00000	1.00000	50	0.50000	2	1877	13	160	1639	79	160	-17.71275	-inf	-19.02250
20.00000	1.00000	50	0.50000	3	1983	13	186	1710	88	186	-18.07493	-inf	-17.19032
20.00000	1.00000	50	0.50000	4	1938	13	183	1667	89	183	-17.86320	-inf	-18.28336
20.00000	1.00000	50	1.00000	0	1882	13	177	1620	86	177	-17.98108	-inf	-17.92156
20.00000	1.00000	50	1.00000	1	2068	13	185	1794	90	185	-17.82325	-inf	-18.26027
20.00000	1.00000	50	1.00000	2	1877	13	160	1639	79	160	-17.71985	-inf	-19.01443
20.00000	1.00000	50	1.00000	3	1983	13	186	1710	88	186	-18.08446	-inf	-17.19055
20.00000	1.00000	50	1.00000	4	1938	13	183	1667	89	183	-17.87295	-inf	-18.27166
20.00000	1.00000	50	2.00000	0	1882	13	177	1620	86	177	-18.01834	-inf	-17.94612
20.00000	1.00000	50	2.00000	1	2068	13	185	1794	90	185	-17.87732	-inf	-18.28775
20.00000	1.00000	50	2.00000	2	1877	13	160	1639	79	160	-17.75735	-inf	-19.03437
20.00000	1.00000	50	2.00000	3	1983	13	186	1710	88	186	-18.12638	-inf	-17.22268
20.00000	1.00000	50	2.00000	4	1938	13	183	1667	89	183	-17.91532	-inf	-18.28974
20.00000	1.00000	100	0.10000	0	1886	13	178	1623	86	178	-17.98435	-inf	-17.95992
20.00000	1.00000	100	0.10000	1	2071	13	186	1795	91	186	-17.81837	-inf	-18.34205
20.00000	1.00000	100	0.10000	2	1868	13	157	1634	78	157	-17.73645	-inf	-19.07228
20.00000	1.00000	100	0.10000	3	1980	13	185	1708	88	185	-18.10279	-inf	-17.22986
20.00000	1.00000	100	0.10000	4	1937	13	182	1667	89	182	-17.87812	-inf	-18.34278
20.00000	1.00000	100	0.20000	0	1886	13	178	1623	86	178	-17.97659	-inf	-17.94182
20.00000	1.00000	100	0.20000	1	2071	13	186	1795	91	186	-17.81281	-inf	-18.31258
20.00000	1.00000	100	0.20000	2	1868	13	157	1634	78	157	-17.72775	-inf	-19.05202
20.00000	1.00000	100	0.20000	3	1980	13	185	1708	88	185	-18.09549	-inf	-17.21538
20.00000	1.00000	100	0.20000	4	1937	13	182	1667	89	182	-17.87082	-inf	-18.31730
20.00000	1.00000	100	0.50000	0	1886	13	178	1623	86	178	-17.97044	-inf	-17.92121
20.00000	1.00000	100	0.50000	1	2071	13	186	1795	91	186	-17.81231	-inf	-18.27843
20.00000	1.00000	100	0.50000	2	1868	13	157	1634	78	157	-17.72046	-inf	-19.02749
20.00000	1.00000	100	0.50000	3	1980	13	185	1708	88	185	-18.09040	-inf	-17.20037
20.00000	1.00000	100	0.50000	4	1937	13	182	1667	89	182	-17.86549	-inf	-18.28564
20.00000	1.00000	100	1.00000	0	1886	13	178	1623	86	178	-17.97808	-inf	-17.91701
20.00000	1.00000	100	1.00000	1	2071	13	186	1795	91	186	-17.82830	-inf	-18.26786
20.00000	1.00000	100	1.00000	2	1868	13	157	1634	78	157	-17.72724	-inf	-19.01920
20.00000	1.00000	100	1.00000	3	1980	13	185	1708	88	185	-18.09985	-inf	-17.20194
20.00000	1.00000	100	1.00000	4	1937	13	182	1667	89	182	-17.87442	-inf	-18.27263
20.00000	1.00000	100	2.00000	0	1886	13	178	1623	86	178	-18.01574	-inf	-17.94200
20.00000	1.00000	100	2.00000	1	2071	13	186	1795	91	186	-17.88131	-inf	-18.29429
20.00000	1.00000	100	2.00000	2	1868	13	157	1634	78	157	-17.76416	-inf	-19.03867
20.00000	1.00000	100	2.00000	3	1980	13	185	1708	88	185	-18.14167	-inf	-17.23534
20.00000	1.00000	100	2.00000	4	1937	13	182	1667	89	182	-17.91520	-inf	-18.28906
20.00000	1.00000	500	0.10000	0	1789	11	144	1574	72	144	-18.05010	-inf	-18.02184
20.00000	1.00000	500	0.10000	1	1913	13	138	1707	69	138	-18.06548	-inf	-18.53444
20.00000	1.00000	500	0.10000	2	1784	11	130	1590	65	130	-17.88525	-inf	-19.20354
20.00000	1.00000	500	0.10000	3	1812	9	131	1617	65	131	-18.31081	-inf	-17.43590
20.00000	1.00000	500	0.10000	4	1827	11	146	1609	73	146	-17.94514	-inf	-18.40988
20.00000	1.00000	500	0.20000	0	1789	11	144	1574	72	144	-18.04255	-inf	-18.00432
20.00000	1.00000	500	0.20000	1	1913	13	138	1707	69	138	-18.06004	-inf	-18.50467
20.00000	1.00000	500	0.20000	2	1784	11	130	1590	65	130	-17.87578	-inf	-19.18303
20.00000	1.00000	500	0.20000	3	1812	9	131	1617	65	131	-18.30338	-inf	-17.42171
20.00000	1.00000	500	0.20000	4	1827	11	146	1609	73	146	-17.93812	-inf	-18.38620
20.00000	1.00000	500	0.50000	0	1789	11	144	1574	72	144	-18.03619	-inf	-17.98445
20.00000	1.00000	500	0.50000	1	1913	13	138	1707	69	138	-18.05840	-inf	-18.46881
20.00000	1.00000	500	0.50000	2	1784	11	130	1590	65	130	-17.86685	-inf	-19.15752
20.00000	1.00000	500	0.50000	3	1812	9	131	1617	65	131	-18.29703	-inf	-17.40590
20.00000	1.00000	500	0.50000	4	1827	11	146	1609	73	146	-17.93326	-inf	-18.35662
20.00000	1.00000	500	1.00000	0	1789	11	144	1574	72	144	-18.04269	-inf	-17.98044
20.00000	1.00000	500	1.00000	1	1913	13	138	1707	69	138	-18.07132	-inf	-18.45510
20.00000	1.00000	500	1.00000	2	1784	11	130	1590	65	130	-17.87145	-inf	-19.14747
20.00000	1.00000	500	1.00000	3	1812	9	131	1617	65	131	-18.30371	-inf	-17.40500
20.00000	1.00000	500	1.00000	4	1827	11	146	1609	73	146	-17.94232	-inf	-18.34437
20.00000	1.00000	500	2.00000	0	1789	11	144	1574	72	144	-18.07745	-inf	-18.00419
20.00000	1.00000	500	2.00000	1	1913	13	138	1707	69	138	-18.11748	-inf	-18.47526
20.00000	1.00000	500	2.00000	2	1784	11	130	1590	65	130	-17.90455	-inf	-19.16327
20.00000	1.00000	500	2.00000	3	1812	9	131	1617	65	131	-18.33960	-inf	-17.43298
20.00000	1.00000	500	2.00000	4	1827	11	146	1609	73	146	-17.98233	-inf	-18.36002
alpha: 0.5, cluster-penalty: 1.0, g-factor: 5.0, min-inst-slice: 10, test_ll: -17.440856887068758, train_ll: -16.611535947331152, valid_ll: -17.440856887068758