parameters:
Namespace(alpha=[0.1, 0.2, 0.5, 1.0, 2.0], clt_leaves=False, cluster_method='GMM', cluster_penalty=[1.0], cv=5, dataset='data/multilabel/yeast/yeast.5.folds.pklz', features=None, g_factor=[5.0, 10.0, 15.0, 20.0], gzip=True, kde_leaves=False, min_inst_slice=[10, 50, 100, 500], n_iters=100, n_restarts=4, n_row_clusters=2, output='exp/ml-repr-spn/', save_model=True, seed=1337, sklearn_args=None, suffix=None, test_ext=None, train_ext=None, valid_ext=None, verbose=1)

g-factor:	clu-pen:	min-ins:	alpha:	fold:	n_edges:	depth:	n_weights:	n_leaves:	n_sums:	n_prods:	train_ll	valid_ll:	test_ll
5.00000	1.00000	10	0.10000	0	2076	19	375	1517	185	375	-21.81811	-inf	-22.95443
5.00000	1.00000	10	0.10000	1	2316	17	416	1697	204	416	-21.82181	-inf	-23.34121
5.00000	1.00000	10	0.10000	2	2267	19	408	1658	202	408	-21.91006	-inf	-22.91334
5.00000	1.00000	10	0.10000	3	2160	19	402	1562	197	402	-21.79761	-inf	-22.82088
5.00000	1.00000	10	0.10000	4	2256	17	425	1622	210	425	-21.82318	-inf	-23.04284
5.00000	1.00000	10	0.20000	0	2076	19	375	1517	185	375	-21.81353	-inf	-22.89403
5.00000	1.00000	10	0.20000	1	2316	17	416	1697	204	416	-21.81856	-inf	-23.24868
5.00000	1.00000	10	0.20000	2	2267	19	408	1658	202	408	-21.90501	-inf	-22.83992
5.00000	1.00000	10	0.20000	3	2160	19	402	1562	197	402	-21.78927	-inf	-22.73545
5.00000	1.00000	10	0.20000	4	2256	17	425	1622	210	425	-21.81513	-inf	-22.97069
5.00000	1.00000	10	0.50000	0	2076	19	375	1517	185	375	-21.82342	-inf	-22.81145
5.00000	1.00000	10	0.50000	1	2316	17	416	1697	204	416	-21.83405	-inf	-23.10908
5.00000	1.00000	10	0.50000	2	2267	19	408	1658	202	408	-21.91693	-inf	-22.73318
5.00000	1.00000	10	0.50000	3	2160	19	402	1562	197	402	-21.79250	-inf	-22.61561
5.00000	1.00000	10	0.50000	4	2256	17	425	1622	210	425	-21.82047	-inf	-22.86439
5.00000	1.00000	10	1.00000	0	2076	19	375	1517	185	375	-21.86963	-inf	-22.77388
5.00000	1.00000	10	1.00000	1	2316	17	416	1697	204	416	-21.89090	-inf	-23.01438
5.00000	1.00000	10	1.00000	2	2267	19	408	1658	202	408	-21.97121	-inf	-22.67122
5.00000	1.00000	10	1.00000	3	2160	19	402	1562	197	402	-21.83319	-inf	-22.54438
5.00000	1.00000	10	1.00000	4	2256	17	425	1622	210	425	-21.86627	-inf	-22.80087
5.00000	1.00000	10	2.00000	0	2076	19	375	1517	185	375	-22.00048	-inf	-22.81213
5.00000	1.00000	10	2.00000	1	2316	17	416	1697	204	416	-22.04178	-inf	-22.97862
5.00000	1.00000	10	2.00000	2	2267	19	408	1658	202	408	-22.12264	-inf	-22.68234
5.00000	1.00000	10	2.00000	3	2160	19	402	1562	197	402	-21.96049	-inf	-22.54128
5.00000	1.00000	10	2.00000	4	2256	17	425	1622	210	425	-22.00704	-inf	-22.80872
5.00000	1.00000	50	0.10000	0	1831	19	289	1400	143	289	-22.02617	-inf	-23.02404
5.00000	1.00000	50	0.10000	1	1929	17	288	1500	142	288	-22.13049	-inf	-23.29037
5.00000	1.00000	50	0.10000	2	1936	19	282	1516	139	282	-22.14314	-inf	-22.99320
5.00000	1.00000	50	0.10000	3	1909	17	316	1438	156	316	-22.00169	-inf	-22.86517
5.00000	1.00000	50	0.10000	4	2070	17	363	1528	180	363	-21.97741	-inf	-23.11772
5.00000	1.00000	50	0.20000	0	1831	19	289	1400	143	289	-22.01732	-inf	-22.97441
5.00000	1.00000	50	0.20000	1	1929	17	288	1500	142	288	-22.11892	-inf	-23.22110
5.00000	1.00000	50	0.20000	2	1936	19	282	1516	139	282	-22.13273	-inf	-22.92874
5.00000	1.00000	50	0.20000	3	1909	17	316	1438	156	316	-21.98814	-inf	-22.79126
5.00000	1.00000	50	0.20000	4	2070	17	363	1528	180	363	-21.96558	-inf	-23.05020
5.00000	1.00000	50	0.50000	0	1831	19	289	1400	143	289	-22.01473	-inf	-22.90697
5.00000	1.00000	50	0.50000	1	1929	17	288	1500	142	288	-22.11418	-inf	-23.11383
5.00000	1.00000	50	0.50000	2	1936	19	282	1516	139	282	-22.13149	-inf	-22.83440
5.00000	1.00000	50	0.50000	3	1909	17	316	1438	156	316	-21.97942	-inf	-22.68743
5.00000	1.00000	50	0.50000	4	2070	17	363	1528	180	363	-21.96220	-inf	-22.94595
5.00000	1.00000	50	1.00000	0	1831	19	289	1400	143	289	-22.04186	-inf	-22.87518
5.00000	1.00000	50	1.00000	1	1929	17	288	1500	142	288	-22.14219	-inf	-23.03683
5.00000	1.00000	50	1.00000	2	1936	19	282	1516	139	282	-22.16595	-inf	-22.77737
5.00000	1.00000	50	1.00000	3	1909	17	316	1438	156	316	-22.00360	-inf	-22.62356
5.00000	1.00000	50	1.00000	4	2070	17	363	1528	180	363	-21.99571	-inf	-22.87901
5.00000	1.00000	50	2.00000	0	1831	19	289	1400	143	289	-22.14051	-inf	-22.90558
5.00000	1.00000	50	2.00000	1	1929	17	288	1500	142	288	-22.24639	-inf	-23.00543
5.00000	1.00000	50	2.00000	2	1936	19	282	1516	139	282	-22.28360	-inf	-22.78084
5.00000	1.00000	50	2.00000	3	1909	17	316	1438	156	316	-22.10314	-inf	-22.61746
5.00000	1.00000	50	2.00000	4	2070	17	363	1528	180	363	-22.11628	-inf	-22.87690
5.00000	1.00000	100	0.10000	0	1263	17	137	1059	68	137	-22.67195	-inf	-23.49228
5.00000	1.00000	100	0.10000	1	1357	15	134	1157	67	134	-22.80549	-inf	-23.53794
5.00000	1.00000	100	0.10000	2	1287	17	118	1112	58	118	-22.94986	-inf	-23.36214
5.00000	1.00000	100	0.10000	3	1351	15	155	1120	77	155	-22.62773	-inf	-23.21382
5.00000	1.00000	100	0.10000	4	1483	15	177	1219	88	177	-22.48923	-inf	-23.28141
5.00000	1.00000	100	0.20000	0	1263	17	137	1059	68	137	-22.65194	-inf	-23.44965
5.00000	1.00000	100	0.20000	1	1357	15	134	1157	67	134	-22.78336	-inf	-23.48375
5.00000	1.00000	100	0.20000	2	1287	17	118	1112	58	118	-22.93454	-inf	-23.30935
5.00000	1.00000	100	0.20000	3	1351	15	155	1120	77	155	-22.60663	-inf	-23.16262
5.00000	1.00000	100	0.20000	4	1483	15	177	1219	88	177	-22.47191	-inf	-23.22579
5.00000	1.00000	100	0.50000	0	1263	17	137	1059	68	137	-22.62588	-inf	-23.38630
5.00000	1.00000	100	0.50000	1	1357	15	134	1157	67	134	-22.75574	-inf	-23.39923
5.00000	1.00000	100	0.50000	2	1287	17	118	1112	58	118	-22.91656	-inf	-23.22938
5.00000	1.00000	100	0.50000	3	1351	15	155	1120	77	155	-22.58040	-inf	-23.08767
5.00000	1.00000	100	0.50000	4	1483	15	177	1219	88	177	-22.45370	-inf	-23.14056
5.00000	1.00000	100	1.00000	0	1263	17	137	1059	68	137	-22.62071	-inf	-23.34617
5.00000	1.00000	100	1.00000	1	1357	15	134	1157	67	134	-22.75291	-inf	-23.33683
5.00000	1.00000	100	1.00000	2	1287	17	118	1112	58	118	-22.91902	-inf	-23.17619
5.00000	1.00000	100	1.00000	3	1351	15	155	1120	77	155	-22.57796	-inf	-23.03717
5.00000	1.00000	100	1.00000	4	1483	15	177	1219	88	177	-22.46301	-inf	-23.08677
5.00000	1.00000	100	2.00000	0	1263	17	137	1059	68	137	-22.66079	-inf	-23.34362
5.00000	1.00000	100	2.00000	1	1357	15	134	1157	67	134	-22.80103	-inf	-23.30564
5.00000	1.00000	100	2.00000	2	1287	17	118	1112	58	118	-22.96846	-inf	-23.16385
5.00000	1.00000	100	2.00000	3	1351	15	155	1120	77	155	-22.62682	-inf	-23.02406
5.00000	1.00000	100	2.00000	4	1483	15	177	1219	88	177	-22.53593	-inf	-23.08716
5.00000	1.00000	500	0.10000	0	451	11	11	436	5	11	-24.36950	-inf	-24.90228
5.00000	1.00000	500	0.10000	1	412	9	10	398	5	10	-24.54807	-inf	-24.74702
5.00000	1.00000	500	0.10000	2	455	11	11	440	5	11	-24.55555	-inf	-24.53355
5.00000	1.00000	500	0.10000	3	415	9	10	401	5	10	-24.58144	-inf	-24.55567
5.00000	1.00000	500	0.10000	4	404	7	12	387	6	12	-24.55771	-inf	-24.94312
5.00000	1.00000	500	0.20000	0	451	11	11	436	5	11	-24.35004	-inf	-24.88201
5.00000	1.00000	500	0.20000	1	412	9	10	398	5	10	-24.52905	-inf	-24.71444
5.00000	1.00000	500	0.20000	2	455	11	11	440	5	11	-24.53805	-inf	-24.50368
5.00000	1.00000	500	0.20000	3	415	9	10	401	5	10	-24.56170	-inf	-24.52346
5.00000	1.00000	500	0.20000	4	404	7	12	387	6	12	-24.54836	-inf	-24.92480
5.00000	1.00000	500	0.50000	0	451	11	11	436	5	11	-24.31802	-inf	-24.84861
5.00000	1.00000	500	0.50000	1	412	9	10	398	5	10	-24.49888	-inf	-24.65999
5.00000	1.00000	500	0.50000	2	455	11	11	440	5	11	-24.50824	-inf	-24.45580
5.00000	1.00000	500	0.50000	3	415	9	10	401	5	10	-24.53019	-inf	-24.47529
5.00000	1.00000	500	0.50000	4	404	7	12	387	6	12	-24.53553	-inf	-24.90031
5.00000	1.00000	500	1.00000	0	451	11	11	436	5	11	-24.29332	-inf	-24.82209
5.00000	1.00000	500	1.00000	1	412	9	10	398	5	10	-24.47715	-inf	-24.61522
5.00000	1.00000	500	1.00000	2	455	11	11	440	5	11	-24.48498	-inf	-24.41868
5.00000	1.00000	500	1.00000	3	415	9	10	401	5	10	-24.50692	-inf	-24.43948
5.00000	1.00000	500	1.00000	4	404	7	12	387	6	12	-24.53136	-inf	-24.88798
5.00000	1.00000	500	2.00000	0	451	11	11	436	5	11	-24.28107	-inf	-24.80618
5.00000	1.00000	500	2.00000	1	412	9	10	398	5	10	-24.46974	-inf	-24.58264
5.00000	1.00000	500	2.00000	2	455	11	11	440	5	11	-24.47444	-inf	-24.39525
5.00000	1.00000	500	2.00000	3	415	9	10	401	5	10	-24.49734	-inf	-24.41764
5.00000	1.00000	500	2.00000	4	404	7	12	387	6	12	-24.54687	-inf	-24.89610
10.00000	1.00000	10	0.10000	0	945	15	170	694	82	170	-22.46204	-inf	-23.09069
10.00000	1.00000	10	0.10000	1	1024	15	179	758	88	179	-22.48629	-inf	-23.22495
10.00000	1.00000	10	0.10000	2	948	15	172	693	84	172	-22.47793	-inf	-22.77016
10.00000	1.00000	10	0.10000	3	988	15	170	736	83	170	-22.52385	-inf	-22.93292
10.00000	1.00000	10	0.10000	4	960	13	169	708	84	169	-22.53004	-inf	-23.12945
10.00000	1.00000	10	0.20000	0	945	15	170	694	82	170	-22.45004	-inf	-23.06135
10.00000	1.00000	10	0.20000	1	1024	15	179	758	88	179	-22.46942	-inf	-23.18543
10.00000	1.00000	10	0.20000	2	948	15	172	693	84	172	-22.46752	-inf	-22.73707
10.00000	1.00000	10	0.20000	3	988	15	170	736	83	170	-22.50982	-inf	-22.88922
10.00000	1.00000	10	0.20000	4	960	13	169	708	84	169	-22.51695	-inf	-23.10183
10.00000	1.00000	10	0.50000	0	945	15	170	694	82	170	-22.43155	-inf	-23.01394
10.00000	1.00000	10	0.50000	1	1024	15	179	758	88	179	-22.44551	-inf	-23.11751
10.00000	1.00000	10	0.50000	2	948	15	172	693	84	172	-22.45246	-inf	-22.68252
10.00000	1.00000	10	0.50000	3	988	15	170	736	83	170	-22.48903	-inf	-22.82047
10.00000	1.00000	10	0.50000	4	960	13	169	708	84	169	-22.49697	-inf	-23.05577
10.00000	1.00000	10	1.00000	0	945	15	170	694	82	170	-22.42387	-inf	-22.97895
10.00000	1.00000	10	1.00000	1	1024	15	179	758	88	179	-22.43665	-inf	-23.06175
10.00000	1.00000	10	1.00000	2	948	15	172	693	84	172	-22.44974	-inf	-22.64055
10.00000	1.00000	10	1.00000	3	988	15	170	736	83	170	-22.48095	-inf	-22.76876
10.00000	1.00000	10	1.00000	4	960	13	169	708	84	169	-22.48896	-inf	-23.01997
10.00000	1.00000	10	2.00000	0	945	15	170	694	82	170	-22.44384	-inf	-22.96675
10.00000	1.00000	10	2.00000	1	1024	15	179	758	88	179	-22.46070	-inf	-23.02504
10.00000	1.00000	10	2.00000	2	948	15	172	693	84	172	-22.47806	-inf	-22.61970
10.00000	1.00000	10	2.00000	3	988	15	170	736	83	170	-22.50280	-inf	-22.74066
10.00000	1.00000	10	2.00000	4	960	13	169	708	84	169	-22.51092	-inf	-23.00449
10.00000	1.00000	50	0.10000	0	942	15	168	694	81	168	-22.47379	-inf	-23.11035
10.00000	1.00000	50	0.10000	1	1013	15	175	753	86	175	-22.49942	-inf	-23.22737
10.00000	1.00000	50	0.10000	2	948	15	172	693	84	172	-22.49207	-inf	-22.77704
10.00000	1.00000	50	0.10000	3	978	15	166	732	81	166	-22.52820	-inf	-22.93790
10.00000	1.00000	50	0.10000	4	955	13	167	706	83	167	-22.53431	-inf	-23.12858
10.00000	1.00000	50	0.20000	0	942	15	168	694	81	168	-22.46184	-inf	-23.08093
10.00000	1.00000	50	0.20000	1	1013	15	175	753	86	175	-22.48257	-inf	-23.18872
10.00000	1.00000	50	0.20000	2	948	15	172	693	84	172	-22.48146	-inf	-22.74401
10.00000	1.00000	50	0.20000	3	978	15	166	732	81	166	-22.51414	-inf	-22.89433
10.00000	1.00000	50	0.20000	4	955	13	167	706	83	167	-22.52110	-inf	-23.10067
10.00000	1.00000	50	0.50000	0	942	15	168	694	81	168	-22.44340	-inf	-23.03330
10.00000	1.00000	50	0.50000	1	1013	15	175	753	86	175	-22.45861	-inf	-23.12228
10.00000	1.00000	50	0.50000	2	948	15	172	693	84	172	-22.46558	-inf	-22.68931
10.00000	1.00000	50	0.50000	3	978	15	166	732	81	166	-22.49331	-inf	-22.82584
10.00000	1.00000	50	0.50000	4	955	13	167	706	83	167	-22.50081	-inf	-23.05431
10.00000	1.00000	50	1.00000	0	942	15	168	694	81	168	-22.43578	-inf	-22.99799
10.00000	1.00000	50	1.00000	1	1013	15	175	753	86	175	-22.44948	-inf	-23.06783
10.00000	1.00000	50	1.00000	2	948	15	172	693	84	172	-22.46147	-inf	-22.64687
10.00000	1.00000	50	1.00000	3	978	15	166	732	81	166	-22.48511	-inf	-22.77431
10.00000	1.00000	50	1.00000	4	955	13	167	706	83	167	-22.49240	-inf	-23.01875
10.00000	1.00000	50	2.00000	0	942	15	168	694	81	168	-22.45589	-inf	-22.98529
10.00000	1.00000	50	2.00000	1	1013	15	175	753	86	175	-22.47281	-inf	-23.03233
10.00000	1.00000	50	2.00000	2	948	15	172	693	84	172	-22.48743	-inf	-22.62528
10.00000	1.00000	50	2.00000	3	978	15	166	732	81	166	-22.50657	-inf	-22.74590
10.00000	1.00000	50	2.00000	4	955	13	167	706	83	167	-22.51382	-inf	-23.00402
10.00000	1.00000	100	0.10000	0	903	13	154	674	76	154	-22.52656	-inf	-23.15524
10.00000	1.00000	100	0.10000	1	921	15	148	700	74	148	-22.67947	-inf	-23.33511
10.00000	1.00000	100	0.10000	2	904	13	156	672	77	156	-22.53840	-inf	-22.80686
10.00000	1.00000	100	0.10000	3	887	13	134	688	66	134	-22.66941	-inf	-23.00927
10.00000	1.00000	100	0.10000	4	910	13	151	685	75	151	-22.59633	-inf	-23.18507
10.00000	1.00000	100	0.20000	0	903	13	154	674	76	154	-22.51359	-inf	-23.12492
10.00000	1.00000	100	0.20000	1	921	15	148	700	74	148	-22.65944	-inf	-23.29812
10.00000	1.00000	100	0.20000	2	904	13	156	672	77	156	-22.52710	-inf	-22.77287
10.00000	1.00000	100	0.20000	3	887	13	134	688	66	134	-22.65294	-inf	-22.96562
10.00000	1.00000	100	0.20000	4	910	13	151	685	75	151	-22.58218	-inf	-23.15471
10.00000	1.00000	100	0.50000	0	903	13	154	674	76	154	-22.49328	-inf	-23.07557
10.00000	1.00000	100	0.50000	1	921	15	148	700	74	148	-22.62938	-inf	-23.23510
10.00000	1.00000	100	0.50000	2	904	13	156	672	77	156	-22.50987	-inf	-22.71661
10.00000	1.00000	100	0.50000	3	887	13	134	688	66	134	-22.62750	-inf	-22.89836
10.00000	1.00000	100	0.50000	4	910	13	151	685	75	151	-22.55993	-inf	-23.10419
10.00000	1.00000	100	1.00000	0	903	13	154	674	76	154	-22.48364	-inf	-23.03848
10.00000	1.00000	100	1.00000	1	921	15	148	700	74	148	-22.61282	-inf	-23.18281
10.00000	1.00000	100	1.00000	2	904	13	156	672	77	156	-22.50414	-inf	-22.67248
10.00000	1.00000	100	1.00000	3	887	13	134	688	66	134	-22.61376	-inf	-22.84726
10.00000	1.00000	100	1.00000	4	910	13	151	685	75	151	-22.54877	-inf	-23.06513
10.00000	1.00000	100	2.00000	0	903	13	154	674	76	154	-22.50050	-inf	-23.02321
10.00000	1.00000	100	2.00000	1	921	15	148	700	74	148	-22.62341	-inf	-23.14526
10.00000	1.00000	100	2.00000	2	904	13	156	672	77	156	-22.52692	-inf	-22.64864
10.00000	1.00000	100	2.00000	3	887	13	134	688	66	134	-22.62617	-inf	-22.81626
10.00000	1.00000	100	2.00000	4	910	13	151	685	75	151	-22.56551	-inf	-23.04661
10.00000	1.00000	500	0.10000	0	433	11	24	398	12	24	-23.85896	-inf	-24.36285
10.00000	1.00000	500	0.10000	1	407	9	16	384	8	16	-24.19371	-inf	-24.45636
10.00000	1.00000	500	0.10000	2	414	9	18	388	9	18	-24.15453	-inf	-24.12824
10.00000	1.00000	500	0.10000	3	422	9	20	393	10	20	-24.16290	-inf	-24.19405
10.00000	1.00000	500	0.10000	4	416	7	18	390	9	18	-24.05100	-inf	-24.27860
10.00000	1.00000	500	0.20000	0	433	11	24	398	12	24	-23.83599	-inf	-24.33740
10.00000	1.00000	500	0.20000	1	407	9	16	384	8	16	-24.16881	-inf	-24.41213
10.00000	1.00000	500	0.20000	2	414	9	18	388	9	18	-24.13125	-inf	-24.09459
10.00000	1.00000	500	0.20000	3	422	9	20	393	10	20	-24.13677	-inf	-24.15562
10.00000	1.00000	500	0.20000	4	416	7	18	390	9	18	-24.04256	-inf	-24.26544
10.00000	1.00000	500	0.50000	0	433	11	24	398	12	24	-23.79844	-inf	-24.29410
10.00000	1.00000	500	0.50000	1	407	9	16	384	8	16	-24.12818	-inf	-24.33986
10.00000	1.00000	500	0.50000	2	414	9	18	388	9	18	-24.09289	-inf	-24.04107
10.00000	1.00000	500	0.50000	3	422	9	20	393	10	20	-24.09177	-inf	-24.09612
10.00000	1.00000	500	0.50000	4	416	7	18	390	9	18	-24.03103	-inf	-24.24734
10.00000	1.00000	500	1.00000	0	433	11	24	398	12	24	-23.76905	-inf	-24.25722
10.00000	1.00000	500	1.00000	1	407	9	16	384	8	16	-24.09548	-inf	-24.27950
10.00000	1.00000	500	1.00000	2	414	9	18	388	9	18	-24.06132	-inf	-23.99897
10.00000	1.00000	500	1.00000	3	422	9	20	393	10	20	-24.05331	-inf	-24.04691
10.00000	1.00000	500	1.00000	4	416	7	18	390	9	18	-24.02807	-inf	-24.23888
10.00000	1.00000	500	2.00000	0	433	11	24	398	12	24	-23.75155	-inf	-24.22814
10.00000	1.00000	500	2.00000	1	407	9	16	384	8	16	-24.07278	-inf	-24.22752
10.00000	1.00000	500	2.00000	2	414	9	18	388	9	18	-24.03857	-inf	-23.96816
10.00000	1.00000	500	2.00000	3	422	9	20	393	10	20	-24.02293	-inf	-24.00383
10.00000	1.00000	500	2.00000	4	416	7	18	390	9	18	-24.04520	-inf	-24.25005
15.00000	1.00000	10	0.10000	0	683	11	116	511	57	116	-22.74123	-inf	-23.30289
15.00000	1.00000	10	0.10000	1	632	11	105	477	51	105	-22.80159	-inf	-23.29856
15.00000	1.00000	10	0.10000	2	658	13	96	516	47	96	-22.82616	-inf	-22.99768
15.00000	1.00000	10	0.10000	3	675	11	103	523	50	103	-22.79655	-inf	-22.97676
15.00000	1.00000	10	0.10000	4	684	11	113	516	56	113	-22.70344	-inf	-23.09657
15.00000	1.00000	10	0.20000	0	683	11	116	511	57	116	-22.72628	-inf	-23.27541
15.00000	1.00000	10	0.20000	1	632	11	105	477	51	105	-22.79079	-inf	-23.27396
15.00000	1.00000	10	0.20000	2	658	13	96	516	47	96	-22.81248	-inf	-22.96936
15.00000	1.00000	10	0.20000	3	675	11	103	523	50	103	-22.78487	-inf	-22.94056
15.00000	1.00000	10	0.20000	4	684	11	113	516	56	113	-22.68957	-inf	-23.08067
15.00000	1.00000	10	0.50000	0	683	11	116	511	57	116	-22.70123	-inf	-23.23035
15.00000	1.00000	10	0.50000	1	632	11	105	477	51	105	-22.77300	-inf	-23.23035
15.00000	1.00000	10	0.50000	2	658	13	96	516	47	96	-22.79047	-inf	-22.91961
15.00000	1.00000	10	0.50000	3	675	11	103	523	50	103	-22.76565	-inf	-22.88656
15.00000	1.00000	10	0.50000	4	684	11	113	516	56	113	-22.66633	-inf	-23.05354
15.00000	1.00000	10	1.00000	0	683	11	116	511	57	116	-22.68365	-inf	-23.19465
15.00000	1.00000	10	1.00000	1	632	11	105	477	51	105	-22.76194	-inf	-23.19189
15.00000	1.00000	10	1.00000	2	658	13	96	516	47	96	-22.77717	-inf	-22.87779
15.00000	1.00000	10	1.00000	3	675	11	103	523	50	103	-22.75439	-inf	-22.84719
15.00000	1.00000	10	1.00000	4	684	11	113	516	56	113	-22.65058	-inf	-23.03364
15.00000	1.00000	10	2.00000	0	683	11	116	511	57	116	-22.68339	-inf	-23.17469
15.00000	1.00000	10	2.00000	1	632	11	105	477	51	105	-22.76818	-inf	-23.16161
15.00000	1.00000	10	2.00000	2	658	13	96	516	47	96	-22.78398	-inf	-22.84964
15.00000	1.00000	10	2.00000	3	675	11	103	523	50	103	-22.76291	-inf	-22.82564
15.00000	1.00000	10	2.00000	4	684	11	113	516	56	113	-22.65363	-inf	-23.03065
15.00000	1.00000	50	0.10000	0	683	11	116	511	57	116	-22.74123	-inf	-23.30289
15.00000	1.00000	50	0.10000	1	632	11	105	477	51	105	-22.80111	-inf	-23.30042
15.00000	1.00000	50	0.10000	2	657	13	96	515	47	96	-22.82848	-inf	-23.00061
15.00000	1.00000	50	0.10000	3	685	11	107	527	52	107	-22.79701	-inf	-23.00325
15.00000	1.00000	50	0.10000	4	684	11	113	516	56	113	-22.70344	-inf	-23.09657
15.00000	1.00000	50	0.20000	0	683	11	116	511	57	116	-22.72628	-inf	-23.27541
15.00000	1.00000	50	0.20000	1	632	11	105	477	51	105	-22.79033	-inf	-23.27588
15.00000	1.00000	50	0.20000	2	657	13	96	515	47	96	-22.81488	-inf	-22.97231
15.00000	1.00000	50	0.20000	3	685	11	107	527	52	107	-22.78550	-inf	-22.96689
15.00000	1.00000	50	0.20000	4	684	11	113	516	56	113	-22.68957	-inf	-23.08067
15.00000	1.00000	50	0.50000	0	683	11	116	511	57	116	-22.70123	-inf	-23.23035
15.00000	1.00000	50	0.50000	1	632	11	105	477	51	105	-22.77257	-inf	-23.23236
15.00000	1.00000	50	0.50000	2	657	13	96	515	47	96	-22.79302	-inf	-22.92267
15.00000	1.00000	50	0.50000	3	685	11	107	527	52	107	-22.76629	-inf	-22.91271
15.00000	1.00000	50	0.50000	4	684	11	113	516	56	113	-22.66633	-inf	-23.05354
15.00000	1.00000	50	1.00000	0	683	11	116	511	57	116	-22.68365	-inf	-23.19465
15.00000	1.00000	50	1.00000	1	632	11	105	477	51	105	-22.76152	-inf	-23.19393
15.00000	1.00000	50	1.00000	2	657	13	96	515	47	96	-22.77984	-inf	-22.88109
15.00000	1.00000	50	1.00000	3	685	11	107	527	52	107	-22.75483	-inf	-22.87314
15.00000	1.00000	50	1.00000	4	684	11	113	516	56	113	-22.65058	-inf	-23.03364
15.00000	1.00000	50	2.00000	0	683	11	116	511	57	116	-22.68339	-inf	-23.17469
15.00000	1.00000	50	2.00000	1	632	11	105	477	51	105	-22.76770	-inf	-23.16355
15.00000	1.00000	50	2.00000	2	657	13	96	515	47	96	-22.78682	-inf	-22.85342
15.00000	1.00000	50	2.00000	3	685	11	107	527	52	107	-22.76309	-inf	-22.85111
15.00000	1.00000	50	2.00000	4	684	11	113	516	56	113	-22.65363	-inf	-23.03065
15.00000	1.00000	100	0.10000	0	661	11	108	501	53	108	-22.78890	-inf	-23.35804
15.00000	1.00000	100	0.10000	1	632	11	105	477	51	105	-22.80577	-inf	-23.30707
15.00000	1.00000	100	0.10000	2	648	11	92	512	45	92	-22.84214	-inf	-23.00129
15.00000	1.00000	100	0.10000	3	680	11	105	525	51	105	-22.79544	-inf	-22.97798
15.00000	1.00000	100	0.10000	4	677	11	110	514	54	110	-22.71875	-inf	-23.12044
15.00000	1.00000	100	0.20000	0	661	11	108	501	53	108	-22.77260	-inf	-23.33031
15.00000	1.00000	100	0.20000	1	632	11	105	477	51	105	-22.79467	-inf	-23.28247
15.00000	1.00000	100	0.20000	2	648	11	92	512	45	92	-22.82840	-inf	-22.97294
15.00000	1.00000	100	0.20000	3	680	11	105	525	51	105	-22.78398	-inf	-22.94058
15.00000	1.00000	100	0.20000	4	677	11	110	514	54	110	-22.70456	-inf	-23.10461
15.00000	1.00000	100	0.50000	0	661	11	108	501	53	108	-22.74552	-inf	-23.28405
15.00000	1.00000	100	0.50000	1	632	11	105	477	51	105	-22.77619	-inf	-23.23824
15.00000	1.00000	100	0.50000	2	648	11	92	512	45	92	-22.80626	-inf	-22.92404
15.00000	1.00000	100	0.50000	3	680	11	105	525	51	105	-22.76529	-inf	-22.88524
15.00000	1.00000	100	0.50000	4	677	11	110	514	54	110	-22.68072	-inf	-23.07730
15.00000	1.00000	100	1.00000	0	661	11	108	501	53	108	-22.72588	-inf	-23.24683
15.00000	1.00000	100	1.00000	1	632	11	105	477	51	105	-22.76427	-inf	-23.19870
15.00000	1.00000	100	1.00000	2	648	11	92	512	45	92	-22.79272	-inf	-22.88348
15.00000	1.00000	100	1.00000	3	680	11	105	525	51	105	-22.75468	-inf	-22.84546
15.00000	1.00000	100	1.00000	4	677	11	110	514	54	110	-22.66431	-inf	-23.05673
15.00000	1.00000	100	2.00000	0	661	11	108	501	53	108	-22.72235	-inf	-23.22444
15.00000	1.00000	100	2.00000	1	632	11	105	477	51	105	-22.76933	-inf	-23.16695
15.00000	1.00000	100	2.00000	2	648	11	92	512	45	92	-22.79888	-inf	-22.85654
15.00000	1.00000	100	2.00000	3	680	11	105	525	51	105	-22.76420	-inf	-22.82442
15.00000	1.00000	100	2.00000	4	677	11	110	514	54	110	-22.66626	-inf	-23.05199
15.00000	1.00000	500	0.10000	0	405	11	34	355	17	34	-23.85144	-inf	-24.49791
15.00000	1.00000	500	0.10000	1	423	9	34	373	17	34	-23.67124	-inf	-24.03589
15.00000	1.00000	500	0.10000	2	410	9	28	369	14	28	-23.95381	-inf	-23.96963
15.00000	1.00000	500	0.10000	3	375	11	24	340	12	24	-24.19932	-inf	-24.16774
15.00000	1.00000	500	0.10000	4	412	9	32	365	16	32	-23.67548	-inf	-23.91471
15.00000	1.00000	500	0.20000	0	405	11	34	355	17	34	-23.82422	-inf	-24.46941
15.00000	1.00000	500	0.20000	1	423	9	34	373	17	34	-23.64765	-inf	-23.99612
15.00000	1.00000	500	0.20000	2	410	9	28	369	14	28	-23.92836	-inf	-23.93189
15.00000	1.00000	500	0.20000	3	375	11	24	340	12	24	-24.18179	-inf	-24.13837
15.00000	1.00000	500	0.20000	4	412	9	32	365	16	32	-23.65922	-inf	-23.89506
15.00000	1.00000	500	0.50000	0	405	11	34	355	17	34	-23.77894	-inf	-24.41918
15.00000	1.00000	500	0.50000	1	423	9	34	373	17	34	-23.60866	-inf	-23.93161
15.00000	1.00000	500	0.50000	2	410	9	28	369	14	28	-23.88623	-inf	-23.87175
15.00000	1.00000	500	0.50000	3	375	11	24	340	12	24	-24.15263	-inf	-24.09432
15.00000	1.00000	500	0.50000	4	412	9	32	365	16	32	-23.63225	-inf	-23.86106
15.00000	1.00000	500	1.00000	0	405	11	34	355	17	34	-23.74063	-inf	-24.37273
15.00000	1.00000	500	1.00000	1	423	9	34	373	17	34	-23.57692	-inf	-23.87676
15.00000	1.00000	500	1.00000	2	410	9	28	369	14	28	-23.85063	-inf	-23.82235
15.00000	1.00000	500	1.00000	3	375	11	24	340	12	24	-24.12883	-inf	-24.06082
15.00000	1.00000	500	1.00000	4	412	9	32	365	16	32	-23.61152	-inf	-23.83430
15.00000	1.00000	500	2.00000	0	405	11	34	355	17	34	-23.70910	-inf	-24.32695
15.00000	1.00000	500	2.00000	1	423	9	34	373	17	34	-23.55508	-inf	-23.82705
15.00000	1.00000	500	2.00000	2	410	9	28	369	14	28	-23.82182	-inf	-23.78046
15.00000	1.00000	500	2.00000	3	375	11	24	340	12	24	-24.11294	-inf	-24.03623
15.00000	1.00000	500	2.00000	4	412	9	32	365	16	32	-23.60279	-inf	-23.82059
20.00000	1.00000	10	0.10000	0	541	11	78	427	37	78	-23.04703	-inf	-23.42764
20.00000	1.00000	10	0.10000	1	533	11	76	421	37	76	-22.97154	-inf	-23.46370
20.00000	1.00000	10	0.10000	2	546	11	79	430	38	79	-23.06618	-inf	-23.12954
20.00000	1.00000	10	0.10000	3	536	11	78	421	38	78	-22.93877	-inf	-23.01295
20.00000	1.00000	10	0.10000	4	524	9	82	402	41	82	-22.81397	-inf	-23.21153
20.00000	1.00000	10	0.20000	0	541	11	78	427	37	78	-23.03440	-inf	-23.40878
20.00000	1.00000	10	0.20000	1	533	11	76	421	37	76	-22.95883	-inf	-23.44000
20.00000	1.00000	10	0.20000	2	546	11	79	430	38	79	-23.05270	-inf	-23.10773
20.00000	1.00000	10	0.20000	3	536	11	78	421	38	78	-22.92797	-inf	-22.98281
20.00000	1.00000	10	0.20000	4	524	9	82	402	41	82	-22.80575	-inf	-23.19955
20.00000	1.00000	10	0.50000	0	541	11	78	427	37	78	-23.01276	-inf	-23.37723
20.00000	1.00000	10	0.50000	1	533	11	76	421	37	76	-22.93772	-inf	-23.39808
20.00000	1.00000	10	0.50000	2	546	11	79	430	38	79	-23.02916	-inf	-23.07000
20.00000	1.00000	10	0.50000	3	536	11	78	421	38	78	-22.90831	-inf	-22.93531
20.00000	1.00000	10	0.50000	4	524	9	82	402	41	82	-22.79155	-inf	-23.17777
20.00000	1.00000	10	1.00000	0	541	11	78	427	37	78	-22.99690	-inf	-23.35310
20.00000	1.00000	10	1.00000	1	533	11	76	421	37	76	-22.92320	-inf	-23.36090
20.00000	1.00000	10	1.00000	2	546	11	79	430	38	79	-23.01115	-inf	-23.03837
20.00000	1.00000	10	1.00000	3	536	11	78	421	38	78	-22.89335	-inf	-22.89732
20.00000	1.00000	10	1.00000	4	524	9	82	402	41	82	-22.78203	-inf	-23.15940
20.00000	1.00000	10	2.00000	0	541	11	78	427	37	78	-22.99439	-inf	-23.34240
20.00000	1.00000	10	2.00000	1	533	11	76	421	37	76	-22.92384	-inf	-23.33092
20.00000	1.00000	10	2.00000	2	546	11	79	430	38	79	-23.00619	-inf	-23.01755
20.00000	1.00000	10	2.00000	3	536	11	78	421	38	78	-22.89106	-inf	-22.87035
20.00000	1.00000	10	2.00000	4	524	9	82	402	41	82	-22.78605	-inf	-23.15078
20.00000	1.00000	50	0.10000	0	541	11	78	427	37	78	-23.04703	-inf	-23.42764
20.00000	1.00000	50	0.10000	1	533	11	76	421	37	76	-22.97307	-inf	-23.46701
20.00000	1.00000	50	0.10000	2	547	11	79	431	38	79	-23.06450	-inf	-23.13246
20.00000	1.00000	50	0.10000	3	536	11	78	421	38	78	-22.93877	-inf	-23.01295
20.00000	1.00000	50	0.10000	4	524	9	82	402	41	82	-22.81397	-inf	-23.21153
20.00000	1.00000	50	0.20000	0	541	11	78	427	37	78	-23.03440	-inf	-23.40878
20.00000	1.00000	50	0.20000	1	533	11	76	421	37	76	-22.96018	-inf	-23.44300
20.00000	1.00000	50	0.20000	2	547	11	79	431	38	79	-23.05100	-inf	-23.11127
20.00000	1.00000	50	0.20000	3	536	11	78	421	38	78	-22.92797	-inf	-22.98281
20.00000	1.00000	50	0.20000	4	524	9	82	402	41	82	-22.80575	-inf	-23.19955
20.00000	1.00000	50	0.50000	0	541	11	78	427	37	78	-23.01276	-inf	-23.37723
20.00000	1.00000	50	0.50000	1	533	11	76	421	37	76	-22.93867	-inf	-23.40063
20.00000	1.00000	50	0.50000	2	547	11	79	431	38	79	-23.02758	-inf	-23.07439
20.00000	1.00000	50	0.50000	3	536	11	78	421	38	78	-22.90831	-inf	-22.93531
20.00000	1.00000	50	0.50000	4	524	9	82	402	41	82	-22.79155	-inf	-23.17777
20.00000	1.00000	50	1.00000	0	541	11	78	427	37	78	-22.99690	-inf	-23.35310
20.00000	1.00000	50	1.00000	1	533	11	76	421	37	76	-22.92366	-inf	-23.36318
20.00000	1.00000	50	1.00000	2	547	11	79	431	38	79	-23.00988	-inf	-23.04344
20.00000	1.00000	50	1.00000	3	536	11	78	421	38	78	-22.89335	-inf	-22.89732
20.00000	1.00000	50	1.00000	4	524	9	82	402	41	82	-22.78203	-inf	-23.15940
20.00000	1.00000	50	2.00000	0	541	11	78	427	37	78	-22.99439	-inf	-23.34240
20.00000	1.00000	50	2.00000	1	533	11	76	421	37	76	-22.92364	-inf	-23.33296
20.00000	1.00000	50	2.00000	2	547	11	79	431	38	79	-23.00557	-inf	-23.02325
20.00000	1.00000	50	2.00000	3	536	11	78	421	38	78	-22.89106	-inf	-22.87035
20.00000	1.00000	50	2.00000	4	524	9	82	402	41	82	-22.78605	-inf	-23.15078
20.00000	1.00000	100	0.10000	0	541	11	78	427	37	78	-23.03619	-inf	-23.43207
20.00000	1.00000	100	0.10000	1	533	11	76	421	37	76	-22.97486	-inf	-23.46950
20.00000	1.00000	100	0.10000	2	541	11	77	428	37	77	-23.08159	-inf	-23.14741
20.00000	1.00000	100	0.10000	3	541	11	80	423	39	80	-22.93879	-inf	-23.01887
20.00000	1.00000	100	0.10000	4	524	9	82	402	41	82	-22.81268	-inf	-23.21450
20.00000	1.00000	100	0.20000	0	541	11	78	427	37	78	-23.02352	-inf	-23.41338
20.00000	1.00000	100	0.20000	1	533	11	76	421	37	76	-22.96193	-inf	-23.44583
20.00000	1.00000	100	0.20000	2	541	11	77	428	37	77	-23.06796	-inf	-23.12604
20.00000	1.00000	100	0.20000	3	541	11	80	423	39	80	-22.92795	-inf	-22.98868
20.00000	1.00000	100	0.20000	4	524	9	82	402	41	82	-22.80441	-inf	-23.20217
20.00000	1.00000	100	0.50000	0	541	11	78	427	37	78	-23.00182	-inf	-23.38205
20.00000	1.00000	100	0.50000	1	533	11	76	421	37	76	-22.94034	-inf	-23.40370
20.00000	1.00000	100	0.50000	2	541	11	77	428	37	77	-23.04428	-inf	-23.08872
20.00000	1.00000	100	0.50000	3	541	11	80	423	39	80	-22.90831	-inf	-22.94115
20.00000	1.00000	100	0.50000	4	524	9	82	402	41	82	-22.79018	-inf	-23.17975
20.00000	1.00000	100	1.00000	0	541	11	78	427	37	78	-22.98593	-inf	-23.35777
20.00000	1.00000	100	1.00000	1	533	11	76	421	37	76	-22.92519	-inf	-23.36592
20.00000	1.00000	100	1.00000	2	541	11	77	428	37	77	-23.02637	-inf	-23.05737
20.00000	1.00000	100	1.00000	3	541	11	80	423	39	80	-22.89350	-inf	-22.90324
20.00000	1.00000	100	1.00000	4	524	9	82	402	41	82	-22.78072	-inf	-23.16087
20.00000	1.00000	100	2.00000	0	541	11	78	427	37	78	-22.98339	-inf	-23.34661
20.00000	1.00000	100	2.00000	1	533	11	76	421	37	76	-22.92491	-inf	-23.33481
20.00000	1.00000	100	2.00000	2	541	11	77	428	37	77	-23.02188	-inf	-23.03689
20.00000	1.00000	100	2.00000	3	541	11	80	423	39	80	-22.89147	-inf	-22.87651
20.00000	1.00000	100	2.00000	4	524	9	82	402	41	82	-22.78494	-inf	-23.15190
20.00000	1.00000	500	0.10000	0	407	9	34	357	17	34	-23.64946	-inf	-24.03580
20.00000	1.00000	500	0.10000	1	396	9	30	352	15	30	-23.68787	-inf	-24.10357
20.00000	1.00000	500	0.10000	2	412	9	34	362	17	34	-23.71622	-inf	-23.78051
20.00000	1.00000	500	0.10000	3	400	9	36	347	18	36	-23.60189	-inf	-23.50852
20.00000	1.00000	500	0.10000	4	410	9	42	348	21	42	-23.34452	-inf	-23.57229
20.00000	1.00000	500	0.20000	0	407	9	34	357	17	34	-23.62769	-inf	-24.01115
20.00000	1.00000	500	0.20000	1	396	9	30	352	15	30	-23.66420	-inf	-24.06469
20.00000	1.00000	500	0.20000	2	412	9	34	362	17	34	-23.69366	-inf	-23.74833
20.00000	1.00000	500	0.20000	3	400	9	36	347	18	36	-23.57945	-inf	-23.47316
20.00000	1.00000	500	0.20000	4	410	9	42	348	21	42	-23.33542	-inf	-23.55995
20.00000	1.00000	500	0.50000	0	407	9	34	357	17	34	-23.59051	-inf	-23.97067
20.00000	1.00000	500	0.50000	1	396	9	30	352	15	30	-23.62518	-inf	-24.00100
20.00000	1.00000	500	0.50000	2	412	9	34	362	17	34	-23.65610	-inf	-23.69697
20.00000	1.00000	500	0.50000	3	400	9	36	347	18	36	-23.54187	-inf	-23.41718
20.00000	1.00000	500	0.50000	4	410	9	42	348	21	42	-23.31921	-inf	-23.53864
20.00000	1.00000	500	1.00000	0	407	9	34	357	17	34	-23.55896	-inf	-23.93765
20.00000	1.00000	500	1.00000	1	396	9	30	352	15	30	-23.59315	-inf	-23.94605
20.00000	1.00000	500	1.00000	2	412	9	34	362	17	34	-23.62513	-inf	-23.65459
20.00000	1.00000	500	1.00000	3	400	9	36	347	18	36	-23.51084	-inf	-23.37178
20.00000	1.00000	500	1.00000	4	410	9	42	348	21	42	-23.30745	-inf	-23.52223
20.00000	1.00000	500	2.00000	0	407	9	34	357	17	34	-23.53443	-inf	-23.91298
20.00000	1.00000	500	2.00000	1	396	9	30	352	15	30	-23.56997	-inf	-23.89468
20.00000	1.00000	500	2.00000	2	412	9	34	362	17	34	-23.60250	-inf	-23.62001
20.00000	1.00000	500	2.00000	3	400	9	36	347	18	36	-23.48788	-inf	-23.33478
20.00000	1.00000	500	2.00000	4	410	9	42	348	21	42	-23.30823	-inf	-23.51743
alpha: 1.0, cluster-penalty: 1.0, g-factor: 5.0, min-inst-slice: 10, test_ll: -22.760948555992215, train_ll: -21.88623653311725, valid_ll: -22.760948555992215