parameters:
Namespace(alpha=[0.1, 0.2, 0.5, 1.0, 2.0], clt_leaves=False, cluster_method='GMM', cluster_penalty=[1.0], cv=5, data_exts=None, dataset='data/multilabel/business1500/business1500.5.folds.pklz', dtype='int32', feature_scheme=None, g_factor=[5.0, 10.0, 15.0, 20.0], gzip=True, kde_leaves=False, min_inst_slice=[10, 50, 100, 500], n_iters=100, n_restarts=4, n_row_clusters=2, output='exp/ml-repr-spn-y/', save_model=True, seed=1337, sklearn_args=None, suffix=None, verbose=1, y_only=True)

g-factor:	clu-pen:	min-ins:	alpha:	fold:	n_edges:	depth:	n_weights:	n_leaves:	n_sums:	n_prods:	train_ll	valid_ll:	test_ll
5.00000	1.00000	10	0.10000	0	427	19	80	309	39	80	-2.21492	-inf	-2.14147
5.00000	1.00000	10	0.10000	1	438	19	86	311	42	86	-2.19802	-inf	-2.24557
5.00000	1.00000	10	0.10000	2	409	19	77	295	38	77	-2.21300	-inf	-2.17937
5.00000	1.00000	10	0.10000	3	395	17	82	274	40	82	-2.19932	-inf	-2.25942
5.00000	1.00000	10	0.10000	4	401	19	86	274	42	86	-2.18914	-inf	-2.31611
5.00000	1.00000	10	0.20000	0	427	19	80	309	39	80	-2.21548	-inf	-2.14017
5.00000	1.00000	10	0.20000	1	438	19	86	311	42	86	-2.19818	-inf	-2.24435
5.00000	1.00000	10	0.20000	2	409	19	77	295	38	77	-2.21338	-inf	-2.17914
5.00000	1.00000	10	0.20000	3	395	17	82	274	40	82	-2.19984	-inf	-2.25614
5.00000	1.00000	10	0.20000	4	401	19	86	274	42	86	-2.18956	-inf	-2.31537
5.00000	1.00000	10	0.50000	0	427	19	80	309	39	80	-2.21864	-inf	-2.14033
5.00000	1.00000	10	0.50000	1	438	19	86	311	42	86	-2.20043	-inf	-2.24510
5.00000	1.00000	10	0.50000	2	409	19	77	295	38	77	-2.21601	-inf	-2.18094
5.00000	1.00000	10	0.50000	3	395	17	82	274	40	82	-2.20244	-inf	-2.25240
5.00000	1.00000	10	0.50000	4	401	19	86	274	42	86	-2.19209	-inf	-2.31651
5.00000	1.00000	10	1.00000	0	427	19	80	309	39	80	-2.22543	-inf	-2.14440
5.00000	1.00000	10	1.00000	1	438	19	86	311	42	86	-2.20621	-inf	-2.25035
5.00000	1.00000	10	1.00000	2	409	19	77	295	38	77	-2.22197	-inf	-2.18619
5.00000	1.00000	10	1.00000	3	395	17	82	274	40	82	-2.20799	-inf	-2.25207
5.00000	1.00000	10	1.00000	4	401	19	86	274	42	86	-2.19770	-inf	-2.32146
5.00000	1.00000	10	2.00000	0	427	19	80	309	39	80	-2.24051	-inf	-2.15621
5.00000	1.00000	10	2.00000	1	438	19	86	311	42	86	-2.22008	-inf	-2.26466
5.00000	1.00000	10	2.00000	2	409	19	77	295	38	77	-2.23558	-inf	-2.19882
5.00000	1.00000	10	2.00000	3	395	17	82	274	40	82	-2.22050	-inf	-2.25776
5.00000	1.00000	10	2.00000	4	401	19	86	274	42	86	-2.21043	-inf	-2.33414
5.00000	1.00000	50	0.10000	0	388	19	68	288	33	68	-2.23091	-inf	-2.14971
5.00000	1.00000	50	0.10000	1	395	17	72	289	35	72	-2.20696	-inf	-2.25188
5.00000	1.00000	50	0.10000	2	403	19	75	292	37	75	-2.21439	-inf	-2.18092
5.00000	1.00000	50	0.10000	3	373	17	74	264	36	74	-2.20387	-inf	-2.26409
5.00000	1.00000	50	0.10000	4	380	19	78	265	38	78	-2.19454	-inf	-2.32561
5.00000	1.00000	50	0.20000	0	388	19	68	288	33	68	-2.23138	-inf	-2.14879
5.00000	1.00000	50	0.20000	1	395	17	72	289	35	72	-2.20713	-inf	-2.25085
5.00000	1.00000	50	0.20000	2	403	19	75	292	37	75	-2.21479	-inf	-2.18064
5.00000	1.00000	50	0.20000	3	373	17	74	264	36	74	-2.20431	-inf	-2.26089
5.00000	1.00000	50	0.20000	4	380	19	78	265	38	78	-2.19486	-inf	-2.32472
5.00000	1.00000	50	0.50000	0	388	19	68	288	33	68	-2.23400	-inf	-2.14923
5.00000	1.00000	50	0.50000	1	395	17	72	289	35	72	-2.20908	-inf	-2.25152
5.00000	1.00000	50	0.50000	2	403	19	75	292	37	75	-2.21735	-inf	-2.18233
5.00000	1.00000	50	0.50000	3	373	17	74	264	36	74	-2.20661	-inf	-2.25716
5.00000	1.00000	50	0.50000	4	380	19	78	265	38	78	-2.19700	-inf	-2.32515
5.00000	1.00000	50	1.00000	0	388	19	68	288	33	68	-2.23971	-inf	-2.15297
5.00000	1.00000	50	1.00000	1	395	17	72	289	35	72	-2.21408	-inf	-2.25623
5.00000	1.00000	50	1.00000	2	403	19	75	292	37	75	-2.22315	-inf	-2.18739
5.00000	1.00000	50	1.00000	3	373	17	74	264	36	74	-2.21173	-inf	-2.25660
5.00000	1.00000	50	1.00000	4	380	19	78	265	38	78	-2.20198	-inf	-2.32896
5.00000	1.00000	50	2.00000	0	388	19	68	288	33	68	-2.25275	-inf	-2.16367
5.00000	1.00000	50	2.00000	1	395	17	72	289	35	72	-2.22636	-inf	-2.26922
5.00000	1.00000	50	2.00000	2	403	19	75	292	37	75	-2.23644	-inf	-2.19971
5.00000	1.00000	50	2.00000	3	373	17	74	264	36	74	-2.22352	-inf	-2.26165
5.00000	1.00000	50	2.00000	4	380	19	78	265	38	78	-2.21370	-inf	-2.33984
5.00000	1.00000	100	0.10000	0	329	19	54	250	26	54	-2.25355	-inf	-2.16061
5.00000	1.00000	100	0.10000	1	345	17	56	263	27	56	-2.22835	-inf	-2.26948
5.00000	1.00000	100	0.10000	2	345	17	59	258	29	59	-2.24123	-inf	-2.19965
5.00000	1.00000	100	0.10000	3	325	17	58	240	28	58	-2.22060	-inf	-2.27549
5.00000	1.00000	100	0.10000	4	363	19	74	254	36	74	-2.20237	-inf	-2.33329
5.00000	1.00000	100	0.20000	0	329	19	54	250	26	54	-2.25378	-inf	-2.16014
5.00000	1.00000	100	0.20000	1	345	17	56	263	27	56	-2.22796	-inf	-2.26905
5.00000	1.00000	100	0.20000	2	345	17	59	258	29	59	-2.24118	-inf	-2.19896
5.00000	1.00000	100	0.20000	3	325	17	58	240	28	58	-2.22077	-inf	-2.27259
5.00000	1.00000	100	0.20000	4	363	19	74	254	36	74	-2.20263	-inf	-2.33237
5.00000	1.00000	100	0.50000	0	329	19	54	250	26	54	-2.25556	-inf	-2.16086
5.00000	1.00000	100	0.50000	1	345	17	56	263	27	56	-2.22881	-inf	-2.27014
5.00000	1.00000	100	0.50000	2	345	17	59	258	29	59	-2.24257	-inf	-2.19944
5.00000	1.00000	100	0.50000	3	325	17	58	240	28	58	-2.22242	-inf	-2.26905
5.00000	1.00000	100	0.50000	4	363	19	74	254	36	74	-2.20448	-inf	-2.33253
5.00000	1.00000	100	1.00000	0	329	19	54	250	26	54	-2.25987	-inf	-2.16433
5.00000	1.00000	100	1.00000	1	345	17	56	263	27	56	-2.23253	-inf	-2.27448
5.00000	1.00000	100	1.00000	2	345	17	59	258	29	59	-2.24664	-inf	-2.20275
5.00000	1.00000	100	1.00000	3	325	17	58	240	28	58	-2.22656	-inf	-2.26826
5.00000	1.00000	100	1.00000	4	363	19	74	254	36	74	-2.20892	-inf	-2.33576
5.00000	1.00000	100	2.00000	0	329	19	54	250	26	54	-2.27031	-inf	-2.17404
5.00000	1.00000	100	2.00000	1	345	17	56	263	27	56	-2.24301	-inf	-2.28609
5.00000	1.00000	100	2.00000	2	345	17	59	258	29	59	-2.25697	-inf	-2.21227
5.00000	1.00000	100	2.00000	3	325	17	58	240	28	58	-2.23658	-inf	-2.27240
5.00000	1.00000	100	2.00000	4	363	19	74	254	36	74	-2.21963	-inf	-2.34552
5.00000	1.00000	500	0.10000	0	186	11	18	161	8	18	-2.38642	-inf	-2.28552
5.00000	1.00000	500	0.10000	1	172	11	13	154	6	13	-2.36190	-inf	-2.40689
5.00000	1.00000	500	0.10000	2	179	11	15	158	7	15	-2.40327	-inf	-2.32387
5.00000	1.00000	500	0.10000	3	169	9	16	147	7	16	-2.39769	-inf	-2.44225
5.00000	1.00000	500	0.10000	4	185	11	18	160	8	18	-2.34783	-inf	-2.48941
5.00000	1.00000	500	0.20000	0	186	11	18	161	8	18	-2.38626	-inf	-2.28489
5.00000	1.00000	500	0.20000	1	172	11	13	154	6	13	-2.36095	-inf	-2.40531
5.00000	1.00000	500	0.20000	2	179	11	15	158	7	15	-2.40256	-inf	-2.32375
5.00000	1.00000	500	0.20000	3	169	9	16	147	7	16	-2.39755	-inf	-2.44059
5.00000	1.00000	500	0.20000	4	185	11	18	160	8	18	-2.34770	-inf	-2.48856
5.00000	1.00000	500	0.50000	0	186	11	18	161	8	18	-2.38634	-inf	-2.28468
5.00000	1.00000	500	0.50000	1	172	11	13	154	6	13	-2.35989	-inf	-2.40362
5.00000	1.00000	500	0.50000	2	179	11	15	158	7	15	-2.40177	-inf	-2.32421
5.00000	1.00000	500	0.50000	3	169	9	16	147	7	16	-2.39765	-inf	-2.43808
5.00000	1.00000	500	0.50000	4	185	11	18	160	8	18	-2.34792	-inf	-2.48743
5.00000	1.00000	500	1.00000	0	186	11	18	161	8	18	-2.38748	-inf	-2.28583
5.00000	1.00000	500	1.00000	1	172	11	13	154	6	13	-2.36026	-inf	-2.40385
5.00000	1.00000	500	1.00000	2	179	11	15	158	7	15	-2.40205	-inf	-2.32599
5.00000	1.00000	500	1.00000	3	169	9	16	147	7	16	-2.39868	-inf	-2.43646
5.00000	1.00000	500	1.00000	4	185	11	18	160	8	18	-2.34926	-inf	-2.48732
5.00000	1.00000	500	2.00000	0	186	11	18	161	8	18	-2.39164	-inf	-2.29004
5.00000	1.00000	500	2.00000	1	172	11	13	154	6	13	-2.36400	-inf	-2.40797
5.00000	1.00000	500	2.00000	2	179	11	15	158	7	15	-2.40504	-inf	-2.33125
5.00000	1.00000	500	2.00000	3	169	9	16	147	7	16	-2.40224	-inf	-2.43652
5.00000	1.00000	500	2.00000	4	185	11	18	160	8	18	-2.35367	-inf	-2.48970
10.00000	1.00000	10	0.10000	0	300	17	59	213	29	59	-2.25592	-inf	-2.17709
10.00000	1.00000	10	0.10000	1	288	19	57	204	28	57	-2.22952	-inf	-2.27501
10.00000	1.00000	10	0.10000	2	307	19	61	217	30	61	-2.24636	-inf	-2.19565
10.00000	1.00000	10	0.10000	3	290	19	55	209	27	55	-2.22689	-inf	-2.27819
10.00000	1.00000	10	0.10000	4	297	19	58	212	28	58	-2.21330	-inf	-2.34856
10.00000	1.00000	10	0.20000	0	300	17	59	213	29	59	-2.25580	-inf	-2.17511
10.00000	1.00000	10	0.20000	1	288	19	57	204	28	57	-2.22909	-inf	-2.27471
10.00000	1.00000	10	0.20000	2	307	19	61	217	30	61	-2.24571	-inf	-2.19545
10.00000	1.00000	10	0.20000	3	290	19	55	209	27	55	-2.22700	-inf	-2.27571
10.00000	1.00000	10	0.20000	4	297	19	58	212	28	58	-2.21311	-inf	-2.34736
10.00000	1.00000	10	0.50000	0	300	17	59	213	29	59	-2.25653	-inf	-2.17267
10.00000	1.00000	10	0.50000	1	288	19	57	204	28	57	-2.22930	-inf	-2.27513
10.00000	1.00000	10	0.50000	2	307	19	61	217	30	61	-2.24582	-inf	-2.19640
10.00000	1.00000	10	0.50000	3	290	19	55	209	27	55	-2.22838	-inf	-2.27252
10.00000	1.00000	10	0.50000	4	297	19	58	212	28	58	-2.21389	-inf	-2.34650
10.00000	1.00000	10	1.00000	0	300	17	59	213	29	59	-2.25937	-inf	-2.17264
10.00000	1.00000	10	1.00000	1	288	19	57	204	28	57	-2.23159	-inf	-2.27764
10.00000	1.00000	10	1.00000	2	307	19	61	217	30	61	-2.24832	-inf	-2.19979
10.00000	1.00000	10	1.00000	3	290	19	55	209	27	55	-2.23204	-inf	-2.27176
10.00000	1.00000	10	1.00000	4	297	19	58	212	28	58	-2.21692	-inf	-2.34818
10.00000	1.00000	10	2.00000	0	300	17	59	213	29	59	-2.26755	-inf	-2.17763
10.00000	1.00000	10	2.00000	1	288	19	57	204	28	57	-2.23886	-inf	-2.28528
10.00000	1.00000	10	2.00000	2	307	19	61	217	30	61	-2.25623	-inf	-2.20885
10.00000	1.00000	10	2.00000	3	290	19	55	209	27	55	-2.24122	-inf	-2.27562
10.00000	1.00000	10	2.00000	4	297	19	58	212	28	58	-2.22539	-inf	-2.35529
10.00000	1.00000	50	0.10000	0	295	15	59	208	29	59	-2.25609	-inf	-2.17816
10.00000	1.00000	50	0.10000	1	288	19	57	204	28	57	-2.22952	-inf	-2.27501
10.00000	1.00000	50	0.10000	2	307	19	61	217	30	61	-2.24636	-inf	-2.19565
10.00000	1.00000	50	0.10000	3	290	19	55	209	27	55	-2.22689	-inf	-2.27819
10.00000	1.00000	50	0.10000	4	297	19	58	212	28	58	-2.21330	-inf	-2.34856
10.00000	1.00000	50	0.20000	0	295	15	59	208	29	59	-2.25587	-inf	-2.17598
10.00000	1.00000	50	0.20000	1	288	19	57	204	28	57	-2.22909	-inf	-2.27471
10.00000	1.00000	50	0.20000	2	307	19	61	217	30	61	-2.24571	-inf	-2.19545
10.00000	1.00000	50	0.20000	3	290	19	55	209	27	55	-2.22700	-inf	-2.27571
10.00000	1.00000	50	0.20000	4	297	19	58	212	28	58	-2.21311	-inf	-2.34736
10.00000	1.00000	50	0.50000	0	295	15	59	208	29	59	-2.25634	-inf	-2.17324
10.00000	1.00000	50	0.50000	1	288	19	57	204	28	57	-2.22930	-inf	-2.27513
10.00000	1.00000	50	0.50000	2	307	19	61	217	30	61	-2.24582	-inf	-2.19640
10.00000	1.00000	50	0.50000	3	290	19	55	209	27	55	-2.22838	-inf	-2.27252
10.00000	1.00000	50	0.50000	4	297	19	58	212	28	58	-2.21389	-inf	-2.34650
10.00000	1.00000	50	1.00000	0	295	15	59	208	29	59	-2.25886	-inf	-2.17300
10.00000	1.00000	50	1.00000	1	288	19	57	204	28	57	-2.23159	-inf	-2.27764
10.00000	1.00000	50	1.00000	2	307	19	61	217	30	61	-2.24832	-inf	-2.19979
10.00000	1.00000	50	1.00000	3	290	19	55	209	27	55	-2.23204	-inf	-2.27176
10.00000	1.00000	50	1.00000	4	297	19	58	212	28	58	-2.21692	-inf	-2.34818
10.00000	1.00000	50	2.00000	0	295	15	59	208	29	59	-2.26648	-inf	-2.17766
10.00000	1.00000	50	2.00000	1	288	19	57	204	28	57	-2.23886	-inf	-2.28528
10.00000	1.00000	50	2.00000	2	307	19	61	217	30	61	-2.25623	-inf	-2.20885
10.00000	1.00000	50	2.00000	3	290	19	55	209	27	55	-2.24122	-inf	-2.27562
10.00000	1.00000	50	2.00000	4	297	19	58	212	28	58	-2.22539	-inf	-2.35529
10.00000	1.00000	100	0.10000	0	295	15	59	208	29	59	-2.25609	-inf	-2.17816
10.00000	1.00000	100	0.10000	1	283	17	55	202	27	55	-2.23093	-inf	-2.27809
10.00000	1.00000	100	0.10000	2	302	17	59	215	29	59	-2.24803	-inf	-2.19746
10.00000	1.00000	100	0.10000	3	285	19	53	207	26	53	-2.22753	-inf	-2.27722
10.00000	1.00000	100	0.10000	4	297	19	58	212	28	58	-2.21330	-inf	-2.34856
10.00000	1.00000	100	0.20000	0	295	15	59	208	29	59	-2.25587	-inf	-2.17598
10.00000	1.00000	100	0.20000	1	283	17	55	202	27	55	-2.23048	-inf	-2.27776
10.00000	1.00000	100	0.20000	2	302	17	59	215	29	59	-2.24738	-inf	-2.19726
10.00000	1.00000	100	0.20000	3	285	19	53	207	26	53	-2.22764	-inf	-2.27494
10.00000	1.00000	100	0.20000	4	297	19	58	212	28	58	-2.21311	-inf	-2.34736
10.00000	1.00000	100	0.50000	0	295	15	59	208	29	59	-2.25634	-inf	-2.17324
10.00000	1.00000	100	0.50000	1	283	17	55	202	27	55	-2.23064	-inf	-2.27811
10.00000	1.00000	100	0.50000	2	302	17	59	215	29	59	-2.24746	-inf	-2.19817
10.00000	1.00000	100	0.50000	3	285	19	53	207	26	53	-2.22900	-inf	-2.27203
10.00000	1.00000	100	0.50000	4	297	19	58	212	28	58	-2.21389	-inf	-2.34650
10.00000	1.00000	100	1.00000	0	295	15	59	208	29	59	-2.25886	-inf	-2.17300
10.00000	1.00000	100	1.00000	1	283	17	55	202	27	55	-2.23287	-inf	-2.28049
10.00000	1.00000	100	1.00000	2	302	17	59	215	29	59	-2.24989	-inf	-2.20148
10.00000	1.00000	100	1.00000	3	285	19	53	207	26	53	-2.23261	-inf	-2.27144
10.00000	1.00000	100	1.00000	4	297	19	58	212	28	58	-2.21692	-inf	-2.34818
10.00000	1.00000	100	2.00000	0	295	15	59	208	29	59	-2.26648	-inf	-2.17766
10.00000	1.00000	100	2.00000	1	283	17	55	202	27	55	-2.24002	-inf	-2.28788
10.00000	1.00000	100	2.00000	2	302	17	59	215	29	59	-2.25766	-inf	-2.21039
10.00000	1.00000	100	2.00000	3	285	19	53	207	26	53	-2.24168	-inf	-2.27541
10.00000	1.00000	100	2.00000	4	297	19	58	212	28	58	-2.22539	-inf	-2.35529
10.00000	1.00000	500	0.10000	0	178	11	19	151	9	19	-2.38897	-inf	-2.29904
10.00000	1.00000	500	0.10000	1	163	11	15	142	7	15	-2.36681	-inf	-2.41946
10.00000	1.00000	500	0.10000	2	172	13	15	151	7	15	-2.37875	-inf	-2.29238
10.00000	1.00000	500	0.10000	3	173	9	19	146	9	19	-2.39724	-inf	-2.44004
10.00000	1.00000	500	0.10000	4	176	11	18	151	8	18	-2.35021	-inf	-2.48995
10.00000	1.00000	500	0.20000	0	178	11	19	151	9	19	-2.38866	-inf	-2.29708
10.00000	1.00000	500	0.20000	1	163	11	15	142	7	15	-2.36610	-inf	-2.41870
10.00000	1.00000	500	0.20000	2	172	13	15	151	7	15	-2.37799	-inf	-2.29243
10.00000	1.00000	500	0.20000	3	173	9	19	146	9	19	-2.39711	-inf	-2.43844
10.00000	1.00000	500	0.20000	4	176	11	18	151	8	18	-2.34996	-inf	-2.48923
10.00000	1.00000	500	0.50000	0	178	11	19	151	9	19	-2.38836	-inf	-2.29455
10.00000	1.00000	500	0.50000	1	163	11	15	142	7	15	-2.36504	-inf	-2.41779
10.00000	1.00000	500	0.50000	2	172	13	15	151	7	15	-2.37695	-inf	-2.29309
10.00000	1.00000	500	0.50000	3	173	9	19	146	9	19	-2.39721	-inf	-2.43605
10.00000	1.00000	500	0.50000	4	176	11	18	151	8	18	-2.34986	-inf	-2.48805
10.00000	1.00000	500	1.00000	0	178	11	19	151	9	19	-2.38900	-inf	-2.29341
10.00000	1.00000	500	1.00000	1	163	11	15	142	7	15	-2.36484	-inf	-2.41807
10.00000	1.00000	500	1.00000	2	172	13	15	151	7	15	-2.37690	-inf	-2.29508
10.00000	1.00000	500	1.00000	3	173	9	19	146	9	19	-2.39822	-inf	-2.43456
10.00000	1.00000	500	1.00000	4	176	11	18	151	8	18	-2.35076	-inf	-2.48761
10.00000	1.00000	500	2.00000	0	178	11	19	151	9	19	-2.39236	-inf	-2.29489
10.00000	1.00000	500	2.00000	1	163	11	15	142	7	15	-2.36700	-inf	-2.42120
10.00000	1.00000	500	2.00000	2	172	13	15	151	7	15	-2.37943	-inf	-2.30060
10.00000	1.00000	500	2.00000	3	173	9	19	146	9	19	-2.40172	-inf	-2.43480
10.00000	1.00000	500	2.00000	4	176	11	18	151	8	18	-2.35439	-inf	-2.48924
15.00000	1.00000	10	0.10000	0	256	15	45	190	22	45	-2.26708	-inf	-2.18663
15.00000	1.00000	10	0.10000	1	237	13	41	177	20	41	-2.25439	-inf	-2.30344
15.00000	1.00000	10	0.10000	2	231	15	37	177	18	37	-2.27143	-inf	-2.20885
15.00000	1.00000	10	0.10000	3	243	17	43	180	21	43	-2.24487	-inf	-2.29298
15.00000	1.00000	10	0.10000	4	226	17	39	169	19	39	-2.24013	-inf	-2.37842
15.00000	1.00000	10	0.20000	0	256	15	45	190	22	45	-2.26674	-inf	-2.18416
15.00000	1.00000	10	0.20000	1	237	13	41	177	20	41	-2.25347	-inf	-2.30199
15.00000	1.00000	10	0.20000	2	231	15	37	177	18	37	-2.27073	-inf	-2.20876
15.00000	1.00000	10	0.20000	3	243	17	43	180	21	43	-2.24408	-inf	-2.28992
15.00000	1.00000	10	0.20000	4	226	17	39	169	19	39	-2.23962	-inf	-2.37683
15.00000	1.00000	10	0.50000	0	256	15	45	190	22	45	-2.26689	-inf	-2.18078
15.00000	1.00000	10	0.50000	1	237	13	41	177	20	41	-2.25250	-inf	-2.30031
15.00000	1.00000	10	0.50000	2	231	15	37	177	18	37	-2.27012	-inf	-2.20955
15.00000	1.00000	10	0.50000	3	243	17	43	180	21	43	-2.24354	-inf	-2.28532
15.00000	1.00000	10	0.50000	4	226	17	39	169	19	39	-2.23928	-inf	-2.37479
15.00000	1.00000	10	1.00000	0	256	15	45	190	22	45	-2.26886	-inf	-2.17973
15.00000	1.00000	10	1.00000	1	237	13	41	177	20	41	-2.25330	-inf	-2.30073
15.00000	1.00000	10	1.00000	2	231	15	37	177	18	37	-2.27115	-inf	-2.21231
15.00000	1.00000	10	1.00000	3	243	17	43	180	21	43	-2.24500	-inf	-2.28272
15.00000	1.00000	10	1.00000	4	226	17	39	169	19	39	-2.24045	-inf	-2.37437
15.00000	1.00000	10	2.00000	0	256	15	45	190	22	45	-2.27551	-inf	-2.18325
15.00000	1.00000	10	2.00000	1	237	13	41	177	20	41	-2.25826	-inf	-2.30574
15.00000	1.00000	10	2.00000	2	231	15	37	177	18	37	-2.27632	-inf	-2.21983
15.00000	1.00000	10	2.00000	3	243	17	43	180	21	43	-2.25107	-inf	-2.28376
15.00000	1.00000	10	2.00000	4	226	17	39	169	19	39	-2.24545	-inf	-2.37738
15.00000	1.00000	50	0.10000	0	256	15	45	190	22	45	-2.26708	-inf	-2.18663
15.00000	1.00000	50	0.10000	1	237	13	41	177	20	41	-2.25439	-inf	-2.30344
15.00000	1.00000	50	0.10000	2	231	15	37	177	18	37	-2.27143	-inf	-2.20885
15.00000	1.00000	50	0.10000	3	243	17	43	180	21	43	-2.24487	-inf	-2.29298
15.00000	1.00000	50	0.10000	4	226	17	39	169	19	39	-2.24013	-inf	-2.37842
15.00000	1.00000	50	0.20000	0	256	15	45	190	22	45	-2.26674	-inf	-2.18416
15.00000	1.00000	50	0.20000	1	237	13	41	177	20	41	-2.25347	-inf	-2.30199
15.00000	1.00000	50	0.20000	2	231	15	37	177	18	37	-2.27073	-inf	-2.20876
15.00000	1.00000	50	0.20000	3	243	17	43	180	21	43	-2.24408	-inf	-2.28992
15.00000	1.00000	50	0.20000	4	226	17	39	169	19	39	-2.23962	-inf	-2.37683
15.00000	1.00000	50	0.50000	0	256	15	45	190	22	45	-2.26689	-inf	-2.18078
15.00000	1.00000	50	0.50000	1	237	13	41	177	20	41	-2.25250	-inf	-2.30031
15.00000	1.00000	50	0.50000	2	231	15	37	177	18	37	-2.27012	-inf	-2.20955
15.00000	1.00000	50	0.50000	3	243	17	43	180	21	43	-2.24354	-inf	-2.28532
15.00000	1.00000	50	0.50000	4	226	17	39	169	19	39	-2.23928	-inf	-2.37479
15.00000	1.00000	50	1.00000	0	256	15	45	190	22	45	-2.26886	-inf	-2.17973
15.00000	1.00000	50	1.00000	1	237	13	41	177	20	41	-2.25330	-inf	-2.30073
15.00000	1.00000	50	1.00000	2	231	15	37	177	18	37	-2.27115	-inf	-2.21231
15.00000	1.00000	50	1.00000	3	243	17	43	180	21	43	-2.24500	-inf	-2.28272
15.00000	1.00000	50	1.00000	4	226	17	39	169	19	39	-2.24045	-inf	-2.37437
15.00000	1.00000	50	2.00000	0	256	15	45	190	22	45	-2.27551	-inf	-2.18325
15.00000	1.00000	50	2.00000	1	237	13	41	177	20	41	-2.25826	-inf	-2.30574
15.00000	1.00000	50	2.00000	2	231	15	37	177	18	37	-2.27632	-inf	-2.21983
15.00000	1.00000	50	2.00000	3	243	17	43	180	21	43	-2.25107	-inf	-2.28376
15.00000	1.00000	50	2.00000	4	226	17	39	169	19	39	-2.24545	-inf	-2.37738
15.00000	1.00000	100	0.10000	0	256	15	45	190	22	45	-2.26708	-inf	-2.18663
15.00000	1.00000	100	0.10000	1	221	13	35	170	17	35	-2.26073	-inf	-2.30447
15.00000	1.00000	100	0.10000	2	231	15	37	177	18	37	-2.27271	-inf	-2.21016
15.00000	1.00000	100	0.10000	3	243	17	43	180	21	43	-2.24487	-inf	-2.29298
15.00000	1.00000	100	0.10000	4	226	17	39	169	19	39	-2.24013	-inf	-2.37842
15.00000	1.00000	100	0.20000	0	256	15	45	190	22	45	-2.26674	-inf	-2.18416
15.00000	1.00000	100	0.20000	1	221	13	35	170	17	35	-2.25978	-inf	-2.30346
15.00000	1.00000	100	0.20000	2	231	15	37	177	18	37	-2.27198	-inf	-2.21001
15.00000	1.00000	100	0.20000	3	243	17	43	180	21	43	-2.24408	-inf	-2.28992
15.00000	1.00000	100	0.20000	4	226	17	39	169	19	39	-2.23962	-inf	-2.37683
15.00000	1.00000	100	0.50000	0	256	15	45	190	22	45	-2.26689	-inf	-2.18078
15.00000	1.00000	100	0.50000	1	221	13	35	170	17	35	-2.25876	-inf	-2.30250
15.00000	1.00000	100	0.50000	2	231	15	37	177	18	37	-2.27132	-inf	-2.21072
15.00000	1.00000	100	0.50000	3	243	17	43	180	21	43	-2.24354	-inf	-2.28532
15.00000	1.00000	100	0.50000	4	226	17	39	169	19	39	-2.23928	-inf	-2.37479
15.00000	1.00000	100	1.00000	0	256	15	45	190	22	45	-2.26886	-inf	-2.17973
15.00000	1.00000	100	1.00000	1	221	13	35	170	17	35	-2.25941	-inf	-2.30346
15.00000	1.00000	100	1.00000	2	231	15	37	177	18	37	-2.27233	-inf	-2.21342
15.00000	1.00000	100	1.00000	3	243	17	43	180	21	43	-2.24500	-inf	-2.28272
15.00000	1.00000	100	1.00000	4	226	17	39	169	19	39	-2.24045	-inf	-2.37437
15.00000	1.00000	100	2.00000	0	256	15	45	190	22	45	-2.27551	-inf	-2.18325
15.00000	1.00000	100	2.00000	1	221	13	35	170	17	35	-2.26397	-inf	-2.30878
15.00000	1.00000	100	2.00000	2	231	15	37	177	18	37	-2.27747	-inf	-2.22092
15.00000	1.00000	100	2.00000	3	243	17	43	180	21	43	-2.25107	-inf	-2.28376
15.00000	1.00000	100	2.00000	4	226	17	39	169	19	39	-2.24545	-inf	-2.37738
15.00000	1.00000	500	0.10000	0	162	9	17	138	8	17	-2.42703	-inf	-2.32537
15.00000	1.00000	500	0.10000	1	146	9	13	128	6	13	-2.39356	-inf	-2.44685
15.00000	1.00000	500	0.10000	2	161	11	15	140	7	15	-2.38122	-inf	-2.28874
15.00000	1.00000	500	0.10000	3	171	9	21	141	10	21	-2.36286	-inf	-2.39764
15.00000	1.00000	500	0.10000	4	172	11	21	142	10	21	-2.31986	-inf	-2.46770
15.00000	1.00000	500	0.20000	0	162	9	17	138	8	17	-2.42647	-inf	-2.32310
15.00000	1.00000	500	0.20000	1	146	9	13	128	6	13	-2.39261	-inf	-2.44642
15.00000	1.00000	500	0.20000	2	161	11	15	140	7	15	-2.38041	-inf	-2.28876
15.00000	1.00000	500	0.20000	3	171	9	21	141	10	21	-2.36242	-inf	-2.39564
15.00000	1.00000	500	0.20000	4	172	11	21	142	10	21	-2.31941	-inf	-2.46647
15.00000	1.00000	500	0.50000	0	162	9	17	138	8	17	-2.42556	-inf	-2.31986
15.00000	1.00000	500	0.50000	1	146	9	13	128	6	13	-2.39107	-inf	-2.44586
15.00000	1.00000	500	0.50000	2	161	11	15	140	7	15	-2.37908	-inf	-2.28940
15.00000	1.00000	500	0.50000	3	171	9	21	141	10	21	-2.36191	-inf	-2.39258
15.00000	1.00000	500	0.50000	4	172	11	21	142	10	21	-2.31883	-inf	-2.46442
15.00000	1.00000	500	1.00000	0	162	9	17	138	8	17	-2.42536	-inf	-2.31793
15.00000	1.00000	500	1.00000	1	146	9	13	128	6	13	-2.39025	-inf	-2.44614
15.00000	1.00000	500	1.00000	2	161	11	15	140	7	15	-2.37858	-inf	-2.29137
15.00000	1.00000	500	1.00000	3	171	9	21	141	10	21	-2.36236	-inf	-2.39058
15.00000	1.00000	500	1.00000	4	172	11	21	142	10	21	-2.31914	-inf	-2.46297
15.00000	1.00000	500	2.00000	0	162	9	17	138	8	17	-2.42723	-inf	-2.31820
15.00000	1.00000	500	2.00000	1	146	9	13	128	6	13	-2.39131	-inf	-2.44884
15.00000	1.00000	500	2.00000	2	161	11	15	140	7	15	-2.38039	-inf	-2.29683
15.00000	1.00000	500	2.00000	3	171	9	21	141	10	21	-2.36539	-inf	-2.39064
15.00000	1.00000	500	2.00000	4	172	11	21	142	10	21	-2.32194	-inf	-2.46306
20.00000	1.00000	10	0.10000	0	204	13	35	153	17	35	-2.30057	-inf	-2.21459
20.00000	1.00000	10	0.10000	1	198	13	33	150	16	33	-2.27058	-inf	-2.31531
20.00000	1.00000	10	0.10000	2	210	17	35	159	17	35	-2.29983	-inf	-2.23950
20.00000	1.00000	10	0.10000	3	210	15	35	159	17	35	-2.25721	-inf	-2.30388
20.00000	1.00000	10	0.10000	4	191	15	29	149	14	29	-2.25053	-inf	-2.37943
20.00000	1.00000	10	0.20000	0	204	13	35	153	17	35	-2.30008	-inf	-2.21221
20.00000	1.00000	10	0.20000	1	198	13	33	150	16	33	-2.26965	-inf	-2.31431
20.00000	1.00000	10	0.20000	2	210	17	35	159	17	35	-2.29910	-inf	-2.23862
20.00000	1.00000	10	0.20000	3	210	15	35	159	17	35	-2.25617	-inf	-2.30117
20.00000	1.00000	10	0.20000	4	191	15	29	149	14	29	-2.24991	-inf	-2.37819
20.00000	1.00000	10	0.50000	0	204	13	35	153	17	35	-2.29958	-inf	-2.20906
20.00000	1.00000	10	0.50000	1	198	13	33	150	16	33	-2.26842	-inf	-2.31318
20.00000	1.00000	10	0.50000	2	210	17	35	159	17	35	-2.29820	-inf	-2.23791
20.00000	1.00000	10	0.50000	3	210	15	35	159	17	35	-2.25494	-inf	-2.29675
20.00000	1.00000	10	0.50000	4	191	15	29	149	14	29	-2.24922	-inf	-2.37654
20.00000	1.00000	10	1.00000	0	204	13	35	153	17	35	-2.30025	-inf	-2.20764
20.00000	1.00000	10	1.00000	1	198	13	33	150	16	33	-2.26854	-inf	-2.31364
20.00000	1.00000	10	1.00000	2	210	17	35	159	17	35	-2.29870	-inf	-2.23912
20.00000	1.00000	10	1.00000	3	210	15	35	159	17	35	-2.25534	-inf	-2.29382
20.00000	1.00000	10	1.00000	4	191	15	29	149	14	29	-2.24977	-inf	-2.37623
20.00000	1.00000	10	2.00000	0	204	13	35	153	17	35	-2.30409	-inf	-2.20941
20.00000	1.00000	10	2.00000	1	198	13	33	150	16	33	-2.27199	-inf	-2.31786
20.00000	1.00000	10	2.00000	2	210	17	35	159	17	35	-2.30278	-inf	-2.24462
20.00000	1.00000	10	2.00000	3	210	15	35	159	17	35	-2.25950	-inf	-2.29383
20.00000	1.00000	10	2.00000	4	191	15	29	149	14	29	-2.25354	-inf	-2.37901
20.00000	1.00000	50	0.10000	0	204	13	35	153	17	35	-2.30057	-inf	-2.21459
20.00000	1.00000	50	0.10000	1	198	13	33	150	16	33	-2.27058	-inf	-2.31531
20.00000	1.00000	50	0.10000	2	210	17	35	159	17	35	-2.29983	-inf	-2.23950
20.00000	1.00000	50	0.10000	3	210	15	35	159	17	35	-2.25721	-inf	-2.30388
20.00000	1.00000	50	0.10000	4	191	15	29	149	14	29	-2.25053	-inf	-2.37943
20.00000	1.00000	50	0.20000	0	204	13	35	153	17	35	-2.30008	-inf	-2.21221
20.00000	1.00000	50	0.20000	1	198	13	33	150	16	33	-2.26965	-inf	-2.31431
20.00000	1.00000	50	0.20000	2	210	17	35	159	17	35	-2.29910	-inf	-2.23862
20.00000	1.00000	50	0.20000	3	210	15	35	159	17	35	-2.25617	-inf	-2.30117
20.00000	1.00000	50	0.20000	4	191	15	29	149	14	29	-2.24991	-inf	-2.37819
20.00000	1.00000	50	0.50000	0	204	13	35	153	17	35	-2.29958	-inf	-2.20906
20.00000	1.00000	50	0.50000	1	198	13	33	150	16	33	-2.26842	-inf	-2.31318
20.00000	1.00000	50	0.50000	2	210	17	35	159	17	35	-2.29820	-inf	-2.23791
20.00000	1.00000	50	0.50000	3	210	15	35	159	17	35	-2.25494	-inf	-2.29675
20.00000	1.00000	50	0.50000	4	191	15	29	149	14	29	-2.24922	-inf	-2.37654
20.00000	1.00000	50	1.00000	0	204	13	35	153	17	35	-2.30025	-inf	-2.20764
20.00000	1.00000	50	1.00000	1	198	13	33	150	16	33	-2.26854	-inf	-2.31364
20.00000	1.00000	50	1.00000	2	210	17	35	159	17	35	-2.29870	-inf	-2.23912
20.00000	1.00000	50	1.00000	3	210	15	35	159	17	35	-2.25534	-inf	-2.29382
20.00000	1.00000	50	1.00000	4	191	15	29	149	14	29	-2.24977	-inf	-2.37623
20.00000	1.00000	50	2.00000	0	204	13	35	153	17	35	-2.30409	-inf	-2.20941
20.00000	1.00000	50	2.00000	1	198	13	33	150	16	33	-2.27199	-inf	-2.31786
20.00000	1.00000	50	2.00000	2	210	17	35	159	17	35	-2.30278	-inf	-2.24462
20.00000	1.00000	50	2.00000	3	210	15	35	159	17	35	-2.25950	-inf	-2.29383
20.00000	1.00000	50	2.00000	4	191	15	29	149	14	29	-2.25354	-inf	-2.37901
20.00000	1.00000	100	0.10000	0	204	13	35	153	17	35	-2.30057	-inf	-2.21459
20.00000	1.00000	100	0.10000	1	198	13	33	150	16	33	-2.27058	-inf	-2.31531
20.00000	1.00000	100	0.10000	2	210	17	35	159	17	35	-2.29983	-inf	-2.23950
20.00000	1.00000	100	0.10000	3	210	15	35	159	17	35	-2.25721	-inf	-2.30388
20.00000	1.00000	100	0.10000	4	191	15	29	149	14	29	-2.25053	-inf	-2.37943
20.00000	1.00000	100	0.20000	0	204	13	35	153	17	35	-2.30008	-inf	-2.21221
20.00000	1.00000	100	0.20000	1	198	13	33	150	16	33	-2.26965	-inf	-2.31431
20.00000	1.00000	100	0.20000	2	210	17	35	159	17	35	-2.29910	-inf	-2.23862
20.00000	1.00000	100	0.20000	3	210	15	35	159	17	35	-2.25617	-inf	-2.30117
20.00000	1.00000	100	0.20000	4	191	15	29	149	14	29	-2.24991	-inf	-2.37819
20.00000	1.00000	100	0.50000	0	204	13	35	153	17	35	-2.29958	-inf	-2.20906
20.00000	1.00000	100	0.50000	1	198	13	33	150	16	33	-2.26842	-inf	-2.31318
20.00000	1.00000	100	0.50000	2	210	17	35	159	17	35	-2.29820	-inf	-2.23791
20.00000	1.00000	100	0.50000	3	210	15	35	159	17	35	-2.25494	-inf	-2.29675
20.00000	1.00000	100	0.50000	4	191	15	29	149	14	29	-2.24922	-inf	-2.37654
20.00000	1.00000	100	1.00000	0	204	13	35	153	17	35	-2.30025	-inf	-2.20764
20.00000	1.00000	100	1.00000	1	198	13	33	150	16	33	-2.26854	-inf	-2.31364
20.00000	1.00000	100	1.00000	2	210	17	35	159	17	35	-2.29870	-inf	-2.23912
20.00000	1.00000	100	1.00000	3	210	15	35	159	17	35	-2.25534	-inf	-2.29382
20.00000	1.00000	100	1.00000	4	191	15	29	149	14	29	-2.24977	-inf	-2.37623
20.00000	1.00000	100	2.00000	0	204	13	35	153	17	35	-2.30409	-inf	-2.20941
20.00000	1.00000	100	2.00000	1	198	13	33	150	16	33	-2.27199	-inf	-2.31786
20.00000	1.00000	100	2.00000	2	210	17	35	159	17	35	-2.30278	-inf	-2.24462
20.00000	1.00000	100	2.00000	3	210	15	35	159	17	35	-2.25950	-inf	-2.29383
20.00000	1.00000	100	2.00000	4	191	15	29	149	14	29	-2.25354	-inf	-2.37901
20.00000	1.00000	500	0.10000	0	165	9	23	132	11	23	-2.36873	-inf	-2.28174
20.00000	1.00000	500	0.10000	1	142	9	17	118	8	17	-2.38960	-inf	-2.44176
20.00000	1.00000	500	0.10000	2	154	11	17	130	8	17	-2.39917	-inf	-2.32902
20.00000	1.00000	500	0.10000	3	156	9	19	129	9	19	-2.36254	-inf	-2.39891
20.00000	1.00000	500	0.10000	4	158	11	19	131	9	19	-2.31636	-inf	-2.46075
20.00000	1.00000	500	0.20000	0	165	9	23	132	11	23	-2.36829	-inf	-2.27952
20.00000	1.00000	500	0.20000	1	142	9	17	118	8	17	-2.38881	-inf	-2.44154
20.00000	1.00000	500	0.20000	2	154	11	17	130	8	17	-2.39848	-inf	-2.32863
20.00000	1.00000	500	0.20000	3	156	9	19	129	9	19	-2.36187	-inf	-2.39724
20.00000	1.00000	500	0.20000	4	158	11	19	131	9	19	-2.31577	-inf	-2.45945
20.00000	1.00000	500	0.50000	0	165	9	23	132	11	23	-2.36762	-inf	-2.27633
20.00000	1.00000	500	0.50000	1	142	9	17	118	8	17	-2.38742	-inf	-2.44129
20.00000	1.00000	500	0.50000	2	154	11	17	130	8	17	-2.39733	-inf	-2.32815
20.00000	1.00000	500	0.50000	3	156	9	19	129	9	19	-2.36077	-inf	-2.39425
20.00000	1.00000	500	0.50000	4	158	11	19	131	9	19	-2.31484	-inf	-2.45731
20.00000	1.00000	500	1.00000	0	165	9	23	132	11	23	-2.36764	-inf	-2.27428
20.00000	1.00000	500	1.00000	1	142	9	17	118	8	17	-2.38660	-inf	-2.44169
20.00000	1.00000	500	1.00000	2	154	11	17	130	8	17	-2.39680	-inf	-2.32857
20.00000	1.00000	500	1.00000	3	156	9	19	129	9	19	-2.36048	-inf	-2.39187
20.00000	1.00000	500	1.00000	4	158	11	19	131	9	19	-2.31463	-inf	-2.45583
20.00000	1.00000	500	2.00000	0	165	9	23	132	11	23	-2.36985	-inf	-2.27432
20.00000	1.00000	500	2.00000	1	142	9	17	118	8	17	-2.38742	-inf	-2.44416
20.00000	1.00000	500	2.00000	2	154	11	17	130	8	17	-2.39815	-inf	-2.33151
20.00000	1.00000	500	2.00000	3	156	9	19	129	9	19	-2.36240	-inf	-2.39101
20.00000	1.00000	500	2.00000	4	158	11	19	131	9	19	-2.31655	-inf	-2.45599
alpha: 0.2, cluster-penalty: 1.0, g-factor: 5.0, min-inst-slice: 10, test_ll: -2.227036293082706, train_ll: -2.2032873466799914, valid_ll: -2.227036293082706