parameters:
Namespace(alpha=[0.1, 0.2, 0.5, 1.0, 2.0], clt_leaves=False, cluster_method='GMM', cluster_penalty=[1.0], cv=5, data_exts=None, dataset='data/multilabel/arts1500/arts1500.5.folds.pklz', dtype='int32', feature_scheme=None, g_factor=[5.0, 10.0, 15.0, 20.0], gzip=True, kde_leaves=False, min_inst_slice=[10, 50, 100, 500], n_iters=100, n_restarts=4, n_row_clusters=2, output='exp/ml-repr-spn-y/', save_model=True, seed=1337, sklearn_args=None, suffix=None, verbose=1, y_only=True)

g-factor:	clu-pen:	min-ins:	alpha:	fold:	n_edges:	depth:	n_weights:	n_leaves:	n_sums:	n_prods:	train_ll	valid_ll:	test_ll
5.00000	1.00000	10	0.10000	0	483	17	98	341	45	98	-4.16869	-inf	-4.18244
5.00000	1.00000	10	0.10000	1	496	19	101	347	49	101	-4.17667	-inf	-4.22953
5.00000	1.00000	10	0.10000	2	469	17	103	318	49	103	-4.16538	-inf	-4.26392
5.00000	1.00000	10	0.10000	3	543	19	116	373	55	116	-4.17766	-inf	-4.29221
5.00000	1.00000	10	0.10000	4	484	17	108	324	53	108	-4.16862	-inf	-4.19798
5.00000	1.00000	10	0.20000	0	483	17	98	341	45	98	-4.16886	-inf	-4.17870
5.00000	1.00000	10	0.20000	1	496	19	101	347	49	101	-4.17576	-inf	-4.22348
5.00000	1.00000	10	0.20000	2	469	17	103	318	49	103	-4.16500	-inf	-4.26124
5.00000	1.00000	10	0.20000	3	543	19	116	373	55	116	-4.17623	-inf	-4.28680
5.00000	1.00000	10	0.20000	4	484	17	108	324	53	108	-4.16803	-inf	-4.19475
5.00000	1.00000	10	0.50000	0	483	17	98	341	45	98	-4.17118	-inf	-4.17453
5.00000	1.00000	10	0.50000	1	496	19	101	347	49	101	-4.17658	-inf	-4.21651
5.00000	1.00000	10	0.50000	2	469	17	103	318	49	103	-4.16604	-inf	-4.25809
5.00000	1.00000	10	0.50000	3	543	19	116	373	55	116	-4.17599	-inf	-4.27888
5.00000	1.00000	10	0.50000	4	484	17	108	324	53	108	-4.16905	-inf	-4.19276
5.00000	1.00000	10	1.00000	0	483	17	98	341	45	98	-4.17765	-inf	-4.17485
5.00000	1.00000	10	1.00000	1	496	19	101	347	49	101	-4.18213	-inf	-4.21498
5.00000	1.00000	10	1.00000	2	469	17	103	318	49	103	-4.17097	-inf	-4.25863
5.00000	1.00000	10	1.00000	3	543	19	116	373	55	116	-4.18060	-inf	-4.27517
5.00000	1.00000	10	1.00000	4	484	17	108	324	53	108	-4.17434	-inf	-4.19626
5.00000	1.00000	10	2.00000	0	483	17	98	341	45	98	-4.19443	-inf	-4.18412
5.00000	1.00000	10	2.00000	1	496	19	101	347	49	101	-4.19859	-inf	-4.22320
5.00000	1.00000	10	2.00000	2	469	17	103	318	49	103	-4.18565	-inf	-4.26755
5.00000	1.00000	10	2.00000	3	543	19	116	373	55	116	-4.19650	-inf	-4.28026
5.00000	1.00000	10	2.00000	4	484	17	108	324	53	108	-4.18963	-inf	-4.21028
5.00000	1.00000	50	0.10000	0	435	17	82	317	37	82	-4.18117	-inf	-4.19113
5.00000	1.00000	50	0.10000	1	447	15	88	317	43	88	-4.20485	-inf	-4.23527
5.00000	1.00000	50	0.10000	2	459	17	99	314	47	99	-4.16702	-inf	-4.26339
5.00000	1.00000	50	0.10000	3	515	17	106	359	51	106	-4.18374	-inf	-4.29970
5.00000	1.00000	50	0.10000	4	443	15	95	302	47	95	-4.18279	-inf	-4.21794
5.00000	1.00000	50	0.20000	0	435	17	82	317	37	82	-4.18098	-inf	-4.18793
5.00000	1.00000	50	0.20000	1	447	15	88	317	43	88	-4.20386	-inf	-4.23079
5.00000	1.00000	50	0.20000	2	459	17	99	314	47	99	-4.16657	-inf	-4.26069
5.00000	1.00000	50	0.20000	3	515	17	106	359	51	106	-4.18206	-inf	-4.29383
5.00000	1.00000	50	0.20000	4	443	15	95	302	47	95	-4.18188	-inf	-4.21460
5.00000	1.00000	50	0.50000	0	435	17	82	317	37	82	-4.18235	-inf	-4.18389
5.00000	1.00000	50	0.50000	1	447	15	88	317	43	88	-4.20369	-inf	-4.22540
5.00000	1.00000	50	0.50000	2	459	17	99	314	47	99	-4.16746	-inf	-4.25753
5.00000	1.00000	50	0.50000	3	515	17	106	359	51	106	-4.18113	-inf	-4.28475
5.00000	1.00000	50	0.50000	4	443	15	95	302	47	95	-4.18200	-inf	-4.21175
5.00000	1.00000	50	1.00000	0	435	17	82	317	37	82	-4.18751	-inf	-4.18351
5.00000	1.00000	50	1.00000	1	447	15	88	317	43	88	-4.20726	-inf	-4.22434
5.00000	1.00000	50	1.00000	2	459	17	99	314	47	99	-4.17220	-inf	-4.25812
5.00000	1.00000	50	1.00000	3	515	17	106	359	51	106	-4.18481	-inf	-4.27970
5.00000	1.00000	50	1.00000	4	443	15	95	302	47	95	-4.18593	-inf	-4.21372
5.00000	1.00000	50	2.00000	0	435	17	82	317	37	82	-4.20216	-inf	-4.19111
5.00000	1.00000	50	2.00000	1	447	15	88	317	43	88	-4.22016	-inf	-4.23204
5.00000	1.00000	50	2.00000	2	459	17	99	314	47	99	-4.18656	-inf	-4.26715
5.00000	1.00000	50	2.00000	3	515	17	106	359	51	106	-4.19945	-inf	-4.28320
5.00000	1.00000	50	2.00000	4	443	15	95	302	47	95	-4.19899	-inf	-4.22505
5.00000	1.00000	100	0.10000	0	392	15	67	296	30	67	-4.20947	-inf	-4.21574
5.00000	1.00000	100	0.10000	1	398	15	71	294	34	71	-4.23136	-inf	-4.26672
5.00000	1.00000	100	0.10000	2	407	15	79	292	37	79	-4.20324	-inf	-4.29866
5.00000	1.00000	100	0.10000	3	460	15	85	335	41	85	-4.21288	-inf	-4.31343
5.00000	1.00000	100	0.10000	4	394	15	77	280	38	77	-4.21134	-inf	-4.23587
5.00000	1.00000	100	0.20000	0	392	15	67	296	30	67	-4.20905	-inf	-4.21243
5.00000	1.00000	100	0.20000	1	398	15	71	294	34	71	-4.22946	-inf	-4.26081
5.00000	1.00000	100	0.20000	2	407	15	79	292	37	79	-4.20251	-inf	-4.29577
5.00000	1.00000	100	0.20000	3	460	15	85	335	41	85	-4.21127	-inf	-4.30834
5.00000	1.00000	100	0.20000	4	394	15	77	280	38	77	-4.21015	-inf	-4.23329
5.00000	1.00000	100	0.50000	0	392	15	67	296	30	67	-4.20953	-inf	-4.20762
5.00000	1.00000	100	0.50000	1	398	15	71	294	34	71	-4.22746	-inf	-4.25250
5.00000	1.00000	100	0.50000	2	407	15	79	292	37	79	-4.20259	-inf	-4.29194
5.00000	1.00000	100	0.50000	3	460	15	85	335	41	85	-4.20994	-inf	-4.30014
5.00000	1.00000	100	0.50000	4	394	15	77	280	38	77	-4.20920	-inf	-4.23112
5.00000	1.00000	100	1.00000	0	392	15	67	296	30	67	-4.21309	-inf	-4.20586
5.00000	1.00000	100	1.00000	1	398	15	71	294	34	71	-4.22912	-inf	-4.24868
5.00000	1.00000	100	1.00000	2	407	15	79	292	37	79	-4.20588	-inf	-4.29128
5.00000	1.00000	100	1.00000	3	460	15	85	335	41	85	-4.21248	-inf	-4.29535
5.00000	1.00000	100	1.00000	4	394	15	77	280	38	77	-4.21139	-inf	-4.23290
5.00000	1.00000	100	2.00000	0	392	15	67	296	30	67	-4.22479	-inf	-4.21099
5.00000	1.00000	100	2.00000	1	398	15	71	294	34	71	-4.23947	-inf	-4.25307
5.00000	1.00000	100	2.00000	2	407	15	79	292	37	79	-4.21734	-inf	-4.29779
5.00000	1.00000	100	2.00000	3	460	15	85	335	41	85	-4.22473	-inf	-4.29836
5.00000	1.00000	100	2.00000	4	394	15	77	280	38	77	-4.22143	-inf	-4.24284
5.00000	1.00000	500	0.10000	0	206	9	27	167	13	27	-4.49630	-inf	-4.46991
5.00000	1.00000	500	0.10000	1	218	11	29	176	14	29	-4.51193	-inf	-4.52413
5.00000	1.00000	500	0.10000	2	188	9	20	161	8	20	-4.52510	-inf	-4.57058
5.00000	1.00000	500	0.10000	3	241	11	30	198	14	30	-4.46819	-inf	-4.52801
5.00000	1.00000	500	0.10000	4	212	13	30	168	15	30	-4.44474	-inf	-4.49189
5.00000	1.00000	500	0.20000	0	206	9	27	167	13	27	-4.49534	-inf	-4.46792
5.00000	1.00000	500	0.20000	1	218	11	29	176	14	29	-4.51013	-inf	-4.52135
5.00000	1.00000	500	0.20000	2	188	9	20	161	8	20	-4.52349	-inf	-4.56978
5.00000	1.00000	500	0.20000	3	241	11	30	198	14	30	-4.46601	-inf	-4.52398
5.00000	1.00000	500	0.20000	4	212	13	30	168	15	30	-4.44368	-inf	-4.48875
5.00000	1.00000	500	0.50000	0	206	9	27	167	13	27	-4.49363	-inf	-4.46450
5.00000	1.00000	500	0.50000	1	218	11	29	176	14	29	-4.50661	-inf	-4.51593
5.00000	1.00000	500	0.50000	2	188	9	20	161	8	20	-4.52038	-inf	-4.56813
5.00000	1.00000	500	0.50000	3	241	11	30	198	14	30	-4.46182	-inf	-4.51597
5.00000	1.00000	500	0.50000	4	212	13	30	168	15	30	-4.44179	-inf	-4.48382
5.00000	1.00000	500	1.00000	0	206	9	27	167	13	27	-4.49258	-inf	-4.46187
5.00000	1.00000	500	1.00000	1	218	11	29	176	14	29	-4.50364	-inf	-4.51116
5.00000	1.00000	500	1.00000	2	188	9	20	161	8	20	-4.51769	-inf	-4.56675
5.00000	1.00000	500	1.00000	3	241	11	30	198	14	30	-4.45850	-inf	-4.50853
5.00000	1.00000	500	1.00000	4	212	13	30	168	15	30	-4.44078	-inf	-4.48030
5.00000	1.00000	500	2.00000	0	206	9	27	167	13	27	-4.49356	-inf	-4.46102
5.00000	1.00000	500	2.00000	1	218	11	29	176	14	29	-4.50264	-inf	-4.50805
5.00000	1.00000	500	2.00000	2	188	9	20	161	8	20	-4.51640	-inf	-4.56672
5.00000	1.00000	500	2.00000	3	241	11	30	198	14	30	-4.45802	-inf	-4.50293
5.00000	1.00000	500	2.00000	4	212	13	30	168	15	30	-4.44245	-inf	-4.47950
10.00000	1.00000	10	0.10000	0	327	15	75	216	37	75	-4.23243	-inf	-4.21264
10.00000	1.00000	10	0.10000	1	340	15	71	235	35	71	-4.23321	-inf	-4.26740
10.00000	1.00000	10	0.10000	2	329	15	71	225	34	71	-4.25179	-inf	-4.34325
10.00000	1.00000	10	0.10000	3	363	15	78	248	38	78	-4.21491	-inf	-4.28912
10.00000	1.00000	10	0.10000	4	323	15	76	210	38	76	-4.24276	-inf	-4.25930
10.00000	1.00000	10	0.20000	0	327	15	75	216	37	75	-4.23085	-inf	-4.20928
10.00000	1.00000	10	0.20000	1	340	15	71	235	35	71	-4.23118	-inf	-4.26410
10.00000	1.00000	10	0.20000	2	329	15	71	225	34	71	-4.24961	-inf	-4.34051
10.00000	1.00000	10	0.20000	3	363	15	78	248	38	78	-4.21338	-inf	-4.28542
10.00000	1.00000	10	0.20000	4	323	15	76	210	38	76	-4.24108	-inf	-4.25611
10.00000	1.00000	10	0.50000	0	327	15	75	216	37	75	-4.22918	-inf	-4.20475
10.00000	1.00000	10	0.50000	1	340	15	71	235	35	71	-4.22875	-inf	-4.25978
10.00000	1.00000	10	0.50000	2	329	15	71	225	34	71	-4.24639	-inf	-4.33582
10.00000	1.00000	10	0.50000	3	363	15	78	248	38	78	-4.21179	-inf	-4.27982
10.00000	1.00000	10	0.50000	4	323	15	76	210	38	76	-4.23885	-inf	-4.25248
10.00000	1.00000	10	1.00000	0	327	15	75	216	37	75	-4.23001	-inf	-4.20302
10.00000	1.00000	10	1.00000	1	340	15	71	235	35	71	-4.22930	-inf	-4.25836
10.00000	1.00000	10	1.00000	2	329	15	71	225	34	71	-4.24527	-inf	-4.33284
10.00000	1.00000	10	1.00000	3	363	15	78	248	38	78	-4.21302	-inf	-4.27669
10.00000	1.00000	10	1.00000	4	323	15	76	210	38	76	-4.23870	-inf	-4.25193
10.00000	1.00000	10	2.00000	0	327	15	75	216	37	75	-4.23660	-inf	-4.20674
10.00000	1.00000	10	2.00000	1	340	15	71	235	35	71	-4.23680	-inf	-4.26295
10.00000	1.00000	10	2.00000	2	329	15	71	225	34	71	-4.24912	-inf	-4.33405
10.00000	1.00000	10	2.00000	3	363	15	78	248	38	78	-4.22134	-inf	-4.27887
10.00000	1.00000	10	2.00000	4	323	15	76	210	38	76	-4.24349	-inf	-4.25706
10.00000	1.00000	50	0.10000	0	327	15	75	216	37	75	-4.23243	-inf	-4.21264
10.00000	1.00000	50	0.10000	1	340	15	71	235	35	71	-4.23321	-inf	-4.26740
10.00000	1.00000	50	0.10000	2	324	15	69	223	33	69	-4.25290	-inf	-4.34343
10.00000	1.00000	50	0.10000	3	363	15	78	248	38	78	-4.21488	-inf	-4.28928
10.00000	1.00000	50	0.10000	4	323	15	76	210	38	76	-4.24276	-inf	-4.25930
10.00000	1.00000	50	0.20000	0	327	15	75	216	37	75	-4.23085	-inf	-4.20928
10.00000	1.00000	50	0.20000	1	340	15	71	235	35	71	-4.23118	-inf	-4.26410
10.00000	1.00000	50	0.20000	2	324	15	69	223	33	69	-4.25060	-inf	-4.34061
10.00000	1.00000	50	0.20000	3	363	15	78	248	38	78	-4.21335	-inf	-4.28558
10.00000	1.00000	50	0.20000	4	323	15	76	210	38	76	-4.24108	-inf	-4.25611
10.00000	1.00000	50	0.50000	0	327	15	75	216	37	75	-4.22918	-inf	-4.20475
10.00000	1.00000	50	0.50000	1	340	15	71	235	35	71	-4.22875	-inf	-4.25978
10.00000	1.00000	50	0.50000	2	324	15	69	223	33	69	-4.24716	-inf	-4.33581
10.00000	1.00000	50	0.50000	3	363	15	78	248	38	78	-4.21176	-inf	-4.27997
10.00000	1.00000	50	0.50000	4	323	15	76	210	38	76	-4.23885	-inf	-4.25248
10.00000	1.00000	50	1.00000	0	327	15	75	216	37	75	-4.23001	-inf	-4.20302
10.00000	1.00000	50	1.00000	1	340	15	71	235	35	71	-4.22930	-inf	-4.25836
10.00000	1.00000	50	1.00000	2	324	15	69	223	33	69	-4.24585	-inf	-4.33276
10.00000	1.00000	50	1.00000	3	363	15	78	248	38	78	-4.21300	-inf	-4.27685
10.00000	1.00000	50	1.00000	4	323	15	76	210	38	76	-4.23870	-inf	-4.25193
10.00000	1.00000	50	2.00000	0	327	15	75	216	37	75	-4.23660	-inf	-4.20674
10.00000	1.00000	50	2.00000	1	340	15	71	235	35	71	-4.23680	-inf	-4.26295
10.00000	1.00000	50	2.00000	2	324	15	69	223	33	69	-4.24950	-inf	-4.33392
10.00000	1.00000	50	2.00000	3	363	15	78	248	38	78	-4.22132	-inf	-4.27906
10.00000	1.00000	50	2.00000	4	323	15	76	210	38	76	-4.24349	-inf	-4.25706
10.00000	1.00000	100	0.10000	0	317	15	71	212	35	71	-4.24061	-inf	-4.22176
10.00000	1.00000	100	0.10000	1	332	15	67	233	33	67	-4.23762	-inf	-4.26661
10.00000	1.00000	100	0.10000	2	309	15	63	217	30	63	-4.25627	-inf	-4.34753
10.00000	1.00000	100	0.10000	3	353	15	74	244	36	74	-4.21991	-inf	-4.29020
10.00000	1.00000	100	0.10000	4	305	15	70	201	35	70	-4.25402	-inf	-4.26509
10.00000	1.00000	100	0.20000	0	317	15	71	212	35	71	-4.23913	-inf	-4.21845
10.00000	1.00000	100	0.20000	1	332	15	67	233	33	67	-4.23554	-inf	-4.26328
10.00000	1.00000	100	0.20000	2	309	15	63	217	30	63	-4.25414	-inf	-4.34485
10.00000	1.00000	100	0.20000	3	353	15	74	244	36	74	-4.21816	-inf	-4.28696
10.00000	1.00000	100	0.20000	4	305	15	70	201	35	70	-4.25239	-inf	-4.26220
10.00000	1.00000	100	0.50000	0	317	15	71	212	35	71	-4.23735	-inf	-4.21384
10.00000	1.00000	100	0.50000	1	332	15	67	233	33	67	-4.23292	-inf	-4.25877
10.00000	1.00000	100	0.50000	2	309	15	63	217	30	63	-4.25079	-inf	-4.34012
10.00000	1.00000	100	0.50000	3	353	15	74	244	36	74	-4.21611	-inf	-4.28179
10.00000	1.00000	100	0.50000	4	305	15	70	201	35	70	-4.24975	-inf	-4.25869
10.00000	1.00000	100	1.00000	0	317	15	71	212	35	71	-4.23779	-inf	-4.21180
10.00000	1.00000	100	1.00000	1	332	15	67	233	33	67	-4.23320	-inf	-4.25712
10.00000	1.00000	100	1.00000	2	309	15	63	217	30	63	-4.24934	-inf	-4.33697
10.00000	1.00000	100	1.00000	3	353	15	74	244	36	74	-4.21683	-inf	-4.27879
10.00000	1.00000	100	1.00000	4	305	15	70	201	35	70	-4.24874	-inf	-4.25786
10.00000	1.00000	100	2.00000	0	317	15	71	212	35	71	-4.24361	-inf	-4.21477
10.00000	1.00000	100	2.00000	1	332	15	67	233	33	67	-4.24027	-inf	-4.26144
10.00000	1.00000	100	2.00000	2	309	15	63	217	30	63	-4.25266	-inf	-4.33783
10.00000	1.00000	100	2.00000	3	353	15	74	244	36	74	-4.22445	-inf	-4.28088
10.00000	1.00000	100	2.00000	4	305	15	70	201	35	70	-4.25211	-inf	-4.26224
10.00000	1.00000	500	0.10000	0	175	11	26	137	13	26	-4.51989	-inf	-4.48908
10.00000	1.00000	500	0.10000	1	213	11	34	163	17	34	-4.48246	-inf	-4.49829
10.00000	1.00000	500	0.10000	2	184	11	29	142	14	29	-4.48441	-inf	-4.54538
10.00000	1.00000	500	0.10000	3	209	11	31	164	15	31	-4.48505	-inf	-4.51174
10.00000	1.00000	500	0.10000	4	195	13	32	148	16	32	-4.47104	-inf	-4.50077
10.00000	1.00000	500	0.20000	0	175	11	26	137	13	26	-4.51913	-inf	-4.48686
10.00000	1.00000	500	0.20000	1	213	11	34	163	17	34	-4.48070	-inf	-4.49643
10.00000	1.00000	500	0.20000	2	184	11	29	142	14	29	-4.48342	-inf	-4.54453
10.00000	1.00000	500	0.20000	3	209	11	31	164	15	31	-4.48343	-inf	-4.51006
10.00000	1.00000	500	0.20000	4	195	13	32	148	16	32	-4.47014	-inf	-4.49834
10.00000	1.00000	500	0.50000	0	175	11	26	137	13	26	-4.51763	-inf	-4.48334
10.00000	1.00000	500	0.50000	1	213	11	34	163	17	34	-4.47703	-inf	-4.49220
10.00000	1.00000	500	0.50000	2	184	11	29	142	14	29	-4.48149	-inf	-4.54265
10.00000	1.00000	500	0.50000	3	209	11	31	164	15	31	-4.48028	-inf	-4.50632
10.00000	1.00000	500	0.50000	4	195	13	32	148	16	32	-4.46833	-inf	-4.49473
10.00000	1.00000	500	1.00000	0	175	11	26	137	13	26	-4.51643	-inf	-4.48074
10.00000	1.00000	500	1.00000	1	213	11	34	163	17	34	-4.47366	-inf	-4.48776
10.00000	1.00000	500	1.00000	2	184	11	29	142	14	29	-4.47997	-inf	-4.54085
10.00000	1.00000	500	1.00000	3	209	11	31	164	15	31	-4.47767	-inf	-4.50259
10.00000	1.00000	500	1.00000	4	195	13	32	148	16	32	-4.46697	-inf	-4.49235
10.00000	1.00000	500	2.00000	0	175	11	26	137	13	26	-4.51649	-inf	-4.47967
10.00000	1.00000	500	2.00000	1	213	11	34	163	17	34	-4.47184	-inf	-4.48406
10.00000	1.00000	500	2.00000	2	184	11	29	142	14	29	-4.47985	-inf	-4.54002
10.00000	1.00000	500	2.00000	3	209	11	31	164	15	31	-4.47691	-inf	-4.49994
10.00000	1.00000	500	2.00000	4	195	13	32	148	16	32	-4.46727	-inf	-4.49208
15.00000	1.00000	10	0.10000	0	270	15	60	181	30	60	-4.31493	-inf	-4.28159
15.00000	1.00000	10	0.10000	1	299	15	66	202	32	66	-4.30334	-inf	-4.31737
15.00000	1.00000	10	0.10000	2	262	13	58	177	28	58	-4.28342	-inf	-4.40027
15.00000	1.00000	10	0.10000	3	274	15	60	185	30	60	-4.37373	-inf	-4.40870
15.00000	1.00000	10	0.10000	4	290	13	65	194	32	65	-4.29097	-inf	-4.34207
15.00000	1.00000	10	0.20000	0	270	15	60	181	30	60	-4.31348	-inf	-4.27925
15.00000	1.00000	10	0.20000	1	299	15	66	202	32	66	-4.30178	-inf	-4.31560
15.00000	1.00000	10	0.20000	2	262	13	58	177	28	58	-4.28167	-inf	-4.39691
15.00000	1.00000	10	0.20000	3	274	15	60	185	30	60	-4.37223	-inf	-4.40641
15.00000	1.00000	10	0.20000	4	290	13	65	194	32	65	-4.28946	-inf	-4.33860
15.00000	1.00000	10	0.50000	0	270	15	60	181	30	60	-4.31147	-inf	-4.27577
15.00000	1.00000	10	0.50000	1	299	15	66	202	32	66	-4.29928	-inf	-4.31304
15.00000	1.00000	10	0.50000	2	262	13	58	177	28	58	-4.27893	-inf	-4.39087
15.00000	1.00000	10	0.50000	3	274	15	60	185	30	60	-4.36984	-inf	-4.40220
15.00000	1.00000	10	0.50000	4	290	13	65	194	32	65	-4.28707	-inf	-4.33358
15.00000	1.00000	10	1.00000	0	270	15	60	181	30	60	-4.31094	-inf	-4.27385
15.00000	1.00000	10	1.00000	1	299	15	66	202	32	66	-4.29837	-inf	-4.31236
15.00000	1.00000	10	1.00000	2	262	13	58	177	28	58	-4.27761	-inf	-4.38585
15.00000	1.00000	10	1.00000	3	274	15	60	185	30	60	-4.36863	-inf	-4.39885
15.00000	1.00000	10	1.00000	4	290	13	65	194	32	65	-4.28598	-inf	-4.33049
15.00000	1.00000	10	2.00000	0	270	15	60	181	30	60	-4.31403	-inf	-4.27531
15.00000	1.00000	10	2.00000	1	299	15	66	202	32	66	-4.30182	-inf	-4.31637
15.00000	1.00000	10	2.00000	2	262	13	58	177	28	58	-4.27978	-inf	-4.38293
15.00000	1.00000	10	2.00000	3	274	15	60	185	30	60	-4.37061	-inf	-4.39794
15.00000	1.00000	10	2.00000	4	290	13	65	194	32	65	-4.28844	-inf	-4.33098
15.00000	1.00000	50	0.10000	0	270	15	60	181	30	60	-4.31493	-inf	-4.28159
15.00000	1.00000	50	0.10000	1	299	15	66	202	32	66	-4.30333	-inf	-4.31735
15.00000	1.00000	50	0.10000	2	262	13	58	177	28	58	-4.28342	-inf	-4.40027
15.00000	1.00000	50	0.10000	3	274	15	60	185	30	60	-4.37373	-inf	-4.40870
15.00000	1.00000	50	0.10000	4	285	13	63	192	31	63	-4.29258	-inf	-4.34315
15.00000	1.00000	50	0.20000	0	270	15	60	181	30	60	-4.31348	-inf	-4.27925
15.00000	1.00000	50	0.20000	1	299	15	66	202	32	66	-4.30176	-inf	-4.31558
15.00000	1.00000	50	0.20000	2	262	13	58	177	28	58	-4.28167	-inf	-4.39691
15.00000	1.00000	50	0.20000	3	274	15	60	185	30	60	-4.37223	-inf	-4.40641
15.00000	1.00000	50	0.20000	4	285	13	63	192	31	63	-4.29098	-inf	-4.33956
15.00000	1.00000	50	0.50000	0	270	15	60	181	30	60	-4.31147	-inf	-4.27577
15.00000	1.00000	50	0.50000	1	299	15	66	202	32	66	-4.29925	-inf	-4.31303
15.00000	1.00000	50	0.50000	2	262	13	58	177	28	58	-4.27893	-inf	-4.39087
15.00000	1.00000	50	0.50000	3	274	15	60	185	30	60	-4.36984	-inf	-4.40220
15.00000	1.00000	50	0.50000	4	285	13	63	192	31	63	-4.28831	-inf	-4.33429
15.00000	1.00000	50	1.00000	0	270	15	60	181	30	60	-4.31094	-inf	-4.27385
15.00000	1.00000	50	1.00000	1	299	15	66	202	32	66	-4.29834	-inf	-4.31236
15.00000	1.00000	50	1.00000	2	262	13	58	177	28	58	-4.27761	-inf	-4.38585
15.00000	1.00000	50	1.00000	3	274	15	60	185	30	60	-4.36863	-inf	-4.39885
15.00000	1.00000	50	1.00000	4	285	13	63	192	31	63	-4.28687	-inf	-4.33090
15.00000	1.00000	50	2.00000	0	270	15	60	181	30	60	-4.31403	-inf	-4.27531
15.00000	1.00000	50	2.00000	1	299	15	66	202	32	66	-4.30179	-inf	-4.31639
15.00000	1.00000	50	2.00000	2	262	13	58	177	28	58	-4.27978	-inf	-4.38293
15.00000	1.00000	50	2.00000	3	274	15	60	185	30	60	-4.37061	-inf	-4.39794
15.00000	1.00000	50	2.00000	4	285	13	63	192	31	63	-4.28892	-inf	-4.33111
15.00000	1.00000	100	0.10000	0	277	15	62	185	31	62	-4.31840	-inf	-4.27642
15.00000	1.00000	100	0.10000	1	299	15	66	202	32	66	-4.30333	-inf	-4.31735
15.00000	1.00000	100	0.10000	2	252	13	55	171	27	55	-4.28482	-inf	-4.39645
15.00000	1.00000	100	0.10000	3	263	13	56	180	28	56	-4.38279	-inf	-4.41643
15.00000	1.00000	100	0.10000	4	275	13	59	188	29	59	-4.30220	-inf	-4.34854
15.00000	1.00000	100	0.20000	0	277	15	62	185	31	62	-4.31683	-inf	-4.27427
15.00000	1.00000	100	0.20000	1	299	15	66	202	32	66	-4.30176	-inf	-4.31558
15.00000	1.00000	100	0.20000	2	252	13	55	171	27	55	-4.28328	-inf	-4.39370
15.00000	1.00000	100	0.20000	3	263	13	56	180	28	56	-4.38111	-inf	-4.41420
15.00000	1.00000	100	0.20000	4	275	13	59	188	29	59	-4.30053	-inf	-4.34506
15.00000	1.00000	100	0.50000	0	277	15	62	185	31	62	-4.31459	-inf	-4.27110
15.00000	1.00000	100	0.50000	1	299	15	66	202	32	66	-4.29925	-inf	-4.31303
15.00000	1.00000	100	0.50000	2	252	13	55	171	27	55	-4.28084	-inf	-4.38879
15.00000	1.00000	100	0.50000	3	263	13	56	180	28	56	-4.37831	-inf	-4.40996
15.00000	1.00000	100	0.50000	4	275	13	59	188	29	59	-4.29762	-inf	-4.34001
15.00000	1.00000	100	1.00000	0	277	15	62	185	31	62	-4.31384	-inf	-4.26954
15.00000	1.00000	100	1.00000	1	299	15	66	202	32	66	-4.29834	-inf	-4.31236
15.00000	1.00000	100	1.00000	2	252	13	55	171	27	55	-4.27966	-inf	-4.38475
15.00000	1.00000	100	1.00000	3	263	13	56	180	28	56	-4.37657	-inf	-4.40632
15.00000	1.00000	100	1.00000	4	275	13	59	188	29	59	-4.29575	-inf	-4.33681
15.00000	1.00000	100	2.00000	0	277	15	62	185	31	62	-4.31671	-inf	-4.27161
15.00000	1.00000	100	2.00000	1	299	15	66	202	32	66	-4.30179	-inf	-4.31639
15.00000	1.00000	100	2.00000	2	252	13	55	171	27	55	-4.28178	-inf	-4.38265
15.00000	1.00000	100	2.00000	3	263	13	56	180	28	56	-4.37766	-inf	-4.40466
15.00000	1.00000	100	2.00000	4	275	13	59	188	29	59	-4.29697	-inf	-4.33700
15.00000	1.00000	500	0.10000	0	188	11	32	141	16	32	-4.47780	-inf	-4.45678
15.00000	1.00000	500	0.10000	1	202	11	35	151	17	35	-4.53046	-inf	-4.54865
15.00000	1.00000	500	0.10000	2	177	11	29	135	14	29	-4.46936	-inf	-4.54947
15.00000	1.00000	500	0.10000	3	190	11	32	143	16	32	-4.56256	-inf	-4.60089
15.00000	1.00000	500	0.10000	4	196	11	33	148	16	33	-4.48718	-inf	-4.53349
15.00000	1.00000	500	0.20000	0	188	11	32	141	16	32	-4.47642	-inf	-4.45466
15.00000	1.00000	500	0.20000	1	202	11	35	151	17	35	-4.52915	-inf	-4.54642
15.00000	1.00000	500	0.20000	2	177	11	29	135	14	29	-4.46801	-inf	-4.54798
15.00000	1.00000	500	0.20000	3	190	11	32	143	16	32	-4.56089	-inf	-4.59850
15.00000	1.00000	500	0.20000	4	196	11	33	148	16	33	-4.48576	-inf	-4.53073
15.00000	1.00000	500	0.50000	0	188	11	32	141	16	32	-4.47420	-inf	-4.45104
15.00000	1.00000	500	0.50000	1	202	11	35	151	17	35	-4.52628	-inf	-4.54195
15.00000	1.00000	500	0.50000	2	177	11	29	135	14	29	-4.46551	-inf	-4.54496
15.00000	1.00000	500	0.50000	3	190	11	32	143	16	32	-4.55795	-inf	-4.59388
15.00000	1.00000	500	0.50000	4	196	11	33	148	16	33	-4.48284	-inf	-4.52608
15.00000	1.00000	500	1.00000	0	188	11	32	141	16	32	-4.47277	-inf	-4.44813
15.00000	1.00000	500	1.00000	1	202	11	35	151	17	35	-4.52351	-inf	-4.53753
15.00000	1.00000	500	1.00000	2	177	11	29	135	14	29	-4.46350	-inf	-4.54209
15.00000	1.00000	500	1.00000	3	190	11	32	143	16	32	-4.55557	-inf	-4.58955
15.00000	1.00000	500	1.00000	4	196	11	33	148	16	33	-4.48012	-inf	-4.52210
15.00000	1.00000	500	2.00000	0	188	11	32	141	16	32	-4.47323	-inf	-4.44676
15.00000	1.00000	500	2.00000	1	202	11	35	151	17	35	-4.52184	-inf	-4.53364
15.00000	1.00000	500	2.00000	2	177	11	29	135	14	29	-4.46291	-inf	-4.53992
15.00000	1.00000	500	2.00000	3	190	11	32	143	16	32	-4.55447	-inf	-4.58587
15.00000	1.00000	500	2.00000	4	196	11	33	148	16	33	-4.47847	-inf	-4.51928
20.00000	1.00000	10	0.10000	0	255	15	56	172	28	56	-4.33247	-inf	-4.29353
20.00000	1.00000	10	0.10000	1	254	15	56	171	28	56	-4.39556	-inf	-4.40687
20.00000	1.00000	10	0.10000	2	236	13	51	161	25	51	-4.31077	-inf	-4.41164
20.00000	1.00000	10	0.10000	3	253	13	56	170	28	56	-4.41011	-inf	-4.44329
20.00000	1.00000	10	0.10000	4	237	13	53	159	26	53	-4.35058	-inf	-4.40046
20.00000	1.00000	10	0.20000	0	255	15	56	172	28	56	-4.33067	-inf	-4.29073
20.00000	1.00000	10	0.20000	1	254	15	56	171	28	56	-4.39402	-inf	-4.40461
20.00000	1.00000	10	0.20000	2	236	13	51	161	25	51	-4.30924	-inf	-4.40914
20.00000	1.00000	10	0.20000	3	253	13	56	170	28	56	-4.40838	-inf	-4.44070
20.00000	1.00000	10	0.20000	4	237	13	53	159	26	53	-4.34970	-inf	-4.39780
20.00000	1.00000	10	0.50000	0	255	15	56	172	28	56	-4.32795	-inf	-4.28674
20.00000	1.00000	10	0.50000	1	254	15	56	171	28	56	-4.39127	-inf	-4.40050
20.00000	1.00000	10	0.50000	2	236	13	51	161	25	51	-4.30666	-inf	-4.40421
20.00000	1.00000	10	0.50000	3	253	13	56	170	28	56	-4.40507	-inf	-4.43534
20.00000	1.00000	10	0.50000	4	237	13	53	159	26	53	-4.34838	-inf	-4.39391
20.00000	1.00000	10	1.00000	0	255	15	56	172	28	56	-4.32664	-inf	-4.28462
20.00000	1.00000	10	1.00000	1	254	15	56	171	28	56	-4.38944	-inf	-4.39711
20.00000	1.00000	10	1.00000	2	236	13	51	161	25	51	-4.30513	-inf	-4.39975
20.00000	1.00000	10	1.00000	3	253	13	56	170	28	56	-4.40233	-inf	-4.43012
20.00000	1.00000	10	1.00000	4	237	13	53	159	26	53	-4.34807	-inf	-4.39144
20.00000	1.00000	10	2.00000	0	255	15	56	172	28	56	-4.32867	-inf	-4.28590
20.00000	1.00000	10	2.00000	1	254	15	56	171	28	56	-4.39038	-inf	-4.39580
20.00000	1.00000	10	2.00000	2	236	13	51	161	25	51	-4.30645	-inf	-4.39685
20.00000	1.00000	10	2.00000	3	253	13	56	170	28	56	-4.40156	-inf	-4.42605
20.00000	1.00000	10	2.00000	4	237	13	53	159	26	53	-4.35056	-inf	-4.39172
20.00000	1.00000	50	0.10000	0	255	15	56	172	28	56	-4.33247	-inf	-4.29353
20.00000	1.00000	50	0.10000	1	248	13	54	168	27	54	-4.39964	-inf	-4.41001
20.00000	1.00000	50	0.10000	2	236	13	51	161	25	51	-4.31077	-inf	-4.41164
20.00000	1.00000	50	0.10000	3	253	13	56	170	28	56	-4.41011	-inf	-4.44329
20.00000	1.00000	50	0.10000	4	237	13	53	159	26	53	-4.35058	-inf	-4.40046
20.00000	1.00000	50	0.20000	0	255	15	56	172	28	56	-4.33067	-inf	-4.29073
20.00000	1.00000	50	0.20000	1	248	13	54	168	27	54	-4.39809	-inf	-4.40776
20.00000	1.00000	50	0.20000	2	236	13	51	161	25	51	-4.30924	-inf	-4.40914
20.00000	1.00000	50	0.20000	3	253	13	56	170	28	56	-4.40838	-inf	-4.44070
20.00000	1.00000	50	0.20000	4	237	13	53	159	26	53	-4.34970	-inf	-4.39780
20.00000	1.00000	50	0.50000	0	255	15	56	172	28	56	-4.32795	-inf	-4.28674
20.00000	1.00000	50	0.50000	1	248	13	54	168	27	54	-4.39534	-inf	-4.40365
20.00000	1.00000	50	0.50000	2	236	13	51	161	25	51	-4.30666	-inf	-4.40421
20.00000	1.00000	50	0.50000	3	253	13	56	170	28	56	-4.40507	-inf	-4.43534
20.00000	1.00000	50	0.50000	4	237	13	53	159	26	53	-4.34838	-inf	-4.39391
20.00000	1.00000	50	1.00000	0	255	15	56	172	28	56	-4.32664	-inf	-4.28462
20.00000	1.00000	50	1.00000	1	248	13	54	168	27	54	-4.39351	-inf	-4.40023
20.00000	1.00000	50	1.00000	2	236	13	51	161	25	51	-4.30513	-inf	-4.39975
20.00000	1.00000	50	1.00000	3	253	13	56	170	28	56	-4.40233	-inf	-4.43012
20.00000	1.00000	50	1.00000	4	237	13	53	159	26	53	-4.34807	-inf	-4.39144
20.00000	1.00000	50	2.00000	0	255	15	56	172	28	56	-4.32867	-inf	-4.28590
20.00000	1.00000	50	2.00000	1	248	13	54	168	27	54	-4.39437	-inf	-4.39875
20.00000	1.00000	50	2.00000	2	236	13	51	161	25	51	-4.30644	-inf	-4.39685
20.00000	1.00000	50	2.00000	3	253	13	56	170	28	56	-4.40156	-inf	-4.42605
20.00000	1.00000	50	2.00000	4	237	13	53	159	26	53	-4.35056	-inf	-4.39172
20.00000	1.00000	100	0.10000	0	250	15	54	170	27	54	-4.33835	-inf	-4.30061
20.00000	1.00000	100	0.10000	1	248	13	54	168	27	54	-4.39964	-inf	-4.41001
20.00000	1.00000	100	0.10000	2	232	13	49	160	24	49	-4.31320	-inf	-4.40792
20.00000	1.00000	100	0.10000	3	253	13	56	170	28	56	-4.41011	-inf	-4.44329
20.00000	1.00000	100	0.10000	4	230	13	49	158	24	49	-4.35345	-inf	-4.40040
20.00000	1.00000	100	0.20000	0	250	15	54	170	27	54	-4.33660	-inf	-4.29778
20.00000	1.00000	100	0.20000	1	248	13	54	168	27	54	-4.39809	-inf	-4.40776
20.00000	1.00000	100	0.20000	2	232	13	49	160	24	49	-4.31171	-inf	-4.40562
20.00000	1.00000	100	0.20000	3	253	13	56	170	28	56	-4.40838	-inf	-4.44070
20.00000	1.00000	100	0.20000	4	230	13	49	158	24	49	-4.35252	-inf	-4.39790
20.00000	1.00000	100	0.50000	0	250	15	54	170	27	54	-4.33390	-inf	-4.29368
20.00000	1.00000	100	0.50000	1	248	13	54	168	27	54	-4.39534	-inf	-4.40365
20.00000	1.00000	100	0.50000	2	232	13	49	160	24	49	-4.30915	-inf	-4.40117
20.00000	1.00000	100	0.50000	3	253	13	56	170	28	56	-4.40507	-inf	-4.43534
20.00000	1.00000	100	0.50000	4	230	13	49	158	24	49	-4.35106	-inf	-4.39435
20.00000	1.00000	100	1.00000	0	250	15	54	170	27	54	-4.33251	-inf	-4.29135
20.00000	1.00000	100	1.00000	1	248	13	54	168	27	54	-4.39351	-inf	-4.40023
20.00000	1.00000	100	1.00000	2	232	13	49	160	24	49	-4.30759	-inf	-4.39730
20.00000	1.00000	100	1.00000	3	253	13	56	170	28	56	-4.40233	-inf	-4.43012
20.00000	1.00000	100	1.00000	4	230	13	49	158	24	49	-4.35049	-inf	-4.39218
20.00000	1.00000	100	2.00000	0	250	15	54	170	27	54	-4.33425	-inf	-4.29221
20.00000	1.00000	100	2.00000	1	248	13	54	168	27	54	-4.39437	-inf	-4.39875
20.00000	1.00000	100	2.00000	2	232	13	49	160	24	49	-4.30875	-inf	-4.39513
20.00000	1.00000	100	2.00000	3	253	13	56	170	28	56	-4.40156	-inf	-4.42605
20.00000	1.00000	100	2.00000	4	230	13	49	158	24	49	-4.35244	-inf	-4.39263
20.00000	1.00000	500	0.10000	0	183	11	32	136	16	32	-4.49614	-inf	-4.47648
20.00000	1.00000	500	0.10000	1	184	11	32	137	16	32	-4.55487	-inf	-4.57172
20.00000	1.00000	500	0.10000	2	180	11	31	135	15	31	-4.44856	-inf	-4.53022
20.00000	1.00000	500	0.10000	3	185	11	32	138	16	32	-4.57680	-inf	-4.60599
20.00000	1.00000	500	0.10000	4	179	11	33	131	16	33	-4.53024	-inf	-4.57155
20.00000	1.00000	500	0.20000	0	183	11	32	136	16	32	-4.49468	-inf	-4.47414
20.00000	1.00000	500	0.20000	1	184	11	32	137	16	32	-4.55299	-inf	-4.56874
20.00000	1.00000	500	0.20000	2	180	11	31	135	15	31	-4.44713	-inf	-4.52857
20.00000	1.00000	500	0.20000	3	185	11	32	138	16	32	-4.57512	-inf	-4.60351
20.00000	1.00000	500	0.20000	4	179	11	33	131	16	33	-4.52924	-inf	-4.56995
20.00000	1.00000	500	0.50000	0	183	11	32	136	16	32	-4.49225	-inf	-4.47024
20.00000	1.00000	500	0.50000	1	184	11	32	137	16	32	-4.54928	-inf	-4.56323
20.00000	1.00000	500	0.50000	2	180	11	31	135	15	31	-4.44451	-inf	-4.52517
20.00000	1.00000	500	0.50000	3	185	11	32	138	16	32	-4.57151	-inf	-4.59803
20.00000	1.00000	500	0.50000	4	179	11	33	131	16	33	-4.52728	-inf	-4.56727
20.00000	1.00000	500	1.00000	0	183	11	32	136	16	32	-4.49054	-inf	-4.46716
20.00000	1.00000	500	1.00000	1	184	11	32	137	16	32	-4.54575	-inf	-4.55782
20.00000	1.00000	500	1.00000	2	180	11	31	135	15	31	-4.44240	-inf	-4.52186
20.00000	1.00000	500	1.00000	3	185	11	32	138	16	32	-4.56776	-inf	-4.59217
20.00000	1.00000	500	1.00000	4	179	11	33	131	16	33	-4.52550	-inf	-4.56509
20.00000	1.00000	500	2.00000	0	183	11	32	136	16	32	-4.49049	-inf	-4.46545
20.00000	1.00000	500	2.00000	1	184	11	32	137	16	32	-4.54296	-inf	-4.55229
20.00000	1.00000	500	2.00000	2	180	11	31	135	15	31	-4.44176	-inf	-4.51919
20.00000	1.00000	500	2.00000	3	185	11	32	138	16	32	-4.56427	-inf	-4.58611
20.00000	1.00000	500	2.00000	4	179	11	33	131	16	33	-4.52446	-inf	-4.56388
alpha: 1.0, cluster-penalty: 1.0, g-factor: 5.0, min-inst-slice: 10, test_ll: -4.223977518540115, train_ll: -4.1771370809610975, valid_ll: -4.223977518540115