parameters:
Namespace(alpha=[0.1, 0.2, 0.5, 1.0, 2.0], clt_leaves=False, cluster_method='GMM', cluster_penalty=[1.0], cv=5, dataset='data/multilabel/plant978/plant978.5.folds.pklz', features=None, g_factor=[5.0, 10.0, 15.0, 20.0], gzip=True, kde_leaves=False, min_inst_slice=[10, 50, 100, 500], n_iters=100, n_restarts=4, n_row_clusters=2, output='exp/ml-repr-spn/', save_model=True, seed=1337, sklearn_args=None, suffix=None, test_ext=None, train_ext=None, valid_ext=None, verbose=1)

g-factor:	clu-pen:	min-ins:	alpha:	fold:	n_edges:	depth:	n_weights:	n_leaves:	n_sums:	n_prods:	train_ll	valid_ll:	test_ll
5.00000	1.00000	10	0.10000	0	3509	15	517	2740	253	517	-95.37041	-inf	-102.78009
5.00000	1.00000	10	0.10000	1	3432	13	473	2729	231	473	-95.41153	-inf	-103.15140
5.00000	1.00000	10	0.10000	2	3548	15	533	2756	260	533	-95.64664	-inf	-101.30575
5.00000	1.00000	10	0.10000	3	3432	13	503	2684	246	503	-95.52875	-inf	-102.44993
5.00000	1.00000	10	0.10000	4	3548	13	502	2800	247	502	-95.16784	-inf	-103.07486
5.00000	1.00000	10	0.20000	0	3509	15	517	2740	253	517	-95.39775	-inf	-102.31558
5.00000	1.00000	10	0.20000	1	3432	13	473	2729	231	473	-95.44465	-inf	-102.73718
5.00000	1.00000	10	0.20000	2	3548	15	533	2756	260	533	-95.68117	-inf	-100.85709
5.00000	1.00000	10	0.20000	3	3432	13	503	2684	246	503	-95.55104	-inf	-102.01926
5.00000	1.00000	10	0.20000	4	3548	13	502	2800	247	502	-95.20372	-inf	-102.64646
5.00000	1.00000	10	0.50000	0	3509	15	517	2740	253	517	-95.54340	-inf	-101.68118
5.00000	1.00000	10	0.50000	1	3432	13	473	2729	231	473	-95.59719	-inf	-102.15897
5.00000	1.00000	10	0.50000	2	3548	15	533	2756	260	533	-95.83630	-inf	-100.26797
5.00000	1.00000	10	0.50000	3	3432	13	503	2684	246	503	-95.68089	-inf	-101.45392
5.00000	1.00000	10	0.50000	4	3548	13	502	2800	247	502	-95.37349	-inf	-102.06005
5.00000	1.00000	10	1.00000	0	3509	15	517	2740	253	517	-95.87247	-inf	-101.29586
5.00000	1.00000	10	1.00000	1	3432	13	473	2729	231	473	-95.92899	-inf	-101.80644
5.00000	1.00000	10	1.00000	2	3548	15	533	2756	260	533	-96.16984	-inf	-99.93109
5.00000	1.00000	10	1.00000	3	3432	13	503	2684	246	503	-95.98222	-inf	-101.12883
5.00000	1.00000	10	1.00000	4	3548	13	502	2800	247	502	-95.74203	-inf	-101.70624
5.00000	1.00000	10	2.00000	0	3509	15	517	2740	253	517	-96.65689	-inf	-101.23968
5.00000	1.00000	10	2.00000	1	3432	13	473	2729	231	473	-96.71718	-inf	-101.77359
5.00000	1.00000	10	2.00000	2	3548	15	533	2756	260	533	-96.95352	-inf	-99.93332
5.00000	1.00000	10	2.00000	3	3432	13	503	2684	246	503	-96.71025	-inf	-101.12081
5.00000	1.00000	10	2.00000	4	3548	13	502	2800	247	502	-96.59816	-inf	-101.66295
5.00000	1.00000	50	0.10000	0	3126	15	383	2555	189	383	-96.22011	-inf	-102.78494
5.00000	1.00000	50	0.10000	1	3241	13	412	2627	203	412	-95.76767	-inf	-102.92766
5.00000	1.00000	50	0.10000	2	3336	13	453	2662	222	453	-95.99268	-inf	-101.27351
5.00000	1.00000	50	0.10000	3	3166	13	405	2563	199	405	-95.94114	-inf	-102.29022
5.00000	1.00000	50	0.10000	4	3192	13	382	2622	189	382	-95.81716	-inf	-102.81666
5.00000	1.00000	50	0.20000	0	3126	15	383	2555	189	383	-96.22523	-inf	-102.40141
5.00000	1.00000	50	0.20000	1	3241	13	412	2627	203	412	-95.78616	-inf	-102.58513
5.00000	1.00000	50	0.20000	2	3336	13	453	2662	222	453	-96.01793	-inf	-100.86582
5.00000	1.00000	50	0.20000	3	3166	13	405	2563	199	405	-95.94837	-inf	-101.92476
5.00000	1.00000	50	0.20000	4	3192	13	382	2622	189	382	-95.84252	-inf	-102.47790
5.00000	1.00000	50	0.50000	0	3126	15	383	2555	189	383	-96.32184	-inf	-101.86479
5.00000	1.00000	50	0.50000	1	3241	13	412	2627	203	412	-95.90615	-inf	-102.10742
5.00000	1.00000	50	0.50000	2	3336	13	453	2662	222	453	-96.14823	-inf	-100.32488
5.00000	1.00000	50	0.50000	3	3166	13	405	2563	199	405	-96.03808	-inf	-101.43285
5.00000	1.00000	50	0.50000	4	3192	13	382	2622	189	382	-95.97876	-inf	-101.99574
5.00000	1.00000	50	1.00000	0	3126	15	383	2555	189	383	-96.58388	-inf	-101.52437
5.00000	1.00000	50	1.00000	1	3241	13	412	2627	203	412	-96.19851	-inf	-101.82673
5.00000	1.00000	50	1.00000	2	3336	13	453	2662	222	453	-96.44679	-inf	-100.01504
5.00000	1.00000	50	1.00000	3	3166	13	405	2563	199	405	-96.28863	-inf	-101.14655
5.00000	1.00000	50	1.00000	4	3192	13	382	2622	189	382	-96.29055	-inf	-101.69187
5.00000	1.00000	50	2.00000	0	3126	15	383	2555	189	383	-97.25673	-inf	-101.47092
5.00000	1.00000	50	2.00000	1	3241	13	412	2627	203	412	-96.92795	-inf	-101.84746
5.00000	1.00000	50	2.00000	2	3336	13	453	2662	222	453	-97.17513	-inf	-100.02083
5.00000	1.00000	50	2.00000	3	3166	13	405	2563	199	405	-96.94465	-inf	-101.15423
5.00000	1.00000	50	2.00000	4	3192	13	382	2622	189	382	-97.04503	-inf	-101.67498
5.00000	1.00000	100	0.10000	0	2413	13	192	2126	96	192	-97.71713	-inf	-102.32725
5.00000	1.00000	100	0.10000	1	2484	11	211	2169	105	211	-97.46236	-inf	-102.50835
5.00000	1.00000	100	0.10000	2	2616	13	261	2226	130	261	-97.49709	-inf	-100.93274
5.00000	1.00000	100	0.10000	3	2509	13	204	2204	102	204	-97.33264	-inf	-101.97675
5.00000	1.00000	100	0.10000	4	2409	13	181	2139	90	181	-97.71956	-inf	-102.61476
5.00000	1.00000	100	0.20000	0	2413	13	192	2126	96	192	-97.70787	-inf	-102.06650
5.00000	1.00000	100	0.20000	1	2484	11	211	2169	105	211	-97.46603	-inf	-102.27306
5.00000	1.00000	100	0.20000	2	2616	13	261	2226	130	261	-97.51020	-inf	-100.64379
5.00000	1.00000	100	0.20000	3	2509	13	204	2204	102	204	-97.33118	-inf	-101.74173
5.00000	1.00000	100	0.20000	4	2409	13	181	2139	90	181	-97.72753	-inf	-102.36953
5.00000	1.00000	100	0.50000	0	2413	13	192	2126	96	192	-97.76018	-inf	-101.72407
5.00000	1.00000	100	0.50000	1	2484	11	211	2169	105	211	-97.53967	-inf	-101.96144
5.00000	1.00000	100	0.50000	2	2616	13	261	2226	130	261	-97.59571	-inf	-100.28300
5.00000	1.00000	100	0.50000	3	2509	13	204	2204	102	204	-97.39436	-inf	-101.44893
5.00000	1.00000	100	0.50000	4	2409	13	181	2139	90	181	-97.80931	-inf	-102.04073
5.00000	1.00000	100	1.00000	0	2413	13	192	2126	96	192	-97.94222	-inf	-101.54484
5.00000	1.00000	100	1.00000	1	2484	11	211	2169	105	211	-97.74400	-inf	-101.80686
5.00000	1.00000	100	1.00000	2	2616	13	261	2226	130	261	-97.80803	-inf	-100.10947
5.00000	1.00000	100	1.00000	3	2509	13	204	2204	102	204	-97.58913	-inf	-101.31092
5.00000	1.00000	100	1.00000	4	2409	13	181	2139	90	181	-98.02292	-inf	-101.86334
5.00000	1.00000	100	2.00000	0	2413	13	192	2126	96	192	-98.45257	-inf	-101.61747
5.00000	1.00000	100	2.00000	1	2484	11	211	2169	105	211	-98.28855	-inf	-101.91479
5.00000	1.00000	100	2.00000	2	2616	13	261	2226	130	261	-98.35555	-inf	-100.21343
5.00000	1.00000	100	2.00000	3	2509	13	204	2204	102	204	-98.11647	-inf	-101.42497
5.00000	1.00000	100	2.00000	4	2409	13	181	2139	90	181	-98.57608	-inf	-101.93160
5.00000	1.00000	500	0.10000	0	1145	5	12	1128	6	12	-100.32244	-inf	-101.94885
5.00000	1.00000	500	0.10000	1	1155	5	14	1135	7	14	-100.10990	-inf	-102.55809
5.00000	1.00000	500	0.10000	2	1157	5	16	1134	8	16	-100.70100	-inf	-100.84261
5.00000	1.00000	500	0.10000	3	1147	5	16	1124	8	16	-100.38609	-inf	-101.77704
5.00000	1.00000	500	0.10000	4	1150	7	16	1127	8	16	-100.27557	-inf	-102.36954
5.00000	1.00000	500	0.20000	0	1145	5	12	1128	6	12	-100.30649	-inf	-101.86336
5.00000	1.00000	500	0.20000	1	1155	5	14	1135	7	14	-100.10396	-inf	-102.48437
5.00000	1.00000	500	0.20000	2	1157	5	16	1134	8	16	-100.69442	-inf	-100.73636
5.00000	1.00000	500	0.20000	3	1147	5	16	1124	8	16	-100.37517	-inf	-101.66973
5.00000	1.00000	500	0.20000	4	1150	7	16	1127	8	16	-100.27048	-inf	-102.23644
5.00000	1.00000	500	0.50000	0	1145	5	12	1128	6	12	-100.32462	-inf	-101.78117
5.00000	1.00000	500	0.50000	1	1155	5	14	1135	7	14	-100.13815	-inf	-102.41078
5.00000	1.00000	500	0.50000	2	1157	5	16	1134	8	16	-100.72255	-inf	-100.63309
5.00000	1.00000	500	0.50000	3	1147	5	16	1124	8	16	-100.39594	-inf	-101.55840
5.00000	1.00000	500	0.50000	4	1150	7	16	1127	8	16	-100.30312	-inf	-102.07696
5.00000	1.00000	500	1.00000	0	1145	5	12	1128	6	12	-100.42171	-inf	-101.78975
5.00000	1.00000	500	1.00000	1	1155	5	14	1135	7	14	-100.24909	-inf	-102.42062
5.00000	1.00000	500	1.00000	2	1157	5	16	1134	8	16	-100.82463	-inf	-100.63625
5.00000	1.00000	500	1.00000	3	1147	5	16	1124	8	16	-100.49096	-inf	-101.54869
5.00000	1.00000	500	1.00000	4	1150	7	16	1127	8	16	-100.41071	-inf	-102.01743
5.00000	1.00000	500	2.00000	0	1145	5	12	1128	6	12	-100.71057	-inf	-101.96578
5.00000	1.00000	500	2.00000	1	1155	5	14	1135	7	14	-100.55320	-inf	-102.59961
5.00000	1.00000	500	2.00000	2	1157	5	16	1134	8	16	-101.11315	-inf	-100.82959
5.00000	1.00000	500	2.00000	3	1147	5	16	1124	8	16	-100.77262	-inf	-101.72100
5.00000	1.00000	500	2.00000	4	1150	7	16	1127	8	16	-100.70740	-inf	-102.12422
10.00000	1.00000	10	0.10000	0	1252	9	100	1104	49	100	-99.34825	-inf	-101.82640
10.00000	1.00000	10	0.10000	1	1183	9	77	1069	38	77	-99.40976	-inf	-102.07916
10.00000	1.00000	10	0.10000	2	1225	9	88	1094	44	88	-99.80549	-inf	-100.38631
10.00000	1.00000	10	0.10000	3	1259	11	102	1108	50	102	-99.64651	-inf	-101.59522
10.00000	1.00000	10	0.10000	4	1196	7	91	1061	45	91	-99.45537	-inf	-102.03845
10.00000	1.00000	10	0.20000	0	1252	9	100	1104	49	100	-99.33803	-inf	-101.74887
10.00000	1.00000	10	0.20000	1	1183	9	77	1069	38	77	-99.41333	-inf	-102.00503
10.00000	1.00000	10	0.20000	2	1225	9	88	1094	44	88	-99.80775	-inf	-100.28921
10.00000	1.00000	10	0.20000	3	1259	11	102	1108	50	102	-99.64629	-inf	-101.50492
10.00000	1.00000	10	0.20000	4	1196	7	91	1061	45	91	-99.45337	-inf	-101.91827
10.00000	1.00000	10	0.50000	0	1252	9	100	1104	49	100	-99.35390	-inf	-101.65513
10.00000	1.00000	10	0.50000	1	1183	9	77	1069	38	77	-99.45196	-inf	-101.92237
10.00000	1.00000	10	0.50000	2	1225	9	88	1094	44	88	-99.84414	-inf	-100.18311
10.00000	1.00000	10	0.50000	3	1259	11	102	1108	50	102	-99.67890	-inf	-101.40655
10.00000	1.00000	10	0.50000	4	1196	7	91	1061	45	91	-99.48065	-inf	-101.76889
10.00000	1.00000	10	1.00000	0	1252	9	100	1104	49	100	-99.43881	-inf	-101.62977
10.00000	1.00000	10	1.00000	1	1183	9	77	1069	38	77	-99.55740	-inf	-101.91598
10.00000	1.00000	10	1.00000	2	1225	9	88	1094	44	88	-99.94694	-inf	-100.16861
10.00000	1.00000	10	1.00000	3	1259	11	102	1108	50	102	-99.78282	-inf	-101.39515
10.00000	1.00000	10	1.00000	4	1196	7	91	1061	45	91	-99.57474	-inf	-101.70728
10.00000	1.00000	10	2.00000	0	1252	9	100	1104	49	100	-99.70396	-inf	-101.74286
10.00000	1.00000	10	2.00000	1	1183	9	77	1069	38	77	-99.84305	-inf	-102.06418
10.00000	1.00000	10	2.00000	2	1225	9	88	1094	44	88	-100.22913	-inf	-100.32721
10.00000	1.00000	10	2.00000	3	1259	11	102	1108	50	102	-100.07367	-inf	-101.55328
10.00000	1.00000	10	2.00000	4	1196	7	91	1061	45	91	-99.84697	-inf	-101.79694
10.00000	1.00000	50	0.10000	0	1246	9	98	1101	48	98	-99.35983	-inf	-101.79442
10.00000	1.00000	50	0.10000	1	1191	9	79	1074	39	79	-99.39489	-inf	-102.06655
10.00000	1.00000	50	0.10000	2	1196	9	78	1080	39	78	-99.84640	-inf	-100.42885
10.00000	1.00000	50	0.10000	3	1276	11	107	1118	52	107	-99.56889	-inf	-101.50519
10.00000	1.00000	50	0.10000	4	1195	7	91	1060	45	91	-99.47556	-inf	-102.01602
10.00000	1.00000	50	0.20000	0	1246	9	98	1101	48	98	-99.34969	-inf	-101.71912
10.00000	1.00000	50	0.20000	1	1191	9	79	1074	39	79	-99.39851	-inf	-101.99186
10.00000	1.00000	50	0.20000	2	1196	9	78	1080	39	78	-99.84870	-inf	-100.32996
10.00000	1.00000	50	0.20000	3	1276	11	107	1118	52	107	-99.56937	-inf	-101.41528
10.00000	1.00000	50	0.20000	4	1195	7	91	1060	45	91	-99.47324	-inf	-101.89894
10.00000	1.00000	50	0.50000	0	1246	9	98	1101	48	98	-99.36566	-inf	-101.63056
10.00000	1.00000	50	0.50000	1	1191	9	79	1074	39	79	-99.43712	-inf	-101.90721
10.00000	1.00000	50	0.50000	2	1196	9	78	1080	39	78	-99.88598	-inf	-100.22049
10.00000	1.00000	50	0.50000	3	1276	11	107	1118	52	107	-99.60381	-inf	-101.31851
10.00000	1.00000	50	0.50000	4	1195	7	91	1060	45	91	-99.49801	-inf	-101.75412
10.00000	1.00000	50	1.00000	0	1246	9	98	1101	48	98	-99.45043	-inf	-101.61086
10.00000	1.00000	50	1.00000	1	1191	9	79	1074	39	79	-99.54211	-inf	-101.89744
10.00000	1.00000	50	1.00000	2	1196	9	78	1080	39	78	-99.99024	-inf	-100.20186
10.00000	1.00000	50	1.00000	3	1276	11	107	1118	52	107	-99.71036	-inf	-101.31010
10.00000	1.00000	50	1.00000	4	1195	7	91	1060	45	91	-99.58785	-inf	-101.69531
10.00000	1.00000	50	2.00000	0	1246	9	98	1101	48	98	-99.71476	-inf	-101.73031
10.00000	1.00000	50	2.00000	1	1191	9	79	1074	39	79	-99.82666	-inf	-102.03934
10.00000	1.00000	50	2.00000	2	1196	9	78	1080	39	78	-100.27375	-inf	-100.35371
10.00000	1.00000	50	2.00000	3	1276	11	107	1118	52	107	-100.00546	-inf	-101.47313
10.00000	1.00000	50	2.00000	4	1195	7	91	1060	45	91	-99.85445	-inf	-101.78631
10.00000	1.00000	100	0.10000	0	1235	9	94	1095	47	94	-99.38006	-inf	-101.89631
10.00000	1.00000	100	0.10000	1	1175	9	74	1065	37	74	-99.42589	-inf	-102.10841
10.00000	1.00000	100	0.10000	2	1201	9	78	1085	39	78	-99.82875	-inf	-100.49831
10.00000	1.00000	100	0.10000	3	1265	11	102	1114	50	102	-99.59130	-inf	-101.52403
10.00000	1.00000	100	0.10000	4	1195	7	91	1060	45	91	-99.47556	-inf	-102.01602
10.00000	1.00000	100	0.20000	0	1235	9	94	1095	47	94	-99.37047	-inf	-101.82067
10.00000	1.00000	100	0.20000	1	1175	9	74	1065	37	74	-99.42910	-inf	-102.03336
10.00000	1.00000	100	0.20000	2	1201	9	78	1085	39	78	-99.83045	-inf	-100.39663
10.00000	1.00000	100	0.20000	3	1265	11	102	1114	50	102	-99.59258	-inf	-101.43537
10.00000	1.00000	100	0.20000	4	1195	7	91	1060	45	91	-99.47324	-inf	-101.89894
10.00000	1.00000	100	0.50000	0	1235	9	94	1095	47	94	-99.38636	-inf	-101.72922
10.00000	1.00000	100	0.50000	1	1175	9	74	1065	37	74	-99.46646	-inf	-101.94836
10.00000	1.00000	100	0.50000	2	1201	9	78	1085	39	78	-99.86654	-inf	-100.28147
10.00000	1.00000	100	0.50000	3	1265	11	102	1114	50	102	-99.62768	-inf	-101.34069
10.00000	1.00000	100	0.50000	4	1195	7	91	1060	45	91	-99.49801	-inf	-101.75412
10.00000	1.00000	100	1.00000	0	1235	9	94	1095	47	94	-99.47009	-inf	-101.70446
10.00000	1.00000	100	1.00000	1	1175	9	74	1065	37	74	-99.56973	-inf	-101.93854
10.00000	1.00000	100	1.00000	2	1201	9	78	1085	39	78	-99.96959	-inf	-100.25781
10.00000	1.00000	100	1.00000	3	1265	11	102	1114	50	102	-99.73394	-inf	-101.33363
10.00000	1.00000	100	1.00000	4	1195	7	91	1060	45	91	-99.58785	-inf	-101.69531
10.00000	1.00000	100	2.00000	0	1235	9	94	1095	47	94	-99.73202	-inf	-101.81507
10.00000	1.00000	100	2.00000	1	1175	9	74	1065	37	74	-99.85163	-inf	-102.08079
10.00000	1.00000	100	2.00000	2	1201	9	78	1085	39	78	-100.25195	-inf	-100.40533
10.00000	1.00000	100	2.00000	3	1265	11	102	1114	50	102	-100.02772	-inf	-101.49688
10.00000	1.00000	100	2.00000	4	1195	7	91	1060	45	91	-99.85445	-inf	-101.78631
10.00000	1.00000	500	0.10000	0	1017	5	24	982	12	24	-100.51344	-inf	-102.03414
10.00000	1.00000	500	0.10000	1	1026	7	28	985	14	28	-100.27758	-inf	-102.66703
10.00000	1.00000	500	0.10000	2	1007	5	24	972	12	24	-100.89865	-inf	-100.93416
10.00000	1.00000	500	0.10000	3	1005	5	22	973	11	22	-100.80485	-inf	-102.13441
10.00000	1.00000	500	0.10000	4	1033	5	36	980	18	36	-100.23671	-inf	-102.30822
10.00000	1.00000	500	0.20000	0	1017	5	24	982	12	24	-100.50850	-inf	-101.98922
10.00000	1.00000	500	0.20000	1	1026	7	28	985	14	28	-100.27936	-inf	-102.60761
10.00000	1.00000	500	0.20000	2	1007	5	24	972	12	24	-100.90272	-inf	-100.86170
10.00000	1.00000	500	0.20000	3	1005	5	22	973	11	22	-100.80892	-inf	-102.07817
10.00000	1.00000	500	0.20000	4	1033	5	36	980	18	36	-100.23889	-inf	-102.20679
10.00000	1.00000	500	0.50000	0	1017	5	24	982	12	24	-100.53569	-inf	-101.95853
10.00000	1.00000	500	0.50000	1	1026	7	28	985	14	28	-100.31150	-inf	-102.55274
10.00000	1.00000	500	0.50000	2	1007	5	24	972	12	24	-100.94104	-inf	-100.79160
10.00000	1.00000	500	0.50000	3	1005	5	22	973	11	22	-100.85035	-inf	-102.03137
10.00000	1.00000	500	0.50000	4	1033	5	36	980	18	36	-100.27238	-inf	-102.08536
10.00000	1.00000	500	1.00000	0	1017	5	24	982	12	24	-100.62790	-inf	-101.99834
10.00000	1.00000	500	1.00000	1	1026	7	28	985	14	28	-100.40260	-inf	-102.56888
10.00000	1.00000	500	1.00000	2	1007	5	24	972	12	24	-101.03990	-inf	-100.80493
10.00000	1.00000	500	1.00000	3	1005	5	22	973	11	22	-100.95692	-inf	-102.06028
10.00000	1.00000	500	1.00000	4	1033	5	36	980	18	36	-100.36647	-inf	-102.04161
10.00000	1.00000	500	2.00000	0	1017	5	24	982	12	24	-100.88587	-inf	-102.18574
10.00000	1.00000	500	2.00000	1	1026	7	28	985	14	28	-100.65417	-inf	-102.72510
10.00000	1.00000	500	2.00000	2	1007	5	24	972	12	24	-101.30150	-inf	-100.98423
10.00000	1.00000	500	2.00000	3	1005	5	22	973	11	22	-101.23461	-inf	-102.24884
10.00000	1.00000	500	2.00000	4	1033	5	36	980	18	36	-100.62443	-inf	-102.14142
15.00000	1.00000	10	0.10000	0	1034	7	52	957	26	52	-100.33292	-inf	-102.19174
15.00000	1.00000	10	0.10000	1	991	7	39	934	19	39	-100.39109	-inf	-102.41304
15.00000	1.00000	10	0.10000	2	1010	7	47	941	23	47	-100.75381	-inf	-100.72073
15.00000	1.00000	10	0.10000	3	997	7	38	941	19	38	-100.49470	-inf	-101.87953
15.00000	1.00000	10	0.10000	4	1006	9	42	944	21	42	-100.30069	-inf	-102.03742
15.00000	1.00000	10	0.20000	0	1034	7	52	957	26	52	-100.33442	-inf	-102.14189
15.00000	1.00000	10	0.20000	1	991	7	39	934	19	39	-100.40194	-inf	-102.35943
15.00000	1.00000	10	0.20000	2	1010	7	47	941	23	47	-100.76332	-inf	-100.66310
15.00000	1.00000	10	0.20000	3	997	7	38	941	19	38	-100.50149	-inf	-101.81223
15.00000	1.00000	10	0.20000	4	1006	9	42	944	21	42	-100.30997	-inf	-101.95375
15.00000	1.00000	10	0.50000	0	1034	7	52	957	26	52	-100.37401	-inf	-102.10319
15.00000	1.00000	10	0.50000	1	991	7	39	934	19	39	-100.45404	-inf	-102.31749
15.00000	1.00000	10	0.50000	2	1010	7	47	941	23	47	-100.81334	-inf	-100.61126
15.00000	1.00000	10	0.50000	3	997	7	38	941	19	38	-100.54685	-inf	-101.74786
15.00000	1.00000	10	0.50000	4	1006	9	42	944	21	42	-100.36004	-inf	-101.86771
15.00000	1.00000	10	1.00000	0	1034	7	52	957	26	52	-100.48034	-inf	-102.13463
15.00000	1.00000	10	1.00000	1	991	7	39	934	19	39	-100.56800	-inf	-102.34813
15.00000	1.00000	10	1.00000	2	1010	7	47	941	23	47	-100.92634	-inf	-100.63662
15.00000	1.00000	10	1.00000	3	997	7	38	941	19	38	-100.65496	-inf	-101.76095
15.00000	1.00000	10	1.00000	4	1006	9	42	944	21	42	-100.47391	-inf	-101.86273
15.00000	1.00000	10	2.00000	0	1034	7	52	957	26	52	-100.75795	-inf	-102.30818
15.00000	1.00000	10	2.00000	1	991	7	39	934	19	39	-100.84813	-inf	-102.52456
15.00000	1.00000	10	2.00000	2	1010	7	47	941	23	47	-101.20591	-inf	-100.82960
15.00000	1.00000	10	2.00000	3	997	7	38	941	19	38	-100.92823	-inf	-101.93183
15.00000	1.00000	10	2.00000	4	1006	9	42	944	21	42	-100.75713	-inf	-102.00685
15.00000	1.00000	50	0.10000	0	1037	7	53	959	26	53	-100.33292	-inf	-102.19170
15.00000	1.00000	50	0.10000	1	991	7	39	934	19	39	-100.39109	-inf	-102.41304
15.00000	1.00000	50	0.10000	2	1010	7	47	941	23	47	-100.75381	-inf	-100.72073
15.00000	1.00000	50	0.10000	3	997	7	38	941	19	38	-100.49470	-inf	-101.87953
15.00000	1.00000	50	0.10000	4	1006	9	42	944	21	42	-100.33085	-inf	-102.04062
15.00000	1.00000	50	0.20000	0	1037	7	53	959	26	53	-100.33442	-inf	-102.14182
15.00000	1.00000	50	0.20000	1	991	7	39	934	19	39	-100.40194	-inf	-102.35943
15.00000	1.00000	50	0.20000	2	1010	7	47	941	23	47	-100.76332	-inf	-100.66310
15.00000	1.00000	50	0.20000	3	997	7	38	941	19	38	-100.50149	-inf	-101.81223
15.00000	1.00000	50	0.20000	4	1006	9	42	944	21	42	-100.34036	-inf	-101.95702
15.00000	1.00000	50	0.50000	0	1037	7	53	959	26	53	-100.37401	-inf	-102.10300
15.00000	1.00000	50	0.50000	1	991	7	39	934	19	39	-100.45404	-inf	-102.31749
15.00000	1.00000	50	0.50000	2	1010	7	47	941	23	47	-100.81334	-inf	-100.61126
15.00000	1.00000	50	0.50000	3	997	7	38	941	19	38	-100.54685	-inf	-101.74786
15.00000	1.00000	50	0.50000	4	1006	9	42	944	21	42	-100.39145	-inf	-101.87147
15.00000	1.00000	50	1.00000	0	1037	7	53	959	26	53	-100.48034	-inf	-102.13426
15.00000	1.00000	50	1.00000	1	991	7	39	934	19	39	-100.56800	-inf	-102.34813
15.00000	1.00000	50	1.00000	2	1010	7	47	941	23	47	-100.92634	-inf	-100.63662
15.00000	1.00000	50	1.00000	3	997	7	38	941	19	38	-100.65496	-inf	-101.76095
15.00000	1.00000	50	1.00000	4	1006	9	42	944	21	42	-100.50644	-inf	-101.86751
15.00000	1.00000	50	2.00000	0	1037	7	53	959	26	53	-100.75792	-inf	-102.30748
15.00000	1.00000	50	2.00000	1	991	7	39	934	19	39	-100.84813	-inf	-102.52456
15.00000	1.00000	50	2.00000	2	1010	7	47	941	23	47	-101.20591	-inf	-100.82960
15.00000	1.00000	50	2.00000	3	997	7	38	941	19	38	-100.92823	-inf	-101.93183
15.00000	1.00000	50	2.00000	4	1006	9	42	944	21	42	-100.79082	-inf	-102.01346
15.00000	1.00000	100	0.10000	0	1034	7	52	957	26	52	-100.33002	-inf	-102.18009
15.00000	1.00000	100	0.10000	1	991	7	39	934	19	39	-100.39466	-inf	-102.40059
15.00000	1.00000	100	0.10000	2	1007	7	46	939	23	46	-100.76392	-inf	-100.73582
15.00000	1.00000	100	0.10000	3	992	7	36	939	18	36	-100.50127	-inf	-101.91012
15.00000	1.00000	100	0.10000	4	996	7	38	940	19	38	-100.33006	-inf	-102.03268
15.00000	1.00000	100	0.20000	0	1034	7	52	957	26	52	-100.33165	-inf	-102.13091
15.00000	1.00000	100	0.20000	1	991	7	39	934	19	39	-100.40537	-inf	-102.34715
15.00000	1.00000	100	0.20000	2	1007	7	46	939	23	46	-100.77322	-inf	-100.67811
15.00000	1.00000	100	0.20000	3	992	7	36	939	18	36	-100.50766	-inf	-101.84206
15.00000	1.00000	100	0.20000	4	996	7	38	940	19	38	-100.33914	-inf	-101.94769
15.00000	1.00000	100	0.50000	0	1034	7	52	957	26	52	-100.37177	-inf	-102.09373
15.00000	1.00000	100	0.50000	1	991	7	39	934	19	39	-100.45709	-inf	-102.30553
15.00000	1.00000	100	0.50000	2	1007	7	46	939	23	46	-100.82268	-inf	-100.62557
15.00000	1.00000	100	0.50000	3	992	7	36	939	18	36	-100.55218	-inf	-101.77605
15.00000	1.00000	100	0.50000	4	996	7	38	940	19	38	-100.38814	-inf	-101.86052
15.00000	1.00000	100	1.00000	0	1034	7	52	957	26	52	-100.47892	-inf	-102.12709
15.00000	1.00000	100	1.00000	1	991	7	39	934	19	39	-100.57050	-inf	-102.33661
15.00000	1.00000	100	1.00000	2	1007	7	46	939	23	46	-100.93482	-inf	-100.64973
15.00000	1.00000	100	1.00000	3	992	7	36	939	18	36	-100.65917	-inf	-101.78693
15.00000	1.00000	100	1.00000	4	996	7	38	940	19	38	-100.50016	-inf	-101.85557
15.00000	1.00000	100	2.00000	0	1034	7	52	957	26	52	-100.75771	-inf	-102.30328
15.00000	1.00000	100	2.00000	1	991	7	39	934	19	39	-100.84974	-inf	-102.51340
15.00000	1.00000	100	2.00000	2	1007	7	46	939	23	46	-101.21290	-inf	-100.84060
15.00000	1.00000	100	2.00000	3	992	7	36	939	18	36	-100.93070	-inf	-101.95409
15.00000	1.00000	100	2.00000	4	996	7	38	940	19	38	-100.78050	-inf	-102.00069
15.00000	1.00000	500	0.10000	0	960	5	24	925	12	24	-100.68309	-inf	-102.19808
15.00000	1.00000	500	0.10000	1	952	5	24	917	12	24	-100.54974	-inf	-102.58424
15.00000	1.00000	500	0.10000	2	959	5	28	918	14	28	-101.00525	-inf	-100.88530
15.00000	1.00000	500	0.10000	3	956	5	22	924	11	22	-100.68366	-inf	-101.92229
15.00000	1.00000	500	0.10000	4	954	5	22	922	11	22	-100.53398	-inf	-102.19963
15.00000	1.00000	500	0.20000	0	960	5	24	925	12	24	-100.68680	-inf	-102.15664
15.00000	1.00000	500	0.20000	1	952	5	24	917	12	24	-100.55816	-inf	-102.52768
15.00000	1.00000	500	0.20000	2	959	5	28	918	14	28	-101.01369	-inf	-100.82509
15.00000	1.00000	500	0.20000	3	956	5	22	924	11	22	-100.68900	-inf	-101.86358
15.00000	1.00000	500	0.20000	4	954	5	22	922	11	22	-100.54280	-inf	-102.11505
15.00000	1.00000	500	0.50000	0	960	5	24	925	12	24	-100.72650	-inf	-102.13226
15.00000	1.00000	500	0.50000	1	952	5	24	917	12	24	-100.60423	-inf	-102.47880
15.00000	1.00000	500	0.50000	2	959	5	28	918	14	28	-101.05986	-inf	-100.77166
15.00000	1.00000	500	0.50000	3	956	5	22	924	11	22	-100.72893	-inf	-101.81230
15.00000	1.00000	500	0.50000	4	954	5	22	922	11	22	-100.59016	-inf	-102.02697
15.00000	1.00000	500	1.00000	0	960	5	24	925	12	24	-100.82832	-inf	-102.17603
15.00000	1.00000	500	1.00000	1	952	5	24	917	12	24	-100.71008	-inf	-102.49924
15.00000	1.00000	500	1.00000	2	959	5	28	918	14	28	-101.16530	-inf	-100.79648
15.00000	1.00000	500	1.00000	3	956	5	22	924	11	22	-100.82930	-inf	-101.83607
15.00000	1.00000	500	1.00000	4	954	5	22	922	11	22	-100.69880	-inf	-102.01863
15.00000	1.00000	500	2.00000	0	960	5	24	925	12	24	-101.09562	-inf	-102.36436
15.00000	1.00000	500	2.00000	1	952	5	24	917	12	24	-100.97713	-inf	-102.66082
15.00000	1.00000	500	2.00000	2	959	5	28	918	14	28	-101.43026	-inf	-100.98638
15.00000	1.00000	500	2.00000	3	956	5	22	924	11	22	-101.09133	-inf	-102.01617
15.00000	1.00000	500	2.00000	4	954	5	22	922	11	22	-100.97239	-inf	-102.15610
20.00000	1.00000	10	0.10000	0	947	5	26	910	12	26	-100.74300	-inf	-102.22833
20.00000	1.00000	10	0.10000	1	937	7	23	904	11	23	-100.70495	-inf	-102.71159
20.00000	1.00000	10	0.10000	2	945	7	26	907	13	26	-101.06519	-inf	-100.85247
20.00000	1.00000	10	0.10000	3	958	7	29	916	14	29	-100.78196	-inf	-102.02962
20.00000	1.00000	10	0.10000	4	959	7	29	917	14	29	-100.66869	-inf	-102.29699
20.00000	1.00000	10	0.20000	0	947	5	26	910	12	26	-100.74687	-inf	-102.18772
20.00000	1.00000	10	0.20000	1	937	7	23	904	11	23	-100.71623	-inf	-102.66763
20.00000	1.00000	10	0.20000	2	945	7	26	907	13	26	-101.07625	-inf	-100.79185
20.00000	1.00000	10	0.20000	3	958	7	29	916	14	29	-100.79051	-inf	-101.97117
20.00000	1.00000	10	0.20000	4	959	7	29	917	14	29	-100.68045	-inf	-102.21518
20.00000	1.00000	10	0.50000	0	947	5	26	910	12	26	-100.79080	-inf	-102.16665
20.00000	1.00000	10	0.50000	1	937	7	23	904	11	23	-100.76870	-inf	-102.63982
20.00000	1.00000	10	0.50000	2	945	7	26	907	13	26	-101.12919	-inf	-100.74645
20.00000	1.00000	10	0.50000	3	958	7	29	916	14	29	-100.84042	-inf	-101.92088
20.00000	1.00000	10	0.50000	4	959	7	29	917	14	29	-100.73499	-inf	-102.13432
20.00000	1.00000	10	1.00000	0	947	5	26	910	12	26	-100.90041	-inf	-102.21730
20.00000	1.00000	10	1.00000	1	937	7	23	904	11	23	-100.88325	-inf	-102.68119
20.00000	1.00000	10	1.00000	2	945	7	26	907	13	26	-101.24503	-inf	-100.78727
20.00000	1.00000	10	1.00000	3	958	7	29	916	14	29	-100.95491	-inf	-101.94624
20.00000	1.00000	10	1.00000	4	959	7	29	917	14	29	-100.85329	-inf	-102.13519
20.00000	1.00000	10	2.00000	0	947	5	26	910	12	26	-101.17908	-inf	-102.41872
20.00000	1.00000	10	2.00000	1	937	7	23	904	11	23	-101.16403	-inf	-102.86413
20.00000	1.00000	10	2.00000	2	945	7	26	907	13	26	-101.52770	-inf	-101.00168
20.00000	1.00000	10	2.00000	3	958	7	29	916	14	29	-101.23711	-inf	-102.13009
20.00000	1.00000	10	2.00000	4	959	7	29	917	14	29	-101.14112	-inf	-102.28534
20.00000	1.00000	50	0.10000	0	947	5	26	910	12	26	-100.74300	-inf	-102.22833
20.00000	1.00000	50	0.10000	1	937	7	23	904	11	23	-100.70495	-inf	-102.71159
20.00000	1.00000	50	0.10000	2	945	7	26	907	13	26	-101.06519	-inf	-100.85247
20.00000	1.00000	50	0.10000	3	958	7	29	916	14	29	-100.78196	-inf	-102.02962
20.00000	1.00000	50	0.10000	4	959	7	29	917	14	29	-100.66869	-inf	-102.29699
20.00000	1.00000	50	0.20000	0	947	5	26	910	12	26	-100.74687	-inf	-102.18772
20.00000	1.00000	50	0.20000	1	937	7	23	904	11	23	-100.71623	-inf	-102.66763
20.00000	1.00000	50	0.20000	2	945	7	26	907	13	26	-101.07625	-inf	-100.79185
20.00000	1.00000	50	0.20000	3	958	7	29	916	14	29	-100.79051	-inf	-101.97117
20.00000	1.00000	50	0.20000	4	959	7	29	917	14	29	-100.68045	-inf	-102.21518
20.00000	1.00000	50	0.50000	0	947	5	26	910	12	26	-100.79080	-inf	-102.16665
20.00000	1.00000	50	0.50000	1	937	7	23	904	11	23	-100.76870	-inf	-102.63982
20.00000	1.00000	50	0.50000	2	945	7	26	907	13	26	-101.12919	-inf	-100.74645
20.00000	1.00000	50	0.50000	3	958	7	29	916	14	29	-100.84042	-inf	-101.92088
20.00000	1.00000	50	0.50000	4	959	7	29	917	14	29	-100.73499	-inf	-102.13432
20.00000	1.00000	50	1.00000	0	947	5	26	910	12	26	-100.90041	-inf	-102.21730
20.00000	1.00000	50	1.00000	1	937	7	23	904	11	23	-100.88325	-inf	-102.68119
20.00000	1.00000	50	1.00000	2	945	7	26	907	13	26	-101.24503	-inf	-100.78727
20.00000	1.00000	50	1.00000	3	958	7	29	916	14	29	-100.95491	-inf	-101.94624
20.00000	1.00000	50	1.00000	4	959	7	29	917	14	29	-100.85329	-inf	-102.13519
20.00000	1.00000	50	2.00000	0	947	5	26	910	12	26	-101.17908	-inf	-102.41872
20.00000	1.00000	50	2.00000	1	937	7	23	904	11	23	-101.16403	-inf	-102.86413
20.00000	1.00000	50	2.00000	2	945	7	26	907	13	26	-101.52770	-inf	-101.00168
20.00000	1.00000	50	2.00000	3	958	7	29	916	14	29	-101.23711	-inf	-102.13009
20.00000	1.00000	50	2.00000	4	959	7	29	917	14	29	-101.14112	-inf	-102.28534
20.00000	1.00000	100	0.10000	0	944	5	25	908	12	25	-100.75483	-inf	-102.26160
20.00000	1.00000	100	0.10000	1	934	7	22	902	11	22	-100.70494	-inf	-102.71154
20.00000	1.00000	100	0.10000	2	945	7	26	907	13	26	-101.06519	-inf	-100.85247
20.00000	1.00000	100	0.10000	3	958	7	29	916	14	29	-100.78196	-inf	-102.02962
20.00000	1.00000	100	0.10000	4	959	7	29	917	14	29	-100.67356	-inf	-102.29010
20.00000	1.00000	100	0.20000	0	944	5	25	908	12	25	-100.75856	-inf	-102.22129
20.00000	1.00000	100	0.20000	1	934	7	22	902	11	22	-100.71622	-inf	-102.66752
20.00000	1.00000	100	0.20000	2	945	7	26	907	13	26	-101.07625	-inf	-100.79185
20.00000	1.00000	100	0.20000	3	958	7	29	916	14	29	-100.79051	-inf	-101.97117
20.00000	1.00000	100	0.20000	4	959	7	29	917	14	29	-100.68498	-inf	-102.20832
20.00000	1.00000	100	0.50000	0	944	5	25	908	12	25	-100.80214	-inf	-102.20088
20.00000	1.00000	100	0.50000	1	934	7	22	902	11	22	-100.76870	-inf	-102.63959
20.00000	1.00000	100	0.50000	2	945	7	26	907	13	26	-101.12919	-inf	-100.74645
20.00000	1.00000	100	0.50000	3	958	7	29	916	14	29	-100.84042	-inf	-101.92088
20.00000	1.00000	100	0.50000	4	959	7	29	917	14	29	-100.73886	-inf	-102.12747
20.00000	1.00000	100	1.00000	0	944	5	25	908	12	25	-100.91126	-inf	-102.25198
20.00000	1.00000	100	1.00000	1	934	7	22	902	11	22	-100.88327	-inf	-102.68080
20.00000	1.00000	100	1.00000	2	945	7	26	907	13	26	-101.24503	-inf	-100.78727
20.00000	1.00000	100	1.00000	3	958	7	29	916	14	29	-100.95491	-inf	-101.94624
20.00000	1.00000	100	1.00000	4	959	7	29	917	14	29	-100.85633	-inf	-102.12831
20.00000	1.00000	100	2.00000	0	944	5	25	908	12	25	-101.18911	-inf	-102.45262
20.00000	1.00000	100	2.00000	1	934	7	22	902	11	22	-101.16415	-inf	-102.86355
20.00000	1.00000	100	2.00000	2	945	7	26	907	13	26	-101.52770	-inf	-101.00168
20.00000	1.00000	100	2.00000	3	958	7	29	916	14	29	-101.23711	-inf	-102.13009
20.00000	1.00000	100	2.00000	4	959	7	29	917	14	29	-101.14291	-inf	-102.27842
20.00000	1.00000	500	0.10000	0	931	5	20	902	10	20	-100.84924	-inf	-102.27408
20.00000	1.00000	500	0.10000	1	919	5	16	896	8	16	-100.80222	-inf	-102.76844
20.00000	1.00000	500	0.10000	2	929	5	20	900	10	20	-101.20087	-inf	-100.98875
20.00000	1.00000	500	0.10000	3	935	5	20	906	10	20	-100.89477	-inf	-102.05651
20.00000	1.00000	500	0.10000	4	931	5	18	905	9	18	-100.79041	-inf	-102.39140
20.00000	1.00000	500	0.20000	0	931	5	20	902	10	20	-100.85305	-inf	-102.23456
20.00000	1.00000	500	0.20000	1	919	5	16	896	8	16	-100.81314	-inf	-102.72136
20.00000	1.00000	500	0.20000	2	929	5	20	900	10	20	-101.21128	-inf	-100.92955
20.00000	1.00000	500	0.20000	3	935	5	20	906	10	20	-100.90379	-inf	-101.99965
20.00000	1.00000	500	0.20000	4	931	5	18	905	9	18	-100.80168	-inf	-102.30947
20.00000	1.00000	500	0.50000	0	931	5	20	902	10	20	-100.89567	-inf	-102.21616
20.00000	1.00000	500	0.50000	1	919	5	16	896	8	16	-100.86429	-inf	-102.68790
20.00000	1.00000	500	0.50000	2	929	5	20	900	10	20	-101.26191	-inf	-100.88541
20.00000	1.00000	500	0.50000	3	935	5	20	906	10	20	-100.95362	-inf	-101.95067
20.00000	1.00000	500	0.50000	4	931	5	18	905	9	18	-100.85433	-inf	-102.22869
20.00000	1.00000	500	1.00000	0	931	5	20	902	10	20	-101.00252	-inf	-102.26953
20.00000	1.00000	500	1.00000	1	919	5	16	896	8	16	-100.97644	-inf	-102.72314
20.00000	1.00000	500	1.00000	2	929	5	20	900	10	20	-101.37353	-inf	-100.92501
20.00000	1.00000	500	1.00000	3	935	5	20	906	10	20	-101.06611	-inf	-101.97643
20.00000	1.00000	500	1.00000	4	931	5	18	905	9	18	-100.96941	-inf	-102.22922
20.00000	1.00000	500	2.00000	0	931	5	20	902	10	20	-101.27566	-inf	-102.47205
20.00000	1.00000	500	2.00000	1	919	5	16	896	8	16	-101.25295	-inf	-102.89782
20.00000	1.00000	500	2.00000	2	929	5	20	900	10	20	-101.64833	-inf	-101.13484
20.00000	1.00000	500	2.00000	3	935	5	20	906	10	20	-101.34281	-inf	-102.16007
20.00000	1.00000	500	2.00000	4	931	5	18	905	9	18	-101.25157	-inf	-102.37729
alpha: 2.0, cluster-penalty: 1.0, g-factor: 5.0, min-inst-slice: 10, test_ll: -101.14606922377017, train_ll: -96.72719882016821, valid_ll: -101.14606922377017