parameters:
Namespace(alpha=[0.1, 0.2, 0.5, 1.0, 2.0], clt_leaves=False, cluster_method='GMM', cluster_penalty=[1.0], cv=5, dataset='data/multilabel/emotions/emotions.5.folds.pklz', features=None, g_factor=[5.0, 10.0, 15.0, 20.0], gzip=True, kde_leaves=False, min_inst_slice=[10, 50, 100, 500], n_iters=100, n_restarts=4, n_row_clusters=2, output='exp/ml-repr-spn/', save_model=True, seed=1337, sklearn_args=None, suffix=None, test_ext=None, train_ext=None, valid_ext=None, verbose=1)

g-factor:	clu-pen:	min-ins:	alpha:	fold:	n_edges:	depth:	n_weights:	n_leaves:	n_sums:	n_prods:	train_ll	valid_ll:	test_ll
5.00000	1.00000	10	0.10000	0	989	13	180	720	90	180	-23.21615	-inf	-25.27701
5.00000	1.00000	10	0.10000	1	1043	13	190	759	95	190	-22.98377	-inf	-26.51038
5.00000	1.00000	10	0.10000	2	967	13	163	724	81	163	-23.24661	-inf	-26.31811
5.00000	1.00000	10	0.10000	3	945	13	159	708	79	159	-23.14219	-inf	-25.46579
5.00000	1.00000	10	0.10000	4	985	15	183	712	91	183	-23.47845	-inf	-24.73980
5.00000	1.00000	10	0.20000	0	989	13	180	720	90	180	-23.23511	-inf	-25.08221
5.00000	1.00000	10	0.20000	1	1043	13	190	759	95	190	-23.00064	-inf	-26.32225
5.00000	1.00000	10	0.20000	2	967	13	163	724	81	163	-23.25894	-inf	-26.18286
5.00000	1.00000	10	0.20000	3	945	13	159	708	79	159	-23.16228	-inf	-25.32549
5.00000	1.00000	10	0.20000	4	985	15	183	712	91	183	-23.48993	-inf	-24.60684
5.00000	1.00000	10	0.50000	0	989	13	180	720	90	180	-23.31791	-inf	-24.83347
5.00000	1.00000	10	0.50000	1	1043	13	190	759	95	190	-23.08043	-inf	-26.07202
5.00000	1.00000	10	0.50000	2	967	13	163	724	81	163	-23.32960	-inf	-26.01749
5.00000	1.00000	10	0.50000	3	945	13	159	708	79	159	-23.24712	-inf	-25.13901
5.00000	1.00000	10	0.50000	4	985	15	183	712	91	183	-23.55860	-inf	-24.46158
5.00000	1.00000	10	1.00000	0	989	13	180	720	90	180	-23.48981	-inf	-24.70689
5.00000	1.00000	10	1.00000	1	1043	13	190	759	95	190	-23.24941	-inf	-25.93897
5.00000	1.00000	10	1.00000	2	967	13	163	724	81	163	-23.48779	-inf	-25.95428
5.00000	1.00000	10	1.00000	3	945	13	159	708	79	159	-23.42052	-inf	-25.05087
5.00000	1.00000	10	1.00000	4	985	15	183	712	91	183	-23.71464	-inf	-24.44050
5.00000	1.00000	10	2.00000	0	989	13	180	720	90	180	-23.87094	-inf	-24.75556
5.00000	1.00000	10	2.00000	1	1043	13	190	759	95	190	-23.62795	-inf	-25.96619
5.00000	1.00000	10	2.00000	2	967	13	163	724	81	163	-23.84959	-inf	-26.04529
5.00000	1.00000	10	2.00000	3	945	13	159	708	79	159	-23.80483	-inf	-25.12310
5.00000	1.00000	10	2.00000	4	985	15	183	712	91	183	-24.07129	-inf	-24.61503
5.00000	1.00000	50	0.10000	0	709	11	88	578	44	88	-24.39641	-inf	-25.59968
5.00000	1.00000	50	0.10000	1	750	11	88	619	44	88	-24.02561	-inf	-26.94837
5.00000	1.00000	50	0.10000	2	688	11	74	578	37	74	-24.65062	-inf	-26.66669
5.00000	1.00000	50	0.10000	3	715	11	82	593	41	82	-24.21414	-inf	-25.72022
5.00000	1.00000	50	0.10000	4	706	11	84	581	42	84	-24.58020	-inf	-25.13520
5.00000	1.00000	50	0.20000	0	709	11	88	578	44	88	-24.38986	-inf	-25.47536
5.00000	1.00000	50	0.20000	1	750	11	88	619	44	88	-24.01628	-inf	-26.80548
5.00000	1.00000	50	0.20000	2	688	11	74	578	37	74	-24.63184	-inf	-26.59301
5.00000	1.00000	50	0.20000	3	715	11	82	593	41	82	-24.21679	-inf	-25.62585
5.00000	1.00000	50	0.20000	4	706	11	84	581	42	84	-24.57290	-inf	-25.08985
5.00000	1.00000	50	0.50000	0	709	11	88	578	44	88	-24.40913	-inf	-25.31308
5.00000	1.00000	50	0.50000	1	750	11	88	619	44	88	-24.03164	-inf	-26.60721
5.00000	1.00000	50	0.50000	2	688	11	74	578	37	74	-24.62990	-inf	-26.50363
5.00000	1.00000	50	0.50000	3	715	11	82	593	41	82	-24.25098	-inf	-25.50174
5.00000	1.00000	50	0.50000	4	706	11	84	581	42	84	-24.58801	-inf	-25.04135
5.00000	1.00000	50	1.00000	0	709	11	88	578	44	88	-24.48987	-inf	-25.22863
5.00000	1.00000	50	1.00000	1	750	11	88	619	44	88	-24.11071	-inf	-26.48013
5.00000	1.00000	50	1.00000	2	688	11	74	578	37	74	-24.68599	-inf	-26.47146
5.00000	1.00000	50	1.00000	3	715	11	82	593	41	82	-24.34542	-inf	-25.44765
5.00000	1.00000	50	1.00000	4	706	11	84	581	42	84	-24.66110	-inf	-25.05355
5.00000	1.00000	50	2.00000	0	709	11	88	578	44	88	-24.71762	-inf	-25.26630
5.00000	1.00000	50	2.00000	1	750	11	88	619	44	88	-24.34457	-inf	-26.45343
5.00000	1.00000	50	2.00000	2	688	11	74	578	37	74	-24.87424	-inf	-26.54332
5.00000	1.00000	50	2.00000	3	715	11	82	593	41	82	-24.59205	-inf	-25.51848
5.00000	1.00000	50	2.00000	4	706	11	84	581	42	84	-24.87596	-inf	-25.19473
5.00000	1.00000	100	0.10000	0	432	9	32	385	16	32	-26.42920	-inf	-26.60062
5.00000	1.00000	100	0.10000	1	393	7	26	355	13	26	-26.39778	-inf	-27.70607
5.00000	1.00000	100	0.10000	2	433	9	30	389	15	30	-26.12051	-inf	-27.56455
5.00000	1.00000	100	0.10000	3	391	7	22	359	11	22	-26.49592	-inf	-27.17935
5.00000	1.00000	100	0.10000	4	397	7	30	353	15	30	-26.62457	-inf	-27.11305
5.00000	1.00000	100	0.20000	0	432	9	32	385	16	32	-26.41475	-inf	-26.50647
5.00000	1.00000	100	0.20000	1	393	7	26	355	13	26	-26.38388	-inf	-27.63051
5.00000	1.00000	100	0.20000	2	433	9	30	389	15	30	-26.09375	-inf	-27.53050
5.00000	1.00000	100	0.20000	3	391	7	22	359	11	22	-26.48180	-inf	-27.13289
5.00000	1.00000	100	0.20000	4	397	7	30	353	15	30	-26.60867	-inf	-27.06922
5.00000	1.00000	100	0.50000	0	432	9	32	385	16	32	-26.40847	-inf	-26.39007
5.00000	1.00000	100	0.50000	1	393	7	26	355	13	26	-26.37587	-inf	-27.52754
5.00000	1.00000	100	0.50000	2	433	9	30	389	15	30	-26.06696	-inf	-27.48306
5.00000	1.00000	100	0.50000	3	391	7	22	359	11	22	-26.47239	-inf	-27.07633
5.00000	1.00000	100	0.50000	4	397	7	30	353	15	30	-26.59668	-inf	-27.00487
5.00000	1.00000	100	1.00000	0	432	9	32	385	16	32	-26.43781	-inf	-26.33445
5.00000	1.00000	100	1.00000	1	393	7	26	355	13	26	-26.39889	-inf	-27.46114
5.00000	1.00000	100	1.00000	2	433	9	30	389	15	30	-26.07634	-inf	-27.46181
5.00000	1.00000	100	1.00000	3	391	7	22	359	11	22	-26.49408	-inf	-27.05934
5.00000	1.00000	100	1.00000	4	397	7	30	353	15	30	-26.61535	-inf	-26.97042
5.00000	1.00000	100	2.00000	0	432	9	32	385	16	32	-26.55034	-inf	-26.36359
5.00000	1.00000	100	2.00000	1	393	7	26	355	13	26	-26.49585	-inf	-27.44718
5.00000	1.00000	100	2.00000	2	433	9	30	389	15	30	-26.16427	-inf	-27.49756
5.00000	1.00000	100	2.00000	3	391	7	22	359	11	22	-26.58937	-inf	-27.11408
5.00000	1.00000	100	2.00000	4	397	7	30	353	15	30	-26.70525	-inf	-26.99501
5.00000	1.00000	500	0.10000	0	72	2	0	72	0	1	-35.18544	-inf	-35.87230
5.00000	1.00000	500	0.10000	1	72	2	0	72	0	1	-35.59592	-inf	-34.29160
5.00000	1.00000	500	0.10000	2	72	2	0	72	0	1	-35.09849	-inf	-36.26558
5.00000	1.00000	500	0.10000	3	72	2	0	72	0	1	-35.29673	-inf	-35.43790
5.00000	1.00000	500	0.10000	4	72	2	0	72	0	1	-35.31432	-inf	-35.39067
5.00000	1.00000	500	0.20000	0	72	2	0	72	0	1	-35.18549	-inf	-35.87140
5.00000	1.00000	500	0.20000	1	72	2	0	72	0	1	-35.59598	-inf	-34.29182
5.00000	1.00000	500	0.20000	2	72	2	0	72	0	1	-35.09854	-inf	-36.26525
5.00000	1.00000	500	0.20000	3	72	2	0	72	0	1	-35.29679	-inf	-35.43772
5.00000	1.00000	500	0.20000	4	72	2	0	72	0	1	-35.31438	-inf	-35.39037
5.00000	1.00000	500	0.50000	0	72	2	0	72	0	1	-35.18587	-inf	-35.86899
5.00000	1.00000	500	0.50000	1	72	2	0	72	0	1	-35.59635	-inf	-34.29274
5.00000	1.00000	500	0.50000	2	72	2	0	72	0	1	-35.09889	-inf	-36.26440
5.00000	1.00000	500	0.50000	3	72	2	0	72	0	1	-35.29716	-inf	-35.43746
5.00000	1.00000	500	0.50000	4	72	2	0	72	0	1	-35.31475	-inf	-35.38974
5.00000	1.00000	500	1.00000	0	72	2	0	72	0	1	-35.18712	-inf	-35.86579
5.00000	1.00000	500	1.00000	1	72	2	0	72	0	1	-35.59759	-inf	-34.29506
5.00000	1.00000	500	1.00000	2	72	2	0	72	0	1	-35.10005	-inf	-36.26347
5.00000	1.00000	500	1.00000	3	72	2	0	72	0	1	-35.29841	-inf	-35.43784
5.00000	1.00000	500	1.00000	4	72	2	0	72	0	1	-35.31598	-inf	-35.38956
5.00000	1.00000	500	2.00000	0	72	2	0	72	0	1	-35.19160	-inf	-35.86194
5.00000	1.00000	500	2.00000	1	72	2	0	72	0	1	-35.60202	-inf	-34.30207
5.00000	1.00000	500	2.00000	2	72	2	0	72	0	1	-35.10426	-inf	-36.26326
5.00000	1.00000	500	2.00000	3	72	2	0	72	0	1	-35.30286	-inf	-35.44104
5.00000	1.00000	500	2.00000	4	72	2	0	72	0	1	-35.32038	-inf	-35.39177
10.00000	1.00000	10	0.10000	0	500	9	76	387	38	76	-25.15276	-inf	-25.92819
10.00000	1.00000	10	0.10000	1	477	11	72	370	36	72	-24.92954	-inf	-26.42145
10.00000	1.00000	10	0.10000	2	455	11	64	360	32	64	-24.71455	-inf	-26.32469
10.00000	1.00000	10	0.10000	3	496	11	72	389	36	72	-24.86284	-inf	-26.14612
10.00000	1.00000	10	0.10000	4	484	9	76	371	38	76	-25.08363	-inf	-25.53832
10.00000	1.00000	10	0.20000	0	500	9	76	387	38	76	-25.14247	-inf	-25.84968
10.00000	1.00000	10	0.20000	1	477	11	72	370	36	72	-24.92162	-inf	-26.38394
10.00000	1.00000	10	0.20000	2	455	11	64	360	32	64	-24.70658	-inf	-26.28331
10.00000	1.00000	10	0.20000	3	496	11	72	389	36	72	-24.85565	-inf	-26.08880
10.00000	1.00000	10	0.20000	4	484	9	76	371	38	76	-25.07930	-inf	-25.51205
10.00000	1.00000	10	0.50000	0	500	9	76	387	38	76	-25.14720	-inf	-25.73728
10.00000	1.00000	10	0.50000	1	477	11	72	370	36	72	-24.92992	-inf	-26.34451
10.00000	1.00000	10	0.50000	2	455	11	64	360	32	64	-24.71078	-inf	-26.22732
10.00000	1.00000	10	0.50000	3	496	11	72	389	36	72	-24.86381	-inf	-25.99708
10.00000	1.00000	10	0.50000	4	484	9	76	371	38	76	-25.08966	-inf	-25.48180
10.00000	1.00000	10	1.00000	0	500	9	76	387	38	76	-25.19535	-inf	-25.66567
10.00000	1.00000	10	1.00000	1	477	11	72	370	36	72	-24.98113	-inf	-26.34466
10.00000	1.00000	10	1.00000	2	455	11	64	360	32	64	-24.75337	-inf	-26.20767
10.00000	1.00000	10	1.00000	3	496	11	72	389	36	72	-24.91426	-inf	-25.93822
10.00000	1.00000	10	1.00000	4	484	9	76	371	38	76	-25.13830	-inf	-25.48742
10.00000	1.00000	10	2.00000	0	500	9	76	387	38	76	-25.34608	-inf	-25.66117
10.00000	1.00000	10	2.00000	1	477	11	72	370	36	72	-25.13389	-inf	-26.42243
10.00000	1.00000	10	2.00000	2	455	11	64	360	32	64	-24.89029	-inf	-26.26402
10.00000	1.00000	10	2.00000	3	496	11	72	389	36	72	-25.06815	-inf	-25.95082
10.00000	1.00000	10	2.00000	4	484	9	76	371	38	76	-25.28294	-inf	-25.57639
10.00000	1.00000	50	0.10000	0	495	9	74	385	37	74	-25.21292	-inf	-25.99855
10.00000	1.00000	50	0.10000	1	456	9	64	361	32	64	-25.09662	-inf	-26.54722
10.00000	1.00000	50	0.10000	2	450	9	62	358	31	62	-24.73582	-inf	-26.37777
10.00000	1.00000	50	0.10000	3	496	11	72	389	36	72	-24.86284	-inf	-26.14613
10.00000	1.00000	50	0.10000	4	474	9	72	367	36	72	-25.13581	-inf	-25.54801
10.00000	1.00000	50	0.20000	0	495	9	74	385	37	74	-25.20189	-inf	-25.91824
10.00000	1.00000	50	0.20000	1	456	9	64	361	32	64	-25.08750	-inf	-26.50943
10.00000	1.00000	50	0.20000	2	450	9	62	358	31	62	-24.72799	-inf	-26.33596
10.00000	1.00000	50	0.20000	3	496	11	72	389	36	72	-24.85565	-inf	-26.08883
10.00000	1.00000	50	0.20000	4	474	9	72	367	36	72	-25.13032	-inf	-25.52378
10.00000	1.00000	50	0.50000	0	495	9	74	385	37	74	-25.20397	-inf	-25.80025
10.00000	1.00000	50	0.50000	1	456	9	64	361	32	64	-25.09041	-inf	-26.46834
10.00000	1.00000	50	0.50000	2	450	9	62	358	31	62	-24.73238	-inf	-26.27859
10.00000	1.00000	50	0.50000	3	496	11	72	389	36	72	-24.86382	-inf	-25.99714
10.00000	1.00000	50	0.50000	4	474	9	72	367	36	72	-25.13773	-inf	-25.49650
10.00000	1.00000	50	1.00000	0	495	9	74	385	37	74	-25.24784	-inf	-25.71959
10.00000	1.00000	50	1.00000	1	456	9	64	361	32	64	-25.13183	-inf	-26.46530
10.00000	1.00000	50	1.00000	2	450	9	62	358	31	62	-24.77470	-inf	-26.25643
10.00000	1.00000	50	1.00000	3	496	11	72	389	36	72	-24.91428	-inf	-25.93831
10.00000	1.00000	50	1.00000	4	474	9	72	367	36	72	-25.18208	-inf	-25.50325
10.00000	1.00000	50	2.00000	0	495	9	74	385	37	74	-25.39125	-inf	-25.70192
10.00000	1.00000	50	2.00000	1	456	9	64	361	32	64	-25.26664	-inf	-26.53518
10.00000	1.00000	50	2.00000	2	450	9	62	358	31	62	-24.91002	-inf	-26.30771
10.00000	1.00000	50	2.00000	3	496	11	72	389	36	72	-25.06818	-inf	-25.95096
10.00000	1.00000	50	2.00000	4	474	9	72	367	36	72	-25.31960	-inf	-25.59087
10.00000	1.00000	100	0.10000	0	381	7	32	334	16	32	-26.09933	-inf	-26.45034
10.00000	1.00000	100	0.10000	1	390	7	40	331	20	40	-25.69371	-inf	-27.07442
10.00000	1.00000	100	0.10000	2	393	7	42	331	21	42	-25.36101	-inf	-26.97097
10.00000	1.00000	100	0.10000	3	348	7	24	313	12	24	-26.24086	-inf	-27.14677
10.00000	1.00000	100	0.10000	4	421	7	52	344	26	52	-25.71930	-inf	-26.01614
10.00000	1.00000	100	0.20000	0	381	7	32	334	16	32	-26.08435	-inf	-26.37333
10.00000	1.00000	100	0.20000	1	390	7	40	331	20	40	-25.67942	-inf	-27.03952
10.00000	1.00000	100	0.20000	2	393	7	42	331	21	42	-25.34806	-inf	-26.92846
10.00000	1.00000	100	0.20000	3	348	7	24	313	12	24	-26.22933	-inf	-27.11992
10.00000	1.00000	100	0.20000	4	421	7	52	344	26	52	-25.70883	-inf	-25.99210
10.00000	1.00000	100	0.50000	0	381	7	32	334	16	32	-26.07502	-inf	-26.26491
10.00000	1.00000	100	0.50000	1	390	7	40	331	20	40	-25.67291	-inf	-26.99992
10.00000	1.00000	100	0.50000	2	393	7	42	331	21	42	-25.33965	-inf	-26.86706
10.00000	1.00000	100	0.50000	3	348	7	24	313	12	24	-26.22271	-inf	-27.07484
10.00000	1.00000	100	0.50000	4	421	7	52	344	26	52	-25.70245	-inf	-25.96073
10.00000	1.00000	100	1.00000	0	381	7	32	334	16	32	-26.09806	-inf	-26.19498
10.00000	1.00000	100	1.00000	1	390	7	40	331	20	40	-25.69929	-inf	-26.99107
10.00000	1.00000	100	1.00000	2	393	7	42	331	21	42	-25.36235	-inf	-26.83495
10.00000	1.00000	100	1.00000	3	348	7	24	313	12	24	-26.24372	-inf	-27.04806
10.00000	1.00000	100	1.00000	4	421	7	52	344	26	52	-25.72547	-inf	-25.95611
10.00000	1.00000	100	2.00000	0	381	7	32	334	16	32	-26.19480	-inf	-26.18125
10.00000	1.00000	100	2.00000	1	390	7	40	331	20	40	-25.80100	-inf	-27.03859
10.00000	1.00000	100	2.00000	2	393	7	42	331	21	42	-25.46090	-inf	-26.86096
10.00000	1.00000	100	2.00000	3	348	7	24	313	12	24	-26.33050	-inf	-27.06812
10.00000	1.00000	100	2.00000	4	421	7	52	344	26	52	-25.82296	-inf	-26.01661
10.00000	1.00000	500	0.10000	0	72	2	0	72	0	1	-35.18544	-inf	-35.87230
10.00000	1.00000	500	0.10000	1	72	2	0	72	0	1	-35.59592	-inf	-34.29160
10.00000	1.00000	500	0.10000	2	72	2	0	72	0	1	-35.09849	-inf	-36.26558
10.00000	1.00000	500	0.10000	3	72	2	0	72	0	1	-35.29673	-inf	-35.43790
10.00000	1.00000	500	0.10000	4	72	2	0	72	0	1	-35.31432	-inf	-35.39067
10.00000	1.00000	500	0.20000	0	72	2	0	72	0	1	-35.18549	-inf	-35.87140
10.00000	1.00000	500	0.20000	1	72	2	0	72	0	1	-35.59598	-inf	-34.29182
10.00000	1.00000	500	0.20000	2	72	2	0	72	0	1	-35.09854	-inf	-36.26525
10.00000	1.00000	500	0.20000	3	72	2	0	72	0	1	-35.29679	-inf	-35.43772
10.00000	1.00000	500	0.20000	4	72	2	0	72	0	1	-35.31438	-inf	-35.39037
10.00000	1.00000	500	0.50000	0	72	2	0	72	0	1	-35.18587	-inf	-35.86899
10.00000	1.00000	500	0.50000	1	72	2	0	72	0	1	-35.59635	-inf	-34.29274
10.00000	1.00000	500	0.50000	2	72	2	0	72	0	1	-35.09889	-inf	-36.26440
10.00000	1.00000	500	0.50000	3	72	2	0	72	0	1	-35.29716	-inf	-35.43746
10.00000	1.00000	500	0.50000	4	72	2	0	72	0	1	-35.31475	-inf	-35.38974
10.00000	1.00000	500	1.00000	0	72	2	0	72	0	1	-35.18712	-inf	-35.86579
10.00000	1.00000	500	1.00000	1	72	2	0	72	0	1	-35.59759	-inf	-34.29506
10.00000	1.00000	500	1.00000	2	72	2	0	72	0	1	-35.10005	-inf	-36.26347
10.00000	1.00000	500	1.00000	3	72	2	0	72	0	1	-35.29841	-inf	-35.43784
10.00000	1.00000	500	1.00000	4	72	2	0	72	0	1	-35.31598	-inf	-35.38956
10.00000	1.00000	500	2.00000	0	72	2	0	72	0	1	-35.19160	-inf	-35.86194
10.00000	1.00000	500	2.00000	1	72	2	0	72	0	1	-35.60202	-inf	-34.30207
10.00000	1.00000	500	2.00000	2	72	2	0	72	0	1	-35.10426	-inf	-36.26326
10.00000	1.00000	500	2.00000	3	72	2	0	72	0	1	-35.30286	-inf	-35.44104
10.00000	1.00000	500	2.00000	4	72	2	0	72	0	1	-35.32038	-inf	-35.39177
15.00000	1.00000	10	0.10000	0	377	9	50	303	25	50	-25.88755	-inf	-26.43636
15.00000	1.00000	10	0.10000	1	348	9	42	286	21	42	-25.81467	-inf	-27.31223
15.00000	1.00000	10	0.10000	2	357	9	46	289	23	46	-25.81043	-inf	-27.20871
15.00000	1.00000	10	0.10000	3	378	9	48	307	24	48	-25.79387	-inf	-26.70919
15.00000	1.00000	10	0.10000	4	368	9	52	291	26	52	-26.07068	-inf	-26.37207
15.00000	1.00000	10	0.20000	0	377	9	50	303	25	50	-25.87073	-inf	-26.35607
15.00000	1.00000	10	0.20000	1	348	9	42	286	21	42	-25.81120	-inf	-27.27229
15.00000	1.00000	10	0.20000	2	357	9	46	289	23	46	-25.80310	-inf	-27.16667
15.00000	1.00000	10	0.20000	3	378	9	48	307	24	48	-25.79007	-inf	-26.67000
15.00000	1.00000	10	0.20000	4	368	9	52	291	26	52	-26.05594	-inf	-26.33653
15.00000	1.00000	10	0.50000	0	377	9	50	303	25	50	-25.85821	-inf	-26.25085
15.00000	1.00000	10	0.50000	1	348	9	42	286	21	42	-25.81984	-inf	-27.22144
15.00000	1.00000	10	0.50000	2	357	9	46	289	23	46	-25.80504	-inf	-27.10816
15.00000	1.00000	10	0.50000	3	378	9	48	307	24	48	-25.79749	-inf	-26.60580
15.00000	1.00000	10	0.50000	4	368	9	52	291	26	52	-26.04539	-inf	-26.29342
15.00000	1.00000	10	1.00000	0	377	9	50	303	25	50	-25.88072	-inf	-26.18941
15.00000	1.00000	10	1.00000	1	348	9	42	286	21	42	-25.85597	-inf	-27.19893
15.00000	1.00000	10	1.00000	2	357	9	46	289	23	46	-25.83643	-inf	-27.07995
15.00000	1.00000	10	1.00000	3	378	9	48	307	24	48	-25.83456	-inf	-26.56430
15.00000	1.00000	10	1.00000	4	368	9	52	291	26	52	-26.06396	-inf	-26.28139
15.00000	1.00000	10	2.00000	0	377	9	50	303	25	50	-25.98120	-inf	-26.18870
15.00000	1.00000	10	2.00000	1	348	9	42	286	21	42	-25.96214	-inf	-27.22705
15.00000	1.00000	10	2.00000	2	357	9	46	289	23	46	-25.94022	-inf	-27.10870
15.00000	1.00000	10	2.00000	3	378	9	48	307	24	48	-25.94803	-inf	-26.57675
15.00000	1.00000	10	2.00000	4	368	9	52	291	26	52	-26.15001	-inf	-26.33073
15.00000	1.00000	50	0.10000	0	377	9	50	303	25	50	-25.88755	-inf	-26.43636
15.00000	1.00000	50	0.10000	1	348	9	42	286	21	42	-25.81467	-inf	-27.31223
15.00000	1.00000	50	0.10000	2	357	9	46	289	23	46	-25.81043	-inf	-27.20871
15.00000	1.00000	50	0.10000	3	378	9	48	307	24	48	-25.79292	-inf	-26.70335
15.00000	1.00000	50	0.10000	4	368	9	52	291	26	52	-26.05824	-inf	-26.35664
15.00000	1.00000	50	0.20000	0	377	9	50	303	25	50	-25.87073	-inf	-26.35607
15.00000	1.00000	50	0.20000	1	348	9	42	286	21	42	-25.81120	-inf	-27.27229
15.00000	1.00000	50	0.20000	2	357	9	46	289	23	46	-25.80310	-inf	-27.16667
15.00000	1.00000	50	0.20000	3	378	9	48	307	24	48	-25.78922	-inf	-26.66429
15.00000	1.00000	50	0.20000	4	368	9	52	291	26	52	-26.04405	-inf	-26.32156
15.00000	1.00000	50	0.50000	0	377	9	50	303	25	50	-25.85821	-inf	-26.25085
15.00000	1.00000	50	0.50000	1	348	9	42	286	21	42	-25.81984	-inf	-27.22144
15.00000	1.00000	50	0.50000	2	357	9	46	289	23	46	-25.80504	-inf	-27.10816
15.00000	1.00000	50	0.50000	3	378	9	48	307	24	48	-25.79692	-inf	-26.60055
15.00000	1.00000	50	0.50000	4	368	9	52	291	26	52	-26.03480	-inf	-26.27971
15.00000	1.00000	50	1.00000	0	377	9	50	303	25	50	-25.88072	-inf	-26.18941
15.00000	1.00000	50	1.00000	1	348	9	42	286	21	42	-25.85597	-inf	-27.19893
15.00000	1.00000	50	1.00000	2	357	9	46	289	23	46	-25.83643	-inf	-27.07995
15.00000	1.00000	50	1.00000	3	378	9	48	307	24	48	-25.83433	-inf	-26.55969
15.00000	1.00000	50	1.00000	4	368	9	52	291	26	52	-26.05526	-inf	-26.26949
15.00000	1.00000	50	2.00000	0	377	9	50	303	25	50	-25.98120	-inf	-26.18870
15.00000	1.00000	50	2.00000	1	348	9	42	286	21	42	-25.96214	-inf	-27.22705
15.00000	1.00000	50	2.00000	2	357	9	46	289	23	46	-25.94022	-inf	-27.10870
15.00000	1.00000	50	2.00000	3	378	9	48	307	24	48	-25.94832	-inf	-26.57322
15.00000	1.00000	50	2.00000	4	368	9	52	291	26	52	-26.14446	-inf	-26.32182
15.00000	1.00000	100	0.10000	0	326	7	32	279	16	32	-26.62975	-inf	-27.01890
15.00000	1.00000	100	0.10000	1	333	7	36	280	18	36	-26.04817	-inf	-27.47705
15.00000	1.00000	100	0.10000	2	342	7	40	283	20	40	-26.04479	-inf	-27.55243
15.00000	1.00000	100	0.10000	3	324	7	30	280	15	30	-26.54408	-inf	-27.42419
15.00000	1.00000	100	0.10000	4	358	7	48	287	24	48	-26.24725	-inf	-26.55957
15.00000	1.00000	100	0.20000	0	326	7	32	279	16	32	-26.61253	-inf	-26.94170
15.00000	1.00000	100	0.20000	1	333	7	36	280	18	36	-26.04252	-inf	-27.43769
15.00000	1.00000	100	0.20000	2	342	7	40	283	20	40	-26.03522	-inf	-27.50740
15.00000	1.00000	100	0.20000	3	324	7	30	280	15	30	-26.53578	-inf	-27.39954
15.00000	1.00000	100	0.20000	4	358	7	48	287	24	48	-26.23109	-inf	-26.52364
15.00000	1.00000	100	0.50000	0	326	7	32	279	16	32	-26.59556	-inf	-26.84186
15.00000	1.00000	100	0.50000	1	333	7	36	280	18	36	-26.04600	-inf	-27.38575
15.00000	1.00000	100	0.50000	2	342	7	40	283	20	40	-26.03213	-inf	-27.44116
15.00000	1.00000	100	0.50000	3	324	7	30	280	15	30	-26.53218	-inf	-27.35503
15.00000	1.00000	100	0.50000	4	358	7	48	287	24	48	-26.21693	-inf	-26.47782
15.00000	1.00000	100	1.00000	0	326	7	32	279	16	32	-26.60542	-inf	-26.78184
15.00000	1.00000	100	1.00000	1	333	7	36	280	18	36	-26.07493	-inf	-27.36021
15.00000	1.00000	100	1.00000	2	342	7	40	283	20	40	-26.05612	-inf	-27.40124
15.00000	1.00000	100	1.00000	3	324	7	30	280	15	30	-26.55137	-inf	-27.32195
15.00000	1.00000	100	1.00000	4	358	7	48	287	24	48	-26.23037	-inf	-26.46072
15.00000	1.00000	100	2.00000	0	326	7	32	279	16	32	-26.67452	-inf	-26.77063
15.00000	1.00000	100	2.00000	1	333	7	36	280	18	36	-26.16810	-inf	-27.38146
15.00000	1.00000	100	2.00000	2	342	7	40	283	20	40	-26.14606	-inf	-27.40789
15.00000	1.00000	100	2.00000	3	324	7	30	280	15	30	-26.62798	-inf	-27.32332
15.00000	1.00000	100	2.00000	4	358	7	48	287	24	48	-26.30694	-inf	-26.49977
15.00000	1.00000	500	0.10000	0	72	2	0	72	0	1	-35.18544	-inf	-35.87230
15.00000	1.00000	500	0.10000	1	72	2	0	72	0	1	-35.59592	-inf	-34.29160
15.00000	1.00000	500	0.10000	2	72	2	0	72	0	1	-35.09849	-inf	-36.26558
15.00000	1.00000	500	0.10000	3	72	2	0	72	0	1	-35.29673	-inf	-35.43790
15.00000	1.00000	500	0.10000	4	72	2	0	72	0	1	-35.31432	-inf	-35.39067
15.00000	1.00000	500	0.20000	0	72	2	0	72	0	1	-35.18549	-inf	-35.87140
15.00000	1.00000	500	0.20000	1	72	2	0	72	0	1	-35.59598	-inf	-34.29182
15.00000	1.00000	500	0.20000	2	72	2	0	72	0	1	-35.09854	-inf	-36.26525
15.00000	1.00000	500	0.20000	3	72	2	0	72	0	1	-35.29679	-inf	-35.43772
15.00000	1.00000	500	0.20000	4	72	2	0	72	0	1	-35.31438	-inf	-35.39037
15.00000	1.00000	500	0.50000	0	72	2	0	72	0	1	-35.18587	-inf	-35.86899
15.00000	1.00000	500	0.50000	1	72	2	0	72	0	1	-35.59635	-inf	-34.29274
15.00000	1.00000	500	0.50000	2	72	2	0	72	0	1	-35.09889	-inf	-36.26440
15.00000	1.00000	500	0.50000	3	72	2	0	72	0	1	-35.29716	-inf	-35.43746
15.00000	1.00000	500	0.50000	4	72	2	0	72	0	1	-35.31475	-inf	-35.38974
15.00000	1.00000	500	1.00000	0	72	2	0	72	0	1	-35.18712	-inf	-35.86579
15.00000	1.00000	500	1.00000	1	72	2	0	72	0	1	-35.59759	-inf	-34.29506
15.00000	1.00000	500	1.00000	2	72	2	0	72	0	1	-35.10005	-inf	-36.26347
15.00000	1.00000	500	1.00000	3	72	2	0	72	0	1	-35.29841	-inf	-35.43784
15.00000	1.00000	500	1.00000	4	72	2	0	72	0	1	-35.31598	-inf	-35.38956
15.00000	1.00000	500	2.00000	0	72	2	0	72	0	1	-35.19160	-inf	-35.86194
15.00000	1.00000	500	2.00000	1	72	2	0	72	0	1	-35.60202	-inf	-34.30207
15.00000	1.00000	500	2.00000	2	72	2	0	72	0	1	-35.10426	-inf	-36.26326
15.00000	1.00000	500	2.00000	3	72	2	0	72	0	1	-35.30286	-inf	-35.44104
15.00000	1.00000	500	2.00000	4	72	2	0	72	0	1	-35.32038	-inf	-35.39177
20.00000	1.00000	10	0.10000	0	316	9	36	263	18	36	-26.87100	-inf	-27.67679
20.00000	1.00000	10	0.10000	1	308	9	36	255	18	36	-26.34679	-inf	-28.12182
20.00000	1.00000	10	0.10000	2	287	7	28	246	14	28	-26.66298	-inf	-28.14610
20.00000	1.00000	10	0.10000	3	303	9	34	253	17	34	-26.66712	-inf	-27.16808
20.00000	1.00000	10	0.10000	4	295	9	32	248	16	32	-26.87994	-inf	-26.73216
20.00000	1.00000	10	0.20000	0	316	9	36	263	18	36	-26.86231	-inf	-27.58964
20.00000	1.00000	10	0.20000	1	308	9	36	255	18	36	-26.33672	-inf	-28.08385
20.00000	1.00000	10	0.20000	2	287	7	28	246	14	28	-26.65800	-inf	-28.11606
20.00000	1.00000	10	0.20000	3	303	9	34	253	17	34	-26.65551	-inf	-27.14358
20.00000	1.00000	10	0.20000	4	295	9	32	248	16	32	-26.86617	-inf	-26.71125
20.00000	1.00000	10	0.50000	0	316	9	36	263	18	36	-26.85778	-inf	-27.46531
20.00000	1.00000	10	0.50000	1	308	9	36	255	18	36	-26.33105	-inf	-28.02727
20.00000	1.00000	10	0.50000	2	287	7	28	246	14	28	-26.66015	-inf	-28.07683
20.00000	1.00000	10	0.50000	3	303	9	34	253	17	34	-26.64802	-inf	-27.10372
20.00000	1.00000	10	0.50000	4	295	9	32	248	16	32	-26.85602	-inf	-26.69177
20.00000	1.00000	10	1.00000	0	316	9	36	263	18	36	-26.87562	-inf	-27.37754
20.00000	1.00000	10	1.00000	1	308	9	36	255	18	36	-26.35009	-inf	-27.98787
20.00000	1.00000	10	1.00000	2	287	7	28	246	14	28	-26.68457	-inf	-28.06026
20.00000	1.00000	10	1.00000	3	303	9	34	253	17	34	-26.66594	-inf	-27.08357
20.00000	1.00000	10	1.00000	4	295	9	32	248	16	32	-26.87097	-inf	-26.70191
20.00000	1.00000	10	2.00000	0	316	9	36	263	18	36	-26.94920	-inf	-27.32984
20.00000	1.00000	10	2.00000	1	308	9	36	255	18	36	-26.42899	-inf	-27.97967
20.00000	1.00000	10	2.00000	2	287	7	28	246	14	28	-26.76486	-inf	-28.08621
20.00000	1.00000	10	2.00000	3	303	9	34	253	17	34	-26.74239	-inf	-27.11277
20.00000	1.00000	10	2.00000	4	295	9	32	248	16	32	-26.94261	-inf	-26.77320
20.00000	1.00000	50	0.10000	0	316	9	36	263	18	36	-26.87100	-inf	-27.67679
20.00000	1.00000	50	0.10000	1	308	9	36	255	18	36	-26.35815	-inf	-28.12189
20.00000	1.00000	50	0.10000	2	287	7	28	246	14	28	-26.66890	-inf	-28.15524
20.00000	1.00000	50	0.10000	3	303	9	34	253	17	34	-26.66712	-inf	-27.16808
20.00000	1.00000	50	0.10000	4	295	9	32	248	16	32	-26.87994	-inf	-26.73216
20.00000	1.00000	50	0.20000	0	316	9	36	263	18	36	-26.86231	-inf	-27.58964
20.00000	1.00000	50	0.20000	1	308	9	36	255	18	36	-26.34770	-inf	-28.08388
20.00000	1.00000	50	0.20000	2	287	7	28	246	14	28	-26.66357	-inf	-28.12481
20.00000	1.00000	50	0.20000	3	303	9	34	253	17	34	-26.65551	-inf	-27.14358
20.00000	1.00000	50	0.20000	4	295	9	32	248	16	32	-26.86617	-inf	-26.71125
20.00000	1.00000	50	0.50000	0	316	9	36	263	18	36	-26.85778	-inf	-27.46531
20.00000	1.00000	50	0.50000	1	308	9	36	255	18	36	-26.34145	-inf	-28.02730
20.00000	1.00000	50	0.50000	2	287	7	28	246	14	28	-26.66490	-inf	-28.08467
20.00000	1.00000	50	0.50000	3	303	9	34	253	17	34	-26.64802	-inf	-27.10372
20.00000	1.00000	50	0.50000	4	295	9	32	248	16	32	-26.85602	-inf	-26.69177
20.00000	1.00000	50	1.00000	0	316	9	36	263	18	36	-26.87562	-inf	-27.37754
20.00000	1.00000	50	1.00000	1	308	9	36	255	18	36	-26.35996	-inf	-27.98796
20.00000	1.00000	50	1.00000	2	287	7	28	246	14	28	-26.68822	-inf	-28.06690
20.00000	1.00000	50	1.00000	3	303	9	34	253	17	34	-26.66594	-inf	-27.08357
20.00000	1.00000	50	1.00000	4	295	9	32	248	16	32	-26.87097	-inf	-26.70191
20.00000	1.00000	50	2.00000	0	316	9	36	263	18	36	-26.94920	-inf	-27.32984
20.00000	1.00000	50	2.00000	1	308	9	36	255	18	36	-26.43811	-inf	-27.97987
20.00000	1.00000	50	2.00000	2	287	7	28	246	14	28	-26.76669	-inf	-28.09096
20.00000	1.00000	50	2.00000	3	303	9	34	253	17	34	-26.74239	-inf	-27.11277
20.00000	1.00000	50	2.00000	4	295	9	32	248	16	32	-26.94261	-inf	-26.77320
20.00000	1.00000	100	0.10000	0	295	7	28	254	14	28	-27.18809	-inf	-27.89621
20.00000	1.00000	100	0.10000	1	286	9	28	245	14	28	-26.77441	-inf	-28.44004
20.00000	1.00000	100	0.10000	2	282	7	26	244	13	26	-26.69612	-inf	-28.22576
20.00000	1.00000	100	0.10000	3	287	7	28	246	14	28	-26.87714	-inf	-27.49169
20.00000	1.00000	100	0.10000	4	273	7	24	238	12	24	-27.31198	-inf	-27.10109
20.00000	1.00000	100	0.20000	0	295	7	28	254	14	28	-27.17705	-inf	-27.81171
20.00000	1.00000	100	0.20000	1	286	9	28	245	14	28	-26.76080	-inf	-28.40118
20.00000	1.00000	100	0.20000	2	282	7	26	244	13	26	-26.69129	-inf	-28.19587
20.00000	1.00000	100	0.20000	3	287	7	28	246	14	28	-26.86302	-inf	-27.46889
20.00000	1.00000	100	0.20000	4	273	7	24	238	12	24	-27.29444	-inf	-27.07964
20.00000	1.00000	100	0.50000	0	295	7	28	254	14	28	-27.16628	-inf	-27.68860
20.00000	1.00000	100	0.50000	1	286	9	28	245	14	28	-26.74674	-inf	-28.34266
20.00000	1.00000	100	0.50000	2	282	7	26	244	13	26	-26.69378	-inf	-28.15635
20.00000	1.00000	100	0.50000	3	287	7	28	246	14	28	-26.85035	-inf	-27.42983
20.00000	1.00000	100	0.50000	4	273	7	24	238	12	24	-27.27592	-inf	-27.05725
20.00000	1.00000	100	1.00000	0	295	7	28	254	14	28	-27.17445	-inf	-27.59655
20.00000	1.00000	100	1.00000	1	286	9	28	245	14	28	-26.75399	-inf	-28.29868
20.00000	1.00000	100	1.00000	2	282	7	26	244	13	26	-26.71844	-inf	-28.13809
20.00000	1.00000	100	1.00000	3	287	7	28	246	14	28	-26.86108	-inf	-27.40511
20.00000	1.00000	100	1.00000	4	273	7	24	238	12	24	-27.27862	-inf	-27.05985
20.00000	1.00000	100	2.00000	0	295	7	28	254	14	28	-27.22974	-inf	-27.53595
20.00000	1.00000	100	2.00000	1	286	9	28	245	14	28	-26.81059	-inf	-28.27710
20.00000	1.00000	100	2.00000	2	282	7	26	244	13	26	-26.79862	-inf	-28.15933
20.00000	1.00000	100	2.00000	3	287	7	28	246	14	28	-26.92417	-inf	-27.41837
20.00000	1.00000	100	2.00000	4	273	7	24	238	12	24	-27.32668	-inf	-27.11293
20.00000	1.00000	500	0.10000	0	72	2	0	72	0	1	-35.18544	-inf	-35.87230
20.00000	1.00000	500	0.10000	1	72	2	0	72	0	1	-35.59592	-inf	-34.29160
20.00000	1.00000	500	0.10000	2	72	2	0	72	0	1	-35.09849	-inf	-36.26558
20.00000	1.00000	500	0.10000	3	72	2	0	72	0	1	-35.29673	-inf	-35.43790
20.00000	1.00000	500	0.10000	4	72	2	0	72	0	1	-35.31432	-inf	-35.39067
20.00000	1.00000	500	0.20000	0	72	2	0	72	0	1	-35.18549	-inf	-35.87140
20.00000	1.00000	500	0.20000	1	72	2	0	72	0	1	-35.59598	-inf	-34.29182
20.00000	1.00000	500	0.20000	2	72	2	0	72	0	1	-35.09854	-inf	-36.26525
20.00000	1.00000	500	0.20000	3	72	2	0	72	0	1	-35.29679	-inf	-35.43772
20.00000	1.00000	500	0.20000	4	72	2	0	72	0	1	-35.31438	-inf	-35.39037
20.00000	1.00000	500	0.50000	0	72	2	0	72	0	1	-35.18587	-inf	-35.86899
20.00000	1.00000	500	0.50000	1	72	2	0	72	0	1	-35.59635	-inf	-34.29274
20.00000	1.00000	500	0.50000	2	72	2	0	72	0	1	-35.09889	-inf	-36.26440
20.00000	1.00000	500	0.50000	3	72	2	0	72	0	1	-35.29716	-inf	-35.43746
20.00000	1.00000	500	0.50000	4	72	2	0	72	0	1	-35.31475	-inf	-35.38974
20.00000	1.00000	500	1.00000	0	72	2	0	72	0	1	-35.18712	-inf	-35.86579
20.00000	1.00000	500	1.00000	1	72	2	0	72	0	1	-35.59759	-inf	-34.29506
20.00000	1.00000	500	1.00000	2	72	2	0	72	0	1	-35.10005	-inf	-36.26347
20.00000	1.00000	500	1.00000	3	72	2	0	72	0	1	-35.29841	-inf	-35.43784
20.00000	1.00000	500	1.00000	4	72	2	0	72	0	1	-35.31598	-inf	-35.38956
20.00000	1.00000	500	2.00000	0	72	2	0	72	0	1	-35.19160	-inf	-35.86194
20.00000	1.00000	500	2.00000	1	72	2	0	72	0	1	-35.60202	-inf	-34.30207
20.00000	1.00000	500	2.00000	2	72	2	0	72	0	1	-35.10426	-inf	-36.26326
20.00000	1.00000	500	2.00000	3	72	2	0	72	0	1	-35.30286	-inf	-35.44104
20.00000	1.00000	500	2.00000	4	72	2	0	72	0	1	-35.32038	-inf	-35.39177
alpha: 1.0, cluster-penalty: 1.0, g-factor: 5.0, min-inst-slice: 10, test_ll: -25.218300064447984, train_ll: -23.47243374736366, valid_ll: -25.218300064447984