parameters:
Namespace(alpha=[0.1, 0.2, 0.5, 1.0, 2.0], clt_leaves=False, cluster_method='GMM', cluster_penalty=[1.0], cv=5, dataset='data/multilabel/scene/scene.5.folds.pklz', features=None, g_factor=[5.0, 10.0, 15.0, 20.0], gzip=True, kde_leaves=False, min_inst_slice=[10, 50, 100, 500], n_iters=100, n_restarts=4, n_row_clusters=2, output='exp/ml-repr-spn/', save_model=True, seed=1337, sklearn_args=None, suffix=None, test_ext=None, train_ext=None, valid_ext=None, verbose=1)

g-factor:	clu-pen:	min-ins:	alpha:	fold:	n_edges:	depth:	n_weights:	n_leaves:	n_sums:	n_prods:	train_ll	valid_ll:	test_ll
5.00000	1.00000	10	0.10000	0	40666	21	5587	32288	2792	5587	-93.86880	-inf	-125.60209
5.00000	1.00000	10	0.10000	1	40373	21	5679	31858	2837	5679	-93.07771	-inf	-127.24490
5.00000	1.00000	10	0.10000	2	40280	19	5418	32156	2707	5418	-94.08260	-inf	-126.15117
5.00000	1.00000	10	0.10000	3	39990	19	5392	31905	2694	5392	-93.93688	-inf	-125.95814
5.00000	1.00000	10	0.10000	4	40294	21	5597	31902	2796	5597	-93.69760	-inf	-126.14518
5.00000	1.00000	10	0.20000	0	40666	21	5587	32288	2792	5587	-94.43133	-inf	-122.84928
5.00000	1.00000	10	0.20000	1	40373	21	5679	31858	2837	5679	-93.61484	-inf	-124.30193
5.00000	1.00000	10	0.20000	2	40280	19	5418	32156	2707	5418	-94.61959	-inf	-123.33601
5.00000	1.00000	10	0.20000	3	39990	19	5392	31905	2694	5392	-94.45769	-inf	-123.07354
5.00000	1.00000	10	0.20000	4	40294	21	5597	31902	2796	5597	-94.24885	-inf	-123.37002
5.00000	1.00000	10	0.50000	0	40666	21	5587	32288	2792	5587	-96.10576	-inf	-119.55874
5.00000	1.00000	10	0.50000	1	40373	21	5679	31858	2837	5679	-95.25401	-inf	-120.76881
5.00000	1.00000	10	0.50000	2	40280	19	5418	32156	2707	5418	-96.23884	-inf	-119.96316
5.00000	1.00000	10	0.50000	3	39990	19	5392	31905	2694	5392	-96.04333	-inf	-119.57350
5.00000	1.00000	10	0.50000	4	40294	21	5597	31902	2796	5597	-95.89498	-inf	-120.03067
5.00000	1.00000	10	1.00000	0	40666	21	5587	32288	2792	5587	-98.76203	-inf	-117.97159
5.00000	1.00000	10	1.00000	1	40373	21	5679	31858	2837	5679	-97.89130	-inf	-118.98149
5.00000	1.00000	10	1.00000	2	40280	19	5418	32156	2707	5418	-98.83577	-inf	-118.27121
5.00000	1.00000	10	1.00000	3	39990	19	5392	31905	2694	5392	-98.61317	-inf	-117.78978
5.00000	1.00000	10	1.00000	4	40294	21	5597	31902	2796	5597	-98.51348	-inf	-118.39525
5.00000	1.00000	10	2.00000	0	40666	21	5587	32288	2792	5587	-103.48408	-inf	-118.08116
5.00000	1.00000	10	2.00000	1	40373	21	5679	31858	2837	5679	-102.56901	-inf	-118.81801
5.00000	1.00000	10	2.00000	2	40280	19	5418	32156	2707	5418	-103.47045	-inf	-118.23731
5.00000	1.00000	10	2.00000	3	39990	19	5392	31905	2694	5392	-103.23788	-inf	-117.68422
5.00000	1.00000	10	2.00000	4	40294	21	5597	31902	2796	5597	-103.15825	-inf	-118.42531
5.00000	1.00000	50	0.10000	0	13708	15	237	13355	117	237	-119.39613	-inf	-125.59470
5.00000	1.00000	50	0.10000	1	13567	15	249	13197	122	249	-119.22233	-inf	-127.12486
5.00000	1.00000	50	0.10000	2	14071	15	341	13563	168	341	-119.02249	-inf	-126.18047
5.00000	1.00000	50	0.10000	3	13717	17	324	13234	160	324	-119.08942	-inf	-125.97456
5.00000	1.00000	50	0.10000	4	14333	15	303	13882	149	303	-118.89152	-inf	-126.61672
5.00000	1.00000	50	0.20000	0	13708	15	237	13355	117	237	-119.34501	-inf	-125.23654
5.00000	1.00000	50	0.20000	1	13567	15	249	13197	122	249	-119.16420	-inf	-126.74801
5.00000	1.00000	50	0.20000	2	14071	15	341	13563	168	341	-118.96040	-inf	-125.75967
5.00000	1.00000	50	0.20000	3	13717	17	324	13234	160	324	-119.04665	-inf	-125.59655
5.00000	1.00000	50	0.20000	4	14333	15	303	13882	149	303	-118.84484	-inf	-126.22173
5.00000	1.00000	50	0.50000	0	13708	15	237	13355	117	237	-119.37927	-inf	-124.77479
5.00000	1.00000	50	0.50000	1	13567	15	249	13197	122	249	-119.17828	-inf	-126.23054
5.00000	1.00000	50	0.50000	2	14071	15	341	13563	168	341	-118.96856	-inf	-125.14412
5.00000	1.00000	50	0.50000	3	13717	17	324	13234	160	324	-119.08769	-inf	-125.06154
5.00000	1.00000	50	0.50000	4	14333	15	303	13882	149	303	-118.88105	-inf	-125.67346
5.00000	1.00000	50	1.00000	0	13708	15	237	13355	117	237	-119.63537	-inf	-124.55059
5.00000	1.00000	50	1.00000	1	13567	15	249	13197	122	249	-119.40776	-inf	-125.90970
5.00000	1.00000	50	1.00000	2	14071	15	341	13563	168	341	-119.19834	-inf	-124.72720
5.00000	1.00000	50	1.00000	3	13717	17	324	13234	160	324	-119.34016	-inf	-124.71669
5.00000	1.00000	50	1.00000	4	14333	15	303	13882	149	303	-119.14001	-inf	-125.35948
5.00000	1.00000	50	2.00000	0	13708	15	237	13355	117	237	-120.42446	-inf	-124.68430
5.00000	1.00000	50	2.00000	1	13567	15	249	13197	122	249	-120.15126	-inf	-125.89425
5.00000	1.00000	50	2.00000	2	14071	15	341	13563	168	341	-119.97013	-inf	-124.65283
5.00000	1.00000	50	2.00000	3	13717	17	324	13234	160	324	-120.11908	-inf	-124.69838
5.00000	1.00000	50	2.00000	4	14333	15	303	13882	149	303	-119.93312	-inf	-125.41735
5.00000	1.00000	100	0.10000	0	7511	13	67	7413	32	67	-125.69522	-inf	-128.60875
5.00000	1.00000	100	0.10000	1	7179	13	86	7053	41	86	-125.48674	-inf	-130.08301
5.00000	1.00000	100	0.10000	2	7034	11	77	6921	37	77	-126.08775	-inf	-129.31817
5.00000	1.00000	100	0.10000	3	6815	13	70	6713	33	70	-126.26455	-inf	-129.08239
5.00000	1.00000	100	0.10000	4	6971	13	67	6874	31	67	-125.72803	-inf	-130.18411
5.00000	1.00000	100	0.20000	0	7511	13	67	7413	32	67	-125.62279	-inf	-128.39372
5.00000	1.00000	100	0.20000	1	7179	13	86	7053	41	86	-125.37122	-inf	-129.80945
5.00000	1.00000	100	0.20000	2	7034	11	77	6921	37	77	-125.95622	-inf	-129.00269
5.00000	1.00000	100	0.20000	3	6815	13	70	6713	33	70	-126.18160	-inf	-128.88249
5.00000	1.00000	100	0.20000	4	6971	13	67	6874	31	67	-125.63068	-inf	-129.95119
5.00000	1.00000	100	0.50000	0	7511	13	67	7413	32	67	-125.55464	-inf	-128.10027
5.00000	1.00000	100	0.50000	1	7179	13	86	7053	41	86	-125.22402	-inf	-129.42324
5.00000	1.00000	100	0.50000	2	7034	11	77	6921	37	77	-125.80168	-inf	-128.58547
5.00000	1.00000	100	0.50000	3	6815	13	70	6713	33	70	-126.08890	-inf	-128.60660
5.00000	1.00000	100	0.50000	4	6971	13	67	6874	31	67	-125.51284	-inf	-129.61068
5.00000	1.00000	100	1.00000	0	7511	13	67	7413	32	67	-125.58213	-inf	-127.90666
5.00000	1.00000	100	1.00000	1	7179	13	86	7053	41	86	-125.17361	-inf	-129.14741
5.00000	1.00000	100	1.00000	2	7034	11	77	6921	37	77	-125.75477	-inf	-128.31121
5.00000	1.00000	100	1.00000	3	6815	13	70	6713	33	70	-126.08791	-inf	-128.42960
5.00000	1.00000	100	1.00000	4	6971	13	67	6874	31	67	-125.48337	-inf	-129.35129
5.00000	1.00000	100	2.00000	0	7511	13	67	7413	32	67	-125.83851	-inf	-127.87068
5.00000	1.00000	100	2.00000	1	7179	13	86	7053	41	86	-125.32574	-inf	-128.99423
5.00000	1.00000	100	2.00000	2	7034	11	77	6921	37	77	-125.90505	-inf	-128.17395
5.00000	1.00000	100	2.00000	3	6815	13	70	6713	33	70	-126.28606	-inf	-128.38610
5.00000	1.00000	100	2.00000	4	6971	13	67	6874	31	67	-125.64431	-inf	-129.18253
5.00000	1.00000	500	0.10000	0	1683	7	9	1671	4	9	-139.07718	-inf	-139.01032
5.00000	1.00000	500	0.10000	1	1686	7	11	1671	5	11	-138.93204	-inf	-140.73583
5.00000	1.00000	500	0.10000	2	1691	7	11	1676	5	11	-139.10927	-inf	-139.52683
5.00000	1.00000	500	0.10000	3	1712	7	15	1691	7	15	-139.12756	-inf	-139.36134
5.00000	1.00000	500	0.10000	4	1707	7	15	1686	7	15	-139.37718	-inf	-140.97518
5.00000	1.00000	500	0.20000	0	1683	7	9	1671	4	9	-138.92575	-inf	-138.83789
5.00000	1.00000	500	0.20000	1	1686	7	11	1671	5	11	-138.76624	-inf	-140.52715
5.00000	1.00000	500	0.20000	2	1691	7	11	1676	5	11	-138.97003	-inf	-139.34621
5.00000	1.00000	500	0.20000	3	1712	7	15	1691	7	15	-138.98942	-inf	-139.23923
5.00000	1.00000	500	0.20000	4	1707	7	15	1686	7	15	-139.23351	-inf	-140.81808
5.00000	1.00000	500	0.50000	0	1683	7	9	1671	4	9	-138.70151	-inf	-138.58925
5.00000	1.00000	500	0.50000	1	1686	7	11	1671	5	11	-138.52857	-inf	-140.23414
5.00000	1.00000	500	0.50000	2	1691	7	11	1676	5	11	-138.76717	-inf	-139.08959
5.00000	1.00000	500	0.50000	3	1712	7	15	1691	7	15	-138.79333	-inf	-139.04771
5.00000	1.00000	500	0.50000	4	1707	7	15	1686	7	15	-139.03336	-inf	-140.59004
5.00000	1.00000	500	1.00000	0	1683	7	9	1671	4	9	-138.50826	-inf	-138.39372
5.00000	1.00000	500	1.00000	1	1686	7	11	1671	5	11	-138.33571	-inf	-140.00591
5.00000	1.00000	500	1.00000	2	1691	7	11	1676	5	11	-138.60110	-inf	-138.87169
5.00000	1.00000	500	1.00000	3	1712	7	15	1691	7	15	-138.63750	-inf	-138.87741
5.00000	1.00000	500	1.00000	4	1707	7	15	1686	7	15	-138.87820	-inf	-140.39286
5.00000	1.00000	500	2.00000	0	1683	7	9	1671	4	9	-138.30639	-inf	-138.20899
5.00000	1.00000	500	2.00000	1	1686	7	11	1671	5	11	-138.14005	-inf	-139.77555
5.00000	1.00000	500	2.00000	2	1691	7	11	1676	5	11	-138.43853	-inf	-138.64245
5.00000	1.00000	500	2.00000	3	1712	7	15	1691	7	15	-138.48620	-inf	-138.68875
5.00000	1.00000	500	2.00000	4	1707	7	15	1686	7	15	-138.72796	-inf	-140.18447
10.00000	1.00000	10	0.10000	0	14676	15	2135	11476	1066	2135	-106.04244	-inf	-115.70052
10.00000	1.00000	10	0.10000	1	14755	15	2163	11514	1079	2163	-105.17180	-inf	-116.74887
10.00000	1.00000	10	0.10000	2	15074	17	2220	11747	1108	2220	-106.12071	-inf	-116.31207
10.00000	1.00000	10	0.10000	3	14890	15	2229	11549	1113	2229	-106.10452	-inf	-115.75059
10.00000	1.00000	10	0.10000	4	14678	17	2169	11427	1083	2169	-105.87336	-inf	-115.80896
10.00000	1.00000	10	0.20000	0	14676	15	2135	11476	1066	2135	-106.02589	-inf	-115.12720
10.00000	1.00000	10	0.20000	1	14755	15	2163	11514	1079	2163	-105.15700	-inf	-116.11044
10.00000	1.00000	10	0.20000	2	15074	17	2220	11747	1108	2220	-106.10896	-inf	-115.66274
10.00000	1.00000	10	0.20000	3	14890	15	2229	11549	1113	2229	-106.08043	-inf	-115.14108
10.00000	1.00000	10	0.20000	4	14678	17	2169	11427	1083	2169	-105.85090	-inf	-115.27506
10.00000	1.00000	10	0.50000	0	14676	15	2135	11476	1066	2135	-106.14069	-inf	-114.33425
10.00000	1.00000	10	0.50000	1	14755	15	2163	11514	1079	2163	-105.28675	-inf	-115.20872
10.00000	1.00000	10	0.50000	2	15074	17	2220	11747	1108	2220	-106.24730	-inf	-114.73950
10.00000	1.00000	10	0.50000	3	14890	15	2229	11549	1113	2229	-106.18084	-inf	-114.29725
10.00000	1.00000	10	0.50000	4	14678	17	2169	11427	1083	2169	-105.95823	-inf	-114.54681
10.00000	1.00000	10	1.00000	0	14676	15	2135	11476	1066	2135	-106.54884	-inf	-113.87735
10.00000	1.00000	10	1.00000	1	14755	15	2163	11514	1079	2163	-105.71808	-inf	-114.66467
10.00000	1.00000	10	1.00000	2	15074	17	2220	11747	1108	2220	-106.69419	-inf	-114.18057
10.00000	1.00000	10	1.00000	3	14890	15	2229	11549	1113	2229	-106.57666	-inf	-113.81445
10.00000	1.00000	10	1.00000	4	14678	17	2169	11427	1083	2169	-106.35805	-inf	-114.14585
10.00000	1.00000	10	2.00000	0	14676	15	2135	11476	1066	2135	-107.65665	-inf	-113.90661
10.00000	1.00000	10	2.00000	1	14755	15	2163	11514	1079	2163	-106.86486	-inf	-114.66104
10.00000	1.00000	10	2.00000	2	15074	17	2220	11747	1108	2220	-107.86049	-inf	-114.13706
10.00000	1.00000	10	2.00000	3	14890	15	2229	11549	1113	2229	-107.67726	-inf	-113.86313
10.00000	1.00000	10	2.00000	4	14678	17	2169	11427	1083	2169	-107.44121	-inf	-114.25798
10.00000	1.00000	50	0.10000	0	12711	15	1445	10546	721	1445	-109.02218	-inf	-116.84643
10.00000	1.00000	50	0.10000	1	12537	15	1437	10385	716	1437	-109.01917	-inf	-118.52630
10.00000	1.00000	50	0.10000	2	12044	15	1250	10172	623	1250	-111.31075	-inf	-118.18293
10.00000	1.00000	50	0.10000	3	12838	15	1523	10556	760	1523	-109.40017	-inf	-117.06571
10.00000	1.00000	50	0.10000	4	12944	15	1585	10569	791	1585	-108.70415	-inf	-117.41439
10.00000	1.00000	50	0.20000	0	12711	15	1445	10546	721	1445	-108.95714	-inf	-116.40506
10.00000	1.00000	50	0.20000	1	12537	15	1437	10385	716	1437	-108.95121	-inf	-118.05331
10.00000	1.00000	50	0.20000	2	12044	15	1250	10172	623	1250	-111.21395	-inf	-117.71756
10.00000	1.00000	50	0.20000	3	12838	15	1523	10556	760	1523	-109.33309	-inf	-116.61924
10.00000	1.00000	50	0.20000	4	12944	15	1585	10569	791	1585	-108.63670	-inf	-116.99471
10.00000	1.00000	50	0.50000	0	12711	15	1445	10546	721	1445	-108.95786	-inf	-115.77087
10.00000	1.00000	50	0.50000	1	12537	15	1437	10385	716	1437	-108.94901	-inf	-117.37431
10.00000	1.00000	50	0.50000	2	12044	15	1250	10172	623	1250	-111.14536	-inf	-117.04974
10.00000	1.00000	50	0.50000	3	12838	15	1523	10556	760	1523	-109.32233	-inf	-115.95867
10.00000	1.00000	50	0.50000	4	12944	15	1585	10569	791	1585	-108.63270	-inf	-116.37196
10.00000	1.00000	50	1.00000	0	12711	15	1445	10546	721	1445	-109.19209	-inf	-115.37512
10.00000	1.00000	50	1.00000	1	12537	15	1437	10385	716	1437	-109.18504	-inf	-116.94123
10.00000	1.00000	50	1.00000	2	12044	15	1250	10172	623	1250	-111.28834	-inf	-116.61498
10.00000	1.00000	50	1.00000	3	12838	15	1523	10556	760	1523	-109.53551	-inf	-115.54382
10.00000	1.00000	50	1.00000	4	12944	15	1585	10569	791	1585	-108.86263	-inf	-115.97124
10.00000	1.00000	50	2.00000	0	12711	15	1445	10546	721	1445	-109.98682	-inf	-115.37805
10.00000	1.00000	50	2.00000	1	12537	15	1437	10385	716	1437	-109.97870	-inf	-116.86780
10.00000	1.00000	50	2.00000	2	12044	15	1250	10172	623	1250	-111.92871	-inf	-116.53024
10.00000	1.00000	50	2.00000	3	12838	15	1523	10556	760	1523	-110.28999	-inf	-115.53298
10.00000	1.00000	50	2.00000	4	12944	15	1585	10569	791	1585	-109.64072	-inf	-115.93041
10.00000	1.00000	100	0.10000	0	6832	13	183	6560	90	183	-123.65753	-inf	-126.64776
10.00000	1.00000	100	0.10000	1	6828	11	203	6527	99	203	-122.65503	-inf	-127.15897
10.00000	1.00000	100	0.10000	2	6956	13	234	6608	115	234	-123.30107	-inf	-126.40920
10.00000	1.00000	100	0.10000	3	6623	11	219	6297	108	219	-123.85373	-inf	-126.92733
10.00000	1.00000	100	0.10000	4	6767	13	225	6432	111	225	-122.32755	-inf	-126.86886
10.00000	1.00000	100	0.20000	0	6832	13	183	6560	90	183	-123.55648	-inf	-126.43624
10.00000	1.00000	100	0.20000	1	6828	11	203	6527	99	203	-122.55175	-inf	-126.92872
10.00000	1.00000	100	0.20000	2	6956	13	234	6608	115	234	-123.13478	-inf	-126.06760
10.00000	1.00000	100	0.20000	3	6623	11	219	6297	108	219	-123.74599	-inf	-126.70034
10.00000	1.00000	100	0.20000	4	6767	13	225	6432	111	225	-122.18698	-inf	-126.58413
10.00000	1.00000	100	0.50000	0	6832	13	183	6560	90	183	-123.43873	-inf	-126.13040
10.00000	1.00000	100	0.50000	1	6828	11	203	6527	99	203	-122.42031	-inf	-126.57705
10.00000	1.00000	100	0.50000	2	6956	13	234	6608	115	234	-122.90617	-inf	-125.57605
10.00000	1.00000	100	0.50000	3	6623	11	219	6297	108	219	-123.60605	-inf	-126.36958
10.00000	1.00000	100	0.50000	4	6767	13	225	6432	111	225	-121.99718	-inf	-126.15061
10.00000	1.00000	100	1.00000	0	6832	13	183	6560	90	183	-123.41092	-inf	-125.90654
10.00000	1.00000	100	1.00000	1	6828	11	203	6527	99	203	-122.37193	-inf	-126.30592
10.00000	1.00000	100	1.00000	2	6956	13	234	6608	115	234	-122.76744	-inf	-125.20584
10.00000	1.00000	100	1.00000	3	6623	11	219	6297	108	219	-123.53929	-inf	-126.11876
10.00000	1.00000	100	1.00000	4	6767	13	225	6432	111	225	-121.89548	-inf	-125.80282
10.00000	1.00000	100	2.00000	0	6832	13	183	6560	90	183	-123.55867	-inf	-125.79260
10.00000	1.00000	100	2.00000	1	6828	11	203	6527	99	203	-122.48287	-inf	-126.11532
10.00000	1.00000	100	2.00000	2	6956	13	234	6608	115	234	-122.78401	-inf	-124.93325
10.00000	1.00000	100	2.00000	3	6623	11	219	6297	108	219	-123.61617	-inf	-125.94595
10.00000	1.00000	100	2.00000	4	6767	13	225	6432	111	225	-121.94659	-inf	-125.53861
10.00000	1.00000	500	0.10000	0	1664	7	15	1643	7	15	-139.10222	-inf	-139.07164
10.00000	1.00000	500	0.10000	1	1658	7	13	1640	6	13	-138.49077	-inf	-140.18096
10.00000	1.00000	500	0.10000	2	1676	7	15	1655	7	15	-139.14777	-inf	-139.59736
10.00000	1.00000	500	0.10000	3	1675	7	13	1657	6	13	-139.09995	-inf	-139.31332
10.00000	1.00000	500	0.10000	4	1667	7	17	1643	8	17	-138.38646	-inf	-140.35667
10.00000	1.00000	500	0.20000	0	1664	7	15	1643	7	15	-138.95535	-inf	-138.90247
10.00000	1.00000	500	0.20000	1	1658	7	13	1640	6	13	-138.32559	-inf	-139.97206
10.00000	1.00000	500	0.20000	2	1676	7	15	1655	7	15	-139.00162	-inf	-139.42317
10.00000	1.00000	500	0.20000	3	1675	7	13	1657	6	13	-138.96482	-inf	-139.18840
10.00000	1.00000	500	0.20000	4	1667	7	17	1643	8	17	-138.26066	-inf	-140.20530
10.00000	1.00000	500	0.50000	0	1664	7	15	1643	7	15	-138.73848	-inf	-138.65118
10.00000	1.00000	500	0.50000	1	1658	7	13	1640	6	13	-138.08633	-inf	-139.67681
10.00000	1.00000	500	0.50000	2	1676	7	15	1655	7	15	-138.78598	-inf	-139.17612
10.00000	1.00000	500	0.50000	3	1675	7	13	1657	6	13	-138.76871	-inf	-138.99824
10.00000	1.00000	500	0.50000	4	1667	7	17	1643	8	17	-138.07687	-inf	-139.98589
10.00000	1.00000	500	1.00000	0	1664	7	15	1643	7	15	-138.55593	-inf	-138.45071
10.00000	1.00000	500	1.00000	1	1658	7	13	1640	6	13	-137.88784	-inf	-139.44231
10.00000	1.00000	500	1.00000	2	1676	7	15	1655	7	15	-138.60704	-inf	-138.96419
10.00000	1.00000	500	1.00000	3	1675	7	13	1657	6	13	-138.60604	-inf	-138.82932
10.00000	1.00000	500	1.00000	4	1667	7	17	1643	8	17	-137.92697	-inf	-139.80031
10.00000	1.00000	500	2.00000	0	1664	7	15	1643	7	15	-138.36549	-inf	-138.25667
10.00000	1.00000	500	2.00000	1	1658	7	13	1640	6	13	-137.67778	-inf	-139.20045
10.00000	1.00000	500	2.00000	2	1676	7	15	1655	7	15	-138.42738	-inf	-138.73674
10.00000	1.00000	500	2.00000	3	1675	7	13	1657	6	13	-138.43833	-inf	-138.65220
10.00000	1.00000	500	2.00000	4	1667	7	17	1643	8	17	-137.77917	-inf	-139.59946
15.00000	1.00000	10	0.10000	0	9458	15	1294	7520	645	1294	-109.75074	-inf	-115.97357
15.00000	1.00000	10	0.10000	1	9476	15	1334	7478	665	1334	-108.86410	-inf	-116.29837
15.00000	1.00000	10	0.10000	2	9519	15	1341	7510	669	1341	-109.68324	-inf	-115.67499
15.00000	1.00000	10	0.10000	3	9547	15	1340	7539	669	1340	-109.85177	-inf	-115.71854
15.00000	1.00000	10	0.10000	4	9434	15	1323	7452	660	1323	-109.32460	-inf	-115.33617
15.00000	1.00000	10	0.20000	0	9458	15	1294	7520	645	1294	-109.66413	-inf	-115.61111
15.00000	1.00000	10	0.20000	1	9476	15	1334	7478	665	1334	-108.77239	-inf	-115.95489
15.00000	1.00000	10	0.20000	2	9519	15	1341	7510	669	1341	-109.59337	-inf	-115.27002
15.00000	1.00000	10	0.20000	3	9547	15	1340	7539	669	1340	-109.76588	-inf	-115.36971
15.00000	1.00000	10	0.20000	4	9434	15	1323	7452	660	1323	-109.24401	-inf	-115.04776
15.00000	1.00000	10	0.50000	0	9458	15	1294	7520	645	1294	-109.59102	-inf	-115.04532
15.00000	1.00000	10	0.50000	1	9476	15	1334	7478	665	1334	-108.68952	-inf	-115.43776
15.00000	1.00000	10	0.50000	2	9519	15	1341	7510	669	1341	-109.51830	-inf	-114.65771
15.00000	1.00000	10	0.50000	3	9547	15	1340	7539	669	1340	-109.69036	-inf	-114.84819
15.00000	1.00000	10	0.50000	4	9434	15	1323	7452	660	1323	-109.17350	-inf	-114.63082
15.00000	1.00000	10	1.00000	0	9458	15	1294	7520	645	1294	-109.67783	-inf	-114.63530
15.00000	1.00000	10	1.00000	1	9476	15	1334	7478	665	1334	-108.77768	-inf	-115.08225
15.00000	1.00000	10	1.00000	2	9519	15	1341	7510	669	1341	-109.61460	-inf	-114.23354
15.00000	1.00000	10	1.00000	3	9547	15	1340	7539	669	1340	-109.78119	-inf	-114.49486
15.00000	1.00000	10	1.00000	4	9434	15	1323	7452	660	1323	-109.25997	-inf	-114.37336
15.00000	1.00000	10	2.00000	0	9458	15	1294	7520	645	1294	-110.14081	-inf	-114.47383
15.00000	1.00000	10	2.00000	1	9476	15	1334	7478	665	1334	-109.26147	-inf	-114.99662
15.00000	1.00000	10	2.00000	2	9519	15	1341	7510	669	1341	-110.10495	-inf	-114.09590
15.00000	1.00000	10	2.00000	3	9547	15	1340	7539	669	1340	-110.26390	-inf	-114.40623
15.00000	1.00000	10	2.00000	4	9434	15	1323	7452	660	1323	-109.72609	-inf	-114.39215
15.00000	1.00000	50	0.10000	0	9316	13	1248	7447	622	1248	-110.05655	-inf	-116.02035
15.00000	1.00000	50	0.10000	1	9364	15	1292	7429	644	1292	-109.01555	-inf	-116.28042
15.00000	1.00000	50	0.10000	2	9258	15	1247	7390	622	1247	-110.15223	-inf	-115.80882
15.00000	1.00000	50	0.10000	3	9423	13	1294	7484	646	1294	-110.09494	-inf	-115.77219
15.00000	1.00000	50	0.10000	4	9423	15	1321	7444	659	1321	-109.33210	-inf	-115.38299
15.00000	1.00000	50	0.20000	0	9316	13	1248	7447	622	1248	-109.96768	-inf	-115.67688
15.00000	1.00000	50	0.20000	1	9364	15	1292	7429	644	1292	-108.92217	-inf	-115.95416
15.00000	1.00000	50	0.20000	2	9258	15	1247	7390	622	1247	-110.05398	-inf	-115.40819
15.00000	1.00000	50	0.20000	3	9423	13	1294	7484	646	1294	-110.00689	-inf	-115.42887
15.00000	1.00000	50	0.20000	4	9423	15	1321	7444	659	1321	-109.25078	-inf	-115.08741
15.00000	1.00000	50	0.50000	0	9316	13	1248	7447	622	1248	-109.88746	-inf	-115.12875
15.00000	1.00000	50	0.50000	1	9364	15	1292	7429	644	1292	-108.83385	-inf	-115.46183
15.00000	1.00000	50	0.50000	2	9258	15	1247	7390	622	1247	-109.95748	-inf	-114.80917
15.00000	1.00000	50	0.50000	3	9423	13	1294	7484	646	1294	-109.92516	-inf	-114.91735
15.00000	1.00000	50	0.50000	4	9423	15	1321	7444	659	1321	-109.17765	-inf	-114.65787
15.00000	1.00000	50	1.00000	0	9316	13	1248	7447	622	1248	-109.96327	-inf	-114.72309
15.00000	1.00000	50	1.00000	1	9364	15	1292	7429	644	1292	-108.91338	-inf	-115.12392
15.00000	1.00000	50	1.00000	2	9258	15	1247	7390	622	1247	-110.02057	-inf	-114.39384
15.00000	1.00000	50	1.00000	3	9423	13	1294	7484	646	1294	-110.00714	-inf	-114.56913
15.00000	1.00000	50	1.00000	4	9423	15	1321	7444	659	1321	-109.26100	-inf	-114.38655
15.00000	1.00000	50	2.00000	0	9316	13	1248	7447	622	1248	-110.40172	-inf	-114.56724
15.00000	1.00000	50	2.00000	1	9364	15	1292	7429	644	1292	-109.38026	-inf	-115.04650
15.00000	1.00000	50	2.00000	2	9258	15	1247	7390	622	1247	-110.45748	-inf	-114.25486
15.00000	1.00000	50	2.00000	3	9423	13	1294	7484	646	1294	-110.46839	-inf	-114.48220
15.00000	1.00000	50	2.00000	4	9423	15	1321	7444	659	1321	-109.72158	-inf	-114.39227
15.00000	1.00000	100	0.10000	0	6838	13	538	6034	267	538	-117.40646	-inf	-120.97844
15.00000	1.00000	100	0.10000	1	6739	13	550	5917	273	550	-116.55655	-inf	-121.84166
15.00000	1.00000	100	0.10000	2	6657	13	519	5881	258	519	-116.89606	-inf	-120.30567
15.00000	1.00000	100	0.10000	3	6666	13	534	5867	266	534	-118.74424	-inf	-121.73257
15.00000	1.00000	100	0.10000	4	6516	13	473	5809	235	473	-118.04988	-inf	-121.76047
15.00000	1.00000	100	0.20000	0	6838	13	538	6034	267	538	-117.28243	-inf	-120.70450
15.00000	1.00000	100	0.20000	1	6739	13	550	5917	273	550	-116.40617	-inf	-121.54992
15.00000	1.00000	100	0.20000	2	6657	13	519	5881	258	519	-116.70464	-inf	-119.94469
15.00000	1.00000	100	0.20000	3	6666	13	534	5867	266	534	-118.62280	-inf	-121.50459
15.00000	1.00000	100	0.20000	4	6516	13	473	5809	235	473	-117.94017	-inf	-121.54776
15.00000	1.00000	100	0.50000	0	6838	13	538	6034	267	538	-117.12157	-inf	-120.28667
15.00000	1.00000	100	0.50000	1	6739	13	550	5917	273	550	-116.20759	-inf	-121.11985
15.00000	1.00000	100	0.50000	2	6657	13	519	5881	258	519	-116.44297	-inf	-119.41121
15.00000	1.00000	100	0.50000	3	6666	13	534	5867	266	534	-118.46462	-inf	-121.17631
15.00000	1.00000	100	0.50000	4	6516	13	473	5809	235	473	-117.80178	-inf	-121.22377
15.00000	1.00000	100	1.00000	0	6838	13	538	6034	267	538	-117.06052	-inf	-119.96501
15.00000	1.00000	100	1.00000	1	6739	13	550	5917	273	550	-116.12087	-inf	-120.80069
15.00000	1.00000	100	1.00000	2	6657	13	519	5881	258	519	-116.29812	-inf	-119.01707
15.00000	1.00000	100	1.00000	3	6666	13	534	5867	266	534	-118.40863	-inf	-120.96283
15.00000	1.00000	100	1.00000	4	6516	13	473	5809	235	473	-117.75680	-inf	-120.99262
15.00000	1.00000	100	2.00000	0	6838	13	538	6034	267	538	-117.19890	-inf	-119.77002
15.00000	1.00000	100	2.00000	1	6739	13	550	5917	273	550	-116.25013	-inf	-120.60470
15.00000	1.00000	100	2.00000	2	6657	13	519	5881	258	519	-116.35289	-inf	-118.77783
15.00000	1.00000	100	2.00000	3	6666	13	534	5867	266	534	-118.55055	-inf	-120.90508
15.00000	1.00000	100	2.00000	4	6516	13	473	5809	235	473	-117.90247	-inf	-120.90779
15.00000	1.00000	500	0.10000	0	1641	7	13	1623	6	13	-138.60488	-inf	-138.70310
15.00000	1.00000	500	0.10000	1	1648	7	17	1624	8	17	-138.61611	-inf	-140.31146
15.00000	1.00000	500	0.10000	2	1649	7	15	1628	7	15	-138.76194	-inf	-139.32237
15.00000	1.00000	500	0.10000	3	1650	7	13	1632	6	13	-139.26762	-inf	-139.57296
15.00000	1.00000	500	0.10000	4	1635	7	13	1617	6	13	-137.89425	-inf	-139.91375
15.00000	1.00000	500	0.20000	0	1641	7	13	1623	6	13	-138.44843	-inf	-138.51482
15.00000	1.00000	500	0.20000	1	1648	7	17	1624	8	17	-138.44943	-inf	-140.10771
15.00000	1.00000	500	0.20000	2	1649	7	15	1628	7	15	-138.61128	-inf	-139.12707
15.00000	1.00000	500	0.20000	3	1650	7	13	1632	6	13	-139.12981	-inf	-139.44475
15.00000	1.00000	500	0.20000	4	1635	7	13	1617	6	13	-137.75955	-inf	-139.75608
15.00000	1.00000	500	0.50000	0	1641	7	13	1623	6	13	-138.22021	-inf	-138.23803
15.00000	1.00000	500	0.50000	1	1648	7	17	1624	8	17	-138.20759	-inf	-139.81159
15.00000	1.00000	500	0.50000	2	1649	7	15	1628	7	15	-138.39158	-inf	-138.85222
15.00000	1.00000	500	0.50000	3	1650	7	13	1632	6	13	-138.93396	-inf	-139.24889
15.00000	1.00000	500	0.50000	4	1635	7	13	1617	6	13	-137.56243	-inf	-139.52129
15.00000	1.00000	500	1.00000	0	1641	7	13	1623	6	13	-138.03169	-inf	-138.01412
15.00000	1.00000	500	1.00000	1	1648	7	17	1624	8	17	-138.00799	-inf	-139.56950
15.00000	1.00000	500	1.00000	2	1649	7	15	1628	7	15	-138.20984	-inf	-138.61882
15.00000	1.00000	500	1.00000	3	1650	7	13	1632	6	13	-138.77564	-inf	-139.07488
15.00000	1.00000	500	1.00000	4	1635	7	13	1617	6	13	-137.40155	-inf	-139.31879
15.00000	1.00000	500	2.00000	0	1641	7	13	1623	6	13	-137.83922	-inf	-137.78758
15.00000	1.00000	500	2.00000	1	1648	7	17	1624	8	17	-137.79642	-inf	-139.31717
15.00000	1.00000	500	2.00000	2	1649	7	15	1628	7	15	-138.02817	-inf	-138.37662
15.00000	1.00000	500	2.00000	3	1650	7	13	1632	6	13	-138.61804	-inf	-138.89229
15.00000	1.00000	500	2.00000	4	1635	7	13	1617	6	13	-137.24018	-inf	-139.10239
20.00000	1.00000	10	0.10000	0	7060	13	974	5602	485	974	-111.54527	-inf	-116.00827
20.00000	1.00000	10	0.10000	1	7025	13	938	5620	468	938	-110.61249	-inf	-116.14999
20.00000	1.00000	10	0.10000	2	7040	13	920	5662	459	920	-111.63725	-inf	-116.00895
20.00000	1.00000	10	0.10000	3	7029	13	972	5573	485	972	-111.81100	-inf	-115.28070
20.00000	1.00000	10	0.10000	4	6974	15	958	5539	478	958	-111.31360	-inf	-116.06749
20.00000	1.00000	10	0.20000	0	7060	13	974	5602	485	974	-111.44791	-inf	-115.72368
20.00000	1.00000	10	0.20000	1	7025	13	938	5620	468	938	-110.51978	-inf	-115.86761
20.00000	1.00000	10	0.20000	2	7040	13	920	5662	459	920	-111.53517	-inf	-115.66471
20.00000	1.00000	10	0.20000	3	7029	13	972	5573	485	972	-111.71525	-inf	-115.05059
20.00000	1.00000	10	0.20000	4	6974	15	958	5539	478	958	-111.21319	-inf	-115.84959
20.00000	1.00000	10	0.50000	0	7060	13	974	5602	485	974	-111.33504	-inf	-115.27645
20.00000	1.00000	10	0.50000	1	7025	13	938	5620	468	938	-110.40684	-inf	-115.43379
20.00000	1.00000	10	0.50000	2	7040	13	920	5662	459	920	-111.41399	-inf	-115.14133
20.00000	1.00000	10	0.50000	3	7029	13	972	5573	485	972	-111.60126	-inf	-114.69415
20.00000	1.00000	10	0.50000	4	6974	15	958	5539	478	958	-111.08933	-inf	-115.50650
20.00000	1.00000	10	1.00000	0	7060	13	974	5602	485	974	-111.33837	-inf	-114.93432
20.00000	1.00000	10	1.00000	1	7025	13	938	5620	468	938	-110.40367	-inf	-115.11192
20.00000	1.00000	10	1.00000	2	7040	13	920	5662	459	920	-111.40610	-inf	-114.76573
20.00000	1.00000	10	1.00000	3	7029	13	972	5573	485	972	-111.59838	-inf	-114.45372
20.00000	1.00000	10	1.00000	4	6974	15	958	5539	478	958	-111.08023	-inf	-115.26590
20.00000	1.00000	10	2.00000	0	7060	13	974	5602	485	974	-111.60212	-inf	-114.76020
20.00000	1.00000	10	2.00000	1	7025	13	938	5620	468	938	-110.65735	-inf	-114.96254
20.00000	1.00000	10	2.00000	2	7040	13	920	5662	459	920	-111.65090	-inf	-114.58240
20.00000	1.00000	10	2.00000	3	7029	13	972	5573	485	972	-111.85007	-inf	-114.41410
20.00000	1.00000	10	2.00000	4	6974	15	958	5539	478	958	-111.32729	-inf	-115.20522
20.00000	1.00000	50	0.10000	0	7038	13	968	5589	482	968	-111.62139	-inf	-116.07717
20.00000	1.00000	50	0.10000	1	7025	13	938	5620	468	938	-110.60133	-inf	-116.15565
20.00000	1.00000	50	0.10000	2	7047	13	926	5660	462	926	-111.74287	-inf	-116.02860
20.00000	1.00000	50	0.10000	3	7009	13	964	5565	481	964	-111.84895	-inf	-115.29469
20.00000	1.00000	50	0.10000	4	6979	15	960	5541	479	960	-111.31037	-inf	-116.06470
20.00000	1.00000	50	0.20000	0	7038	13	968	5589	482	968	-111.52430	-inf	-115.79004
20.00000	1.00000	50	0.20000	1	7025	13	938	5620	468	938	-110.50866	-inf	-115.87384
20.00000	1.00000	50	0.20000	2	7047	13	926	5660	462	926	-111.64012	-inf	-115.68862
20.00000	1.00000	50	0.20000	3	7009	13	964	5565	481	964	-111.75240	-inf	-115.06532
20.00000	1.00000	50	0.20000	4	6979	15	960	5541	479	960	-111.20973	-inf	-115.84503
20.00000	1.00000	50	0.50000	0	7038	13	968	5589	482	968	-111.41014	-inf	-115.34027
20.00000	1.00000	50	0.50000	1	7025	13	938	5620	468	938	-110.39627	-inf	-115.44026
20.00000	1.00000	50	0.50000	2	7047	13	926	5660	462	926	-111.51766	-inf	-115.17138
20.00000	1.00000	50	0.50000	3	7009	13	964	5565	481	964	-111.63575	-inf	-114.71066
20.00000	1.00000	50	0.50000	4	6979	15	960	5541	479	960	-111.08502	-inf	-115.49854
20.00000	1.00000	50	1.00000	0	7038	13	968	5589	482	968	-111.40938	-inf	-114.99911
20.00000	1.00000	50	1.00000	1	7025	13	938	5620	468	938	-110.39379	-inf	-115.11669
20.00000	1.00000	50	1.00000	2	7047	13	926	5660	462	926	-111.50842	-inf	-114.80037
20.00000	1.00000	50	1.00000	3	7009	13	964	5565	481	964	-111.62912	-inf	-114.47046
20.00000	1.00000	50	1.00000	4	6979	15	960	5541	479	960	-111.07488	-inf	-115.25620
20.00000	1.00000	50	2.00000	0	7038	13	968	5589	482	968	-111.66684	-inf	-114.82607
20.00000	1.00000	50	2.00000	1	7025	13	938	5620	468	938	-110.64824	-inf	-114.96445
20.00000	1.00000	50	2.00000	2	7047	13	926	5660	462	926	-111.75121	-inf	-114.62167
20.00000	1.00000	50	2.00000	3	7009	13	964	5565	481	964	-111.87513	-inf	-114.43113
20.00000	1.00000	50	2.00000	4	6979	15	960	5541	479	960	-111.32070	-inf	-115.19422
20.00000	1.00000	100	0.10000	0	6295	11	724	5212	360	724	-113.89384	-inf	-117.56560
20.00000	1.00000	100	0.10000	1	6138	11	656	5156	327	656	-113.43732	-inf	-118.25156
20.00000	1.00000	100	0.10000	2	6303	13	692	5267	345	692	-114.10803	-inf	-117.54239
20.00000	1.00000	100	0.10000	3	6070	13	678	5055	338	678	-114.97790	-inf	-117.56366
20.00000	1.00000	100	0.10000	4	6258	15	706	5201	352	706	-112.98060	-inf	-117.38841
20.00000	1.00000	100	0.20000	0	6295	11	724	5212	360	724	-113.78758	-inf	-117.30826
20.00000	1.00000	100	0.20000	1	6138	11	656	5156	327	656	-113.29814	-inf	-117.96392
20.00000	1.00000	100	0.20000	2	6303	13	692	5267	345	692	-114.00270	-inf	-117.25411
20.00000	1.00000	100	0.20000	3	6070	13	678	5055	338	678	-114.86253	-inf	-117.36413
20.00000	1.00000	100	0.20000	4	6258	15	706	5201	352	706	-112.86940	-inf	-117.16163
20.00000	1.00000	100	0.50000	0	6295	11	724	5212	360	724	-113.64954	-inf	-116.90804
20.00000	1.00000	100	0.50000	1	6138	11	656	5156	327	656	-113.10558	-inf	-117.52711
20.00000	1.00000	100	0.50000	2	6303	13	692	5267	345	692	-113.86436	-inf	-116.83255
20.00000	1.00000	100	0.50000	3	6070	13	678	5055	338	678	-114.70981	-inf	-117.07299
20.00000	1.00000	100	0.50000	4	6258	15	706	5201	352	706	-112.72520	-inf	-116.81365
20.00000	1.00000	100	1.00000	0	6295	11	724	5212	360	724	-113.61323	-inf	-116.59992
20.00000	1.00000	100	1.00000	1	6138	11	656	5156	327	656	-113.01669	-inf	-117.20679
20.00000	1.00000	100	1.00000	2	6303	13	692	5267	345	692	-113.82074	-inf	-116.53712
20.00000	1.00000	100	1.00000	3	6070	13	678	5055	338	678	-114.65258	-inf	-116.88689
20.00000	1.00000	100	1.00000	4	6258	15	706	5201	352	706	-112.68535	-inf	-116.57011
20.00000	1.00000	100	2.00000	0	6295	11	724	5212	360	724	-113.78956	-inf	-116.43251
20.00000	1.00000	100	2.00000	1	6138	11	656	5156	327	656	-113.12579	-inf	-117.02054
20.00000	1.00000	100	2.00000	2	6303	13	692	5267	345	692	-113.98361	-inf	-116.41061
20.00000	1.00000	100	2.00000	3	6070	13	678	5055	338	678	-114.79141	-inf	-116.86815
20.00000	1.00000	100	2.00000	4	6258	15	706	5201	352	706	-112.86578	-inf	-116.48365
20.00000	1.00000	500	0.10000	0	1635	7	15	1614	7	15	-138.61617	-inf	-138.72247
20.00000	1.00000	500	0.10000	1	1635	7	15	1614	7	15	-138.58448	-inf	-140.17077
20.00000	1.00000	500	0.10000	2	1644	7	17	1620	8	17	-138.73896	-inf	-139.28588
20.00000	1.00000	500	0.10000	3	1642	7	17	1618	8	17	-138.73045	-inf	-139.07698
20.00000	1.00000	500	0.10000	4	1622	7	13	1604	6	13	-137.90560	-inf	-139.87887
20.00000	1.00000	500	0.20000	0	1635	7	15	1614	7	15	-138.45819	-inf	-138.53641
20.00000	1.00000	500	0.20000	1	1635	7	15	1614	7	15	-138.42393	-inf	-139.98140
20.00000	1.00000	500	0.20000	2	1644	7	17	1620	8	17	-138.58787	-inf	-139.09007
20.00000	1.00000	500	0.20000	3	1642	7	17	1618	8	17	-138.58570	-inf	-138.93680
20.00000	1.00000	500	0.20000	4	1622	7	13	1604	6	13	-137.77275	-inf	-139.72318
20.00000	1.00000	500	0.50000	0	1635	7	15	1614	7	15	-138.22803	-inf	-138.26096
20.00000	1.00000	500	0.50000	1	1635	7	15	1614	7	15	-138.18878	-inf	-139.71385
20.00000	1.00000	500	0.50000	2	1644	7	17	1620	8	17	-138.36729	-inf	-138.81506
20.00000	1.00000	500	0.50000	3	1642	7	17	1618	8	17	-138.37395	-inf	-138.71888
20.00000	1.00000	500	0.50000	4	1622	7	13	1604	6	13	-137.57933	-inf	-139.49364
20.00000	1.00000	500	1.00000	0	1635	7	15	1614	7	15	-138.03840	-inf	-138.03541
20.00000	1.00000	500	1.00000	1	1635	7	15	1614	7	15	-137.99283	-inf	-139.49855
20.00000	1.00000	500	1.00000	2	1644	7	17	1620	8	17	-138.18582	-inf	-138.58146
20.00000	1.00000	500	1.00000	3	1642	7	17	1618	8	17	-138.19913	-inf	-138.53325
20.00000	1.00000	500	1.00000	4	1622	7	13	1604	6	13	-137.42283	-inf	-139.29652
20.00000	1.00000	500	2.00000	0	1635	7	15	1614	7	15	-137.84506	-inf	-137.80603
20.00000	1.00000	500	2.00000	1	1635	7	15	1614	7	15	-137.78555	-inf	-139.27213
20.00000	1.00000	500	2.00000	2	1644	7	17	1620	8	17	-138.00460	-inf	-138.33944
20.00000	1.00000	500	2.00000	3	1642	7	17	1618	8	17	-138.02438	-inf	-138.34207
20.00000	1.00000	500	2.00000	4	1622	7	13	1604	6	13	-137.26507	-inf	-139.08442
alpha: 1.0, cluster-penalty: 1.0, g-factor: 10.0, min-inst-slice: 10, test_ll: -114.13657830388472, train_ll: -106.37916685051496, valid_ll: -114.13657830388472