parameters:
Namespace(alpha=[0.1, 0.2, 0.5, 1.0, 2.0], clt_leaves=False, cluster_method='GMM', cluster_penalty=[1.0], cv=5, data_exts=None, dataset='data/multilabel/cal500/cal500.5.folds.pklz', dtype='int32', feature_scheme=None, g_factor=[5.0, 10.0, 15.0, 20.0], gzip=True, kde_leaves=False, min_inst_slice=[10, 50, 100, 500], n_iters=100, n_restarts=4, n_row_clusters=2, output='exp/ml-repr-spn-y/', save_model=True, seed=1337, sklearn_args=None, suffix=None, verbose=1, y_only=True)

g-factor:	clu-pen:	min-ins:	alpha:	fold:	n_edges:	depth:	n_weights:	n_leaves:	n_sums:	n_prods:	train_ll	valid_ll:	test_ll
5.00000	1.00000	10	0.10000	0	1910	13	294	1470	147	294	-41.55178	-inf	-47.35325
5.00000	1.00000	10	0.10000	1	1815	13	260	1426	130	260	-41.38714	-inf	-48.63257
5.00000	1.00000	10	0.10000	2	1828	11	276	1415	138	276	-41.97368	-inf	-48.21202
5.00000	1.00000	10	0.10000	3	1778	13	252	1401	126	252	-41.71107	-inf	-48.36058
5.00000	1.00000	10	0.10000	4	1871	13	296	1428	148	296	-41.18057	-inf	-48.49238
5.00000	1.00000	10	0.20000	0	1910	13	294	1470	147	294	-41.64372	-inf	-46.89567
5.00000	1.00000	10	0.20000	1	1815	13	260	1426	130	260	-41.47599	-inf	-48.21806
5.00000	1.00000	10	0.20000	2	1828	11	276	1415	138	276	-42.04834	-inf	-47.76769
5.00000	1.00000	10	0.20000	3	1778	13	252	1401	126	252	-41.79435	-inf	-47.95038
5.00000	1.00000	10	0.20000	4	1871	13	296	1428	148	296	-41.26311	-inf	-48.01357
5.00000	1.00000	10	0.50000	0	1910	13	294	1470	147	294	-41.95512	-inf	-46.39338
5.00000	1.00000	10	0.50000	1	1815	13	260	1426	130	260	-41.77395	-inf	-47.75863
5.00000	1.00000	10	0.50000	2	1828	11	276	1415	138	276	-42.32154	-inf	-47.26818
5.00000	1.00000	10	0.50000	3	1778	13	252	1401	126	252	-42.07785	-inf	-47.48621
5.00000	1.00000	10	0.50000	4	1871	13	296	1428	148	296	-41.55225	-inf	-47.45755
5.00000	1.00000	10	1.00000	0	1910	13	294	1470	147	294	-42.52945	-inf	-46.27468
5.00000	1.00000	10	1.00000	1	1815	13	260	1426	130	260	-42.31708	-inf	-47.63081
5.00000	1.00000	10	1.00000	2	1828	11	276	1415	138	276	-42.84389	-inf	-47.12999
5.00000	1.00000	10	1.00000	3	1778	13	252	1401	126	252	-42.59727	-inf	-47.34468
5.00000	1.00000	10	1.00000	4	1871	13	296	1428	148	296	-42.09004	-inf	-47.24452
5.00000	1.00000	10	2.00000	0	1910	13	294	1470	147	294	-43.73731	-inf	-46.73155
5.00000	1.00000	10	2.00000	1	1815	13	260	1426	130	260	-43.45721	-inf	-47.99928
5.00000	1.00000	10	2.00000	2	1828	11	276	1415	138	276	-43.97132	-inf	-47.53506
5.00000	1.00000	10	2.00000	3	1778	13	252	1401	126	252	-43.69067	-inf	-47.68899
5.00000	1.00000	10	2.00000	4	1871	13	296	1428	148	296	-43.22947	-inf	-47.51985
5.00000	1.00000	50	0.10000	0	1299	9	108	1138	54	108	-44.70046	-inf	-48.80683
5.00000	1.00000	50	0.10000	1	1334	9	126	1146	63	126	-43.88259	-inf	-49.40652
5.00000	1.00000	50	0.10000	2	1335	9	128	1144	64	128	-44.57752	-inf	-48.69039
5.00000	1.00000	50	0.10000	3	1294	11	120	1115	60	120	-44.52895	-inf	-49.45031
5.00000	1.00000	50	0.10000	4	1300	9	122	1118	61	122	-44.49274	-inf	-49.17698
5.00000	1.00000	50	0.20000	0	1299	9	108	1138	54	108	-44.73595	-inf	-48.46495
5.00000	1.00000	50	0.20000	1	1334	9	126	1146	63	126	-43.93534	-inf	-49.12429
5.00000	1.00000	50	0.20000	2	1335	9	128	1144	64	128	-44.61275	-inf	-48.42783
5.00000	1.00000	50	0.20000	3	1294	11	120	1115	60	120	-44.57150	-inf	-49.17572
5.00000	1.00000	50	0.20000	4	1300	9	122	1118	61	122	-44.53200	-inf	-48.88420
5.00000	1.00000	50	0.50000	0	1299	9	108	1138	54	108	-44.89845	-inf	-48.04588
5.00000	1.00000	50	0.50000	1	1334	9	126	1146	63	126	-44.12589	-inf	-48.81183
5.00000	1.00000	50	0.50000	2	1335	9	128	1144	64	128	-44.77621	-inf	-48.14426
5.00000	1.00000	50	0.50000	3	1294	11	120	1115	60	120	-44.73393	-inf	-48.86000
5.00000	1.00000	50	0.50000	4	1300	9	122	1118	61	122	-44.68954	-inf	-48.55332
5.00000	1.00000	50	1.00000	0	1299	9	108	1138	54	108	-45.24245	-inf	-47.89416
5.00000	1.00000	50	1.00000	1	1334	9	126	1146	63	126	-44.49692	-inf	-48.73617
5.00000	1.00000	50	1.00000	2	1335	9	128	1144	64	128	-45.12563	-inf	-48.10664
5.00000	1.00000	50	1.00000	3	1294	11	120	1115	60	120	-45.06015	-inf	-48.75932
5.00000	1.00000	50	1.00000	4	1300	9	122	1118	61	122	-45.01237	-inf	-48.45525
5.00000	1.00000	50	2.00000	0	1299	9	108	1138	54	108	-46.04350	-inf	-48.16483
5.00000	1.00000	50	2.00000	1	1334	9	126	1146	63	126	-45.33290	-inf	-49.05028
5.00000	1.00000	50	2.00000	2	1335	9	128	1144	64	128	-45.94336	-inf	-48.49994
5.00000	1.00000	50	2.00000	3	1294	11	120	1115	60	120	-45.80571	-inf	-49.01716
5.00000	1.00000	50	2.00000	4	1300	9	122	1118	61	122	-45.76478	-inf	-48.72767
5.00000	1.00000	100	0.10000	0	883	7	44	818	22	44	-47.76724	-inf	-49.25684
5.00000	1.00000	100	0.10000	1	976	7	62	884	31	62	-46.39208	-inf	-51.04901
5.00000	1.00000	100	0.10000	2	871	7	42	809	21	42	-47.74359	-inf	-50.53001
5.00000	1.00000	100	0.10000	3	847	7	42	785	21	42	-47.58265	-inf	-50.97439
5.00000	1.00000	100	0.10000	4	878	7	50	804	25	50	-47.20807	-inf	-50.09525
5.00000	1.00000	100	0.20000	0	883	7	44	818	22	44	-47.78157	-inf	-49.11150
5.00000	1.00000	100	0.20000	1	976	7	62	884	31	62	-46.41995	-inf	-50.82933
5.00000	1.00000	100	0.20000	2	871	7	42	809	21	42	-47.75093	-inf	-50.34758
5.00000	1.00000	100	0.20000	3	847	7	42	785	21	42	-47.58925	-inf	-50.74808
5.00000	1.00000	100	0.20000	4	878	7	50	804	25	50	-47.22861	-inf	-49.88028
5.00000	1.00000	100	0.50000	0	883	7	44	818	22	44	-47.87096	-inf	-48.96778
5.00000	1.00000	100	0.50000	1	976	7	62	884	31	62	-46.53752	-inf	-50.57936
5.00000	1.00000	100	0.50000	2	871	7	42	809	21	42	-47.82404	-inf	-50.15777
5.00000	1.00000	100	0.50000	3	847	7	42	785	21	42	-47.65487	-inf	-50.46838
5.00000	1.00000	100	0.50000	4	878	7	50	804	25	50	-47.32867	-inf	-49.64983
5.00000	1.00000	100	1.00000	0	883	7	44	818	22	44	-48.07976	-inf	-48.98479
5.00000	1.00000	100	1.00000	1	976	7	62	884	31	62	-46.78519	-inf	-50.50189
5.00000	1.00000	100	1.00000	2	871	7	42	809	21	42	-48.01479	-inf	-50.13380
5.00000	1.00000	100	1.00000	3	847	7	42	785	21	42	-47.82745	-inf	-50.35714
5.00000	1.00000	100	1.00000	4	878	7	50	804	25	50	-47.54910	-inf	-49.60281
5.00000	1.00000	100	2.00000	0	883	7	44	818	22	44	-48.60370	-inf	-49.30573
5.00000	1.00000	100	2.00000	1	976	7	62	884	31	62	-47.38004	-inf	-50.70736
5.00000	1.00000	100	2.00000	2	871	7	42	809	21	42	-48.52000	-inf	-50.39584
5.00000	1.00000	100	2.00000	3	847	7	42	785	21	42	-48.28429	-inf	-50.51579
5.00000	1.00000	100	2.00000	4	878	7	50	804	25	50	-48.08397	-inf	-49.85745
5.00000	1.00000	500	0.10000	0	174	2	0	174	0	1	-57.69736	-inf	-56.66116
5.00000	1.00000	500	0.10000	1	174	2	0	174	0	1	-57.18996	-inf	-58.71616
5.00000	1.00000	500	0.10000	2	174	2	0	174	0	1	-57.25937	-inf	-58.54737
5.00000	1.00000	500	0.10000	3	174	2	0	174	0	1	-57.34914	-inf	-58.07507
5.00000	1.00000	500	0.10000	4	174	2	0	174	0	1	-57.47594	-inf	-57.55567
5.00000	1.00000	500	0.20000	0	174	2	0	174	0	1	-57.69771	-inf	-56.65963
5.00000	1.00000	500	0.20000	1	174	2	0	174	0	1	-57.19031	-inf	-58.70998
5.00000	1.00000	500	0.20000	2	174	2	0	174	0	1	-57.25972	-inf	-58.54167
5.00000	1.00000	500	0.20000	3	174	2	0	174	0	1	-57.34946	-inf	-58.07524
5.00000	1.00000	500	0.20000	4	174	2	0	174	0	1	-57.47626	-inf	-57.55627
5.00000	1.00000	500	0.50000	0	174	2	0	174	0	1	-57.70003	-inf	-56.65697
5.00000	1.00000	500	0.50000	1	174	2	0	174	0	1	-57.19270	-inf	-58.69354
5.00000	1.00000	500	0.50000	2	174	2	0	174	0	1	-57.26205	-inf	-58.52666
5.00000	1.00000	500	0.50000	3	174	2	0	174	0	1	-57.35164	-inf	-58.07703
5.00000	1.00000	500	0.50000	4	174	2	0	174	0	1	-57.47842	-inf	-57.55925
5.00000	1.00000	500	1.00000	0	174	2	0	174	0	1	-57.70786	-inf	-56.65820
5.00000	1.00000	500	1.00000	1	174	2	0	174	0	1	-57.20074	-inf	-58.67245
5.00000	1.00000	500	1.00000	2	174	2	0	174	0	1	-57.26992	-inf	-58.50783
5.00000	1.00000	500	1.00000	3	174	2	0	174	0	1	-57.35901	-inf	-58.08397
5.00000	1.00000	500	1.00000	4	174	2	0	174	0	1	-57.48575	-inf	-57.56789
5.00000	1.00000	500	2.00000	0	174	2	0	174	0	1	-57.73617	-inf	-56.67791
5.00000	1.00000	500	2.00000	1	174	2	0	174	0	1	-57.22985	-inf	-58.64999
5.00000	1.00000	500	2.00000	2	174	2	0	174	0	1	-57.29848	-inf	-58.48957
5.00000	1.00000	500	2.00000	3	174	2	0	174	0	1	-57.38598	-inf	-58.11052
5.00000	1.00000	500	2.00000	4	174	2	0	174	0	1	-57.51263	-inf	-57.59716
10.00000	1.00000	10	0.10000	0	864	9	122	682	61	122	-45.36353	-inf	-46.87536
10.00000	1.00000	10	0.10000	1	853	9	124	668	62	124	-44.81675	-inf	-49.28299
10.00000	1.00000	10	0.10000	2	840	9	120	661	60	120	-45.22721	-inf	-47.77156
10.00000	1.00000	10	0.10000	3	845	9	116	672	58	116	-45.24575	-inf	-48.07977
10.00000	1.00000	10	0.10000	4	892	9	124	707	62	124	-44.83160	-inf	-48.12722
10.00000	1.00000	10	0.20000	0	864	9	122	682	61	122	-45.37147	-inf	-46.76519
10.00000	1.00000	10	0.20000	1	853	9	124	668	62	124	-44.83115	-inf	-49.13096
10.00000	1.00000	10	0.20000	2	840	9	120	661	60	120	-45.22901	-inf	-47.64050
10.00000	1.00000	10	0.20000	3	845	9	116	672	58	116	-45.24815	-inf	-47.92138
10.00000	1.00000	10	0.20000	4	892	9	124	707	62	124	-44.84083	-inf	-47.91021
10.00000	1.00000	10	0.50000	0	864	9	122	682	61	122	-45.43504	-inf	-46.63898
10.00000	1.00000	10	0.50000	1	853	9	124	668	62	124	-44.90800	-inf	-48.94070
10.00000	1.00000	10	0.50000	2	840	9	120	661	60	120	-45.28266	-inf	-47.47091
10.00000	1.00000	10	0.50000	3	845	9	116	672	58	116	-45.30113	-inf	-47.74133
10.00000	1.00000	10	0.50000	4	892	9	124	707	62	124	-44.91580	-inf	-47.65547
10.00000	1.00000	10	1.00000	0	864	9	122	682	61	122	-45.59881	-inf	-46.62617
10.00000	1.00000	10	1.00000	1	853	9	124	668	62	124	-45.08426	-inf	-48.85840
10.00000	1.00000	10	1.00000	2	840	9	120	661	60	120	-45.43610	-inf	-47.41318
10.00000	1.00000	10	1.00000	3	845	9	116	672	58	116	-45.45372	-inf	-47.69747
10.00000	1.00000	10	1.00000	4	892	9	124	707	62	124	-45.10283	-inf	-47.56186
10.00000	1.00000	10	2.00000	0	864	9	122	682	61	122	-46.02313	-inf	-46.84473
10.00000	1.00000	10	2.00000	1	853	9	124	668	62	124	-45.51994	-inf	-48.96528
10.00000	1.00000	10	2.00000	2	840	9	120	661	60	120	-45.84317	-inf	-47.57375
10.00000	1.00000	10	2.00000	3	845	9	116	672	58	116	-45.86452	-inf	-47.88759
10.00000	1.00000	10	2.00000	4	892	9	124	707	62	124	-45.57520	-inf	-47.71720
10.00000	1.00000	50	0.10000	0	844	9	114	674	57	114	-45.49292	-inf	-46.87262
10.00000	1.00000	50	0.10000	1	853	9	124	668	62	124	-44.81675	-inf	-49.28299
10.00000	1.00000	50	0.10000	2	829	9	116	656	58	116	-45.30727	-inf	-47.80456
10.00000	1.00000	50	0.10000	3	845	9	116	672	58	116	-45.24575	-inf	-48.07977
10.00000	1.00000	50	0.10000	4	878	9	120	699	60	120	-44.99629	-inf	-48.21120
10.00000	1.00000	50	0.20000	0	844	9	114	674	57	114	-45.49839	-inf	-46.76667
10.00000	1.00000	50	0.20000	1	853	9	124	668	62	124	-44.83115	-inf	-49.13096
10.00000	1.00000	50	0.20000	2	829	9	116	656	58	116	-45.30706	-inf	-47.66967
10.00000	1.00000	50	0.20000	3	845	9	116	672	58	116	-45.24815	-inf	-47.92138
10.00000	1.00000	50	0.20000	4	878	9	120	699	60	120	-45.00377	-inf	-47.99366
10.00000	1.00000	50	0.50000	0	844	9	114	674	57	114	-45.55548	-inf	-46.64904
10.00000	1.00000	50	0.50000	1	853	9	124	668	62	124	-44.90800	-inf	-48.94070
10.00000	1.00000	50	0.50000	2	829	9	116	656	58	116	-45.35585	-inf	-47.49437
10.00000	1.00000	50	0.50000	3	845	9	116	672	58	116	-45.30113	-inf	-47.74133
10.00000	1.00000	50	0.50000	4	878	9	120	699	60	120	-45.07397	-inf	-47.73676
10.00000	1.00000	50	1.00000	0	844	9	114	674	57	114	-45.70948	-inf	-46.64332
10.00000	1.00000	50	1.00000	1	853	9	124	668	62	124	-45.08426	-inf	-48.85840
10.00000	1.00000	50	1.00000	2	829	9	116	656	58	116	-45.50263	-inf	-47.43150
10.00000	1.00000	50	1.00000	3	845	9	116	672	58	116	-45.45372	-inf	-47.69747
10.00000	1.00000	50	1.00000	4	878	9	120	699	60	120	-45.25310	-inf	-47.63924
10.00000	1.00000	50	2.00000	0	844	9	114	674	57	114	-46.11712	-inf	-46.86594
10.00000	1.00000	50	2.00000	1	853	9	124	668	62	124	-45.51994	-inf	-48.96528
10.00000	1.00000	50	2.00000	2	829	9	116	656	58	116	-45.89889	-inf	-47.58598
10.00000	1.00000	50	2.00000	3	845	9	116	672	58	116	-45.86452	-inf	-47.88759
10.00000	1.00000	50	2.00000	4	878	9	120	699	60	120	-45.70953	-inf	-47.78691
10.00000	1.00000	100	0.10000	0	724	7	76	611	38	76	-46.88725	-inf	-47.73047
10.00000	1.00000	100	0.10000	1	812	7	110	648	55	110	-45.21395	-inf	-49.68897
10.00000	1.00000	100	0.10000	2	722	7	84	597	42	84	-46.55161	-inf	-49.02236
10.00000	1.00000	100	0.10000	3	717	7	76	604	38	76	-46.71488	-inf	-49.16836
10.00000	1.00000	100	0.10000	4	725	7	72	618	36	72	-46.78464	-inf	-48.99299
10.00000	1.00000	100	0.20000	0	724	7	76	611	38	76	-46.88043	-inf	-47.65078
10.00000	1.00000	100	0.20000	1	812	7	110	648	55	110	-45.22516	-inf	-49.53082
10.00000	1.00000	100	0.20000	2	722	7	84	597	42	84	-46.54288	-inf	-48.88565
10.00000	1.00000	100	0.20000	3	717	7	76	604	38	76	-46.70980	-inf	-49.02278
10.00000	1.00000	100	0.20000	4	725	7	72	618	36	72	-46.77805	-inf	-48.83820
10.00000	1.00000	100	0.50000	0	724	7	76	611	38	76	-46.91199	-inf	-47.56493
10.00000	1.00000	100	0.50000	1	812	7	110	648	55	110	-45.29398	-inf	-49.32733
10.00000	1.00000	100	0.50000	2	722	7	84	597	42	84	-46.57019	-inf	-48.72130
10.00000	1.00000	100	0.50000	3	717	7	76	604	38	76	-46.74448	-inf	-48.85961
10.00000	1.00000	100	0.50000	4	725	7	72	618	36	72	-46.81122	-inf	-48.66592
10.00000	1.00000	100	1.00000	0	724	7	76	611	38	76	-47.03119	-inf	-47.57390
10.00000	1.00000	100	1.00000	1	812	7	110	648	55	110	-45.45719	-inf	-49.23033
10.00000	1.00000	100	1.00000	2	722	7	84	597	42	84	-46.68275	-inf	-48.66552
10.00000	1.00000	100	1.00000	3	717	7	76	604	38	76	-46.86589	-inf	-48.81818
10.00000	1.00000	100	1.00000	4	725	7	72	618	36	72	-46.93400	-inf	-48.62185
10.00000	1.00000	100	2.00000	0	724	7	76	611	38	76	-47.37210	-inf	-47.78820
10.00000	1.00000	100	2.00000	1	812	7	110	648	55	110	-45.86635	-inf	-49.31298
10.00000	1.00000	100	2.00000	2	722	7	84	597	42	84	-47.01105	-inf	-48.79666
10.00000	1.00000	100	2.00000	3	717	7	76	604	38	76	-47.20846	-inf	-48.97955
10.00000	1.00000	100	2.00000	4	725	7	72	618	36	72	-47.28504	-inf	-48.78726
10.00000	1.00000	500	0.10000	0	174	2	0	174	0	1	-57.69736	-inf	-56.66116
10.00000	1.00000	500	0.10000	1	174	2	0	174	0	1	-57.18996	-inf	-58.71616
10.00000	1.00000	500	0.10000	2	174	2	0	174	0	1	-57.25937	-inf	-58.54737
10.00000	1.00000	500	0.10000	3	174	2	0	174	0	1	-57.34914	-inf	-58.07507
10.00000	1.00000	500	0.10000	4	174	2	0	174	0	1	-57.47594	-inf	-57.55567
10.00000	1.00000	500	0.20000	0	174	2	0	174	0	1	-57.69771	-inf	-56.65963
10.00000	1.00000	500	0.20000	1	174	2	0	174	0	1	-57.19031	-inf	-58.70998
10.00000	1.00000	500	0.20000	2	174	2	0	174	0	1	-57.25972	-inf	-58.54167
10.00000	1.00000	500	0.20000	3	174	2	0	174	0	1	-57.34946	-inf	-58.07524
10.00000	1.00000	500	0.20000	4	174	2	0	174	0	1	-57.47626	-inf	-57.55627
10.00000	1.00000	500	0.50000	0	174	2	0	174	0	1	-57.70003	-inf	-56.65697
10.00000	1.00000	500	0.50000	1	174	2	0	174	0	1	-57.19270	-inf	-58.69354
10.00000	1.00000	500	0.50000	2	174	2	0	174	0	1	-57.26205	-inf	-58.52666
10.00000	1.00000	500	0.50000	3	174	2	0	174	0	1	-57.35164	-inf	-58.07703
10.00000	1.00000	500	0.50000	4	174	2	0	174	0	1	-57.47842	-inf	-57.55925
10.00000	1.00000	500	1.00000	0	174	2	0	174	0	1	-57.70786	-inf	-56.65820
10.00000	1.00000	500	1.00000	1	174	2	0	174	0	1	-57.20074	-inf	-58.67245
10.00000	1.00000	500	1.00000	2	174	2	0	174	0	1	-57.26992	-inf	-58.50783
10.00000	1.00000	500	1.00000	3	174	2	0	174	0	1	-57.35901	-inf	-58.08397
10.00000	1.00000	500	1.00000	4	174	2	0	174	0	1	-57.48575	-inf	-57.56789
10.00000	1.00000	500	2.00000	0	174	2	0	174	0	1	-57.73617	-inf	-56.67791
10.00000	1.00000	500	2.00000	1	174	2	0	174	0	1	-57.22985	-inf	-58.64999
10.00000	1.00000	500	2.00000	2	174	2	0	174	0	1	-57.29848	-inf	-58.48957
10.00000	1.00000	500	2.00000	3	174	2	0	174	0	1	-57.38598	-inf	-58.11052
10.00000	1.00000	500	2.00000	4	174	2	0	174	0	1	-57.51263	-inf	-57.59716
15.00000	1.00000	10	0.10000	0	638	7	80	519	40	80	-46.72456	-inf	-47.14396
15.00000	1.00000	10	0.10000	1	607	7	68	506	34	68	-46.38497	-inf	-49.74092
15.00000	1.00000	10	0.10000	2	621	7	74	511	37	74	-47.04909	-inf	-48.94863
15.00000	1.00000	10	0.10000	3	643	7	84	518	42	84	-46.56160	-inf	-48.65479
15.00000	1.00000	10	0.10000	4	642	7	78	526	39	78	-46.40786	-inf	-48.84225
15.00000	1.00000	10	0.20000	0	638	7	80	519	40	80	-46.72854	-inf	-47.07268
15.00000	1.00000	10	0.20000	1	607	7	68	506	34	68	-46.38906	-inf	-49.67095
15.00000	1.00000	10	0.20000	2	621	7	74	511	37	74	-47.05140	-inf	-48.84921
15.00000	1.00000	10	0.20000	3	643	7	84	518	42	84	-46.56454	-inf	-48.54824
15.00000	1.00000	10	0.20000	4	642	7	78	526	39	78	-46.40969	-inf	-48.66892
15.00000	1.00000	10	0.50000	0	638	7	80	519	40	80	-46.77026	-inf	-47.00105
15.00000	1.00000	10	0.50000	1	607	7	68	506	34	68	-46.43256	-inf	-49.57585
15.00000	1.00000	10	0.50000	2	621	7	74	511	37	74	-47.08897	-inf	-48.72679
15.00000	1.00000	10	0.50000	3	643	7	84	518	42	84	-46.60777	-inf	-48.42561
15.00000	1.00000	10	0.50000	4	642	7	78	526	39	78	-46.45407	-inf	-48.45913
15.00000	1.00000	10	1.00000	0	638	7	80	519	40	80	-46.88697	-inf	-47.02601
15.00000	1.00000	10	1.00000	1	607	7	68	506	34	68	-46.54824	-inf	-49.54447
15.00000	1.00000	10	1.00000	2	621	7	74	511	37	74	-47.19457	-inf	-48.67922
15.00000	1.00000	10	1.00000	3	643	7	84	518	42	84	-46.72384	-inf	-48.39150
15.00000	1.00000	10	1.00000	4	642	7	78	526	39	78	-46.57636	-inf	-48.36710
15.00000	1.00000	10	2.00000	0	638	7	80	519	40	80	-47.20198	-inf	-47.24961
15.00000	1.00000	10	2.00000	1	607	7	68	506	34	68	-46.85808	-inf	-49.65910
15.00000	1.00000	10	2.00000	2	621	7	74	511	37	74	-47.48206	-inf	-48.77517
15.00000	1.00000	10	2.00000	3	643	7	84	518	42	84	-47.03009	-inf	-48.52568
15.00000	1.00000	10	2.00000	4	642	7	78	526	39	78	-46.89926	-inf	-48.45414
15.00000	1.00000	50	0.10000	0	638	7	80	519	40	80	-46.72456	-inf	-47.14396
15.00000	1.00000	50	0.10000	1	607	7	68	506	34	68	-46.38497	-inf	-49.74092
15.00000	1.00000	50	0.10000	2	621	7	74	511	37	74	-47.04909	-inf	-48.94863
15.00000	1.00000	50	0.10000	3	638	7	82	516	41	82	-46.60136	-inf	-48.67896
15.00000	1.00000	50	0.10000	4	642	7	78	526	39	78	-46.40786	-inf	-48.84225
15.00000	1.00000	50	0.20000	0	638	7	80	519	40	80	-46.72854	-inf	-47.07268
15.00000	1.00000	50	0.20000	1	607	7	68	506	34	68	-46.38906	-inf	-49.67095
15.00000	1.00000	50	0.20000	2	621	7	74	511	37	74	-47.05140	-inf	-48.84921
15.00000	1.00000	50	0.20000	3	638	7	82	516	41	82	-46.60380	-inf	-48.57243
15.00000	1.00000	50	0.20000	4	642	7	78	526	39	78	-46.40969	-inf	-48.66892
15.00000	1.00000	50	0.50000	0	638	7	80	519	40	80	-46.77026	-inf	-47.00105
15.00000	1.00000	50	0.50000	1	607	7	68	506	34	68	-46.43256	-inf	-49.57585
15.00000	1.00000	50	0.50000	2	621	7	74	511	37	74	-47.08897	-inf	-48.72679
15.00000	1.00000	50	0.50000	3	638	7	82	516	41	82	-46.64489	-inf	-48.44935
15.00000	1.00000	50	0.50000	4	642	7	78	526	39	78	-46.45407	-inf	-48.45913
15.00000	1.00000	50	1.00000	0	638	7	80	519	40	80	-46.88697	-inf	-47.02601
15.00000	1.00000	50	1.00000	1	607	7	68	506	34	68	-46.54824	-inf	-49.54447
15.00000	1.00000	50	1.00000	2	621	7	74	511	37	74	-47.19457	-inf	-48.67922
15.00000	1.00000	50	1.00000	3	638	7	82	516	41	82	-46.75742	-inf	-48.41403
15.00000	1.00000	50	1.00000	4	642	7	78	526	39	78	-46.57636	-inf	-48.36710
15.00000	1.00000	50	2.00000	0	638	7	80	519	40	80	-47.20198	-inf	-47.24961
15.00000	1.00000	50	2.00000	1	607	7	68	506	34	68	-46.85808	-inf	-49.65910
15.00000	1.00000	50	2.00000	2	621	7	74	511	37	74	-47.48206	-inf	-48.77517
15.00000	1.00000	50	2.00000	3	638	7	82	516	41	82	-47.05808	-inf	-48.54537
15.00000	1.00000	50	2.00000	4	642	7	78	526	39	78	-46.89926	-inf	-48.45414
15.00000	1.00000	100	0.10000	0	613	7	70	509	35	70	-46.95262	-inf	-47.35485
15.00000	1.00000	100	0.10000	1	584	7	60	495	30	60	-46.70876	-inf	-50.02180
15.00000	1.00000	100	0.10000	2	604	7	68	503	34	68	-47.26123	-inf	-49.16404
15.00000	1.00000	100	0.10000	3	596	7	66	498	33	66	-47.03347	-inf	-48.95520
15.00000	1.00000	100	0.10000	4	597	7	60	508	30	60	-46.76623	-inf	-48.98346
15.00000	1.00000	100	0.20000	0	613	7	70	509	35	70	-46.95357	-inf	-47.28321
15.00000	1.00000	100	0.20000	1	584	7	60	495	30	60	-46.71185	-inf	-49.95316
15.00000	1.00000	100	0.20000	2	604	7	68	503	34	68	-47.26329	-inf	-49.06496
15.00000	1.00000	100	0.20000	3	596	7	66	498	33	66	-47.03419	-inf	-48.85415
15.00000	1.00000	100	0.20000	4	597	7	60	508	30	60	-46.76638	-inf	-48.84299
15.00000	1.00000	100	0.50000	0	613	7	70	509	35	70	-46.98980	-inf	-47.21030
15.00000	1.00000	100	0.50000	1	584	7	60	495	30	60	-46.75095	-inf	-49.85893
15.00000	1.00000	100	0.50000	2	604	7	68	503	34	68	-47.29859	-inf	-48.94006
15.00000	1.00000	100	0.50000	3	596	7	66	498	33	66	-47.07039	-inf	-48.74475
15.00000	1.00000	100	0.50000	4	597	7	60	508	30	60	-46.80688	-inf	-48.67532
15.00000	1.00000	100	1.00000	0	613	7	70	509	35	70	-47.10043	-inf	-47.23247
15.00000	1.00000	100	1.00000	1	584	7	60	495	30	60	-46.85812	-inf	-49.82422
15.00000	1.00000	100	1.00000	2	604	7	68	503	34	68	-47.39917	-inf	-48.88775
15.00000	1.00000	100	1.00000	3	596	7	66	498	33	66	-47.17334	-inf	-48.72224
15.00000	1.00000	100	1.00000	4	597	7	60	508	30	60	-46.92241	-inf	-48.61331
15.00000	1.00000	100	2.00000	0	613	7	70	509	35	70	-47.40579	-inf	-47.44914
15.00000	1.00000	100	2.00000	1	584	7	60	495	30	60	-47.14997	-inf	-49.92560
15.00000	1.00000	100	2.00000	2	604	7	68	503	34	68	-47.67641	-inf	-48.97551
15.00000	1.00000	100	2.00000	3	596	7	66	498	33	66	-47.45371	-inf	-48.86313
15.00000	1.00000	100	2.00000	4	597	7	60	508	30	60	-47.23000	-inf	-48.72290
15.00000	1.00000	500	0.10000	0	174	2	0	174	0	1	-57.69736	-inf	-56.66116
15.00000	1.00000	500	0.10000	1	174	2	0	174	0	1	-57.18996	-inf	-58.71616
15.00000	1.00000	500	0.10000	2	174	2	0	174	0	1	-57.25937	-inf	-58.54737
15.00000	1.00000	500	0.10000	3	174	2	0	174	0	1	-57.34914	-inf	-58.07507
15.00000	1.00000	500	0.10000	4	174	2	0	174	0	1	-57.47594	-inf	-57.55567
15.00000	1.00000	500	0.20000	0	174	2	0	174	0	1	-57.69771	-inf	-56.65963
15.00000	1.00000	500	0.20000	1	174	2	0	174	0	1	-57.19031	-inf	-58.70998
15.00000	1.00000	500	0.20000	2	174	2	0	174	0	1	-57.25972	-inf	-58.54167
15.00000	1.00000	500	0.20000	3	174	2	0	174	0	1	-57.34946	-inf	-58.07524
15.00000	1.00000	500	0.20000	4	174	2	0	174	0	1	-57.47626	-inf	-57.55627
15.00000	1.00000	500	0.50000	0	174	2	0	174	0	1	-57.70003	-inf	-56.65697
15.00000	1.00000	500	0.50000	1	174	2	0	174	0	1	-57.19270	-inf	-58.69354
15.00000	1.00000	500	0.50000	2	174	2	0	174	0	1	-57.26205	-inf	-58.52666
15.00000	1.00000	500	0.50000	3	174	2	0	174	0	1	-57.35164	-inf	-58.07703
15.00000	1.00000	500	0.50000	4	174	2	0	174	0	1	-57.47842	-inf	-57.55925
15.00000	1.00000	500	1.00000	0	174	2	0	174	0	1	-57.70786	-inf	-56.65820
15.00000	1.00000	500	1.00000	1	174	2	0	174	0	1	-57.20074	-inf	-58.67245
15.00000	1.00000	500	1.00000	2	174	2	0	174	0	1	-57.26992	-inf	-58.50783
15.00000	1.00000	500	1.00000	3	174	2	0	174	0	1	-57.35901	-inf	-58.08397
15.00000	1.00000	500	1.00000	4	174	2	0	174	0	1	-57.48575	-inf	-57.56789
15.00000	1.00000	500	2.00000	0	174	2	0	174	0	1	-57.73617	-inf	-56.67791
15.00000	1.00000	500	2.00000	1	174	2	0	174	0	1	-57.22985	-inf	-58.64999
15.00000	1.00000	500	2.00000	2	174	2	0	174	0	1	-57.29848	-inf	-58.48957
15.00000	1.00000	500	2.00000	3	174	2	0	174	0	1	-57.38598	-inf	-58.11052
15.00000	1.00000	500	2.00000	4	174	2	0	174	0	1	-57.51263	-inf	-57.59716
20.00000	1.00000	10	0.10000	0	538	7	56	455	28	56	-47.90528	-inf	-48.30993
20.00000	1.00000	10	0.10000	1	532	7	54	452	27	54	-47.43726	-inf	-50.49568
20.00000	1.00000	10	0.10000	2	535	7	56	452	28	56	-47.72913	-inf	-49.34970
20.00000	1.00000	10	0.10000	3	565	7	74	455	37	74	-47.66066	-inf	-49.35560
20.00000	1.00000	10	0.10000	4	529	7	52	452	26	52	-47.78867	-inf	-49.81251
20.00000	1.00000	10	0.20000	0	538	7	56	455	28	56	-47.90332	-inf	-48.23636
20.00000	1.00000	10	0.20000	1	532	7	54	452	27	54	-47.43849	-inf	-50.42664
20.00000	1.00000	10	0.20000	2	535	7	56	452	28	56	-47.72379	-inf	-49.25461
20.00000	1.00000	10	0.20000	3	565	7	74	455	37	74	-47.65155	-inf	-49.26356
20.00000	1.00000	10	0.20000	4	529	7	52	452	26	52	-47.77827	-inf	-49.69031
20.00000	1.00000	10	0.50000	0	538	7	56	455	28	56	-47.93096	-inf	-48.16603
20.00000	1.00000	10	0.50000	1	532	7	54	452	27	54	-47.47043	-inf	-50.33851
20.00000	1.00000	10	0.50000	2	535	7	56	452	28	56	-47.74449	-inf	-49.13914
20.00000	1.00000	10	0.50000	3	565	7	74	455	37	74	-47.66836	-inf	-49.15959
20.00000	1.00000	10	0.50000	4	529	7	52	452	26	52	-47.79291	-inf	-49.54979
20.00000	1.00000	10	1.00000	0	538	7	56	455	28	56	-48.02168	-inf	-48.18342
20.00000	1.00000	10	1.00000	1	532	7	54	452	27	54	-47.56419	-inf	-50.30680
20.00000	1.00000	10	1.00000	2	535	7	56	452	28	56	-47.82709	-inf	-49.09487
20.00000	1.00000	10	1.00000	3	565	7	74	455	37	74	-47.74771	-inf	-49.14666
20.00000	1.00000	10	1.00000	4	529	7	52	452	26	52	-47.87491	-inf	-49.49769
20.00000	1.00000	10	2.00000	0	538	7	56	455	28	56	-48.28024	-inf	-48.37072
20.00000	1.00000	10	2.00000	1	532	7	54	452	27	54	-47.82382	-inf	-50.39594
20.00000	1.00000	10	2.00000	2	535	7	56	452	28	56	-48.07211	-inf	-49.18172
20.00000	1.00000	10	2.00000	3	565	7	74	455	37	74	-47.98961	-inf	-49.29674
20.00000	1.00000	10	2.00000	4	529	7	52	452	26	52	-48.12430	-inf	-49.59181
20.00000	1.00000	50	0.10000	0	538	7	56	455	28	56	-47.90502	-inf	-48.31000
20.00000	1.00000	50	0.10000	1	532	7	54	452	27	54	-47.43726	-inf	-50.49568
20.00000	1.00000	50	0.10000	2	535	7	56	452	28	56	-47.72913	-inf	-49.34970
20.00000	1.00000	50	0.10000	3	565	7	74	455	37	74	-47.66066	-inf	-49.35560
20.00000	1.00000	50	0.10000	4	529	7	52	452	26	52	-47.78867	-inf	-49.81251
20.00000	1.00000	50	0.20000	0	538	7	56	455	28	56	-47.90281	-inf	-48.23646
20.00000	1.00000	50	0.20000	1	532	7	54	452	27	54	-47.43849	-inf	-50.42664
20.00000	1.00000	50	0.20000	2	535	7	56	452	28	56	-47.72379	-inf	-49.25461
20.00000	1.00000	50	0.20000	3	565	7	74	455	37	74	-47.65155	-inf	-49.26356
20.00000	1.00000	50	0.20000	4	529	7	52	452	26	52	-47.77827	-inf	-49.69031
20.00000	1.00000	50	0.50000	0	538	7	56	455	28	56	-47.92981	-inf	-48.16612
20.00000	1.00000	50	0.50000	1	532	7	54	452	27	54	-47.47043	-inf	-50.33851
20.00000	1.00000	50	0.50000	2	535	7	56	452	28	56	-47.74449	-inf	-49.13914
20.00000	1.00000	50	0.50000	3	565	7	74	455	37	74	-47.66836	-inf	-49.15959
20.00000	1.00000	50	0.50000	4	529	7	52	452	26	52	-47.79291	-inf	-49.54979
20.00000	1.00000	50	1.00000	0	538	7	56	455	28	56	-48.01970	-inf	-48.18332
20.00000	1.00000	50	1.00000	1	532	7	54	452	27	54	-47.56419	-inf	-50.30680
20.00000	1.00000	50	1.00000	2	535	7	56	452	28	56	-47.82709	-inf	-49.09487
20.00000	1.00000	50	1.00000	3	565	7	74	455	37	74	-47.74771	-inf	-49.14666
20.00000	1.00000	50	1.00000	4	529	7	52	452	26	52	-47.87491	-inf	-49.49769
20.00000	1.00000	50	2.00000	0	538	7	56	455	28	56	-48.27717	-inf	-48.37010
20.00000	1.00000	50	2.00000	1	532	7	54	452	27	54	-47.82382	-inf	-50.39594
20.00000	1.00000	50	2.00000	2	535	7	56	452	28	56	-48.07211	-inf	-49.18172
20.00000	1.00000	50	2.00000	3	565	7	74	455	37	74	-47.98961	-inf	-49.29674
20.00000	1.00000	50	2.00000	4	529	7	52	452	26	52	-48.12430	-inf	-49.59181
20.00000	1.00000	100	0.10000	0	538	7	56	455	28	56	-47.90502	-inf	-48.31000
20.00000	1.00000	100	0.10000	1	532	7	54	452	27	54	-47.43726	-inf	-50.49568
20.00000	1.00000	100	0.10000	2	535	7	56	452	28	56	-47.72913	-inf	-49.34970
20.00000	1.00000	100	0.10000	3	565	7	74	455	37	74	-47.66066	-inf	-49.35560
20.00000	1.00000	100	0.10000	4	529	7	52	452	26	52	-47.78867	-inf	-49.81251
20.00000	1.00000	100	0.20000	0	538	7	56	455	28	56	-47.90281	-inf	-48.23646
20.00000	1.00000	100	0.20000	1	532	7	54	452	27	54	-47.43849	-inf	-50.42664
20.00000	1.00000	100	0.20000	2	535	7	56	452	28	56	-47.72379	-inf	-49.25461
20.00000	1.00000	100	0.20000	3	565	7	74	455	37	74	-47.65155	-inf	-49.26356
20.00000	1.00000	100	0.20000	4	529	7	52	452	26	52	-47.77827	-inf	-49.69031
20.00000	1.00000	100	0.50000	0	538	7	56	455	28	56	-47.92981	-inf	-48.16612
20.00000	1.00000	100	0.50000	1	532	7	54	452	27	54	-47.47043	-inf	-50.33851
20.00000	1.00000	100	0.50000	2	535	7	56	452	28	56	-47.74449	-inf	-49.13914
20.00000	1.00000	100	0.50000	3	565	7	74	455	37	74	-47.66836	-inf	-49.15959
20.00000	1.00000	100	0.50000	4	529	7	52	452	26	52	-47.79291	-inf	-49.54979
20.00000	1.00000	100	1.00000	0	538	7	56	455	28	56	-48.01970	-inf	-48.18332
20.00000	1.00000	100	1.00000	1	532	7	54	452	27	54	-47.56419	-inf	-50.30680
20.00000	1.00000	100	1.00000	2	535	7	56	452	28	56	-47.82709	-inf	-49.09487
20.00000	1.00000	100	1.00000	3	565	7	74	455	37	74	-47.74771	-inf	-49.14666
20.00000	1.00000	100	1.00000	4	529	7	52	452	26	52	-47.87491	-inf	-49.49769
20.00000	1.00000	100	2.00000	0	538	7	56	455	28	56	-48.27717	-inf	-48.37010
20.00000	1.00000	100	2.00000	1	532	7	54	452	27	54	-47.82382	-inf	-50.39594
20.00000	1.00000	100	2.00000	2	535	7	56	452	28	56	-48.07211	-inf	-49.18172
20.00000	1.00000	100	2.00000	3	565	7	74	455	37	74	-47.98961	-inf	-49.29674
20.00000	1.00000	100	2.00000	4	529	7	52	452	26	52	-48.12430	-inf	-49.59181
20.00000	1.00000	500	0.10000	0	174	2	0	174	0	1	-57.69736	-inf	-56.66116
20.00000	1.00000	500	0.10000	1	174	2	0	174	0	1	-57.18996	-inf	-58.71616
20.00000	1.00000	500	0.10000	2	174	2	0	174	0	1	-57.25937	-inf	-58.54737
20.00000	1.00000	500	0.10000	3	174	2	0	174	0	1	-57.34914	-inf	-58.07507
20.00000	1.00000	500	0.10000	4	174	2	0	174	0	1	-57.47594	-inf	-57.55567
20.00000	1.00000	500	0.20000	0	174	2	0	174	0	1	-57.69771	-inf	-56.65963
20.00000	1.00000	500	0.20000	1	174	2	0	174	0	1	-57.19031	-inf	-58.70998
20.00000	1.00000	500	0.20000	2	174	2	0	174	0	1	-57.25972	-inf	-58.54167
20.00000	1.00000	500	0.20000	3	174	2	0	174	0	1	-57.34946	-inf	-58.07524
20.00000	1.00000	500	0.20000	4	174	2	0	174	0	1	-57.47626	-inf	-57.55627
20.00000	1.00000	500	0.50000	0	174	2	0	174	0	1	-57.70003	-inf	-56.65697
20.00000	1.00000	500	0.50000	1	174	2	0	174	0	1	-57.19270	-inf	-58.69354
20.00000	1.00000	500	0.50000	2	174	2	0	174	0	1	-57.26205	-inf	-58.52666
20.00000	1.00000	500	0.50000	3	174	2	0	174	0	1	-57.35164	-inf	-58.07703
20.00000	1.00000	500	0.50000	4	174	2	0	174	0	1	-57.47842	-inf	-57.55925
20.00000	1.00000	500	1.00000	0	174	2	0	174	0	1	-57.70786	-inf	-56.65820
20.00000	1.00000	500	1.00000	1	174	2	0	174	0	1	-57.20074	-inf	-58.67245
20.00000	1.00000	500	1.00000	2	174	2	0	174	0	1	-57.26992	-inf	-58.50783
20.00000	1.00000	500	1.00000	3	174	2	0	174	0	1	-57.35901	-inf	-58.08397
20.00000	1.00000	500	1.00000	4	174	2	0	174	0	1	-57.48575	-inf	-57.56789
20.00000	1.00000	500	2.00000	0	174	2	0	174	0	1	-57.73617	-inf	-56.67791
20.00000	1.00000	500	2.00000	1	174	2	0	174	0	1	-57.22985	-inf	-58.64999
20.00000	1.00000	500	2.00000	2	174	2	0	174	0	1	-57.29848	-inf	-58.48957
20.00000	1.00000	500	2.00000	3	174	2	0	174	0	1	-57.38598	-inf	-58.11052
20.00000	1.00000	500	2.00000	4	174	2	0	174	0	1	-57.51263	-inf	-57.59716
alpha: 1.0, cluster-penalty: 1.0, g-factor: 5.0, min-inst-slice: 10, test_ll: -47.1249359247448, train_ll: -42.47554717549461, valid_ll: -47.1249359247448